2026-03-27 23:48:19,059 - checks.obstacle.object_processor_base - INFO - Logging to file: /home/adamlin/cosmos-evaluator/output_dir/253b88c7-bfe3-4ec5-8978-84396cbf81d2_1774063994755.dynamic.object.log
2026-03-27 23:48:21,781 - checks.obstacle.object_processor_base - INFO - Hallucination detector enabled
2026-03-27 23:48:21,782 - checks.obstacle.object_processor_base - INFO - Loading data for clip 253b88c7-bfe3-4ec5-8978-84396cbf81d2_1774063994755
2026-03-27 23:48:22,491 - checks.obstacle.object_processor_base - INFO - Original video frames: 29
2026-03-27 23:48:22,491 - checks.obstacle.object_processor_base - INFO - Video FPS: 10.0
2026-03-27 23:48:22,492 - checks.obstacle.object_processor_base - INFO - Frame skip: 1
2026-03-27 23:48:22,492 - checks.obstacle.object_processor_base - INFO - Target (object/pose) FPS: 30.0
2026-03-27 23:48:22,947 - checks.obstacle.object_processor_base - INFO - Starting frame processing
2026-03-27 23:48:22,948 - checks.obstacle.object_processor_base - INFO - Video dataloader length: 29
2026-03-27 23:48:22,948 - checks.obstacle.object_processor_base - INFO - Camera poses available: 88
2026-03-27 23:48:23,016 - checks.obstacle.object_processor_base - INFO - Processing frame video_idx=0 -> mapped_idx=0 / 87 (objects: 40)
2026-03-27 23:48:23,016 - checks.obstacle.object_processor_base - INFO - Frame video_idx=0 mapped_idx=0: ego position in world =(-0.2, -0.4, 1.7)
2026-03-27 23:48:23,016 - checks.obstacle.object_processor_base - INFO - Frame video_idx=0 mapped_idx=0: camera RPY=(-90.0, 14.8, 177.5)
2026-03-27 23:49:08,034 - checks.obstacle.object_processor_base - INFO - Frame 0 class=motorcycle filtering summary:
2026-03-27 23:49:08,034 - checks.obstacle.object_processor_base - INFO -   - Total objects: 8
2026-03-27 23:49:08,034 - checks.obstacle.object_processor_base - INFO -   - Importance filtered: 5
2026-03-27 23:49:08,034 - checks.obstacle.object_processor_base - INFO -     * relevant_lanes (['ego', 'left', 'right']): 3
2026-03-27 23:49:08,034 - checks.obstacle.object_processor_base - INFO -     * distance_threshold_m (100m): 2
2026-03-27 23:49:08,034 - checks.obstacle.object_processor_base - INFO -   - Occlusion filtered: 0
2026-03-27 23:49:08,034 - checks.obstacle.object_processor_base - INFO -   - Processed: 0
2026-03-27 23:49:08,034 - checks.obstacle.object_processor_base - INFO -   - Filtering rates: 62.5% importance, 0.0% occlusion
2026-03-27 23:49:08,040 - checks.obstacle.object_processor_base - INFO - Frame 0 class=vehicle filtering summary:
2026-03-27 23:49:08,040 - checks.obstacle.object_processor_base - INFO -   - Total objects: 32
2026-03-27 23:49:08,040 - checks.obstacle.object_processor_base - INFO -   - Importance filtered: 20
2026-03-27 23:49:08,040 - checks.obstacle.object_processor_base - INFO -     * relevant_lanes (['ego', 'left', 'right']): 9
2026-03-27 23:49:08,040 - checks.obstacle.object_processor_base - INFO -     * distance_threshold_m (100m): 11
2026-03-27 23:49:08,040 - checks.obstacle.object_processor_base - INFO -   - Occlusion filtered: 0
2026-03-27 23:49:08,040 - checks.obstacle.object_processor_base - INFO -   - Processed: 3
2026-03-27 23:49:08,040 - checks.obstacle.object_processor_base - INFO -   - Filtering rates: 62.5% importance, 0.0% occlusion
2026-03-27 23:49:08,060 - checks.obstacle.object_processor_base - INFO - Frame 0: hallucinations {'bicycle': 0, 'motorcycle': 0, 'pedestrian': 0, 'vehicle': 0}
2026-03-27 23:49:08,180 - checks.obstacle.object_processor_base - INFO - Processing frame video_idx=1 -> mapped_idx=3 / 87 (objects: 40)
2026-03-27 23:49:08,180 - checks.obstacle.object_processor_base - INFO - Frame video_idx=1 mapped_idx=3: ego position in world =(-0.4, -1.1, 1.7)
2026-03-27 23:49:08,180 - checks.obstacle.object_processor_base - INFO - Frame video_idx=1 mapped_idx=3: camera RPY=(-90.0, 14.7, 177.5)
2026-03-27 23:49:41,759 - checks.obstacle.object_processor_base - INFO - Frame 3 class=motorcycle filtering summary:
2026-03-27 23:49:41,759 - checks.obstacle.object_processor_base - INFO -   - Total objects: 8
2026-03-27 23:49:41,759 - checks.obstacle.object_processor_base - INFO -   - Importance filtered: 5
2026-03-27 23:49:41,759 - checks.obstacle.object_processor_base - INFO -     * relevant_lanes (['ego', 'left', 'right']): 3
2026-03-27 23:49:41,759 - checks.obstacle.object_processor_base - INFO -     * distance_threshold_m (100m): 2
2026-03-27 23:49:41,759 - checks.obstacle.object_processor_base - INFO -   - Occlusion filtered: 0
2026-03-27 23:49:41,759 - checks.obstacle.object_processor_base - INFO -   - Processed: 0
2026-03-27 23:49:41,759 - checks.obstacle.object_processor_base - INFO -   - Filtering rates: 62.5% importance, 0.0% occlusion
2026-03-27 23:49:41,765 - checks.obstacle.object_processor_base - INFO - Frame 3 class=vehicle filtering summary:
2026-03-27 23:49:41,765 - checks.obstacle.object_processor_base - INFO -   - Total objects: 32
2026-03-27 23:49:41,765 - checks.obstacle.object_processor_base - INFO -   - Importance filtered: 20
2026-03-27 23:49:41,765 - checks.obstacle.object_processor_base - INFO -     * relevant_lanes (['ego', 'left', 'right']): 9
2026-03-27 23:49:41,765 - checks.obstacle.object_processor_base - INFO -     * distance_threshold_m (100m): 11
2026-03-27 23:49:41,765 - checks.obstacle.object_processor_base - INFO -   - Occlusion filtered: 0
2026-03-27 23:49:41,765 - checks.obstacle.object_processor_base - INFO -   - Processed: 3
2026-03-27 23:49:41,765 - checks.obstacle.object_processor_base - INFO -   - Filtering rates: 62.5% importance, 0.0% occlusion
2026-03-27 23:49:41,786 - checks.obstacle.object_processor_base - INFO - Frame 3: hallucinations {'bicycle': 0, 'motorcycle': 0, 'pedestrian': 0, 'vehicle': 0}
2026-03-27 23:49:41,889 - checks.obstacle.object_processor_base - INFO - Processing frame video_idx=2 -> mapped_idx=6 / 87 (objects: 40)
2026-03-27 23:49:41,890 - checks.obstacle.object_processor_base - INFO - Frame video_idx=2 mapped_idx=6: ego position in world =(-0.6, -1.8, 1.7)
2026-03-27 23:49:41,890 - checks.obstacle.object_processor_base - INFO - Frame video_idx=2 mapped_idx=6: camera RPY=(-90.0, 14.7, 177.5)
2026-03-27 23:50:16,043 - checks.obstacle.object_processor_base - INFO - Frame 6 class=motorcycle filtering summary:
2026-03-27 23:50:16,043 - checks.obstacle.object_processor_base - INFO -   - Total objects: 8
2026-03-27 23:50:16,043 - checks.obstacle.object_processor_base - INFO -   - Importance filtered: 5
2026-03-27 23:50:16,043 - checks.obstacle.object_processor_base - INFO -     * relevant_lanes (['ego', 'left', 'right']): 3
2026-03-27 23:50:16,043 - checks.obstacle.object_processor_base - INFO -     * distance_threshold_m (100m): 2
2026-03-27 23:50:16,043 - checks.obstacle.object_processor_base - INFO -   - Occlusion filtered: 0
2026-03-27 23:50:16,043 - checks.obstacle.object_processor_base - INFO -   - Processed: 0
2026-03-27 23:50:16,043 - checks.obstacle.object_processor_base - INFO -   - Filtering rates: 62.5% importance, 0.0% occlusion
2026-03-27 23:50:16,048 - checks.obstacle.object_processor_base - INFO - Frame 6 class=vehicle filtering summary:
2026-03-27 23:50:16,048 - checks.obstacle.object_processor_base - INFO -   - Total objects: 32
2026-03-27 23:50:16,048 - checks.obstacle.object_processor_base - INFO -   - Importance filtered: 20
2026-03-27 23:50:16,048 - checks.obstacle.object_processor_base - INFO -     * relevant_lanes (['ego', 'left', 'right']): 9
2026-03-27 23:50:16,048 - checks.obstacle.object_processor_base - INFO -     * distance_threshold_m (100m): 11
2026-03-27 23:50:16,049 - checks.obstacle.object_processor_base - INFO -   - Occlusion filtered: 0
2026-03-27 23:50:16,049 - checks.obstacle.object_processor_base - INFO -   - Processed: 3
2026-03-27 23:50:16,049 - checks.obstacle.object_processor_base - INFO -   - Filtering rates: 62.5% importance, 0.0% occlusion
2026-03-27 23:50:16,070 - checks.obstacle.object_processor_base - INFO - Frame 6: hallucinations {'bicycle': 0, 'motorcycle': 0, 'pedestrian': 0, 'vehicle': 0}
2026-03-27 23:50:16,177 - checks.obstacle.object_processor_base - INFO - Processing frame video_idx=3 -> mapped_idx=9 / 87 (objects: 40)
2026-03-27 23:50:16,177 - checks.obstacle.object_processor_base - INFO - Frame video_idx=3 mapped_idx=9: ego position in world =(-0.8, -2.5, 1.7)
2026-03-27 23:50:16,178 - checks.obstacle.object_processor_base - INFO - Frame video_idx=3 mapped_idx=9: camera RPY=(-90.0, 14.7, 177.5)
2026-03-27 23:50:50,194 - checks.obstacle.object_processor_base - INFO - Frame 9 class=motorcycle filtering summary:
2026-03-27 23:50:50,194 - checks.obstacle.object_processor_base - INFO -   - Total objects: 8
2026-03-27 23:50:50,194 - checks.obstacle.object_processor_base - INFO -   - Importance filtered: 5
2026-03-27 23:50:50,194 - checks.obstacle.object_processor_base - INFO -     * relevant_lanes (['ego', 'left', 'right']): 3
2026-03-27 23:50:50,194 - checks.obstacle.object_processor_base - INFO -     * distance_threshold_m (100m): 2
2026-03-27 23:50:50,194 - checks.obstacle.object_processor_base - INFO -   - Occlusion filtered: 0
2026-03-27 23:50:50,194 - checks.obstacle.object_processor_base - INFO -   - Processed: 0
2026-03-27 23:50:50,194 - checks.obstacle.object_processor_base - INFO -   - Filtering rates: 62.5% importance, 0.0% occlusion
2026-03-27 23:50:50,200 - checks.obstacle.object_processor_base - INFO - Frame 9 class=vehicle filtering summary:
2026-03-27 23:50:50,200 - checks.obstacle.object_processor_base - INFO -   - Total objects: 32
2026-03-27 23:50:50,200 - checks.obstacle.object_processor_base - INFO -   - Importance filtered: 20
2026-03-27 23:50:50,200 - checks.obstacle.object_processor_base - INFO -     * relevant_lanes (['ego', 'left', 'right']): 9
2026-03-27 23:50:50,200 - checks.obstacle.object_processor_base - INFO -     * distance_threshold_m (100m): 11
2026-03-27 23:50:50,200 - checks.obstacle.object_processor_base - INFO -   - Occlusion filtered: 0
2026-03-27 23:50:50,200 - checks.obstacle.object_processor_base - INFO -   - Processed: 3
2026-03-27 23:50:50,200 - checks.obstacle.object_processor_base - INFO -   - Filtering rates: 62.5% importance, 0.0% occlusion
2026-03-27 23:50:50,221 - checks.obstacle.object_processor_base - INFO - Frame 9: hallucinations {'bicycle': 0, 'motorcycle': 0, 'pedestrian': 0, 'vehicle': 0}
2026-03-27 23:50:50,305 - checks.obstacle.object_processor_base - INFO - Processing frame video_idx=4 -> mapped_idx=12 / 87 (objects: 40)
2026-03-27 23:50:50,305 - checks.obstacle.object_processor_base - INFO - Frame video_idx=4 mapped_idx=12: ego position in world =(-1.0, -3.2, 1.7)
2026-03-27 23:50:50,305 - checks.obstacle.object_processor_base - INFO - Frame video_idx=4 mapped_idx=12: camera RPY=(-90.0, 14.7, 177.5)
2026-03-27 23:51:24,310 - checks.obstacle.object_processor_base - INFO - Frame 12 class=motorcycle filtering summary:
2026-03-27 23:51:24,311 - checks.obstacle.object_processor_base - INFO -   - Total objects: 8
2026-03-27 23:51:24,311 - checks.obstacle.object_processor_base - INFO -   - Importance filtered: 5
2026-03-27 23:51:24,311 - checks.obstacle.object_processor_base - INFO -     * distance_threshold_m (100m): 2
2026-03-27 23:51:24,311 - checks.obstacle.object_processor_base - INFO -     * relevant_lanes (['ego', 'left', 'right']): 3
2026-03-27 23:51:24,311 - checks.obstacle.object_processor_base - INFO -   - Occlusion filtered: 0
2026-03-27 23:51:24,311 - checks.obstacle.object_processor_base - INFO -   - Processed: 0
2026-03-27 23:51:24,311 - checks.obstacle.object_processor_base - INFO -   - Filtering rates: 62.5% importance, 0.0% occlusion
2026-03-27 23:51:24,316 - checks.obstacle.object_processor_base - INFO - Frame 12 class=vehicle filtering summary:
2026-03-27 23:51:24,316 - checks.obstacle.object_processor_base - INFO -   - Total objects: 32
2026-03-27 23:51:24,316 - checks.obstacle.object_processor_base - INFO -   - Importance filtered: 20
2026-03-27 23:51:24,316 - checks.obstacle.object_processor_base - INFO -     * distance_threshold_m (100m): 11
2026-03-27 23:51:24,316 - checks.obstacle.object_processor_base - INFO -     * relevant_lanes (['ego', 'left', 'right']): 9
2026-03-27 23:51:24,316 - checks.obstacle.object_processor_base - INFO -   - Occlusion filtered: 0
2026-03-27 23:51:24,316 - checks.obstacle.object_processor_base - INFO -   - Processed: 3
2026-03-27 23:51:24,316 - checks.obstacle.object_processor_base - INFO -   - Filtering rates: 62.5% importance, 0.0% occlusion
2026-03-27 23:51:24,339 - checks.obstacle.object_processor_base - INFO - Frame 12: hallucinations {'bicycle': 0, 'motorcycle': 0, 'pedestrian': 0, 'vehicle': 0}
2026-03-27 23:51:24,420 - checks.obstacle.object_processor_base - INFO - Processing frame video_idx=5 -> mapped_idx=15 / 87 (objects: 40)
2026-03-27 23:51:24,420 - checks.obstacle.object_processor_base - INFO - Frame video_idx=5 mapped_idx=15: ego position in world =(-1.1, -3.8, 1.7)
2026-03-27 23:51:24,420 - checks.obstacle.object_processor_base - INFO - Frame video_idx=5 mapped_idx=15: camera RPY=(-89.9, 14.7, 177.6)
2026-03-27 23:51:58,780 - checks.obstacle.object_processor_base - INFO - Frame 15 class=motorcycle filtering summary:
2026-03-27 23:51:58,781 - checks.obstacle.object_processor_base - INFO -   - Total objects: 8
2026-03-27 23:51:58,781 - checks.obstacle.object_processor_base - INFO -   - Importance filtered: 5
2026-03-27 23:51:58,781 - checks.obstacle.object_processor_base - INFO -     * relevant_lanes (['ego', 'left', 'right']): 3
2026-03-27 23:51:58,781 - checks.obstacle.object_processor_base - INFO -     * distance_threshold_m (100m): 2
2026-03-27 23:51:58,781 - checks.obstacle.object_processor_base - INFO -   - Occlusion filtered: 0
2026-03-27 23:51:58,781 - checks.obstacle.object_processor_base - INFO -   - Processed: 0
2026-03-27 23:51:58,781 - checks.obstacle.object_processor_base - INFO -   - Filtering rates: 62.5% importance, 0.0% occlusion
2026-03-27 23:51:58,786 - checks.obstacle.object_processor_base - INFO - Frame 15 class=vehicle filtering summary:
2026-03-27 23:51:58,786 - checks.obstacle.object_processor_base - INFO -   - Total objects: 32
2026-03-27 23:51:58,786 - checks.obstacle.object_processor_base - INFO -   - Importance filtered: 20
2026-03-27 23:51:58,786 - checks.obstacle.object_processor_base - INFO -     * relevant_lanes (['ego', 'left', 'right']): 9
2026-03-27 23:51:58,786 - checks.obstacle.object_processor_base - INFO -     * distance_threshold_m (100m): 11
2026-03-27 23:51:58,786 - checks.obstacle.object_processor_base - INFO -   - Occlusion filtered: 0
2026-03-27 23:51:58,786 - checks.obstacle.object_processor_base - INFO -   - Processed: 3
2026-03-27 23:51:58,786 - checks.obstacle.object_processor_base - INFO -   - Filtering rates: 62.5% importance, 0.0% occlusion
2026-03-27 23:51:58,807 - checks.obstacle.object_processor_base - INFO - Frame 15: hallucinations {'bicycle': 0, 'motorcycle': 0, 'pedestrian': 0, 'vehicle': 0}
2026-03-27 23:51:58,917 - checks.obstacle.object_processor_base - INFO - Processing frame video_idx=6 -> mapped_idx=18 / 87 (objects: 40)
2026-03-27 23:51:58,917 - checks.obstacle.object_processor_base - INFO - Frame video_idx=6 mapped_idx=18: ego position in world =(-1.3, -4.4, 1.7)
2026-03-27 23:51:58,917 - checks.obstacle.object_processor_base - INFO - Frame video_idx=6 mapped_idx=18: camera RPY=(-89.9, 14.7, 177.7)
2026-03-27 23:52:32,910 - checks.obstacle.object_processor_base - INFO - Frame 18 class=motorcycle filtering summary:
2026-03-27 23:52:32,910 - checks.obstacle.object_processor_base - INFO -   - Total objects: 8
2026-03-27 23:52:32,910 - checks.obstacle.object_processor_base - INFO -   - Importance filtered: 5
2026-03-27 23:52:32,910 - checks.obstacle.object_processor_base - INFO -     * distance_threshold_m (100m): 2
2026-03-27 23:52:32,910 - checks.obstacle.object_processor_base - INFO -     * relevant_lanes (['ego', 'left', 'right']): 3
2026-03-27 23:52:32,910 - checks.obstacle.object_processor_base - INFO -   - Occlusion filtered: 0
2026-03-27 23:52:32,910 - checks.obstacle.object_processor_base - INFO -   - Processed: 0
2026-03-27 23:52:32,910 - checks.obstacle.object_processor_base - INFO -   - Filtering rates: 62.5% importance, 0.0% occlusion
2026-03-27 23:52:32,916 - checks.obstacle.object_processor_base - INFO - Frame 18 class=vehicle filtering summary:
2026-03-27 23:52:32,916 - checks.obstacle.object_processor_base - INFO -   - Total objects: 32
2026-03-27 23:52:32,916 - checks.obstacle.object_processor_base - INFO -   - Importance filtered: 20
2026-03-27 23:52:32,916 - checks.obstacle.object_processor_base - INFO -     * relevant_lanes (['ego', 'left', 'right']): 9
2026-03-27 23:52:32,916 - checks.obstacle.object_processor_base - INFO -     * distance_threshold_m (100m): 11
2026-03-27 23:52:32,916 - checks.obstacle.object_processor_base - INFO -   - Occlusion filtered: 0
2026-03-27 23:52:32,916 - checks.obstacle.object_processor_base - INFO -   - Processed: 3
2026-03-27 23:52:32,916 - checks.obstacle.object_processor_base - INFO -   - Filtering rates: 62.5% importance, 0.0% occlusion
2026-03-27 23:52:32,937 - checks.obstacle.object_processor_base - INFO - Frame 18: hallucinations {'bicycle': 0, 'motorcycle': 0, 'pedestrian': 0, 'vehicle': 0}
2026-03-27 23:52:33,034 - checks.obstacle.object_processor_base - INFO - Processing frame video_idx=7 -> mapped_idx=21 / 87 (objects: 40)
2026-03-27 23:52:33,034 - checks.obstacle.object_processor_base - INFO - Frame video_idx=7 mapped_idx=21: ego position in world =(-1.4, -5.0, 1.7)
2026-03-27 23:52:33,034 - checks.obstacle.object_processor_base - INFO - Frame video_idx=7 mapped_idx=21: camera RPY=(-89.8, 14.7, 177.8)
2026-03-27 23:53:06,869 - checks.obstacle.object_processor_base - INFO - Frame 21 class=motorcycle filtering summary:
2026-03-27 23:53:06,869 - checks.obstacle.object_processor_base - INFO -   - Total objects: 8
2026-03-27 23:53:06,869 - checks.obstacle.object_processor_base - INFO -   - Importance filtered: 5
2026-03-27 23:53:06,869 - checks.obstacle.object_processor_base - INFO -     * relevant_lanes (['ego', 'left', 'right']): 3
2026-03-27 23:53:06,869 - checks.obstacle.object_processor_base - INFO -     * distance_threshold_m (100m): 2
2026-03-27 23:53:06,869 - checks.obstacle.object_processor_base - INFO -   - Occlusion filtered: 0
2026-03-27 23:53:06,869 - checks.obstacle.object_processor_base - INFO -   - Processed: 0
2026-03-27 23:53:06,869 - checks.obstacle.object_processor_base - INFO -   - Filtering rates: 62.5% importance, 0.0% occlusion
2026-03-27 23:53:06,875 - checks.obstacle.object_processor_base - INFO - Frame 21 class=vehicle filtering summary:
2026-03-27 23:53:06,875 - checks.obstacle.object_processor_base - INFO -   - Total objects: 32
2026-03-27 23:53:06,875 - checks.obstacle.object_processor_base - INFO -   - Importance filtered: 20
2026-03-27 23:53:06,875 - checks.obstacle.object_processor_base - INFO -     * relevant_lanes (['ego', 'left', 'right']): 9
2026-03-27 23:53:06,875 - checks.obstacle.object_processor_base - INFO -     * distance_threshold_m (100m): 11
2026-03-27 23:53:06,875 - checks.obstacle.object_processor_base - INFO -   - Occlusion filtered: 0
2026-03-27 23:53:06,875 - checks.obstacle.object_processor_base - INFO -   - Processed: 3
2026-03-27 23:53:06,875 - checks.obstacle.object_processor_base - INFO -   - Filtering rates: 62.5% importance, 0.0% occlusion
2026-03-27 23:53:06,896 - checks.obstacle.object_processor_base - INFO - Frame 21: hallucinations {'bicycle': 0, 'motorcycle': 0, 'pedestrian': 0, 'vehicle': 0}
2026-03-27 23:53:07,003 - checks.obstacle.object_processor_base - INFO - Processing frame video_idx=8 -> mapped_idx=24 / 87 (objects: 40)
2026-03-27 23:53:07,003 - checks.obstacle.object_processor_base - INFO - Frame video_idx=8 mapped_idx=24: ego position in world =(-1.6, -5.5, 1.7)
2026-03-27 23:53:07,003 - checks.obstacle.object_processor_base - INFO - Frame video_idx=8 mapped_idx=24: camera RPY=(-89.8, 14.7, 177.8)
2026-03-27 23:53:40,955 - checks.obstacle.object_processor_base - INFO - Frame 24 class=motorcycle filtering summary:
2026-03-27 23:53:40,955 - checks.obstacle.object_processor_base - INFO -   - Total objects: 8
2026-03-27 23:53:40,955 - checks.obstacle.object_processor_base - INFO -   - Importance filtered: 5
2026-03-27 23:53:40,955 - checks.obstacle.object_processor_base - INFO -     * distance_threshold_m (100m): 2
2026-03-27 23:53:40,955 - checks.obstacle.object_processor_base - INFO -     * relevant_lanes (['ego', 'left', 'right']): 3
2026-03-27 23:53:40,955 - checks.obstacle.object_processor_base - INFO -   - Occlusion filtered: 0
2026-03-27 23:53:40,955 - checks.obstacle.object_processor_base - INFO -   - Processed: 0
2026-03-27 23:53:40,955 - checks.obstacle.object_processor_base - INFO -   - Filtering rates: 62.5% importance, 0.0% occlusion
2026-03-27 23:53:40,960 - checks.obstacle.object_processor_base - INFO - Frame 24 class=vehicle filtering summary:
2026-03-27 23:53:40,960 - checks.obstacle.object_processor_base - INFO -   - Total objects: 32
2026-03-27 23:53:40,960 - checks.obstacle.object_processor_base - INFO -   - Importance filtered: 20
2026-03-27 23:53:40,960 - checks.obstacle.object_processor_base - INFO -     * relevant_lanes (['ego', 'left', 'right']): 9
2026-03-27 23:53:40,960 - checks.obstacle.object_processor_base - INFO -     * distance_threshold_m (100m): 11
2026-03-27 23:53:40,960 - checks.obstacle.object_processor_base - INFO -   - Occlusion filtered: 0
2026-03-27 23:53:40,960 - checks.obstacle.object_processor_base - INFO -   - Processed: 3
2026-03-27 23:53:40,960 - checks.obstacle.object_processor_base - INFO -   - Filtering rates: 62.5% importance, 0.0% occlusion
2026-03-27 23:53:40,982 - checks.obstacle.object_processor_base - INFO - Frame 24: hallucinations {'bicycle': 0, 'motorcycle': 0, 'pedestrian': 0, 'vehicle': 0}
2026-03-27 23:53:41,089 - checks.obstacle.object_processor_base - INFO - Processing frame video_idx=9 -> mapped_idx=27 / 87 (objects: 40)
2026-03-27 23:53:41,089 - checks.obstacle.object_processor_base - INFO - Frame video_idx=9 mapped_idx=27: ego position in world =(-1.7, -6.0, 1.7)
2026-03-27 23:53:41,089 - checks.obstacle.object_processor_base - INFO - Frame video_idx=9 mapped_idx=27: camera RPY=(-89.9, 14.7, 177.7)
2026-03-27 23:54:15,211 - checks.obstacle.object_processor_base - INFO - Frame 27 class=motorcycle filtering summary:
2026-03-27 23:54:15,211 - checks.obstacle.object_processor_base - INFO -   - Total objects: 8
2026-03-27 23:54:15,211 - checks.obstacle.object_processor_base - INFO -   - Importance filtered: 5
2026-03-27 23:54:15,211 - checks.obstacle.object_processor_base - INFO -     * relevant_lanes (['ego', 'left', 'right']): 3
2026-03-27 23:54:15,211 - checks.obstacle.object_processor_base - INFO -     * distance_threshold_m (100m): 2
2026-03-27 23:54:15,211 - checks.obstacle.object_processor_base - INFO -   - Occlusion filtered: 0
2026-03-27 23:54:15,211 - checks.obstacle.object_processor_base - INFO -   - Processed: 0
2026-03-27 23:54:15,211 - checks.obstacle.object_processor_base - INFO -   - Filtering rates: 62.5% importance, 0.0% occlusion
2026-03-27 23:54:15,217 - checks.obstacle.object_processor_base - INFO - Frame 27 class=vehicle filtering summary:
2026-03-27 23:54:15,217 - checks.obstacle.object_processor_base - INFO -   - Total objects: 32
2026-03-27 23:54:15,217 - checks.obstacle.object_processor_base - INFO -   - Importance filtered: 20
2026-03-27 23:54:15,217 - checks.obstacle.object_processor_base - INFO -     * relevant_lanes (['ego', 'left', 'right']): 9
2026-03-27 23:54:15,217 - checks.obstacle.object_processor_base - INFO -     * distance_threshold_m (100m): 11
2026-03-27 23:54:15,217 - checks.obstacle.object_processor_base - INFO -   - Occlusion filtered: 0
2026-03-27 23:54:15,217 - checks.obstacle.object_processor_base - INFO -   - Processed: 3
2026-03-27 23:54:15,217 - checks.obstacle.object_processor_base - INFO -   - Filtering rates: 62.5% importance, 0.0% occlusion
2026-03-27 23:54:15,240 - checks.obstacle.object_processor_base - INFO - Frame 27: hallucinations {'bicycle': 0, 'motorcycle': 0, 'pedestrian': 0, 'vehicle': 0}
2026-03-27 23:54:15,372 - checks.obstacle.object_processor_base - INFO - Processing frame video_idx=10 -> mapped_idx=30 / 87 (objects: 40)
2026-03-27 23:54:15,374 - checks.obstacle.object_processor_base - INFO - Frame video_idx=10 mapped_idx=30: ego position in world =(-1.8, -6.5, 1.7)
2026-03-27 23:54:15,374 - checks.obstacle.object_processor_base - INFO - Frame video_idx=10 mapped_idx=30: camera RPY=(-89.9, 14.7, 177.4)
2026-03-27 23:54:49,698 - checks.obstacle.object_processor_base - INFO - Frame 30 class=motorcycle filtering summary:
2026-03-27 23:54:49,699 - checks.obstacle.object_processor_base - INFO -   - Total objects: 8
2026-03-27 23:54:49,699 - checks.obstacle.object_processor_base - INFO -   - Importance filtered: 5
2026-03-27 23:54:49,699 - checks.obstacle.object_processor_base - INFO -     * distance_threshold_m (100m): 2
2026-03-27 23:54:49,699 - checks.obstacle.object_processor_base - INFO -     * relevant_lanes (['ego', 'left', 'right']): 3
2026-03-27 23:54:49,699 - checks.obstacle.object_processor_base - INFO -   - Occlusion filtered: 0
2026-03-27 23:54:49,699 - checks.obstacle.object_processor_base - INFO -   - Processed: 0
2026-03-27 23:54:49,699 - checks.obstacle.object_processor_base - INFO -   - Filtering rates: 62.5% importance, 0.0% occlusion
2026-03-27 23:54:49,704 - checks.obstacle.object_processor_base - INFO - Frame 30 class=vehicle filtering summary:
2026-03-27 23:54:49,704 - checks.obstacle.object_processor_base - INFO -   - Total objects: 32
2026-03-27 23:54:49,704 - checks.obstacle.object_processor_base - INFO -   - Importance filtered: 20
2026-03-27 23:54:49,704 - checks.obstacle.object_processor_base - INFO -     * relevant_lanes (['ego', 'left', 'right']): 9
2026-03-27 23:54:49,704 - checks.obstacle.object_processor_base - INFO -     * distance_threshold_m (100m): 11
2026-03-27 23:54:49,704 - checks.obstacle.object_processor_base - INFO -   - Occlusion filtered: 0
2026-03-27 23:54:49,704 - checks.obstacle.object_processor_base - INFO -   - Processed: 3
2026-03-27 23:54:49,704 - checks.obstacle.object_processor_base - INFO -   - Filtering rates: 62.5% importance, 0.0% occlusion
2026-03-27 23:54:49,725 - checks.obstacle.object_processor_base - INFO - Frame 30: hallucinations {'bicycle': 0, 'motorcycle': 0, 'pedestrian': 0, 'vehicle': 0}
2026-03-27 23:54:49,832 - checks.obstacle.object_processor_base - INFO - Processing frame video_idx=11 -> mapped_idx=33 / 87 (objects: 40)
2026-03-27 23:54:49,832 - checks.obstacle.object_processor_base - INFO - Frame video_idx=11 mapped_idx=33: ego position in world =(-2.0, -7.0, 1.7)
2026-03-27 23:54:49,832 - checks.obstacle.object_processor_base - INFO - Frame video_idx=11 mapped_idx=33: camera RPY=(-89.9, 14.7, 177.4)
2026-03-27 23:55:24,468 - checks.obstacle.object_processor_base - INFO - Frame 33 class=motorcycle filtering summary:
2026-03-27 23:55:24,469 - checks.obstacle.object_processor_base - INFO -   - Total objects: 8
2026-03-27 23:55:24,469 - checks.obstacle.object_processor_base - INFO -   - Importance filtered: 5
2026-03-27 23:55:24,469 - checks.obstacle.object_processor_base - INFO -     * relevant_lanes (['ego', 'left', 'right']): 3
2026-03-27 23:55:24,469 - checks.obstacle.object_processor_base - INFO -     * distance_threshold_m (100m): 2
2026-03-27 23:55:24,469 - checks.obstacle.object_processor_base - INFO -   - Occlusion filtered: 0
2026-03-27 23:55:24,469 - checks.obstacle.object_processor_base - INFO -   - Processed: 0
2026-03-27 23:55:24,469 - checks.obstacle.object_processor_base - INFO -   - Filtering rates: 62.5% importance, 0.0% occlusion
2026-03-27 23:55:24,474 - checks.obstacle.object_processor_base - INFO - Frame 33 class=vehicle filtering summary:
2026-03-27 23:55:24,474 - checks.obstacle.object_processor_base - INFO -   - Total objects: 32
2026-03-27 23:55:24,474 - checks.obstacle.object_processor_base - INFO -   - Importance filtered: 20
2026-03-27 23:55:24,474 - checks.obstacle.object_processor_base - INFO -     * relevant_lanes (['ego', 'left', 'right']): 9
2026-03-27 23:55:24,474 - checks.obstacle.object_processor_base - INFO -     * distance_threshold_m (100m): 11
2026-03-27 23:55:24,474 - checks.obstacle.object_processor_base - INFO -   - Occlusion filtered: 0
2026-03-27 23:55:24,474 - checks.obstacle.object_processor_base - INFO -   - Processed: 3
2026-03-27 23:55:24,474 - checks.obstacle.object_processor_base - INFO -   - Filtering rates: 62.5% importance, 0.0% occlusion
2026-03-27 23:55:24,496 - checks.obstacle.object_processor_base - INFO - Frame 33: hallucinations {'bicycle': 0, 'motorcycle': 0, 'pedestrian': 0, 'vehicle': 0}
2026-03-27 23:55:24,605 - checks.obstacle.object_processor_base - INFO - Processing frame video_idx=12 -> mapped_idx=36 / 87 (objects: 40)
2026-03-27 23:55:24,605 - checks.obstacle.object_processor_base - INFO - Frame video_idx=12 mapped_idx=36: ego position in world =(-2.1, -7.4, 1.7)
2026-03-27 23:55:24,605 - checks.obstacle.object_processor_base - INFO - Frame video_idx=12 mapped_idx=36: camera RPY=(-89.9, 14.7, 177.4)
2026-03-27 23:55:58,107 - checks.obstacle.object_processor_base - INFO - Frame 36 class=motorcycle filtering summary:
2026-03-27 23:55:58,107 - checks.obstacle.object_processor_base - INFO -   - Total objects: 8
2026-03-27 23:55:58,107 - checks.obstacle.object_processor_base - INFO -   - Importance filtered: 5
2026-03-27 23:55:58,107 - checks.obstacle.object_processor_base - INFO -     * distance_threshold_m (100m): 2
2026-03-27 23:55:58,107 - checks.obstacle.object_processor_base - INFO -     * relevant_lanes (['ego', 'left', 'right']): 3
2026-03-27 23:55:58,107 - checks.obstacle.object_processor_base - INFO -   - Occlusion filtered: 0
2026-03-27 23:55:58,107 - checks.obstacle.object_processor_base - INFO -   - Processed: 0
2026-03-27 23:55:58,107 - checks.obstacle.object_processor_base - INFO -   - Filtering rates: 62.5% importance, 0.0% occlusion
2026-03-27 23:55:58,113 - checks.obstacle.object_processor_base - INFO - Frame 36 class=vehicle filtering summary:
2026-03-27 23:55:58,113 - checks.obstacle.object_processor_base - INFO -   - Total objects: 32
2026-03-27 23:55:58,113 - checks.obstacle.object_processor_base - INFO -   - Importance filtered: 20
2026-03-27 23:55:58,113 - checks.obstacle.object_processor_base - INFO -     * relevant_lanes (['ego', 'left', 'right']): 9
2026-03-27 23:55:58,113 - checks.obstacle.object_processor_base - INFO -     * distance_threshold_m (100m): 11
2026-03-27 23:55:58,113 - checks.obstacle.object_processor_base - INFO -   - Occlusion filtered: 0
2026-03-27 23:55:58,113 - checks.obstacle.object_processor_base - INFO -   - Processed: 3
2026-03-27 23:55:58,113 - checks.obstacle.object_processor_base - INFO -   - Filtering rates: 62.5% importance, 0.0% occlusion
2026-03-27 23:55:58,134 - checks.obstacle.object_processor_base - INFO - Frame 36: hallucinations {'bicycle': 0, 'motorcycle': 0, 'pedestrian': 0, 'vehicle': 0}
2026-03-27 23:55:58,211 - checks.obstacle.object_processor_base - INFO - Processing frame video_idx=13 -> mapped_idx=39 / 87 (objects: 40)
2026-03-27 23:55:58,211 - checks.obstacle.object_processor_base - INFO - Frame video_idx=13 mapped_idx=39: ego position in world =(-2.2, -7.8, 1.7)
2026-03-27 23:55:58,211 - checks.obstacle.object_processor_base - INFO - Frame video_idx=13 mapped_idx=39: camera RPY=(-89.9, 14.7, 177.5)
2026-03-27 23:56:31,453 - checks.obstacle.object_processor_base - INFO - Frame 39 class=motorcycle filtering summary:
2026-03-27 23:56:31,453 - checks.obstacle.object_processor_base - INFO -   - Total objects: 8
2026-03-27 23:56:31,453 - checks.obstacle.object_processor_base - INFO -   - Importance filtered: 5
2026-03-27 23:56:31,453 - checks.obstacle.object_processor_base - INFO -     * relevant_lanes (['ego', 'left', 'right']): 3
2026-03-27 23:56:31,453 - checks.obstacle.object_processor_base - INFO -     * distance_threshold_m (100m): 2
2026-03-27 23:56:31,453 - checks.obstacle.object_processor_base - INFO -   - Occlusion filtered: 0
2026-03-27 23:56:31,453 - checks.obstacle.object_processor_base - INFO -   - Processed: 0
2026-03-27 23:56:31,453 - checks.obstacle.object_processor_base - INFO -   - Filtering rates: 62.5% importance, 0.0% occlusion
2026-03-27 23:56:31,459 - checks.obstacle.object_processor_base - INFO - Frame 39 class=vehicle filtering summary:
2026-03-27 23:56:31,459 - checks.obstacle.object_processor_base - INFO -   - Total objects: 32
2026-03-27 23:56:31,459 - checks.obstacle.object_processor_base - INFO -   - Importance filtered: 20
2026-03-27 23:56:31,459 - checks.obstacle.object_processor_base - INFO -     * relevant_lanes (['ego', 'left', 'right']): 9
2026-03-27 23:56:31,459 - checks.obstacle.object_processor_base - INFO -     * distance_threshold_m (100m): 11
2026-03-27 23:56:31,459 - checks.obstacle.object_processor_base - INFO -   - Occlusion filtered: 0
2026-03-27 23:56:31,459 - checks.obstacle.object_processor_base - INFO -   - Processed: 3
2026-03-27 23:56:31,459 - checks.obstacle.object_processor_base - INFO -   - Filtering rates: 62.5% importance, 0.0% occlusion
2026-03-27 23:56:31,480 - checks.obstacle.object_processor_base - INFO - Frame 39: hallucinations {'bicycle': 0, 'motorcycle': 0, 'pedestrian': 0, 'vehicle': 0}
2026-03-27 23:56:31,558 - checks.obstacle.object_processor_base - INFO - Processing frame video_idx=14 -> mapped_idx=42 / 87 (objects: 40)
2026-03-27 23:56:31,559 - checks.obstacle.object_processor_base - INFO - Frame video_idx=14 mapped_idx=42: ego position in world =(-2.3, -8.2, 1.7)
2026-03-27 23:56:31,559 - checks.obstacle.object_processor_base - INFO - Frame video_idx=14 mapped_idx=42: camera RPY=(-89.9, 14.7, 177.4)
2026-03-27 23:57:06,268 - checks.obstacle.object_processor_base - INFO - Frame 42 class=motorcycle filtering summary:
2026-03-27 23:57:06,269 - checks.obstacle.object_processor_base - INFO -   - Total objects: 8
2026-03-27 23:57:06,269 - checks.obstacle.object_processor_base - INFO -   - Importance filtered: 5
2026-03-27 23:57:06,269 - checks.obstacle.object_processor_base - INFO -     * distance_threshold_m (100m): 2
2026-03-27 23:57:06,269 - checks.obstacle.object_processor_base - INFO -     * relevant_lanes (['ego', 'left', 'right']): 3
2026-03-27 23:57:06,269 - checks.obstacle.object_processor_base - INFO -   - Occlusion filtered: 0
2026-03-27 23:57:06,269 - checks.obstacle.object_processor_base - INFO -   - Processed: 0
2026-03-27 23:57:06,269 - checks.obstacle.object_processor_base - INFO -   - Filtering rates: 62.5% importance, 0.0% occlusion
2026-03-27 23:57:06,274 - checks.obstacle.object_processor_base - INFO - Frame 42 class=vehicle filtering summary:
2026-03-27 23:57:06,274 - checks.obstacle.object_processor_base - INFO -   - Total objects: 32
2026-03-27 23:57:06,274 - checks.obstacle.object_processor_base - INFO -   - Importance filtered: 20
2026-03-27 23:57:06,274 - checks.obstacle.object_processor_base - INFO -     * relevant_lanes (['ego', 'left', 'right']): 9
2026-03-27 23:57:06,274 - checks.obstacle.object_processor_base - INFO -     * distance_threshold_m (100m): 11
2026-03-27 23:57:06,274 - checks.obstacle.object_processor_base - INFO -   - Occlusion filtered: 0
2026-03-27 23:57:06,274 - checks.obstacle.object_processor_base - INFO -   - Processed: 3
2026-03-27 23:57:06,274 - checks.obstacle.object_processor_base - INFO -   - Filtering rates: 62.5% importance, 0.0% occlusion
2026-03-27 23:57:06,295 - checks.obstacle.object_processor_base - INFO - Frame 42: hallucinations {'bicycle': 0, 'motorcycle': 0, 'pedestrian': 0, 'vehicle': 0}
2026-03-27 23:57:06,406 - checks.obstacle.object_processor_base - INFO - Processing frame video_idx=15 -> mapped_idx=45 / 87 (objects: 40)
2026-03-27 23:57:06,406 - checks.obstacle.object_processor_base - INFO - Frame video_idx=15 mapped_idx=45: ego position in world =(-2.4, -8.5, 1.7)
2026-03-27 23:57:06,406 - checks.obstacle.object_processor_base - INFO - Frame video_idx=15 mapped_idx=45: camera RPY=(-90.0, 14.7, 177.4)
2026-03-27 23:57:40,111 - checks.obstacle.object_processor_base - INFO - Frame 45 class=motorcycle filtering summary:
2026-03-27 23:57:40,111 - checks.obstacle.object_processor_base - INFO -   - Total objects: 8
2026-03-27 23:57:40,111 - checks.obstacle.object_processor_base - INFO -   - Importance filtered: 5
2026-03-27 23:57:40,111 - checks.obstacle.object_processor_base - INFO -     * relevant_lanes (['ego', 'left', 'right']): 3
2026-03-27 23:57:40,111 - checks.obstacle.object_processor_base - INFO -     * distance_threshold_m (100m): 2
2026-03-27 23:57:40,111 - checks.obstacle.object_processor_base - INFO -   - Occlusion filtered: 0
2026-03-27 23:57:40,111 - checks.obstacle.object_processor_base - INFO -   - Processed: 0
2026-03-27 23:57:40,111 - checks.obstacle.object_processor_base - INFO -   - Filtering rates: 62.5% importance, 0.0% occlusion
2026-03-27 23:57:40,117 - checks.obstacle.object_processor_base - INFO - Frame 45 class=vehicle filtering summary:
2026-03-27 23:57:40,117 - checks.obstacle.object_processor_base - INFO -   - Total objects: 32
2026-03-27 23:57:40,117 - checks.obstacle.object_processor_base - INFO -   - Importance filtered: 20
2026-03-27 23:57:40,117 - checks.obstacle.object_processor_base - INFO -     * relevant_lanes (['ego', 'left', 'right']): 9
2026-03-27 23:57:40,117 - checks.obstacle.object_processor_base - INFO -     * distance_threshold_m (100m): 11
2026-03-27 23:57:40,117 - checks.obstacle.object_processor_base - INFO -   - Occlusion filtered: 0
2026-03-27 23:57:40,117 - checks.obstacle.object_processor_base - INFO -   - Processed: 3
2026-03-27 23:57:40,117 - checks.obstacle.object_processor_base - INFO -   - Filtering rates: 62.5% importance, 0.0% occlusion
2026-03-27 23:57:40,139 - checks.obstacle.object_processor_base - INFO - Frame 45: hallucinations {'bicycle': 0, 'motorcycle': 0, 'pedestrian': 0, 'vehicle': 0}
2026-03-27 23:57:40,219 - checks.obstacle.object_processor_base - INFO - Processing frame video_idx=16 -> mapped_idx=48 / 87 (objects: 40)
2026-03-27 23:57:40,219 - checks.obstacle.object_processor_base - INFO - Frame video_idx=16 mapped_idx=48: ego position in world =(-2.4, -8.8, 1.7)
2026-03-27 23:57:40,219 - checks.obstacle.object_processor_base - INFO - Frame video_idx=16 mapped_idx=48: camera RPY=(-89.9, 14.7, 177.4)
2026-03-27 23:58:13,700 - checks.obstacle.object_processor_base - INFO - Frame 48 class=motorcycle filtering summary:
2026-03-27 23:58:13,700 - checks.obstacle.object_processor_base - INFO -   - Total objects: 8
2026-03-27 23:58:13,700 - checks.obstacle.object_processor_base - INFO -   - Importance filtered: 5
2026-03-27 23:58:13,700 - checks.obstacle.object_processor_base - INFO -     * distance_threshold_m (100m): 2
2026-03-27 23:58:13,700 - checks.obstacle.object_processor_base - INFO -     * relevant_lanes (['ego', 'left', 'right']): 3
2026-03-27 23:58:13,700 - checks.obstacle.object_processor_base - INFO -   - Occlusion filtered: 0
2026-03-27 23:58:13,700 - checks.obstacle.object_processor_base - INFO -   - Processed: 0
2026-03-27 23:58:13,700 - checks.obstacle.object_processor_base - INFO -   - Filtering rates: 62.5% importance, 0.0% occlusion
2026-03-27 23:58:13,705 - checks.obstacle.object_processor_base - INFO - Frame 48 class=vehicle filtering summary:
2026-03-27 23:58:13,705 - checks.obstacle.object_processor_base - INFO -   - Total objects: 32
2026-03-27 23:58:13,705 - checks.obstacle.object_processor_base - INFO -   - Importance filtered: 20
2026-03-27 23:58:13,705 - checks.obstacle.object_processor_base - INFO -     * relevant_lanes (['ego', 'left', 'right']): 9
2026-03-27 23:58:13,705 - checks.obstacle.object_processor_base - INFO -     * distance_threshold_m (100m): 11
2026-03-27 23:58:13,705 - checks.obstacle.object_processor_base - INFO -   - Occlusion filtered: 0
2026-03-27 23:58:13,705 - checks.obstacle.object_processor_base - INFO -   - Processed: 3
2026-03-27 23:58:13,705 - checks.obstacle.object_processor_base - INFO -   - Filtering rates: 62.5% importance, 0.0% occlusion
2026-03-27 23:58:13,726 - checks.obstacle.object_processor_base - INFO - Frame 48: hallucinations {'bicycle': 0, 'motorcycle': 0, 'pedestrian': 0, 'vehicle': 0}
2026-03-27 23:58:13,809 - checks.obstacle.object_processor_base - INFO - Processing frame video_idx=17 -> mapped_idx=51 / 87 (objects: 40)
2026-03-27 23:58:13,809 - checks.obstacle.object_processor_base - INFO - Frame video_idx=17 mapped_idx=51: ego position in world =(-2.5, -9.1, 1.7)
2026-03-27 23:58:13,809 - checks.obstacle.object_processor_base - INFO - Frame video_idx=17 mapped_idx=51: camera RPY=(-89.9, 14.7, 177.4)
2026-03-27 23:58:47,614 - checks.obstacle.object_processor_base - INFO - Frame 51 class=motorcycle filtering summary:
2026-03-27 23:58:47,614 - checks.obstacle.object_processor_base - INFO -   - Total objects: 8
2026-03-27 23:58:47,614 - checks.obstacle.object_processor_base - INFO -   - Importance filtered: 5
2026-03-27 23:58:47,614 - checks.obstacle.object_processor_base - INFO -     * relevant_lanes (['ego', 'left', 'right']): 3
2026-03-27 23:58:47,614 - checks.obstacle.object_processor_base - INFO -     * distance_threshold_m (100m): 2
2026-03-27 23:58:47,614 - checks.obstacle.object_processor_base - INFO -   - Occlusion filtered: 0
2026-03-27 23:58:47,614 - checks.obstacle.object_processor_base - INFO -   - Processed: 0
2026-03-27 23:58:47,614 - checks.obstacle.object_processor_base - INFO -   - Filtering rates: 62.5% importance, 0.0% occlusion
2026-03-27 23:58:47,619 - checks.obstacle.object_processor_base - INFO - Frame 51 class=vehicle filtering summary:
2026-03-27 23:58:47,619 - checks.obstacle.object_processor_base - INFO -   - Total objects: 32
2026-03-27 23:58:47,619 - checks.obstacle.object_processor_base - INFO -   - Importance filtered: 21
2026-03-27 23:58:47,619 - checks.obstacle.object_processor_base - INFO -     * relevant_lanes (['ego', 'left', 'right']): 10
2026-03-27 23:58:47,619 - checks.obstacle.object_processor_base - INFO -     * distance_threshold_m (100m): 11
2026-03-27 23:58:47,619 - checks.obstacle.object_processor_base - INFO -   - Occlusion filtered: 0
2026-03-27 23:58:47,619 - checks.obstacle.object_processor_base - INFO -   - Processed: 2
2026-03-27 23:58:47,619 - checks.obstacle.object_processor_base - INFO -   - Filtering rates: 65.6% importance, 0.0% occlusion
2026-03-27 23:58:47,640 - checks.obstacle.object_processor_base - INFO - Frame 51: hallucinations {'bicycle': 0, 'motorcycle': 0, 'pedestrian': 0, 'vehicle': 0}
2026-03-27 23:58:47,724 - checks.obstacle.object_processor_base - INFO - Processing frame video_idx=18 -> mapped_idx=54 / 87 (objects: 40)
2026-03-27 23:58:47,724 - checks.obstacle.object_processor_base - INFO - Frame video_idx=18 mapped_idx=54: ego position in world =(-2.6, -9.4, 1.7)
2026-03-27 23:58:47,724 - checks.obstacle.object_processor_base - INFO - Frame video_idx=18 mapped_idx=54: camera RPY=(-89.9, 14.7, 177.4)
2026-03-27 23:59:20,946 - checks.obstacle.object_processor_base - INFO - Frame 54 class=motorcycle filtering summary:
2026-03-27 23:59:20,946 - checks.obstacle.object_processor_base - INFO -   - Total objects: 8
2026-03-27 23:59:20,946 - checks.obstacle.object_processor_base - INFO -   - Importance filtered: 5
2026-03-27 23:59:20,946 - checks.obstacle.object_processor_base - INFO -     * distance_threshold_m (100m): 2
2026-03-27 23:59:20,946 - checks.obstacle.object_processor_base - INFO -     * relevant_lanes (['ego', 'left', 'right']): 3
2026-03-27 23:59:20,946 - checks.obstacle.object_processor_base - INFO -   - Occlusion filtered: 0
2026-03-27 23:59:20,946 - checks.obstacle.object_processor_base - INFO -   - Processed: 0
2026-03-27 23:59:20,946 - checks.obstacle.object_processor_base - INFO -   - Filtering rates: 62.5% importance, 0.0% occlusion
2026-03-27 23:59:20,951 - checks.obstacle.object_processor_base - INFO - Frame 54 class=vehicle filtering summary:
2026-03-27 23:59:20,951 - checks.obstacle.object_processor_base - INFO -   - Total objects: 32
2026-03-27 23:59:20,951 - checks.obstacle.object_processor_base - INFO -   - Importance filtered: 21
2026-03-27 23:59:20,951 - checks.obstacle.object_processor_base - INFO -     * relevant_lanes (['ego', 'left', 'right']): 10
2026-03-27 23:59:20,951 - checks.obstacle.object_processor_base - INFO -     * distance_threshold_m (100m): 11
2026-03-27 23:59:20,951 - checks.obstacle.object_processor_base - INFO -   - Occlusion filtered: 0
2026-03-27 23:59:20,951 - checks.obstacle.object_processor_base - INFO -   - Processed: 2
2026-03-27 23:59:20,951 - checks.obstacle.object_processor_base - INFO -   - Filtering rates: 65.6% importance, 0.0% occlusion
2026-03-27 23:59:20,971 - checks.obstacle.object_processor_base - INFO - Frame 54: hallucinations {'bicycle': 0, 'motorcycle': 0, 'pedestrian': 0, 'vehicle': 0}
2026-03-27 23:59:21,087 - checks.obstacle.object_processor_base - INFO - Processing frame video_idx=19 -> mapped_idx=57 / 87 (objects: 40)
2026-03-27 23:59:21,087 - checks.obstacle.object_processor_base - INFO - Frame video_idx=19 mapped_idx=57: ego position in world =(-2.7, -9.7, 1.7)
2026-03-27 23:59:21,087 - checks.obstacle.object_processor_base - INFO - Frame video_idx=19 mapped_idx=57: camera RPY=(-89.9, 14.7, 177.4)
2026-03-27 23:59:54,520 - checks.obstacle.object_processor_base - INFO - Frame 57 class=motorcycle filtering summary:
2026-03-27 23:59:54,520 - checks.obstacle.object_processor_base - INFO -   - Total objects: 8
2026-03-27 23:59:54,520 - checks.obstacle.object_processor_base - INFO -   - Importance filtered: 5
2026-03-27 23:59:54,520 - checks.obstacle.object_processor_base - INFO -     * relevant_lanes (['ego', 'left', 'right']): 3
2026-03-27 23:59:54,520 - checks.obstacle.object_processor_base - INFO -     * distance_threshold_m (100m): 2
2026-03-27 23:59:54,520 - checks.obstacle.object_processor_base - INFO -   - Occlusion filtered: 0
2026-03-27 23:59:54,520 - checks.obstacle.object_processor_base - INFO -   - Processed: 0
2026-03-27 23:59:54,520 - checks.obstacle.object_processor_base - INFO -   - Filtering rates: 62.5% importance, 0.0% occlusion
2026-03-27 23:59:54,525 - checks.obstacle.object_processor_base - INFO - Frame 57 class=vehicle filtering summary:
2026-03-27 23:59:54,525 - checks.obstacle.object_processor_base - INFO -   - Total objects: 32
2026-03-27 23:59:54,525 - checks.obstacle.object_processor_base - INFO -   - Importance filtered: 21
2026-03-27 23:59:54,525 - checks.obstacle.object_processor_base - INFO -     * relevant_lanes (['ego', 'left', 'right']): 10
2026-03-27 23:59:54,525 - checks.obstacle.object_processor_base - INFO -     * distance_threshold_m (100m): 11
2026-03-27 23:59:54,525 - checks.obstacle.object_processor_base - INFO -   - Occlusion filtered: 0
2026-03-27 23:59:54,525 - checks.obstacle.object_processor_base - INFO -   - Processed: 2
2026-03-27 23:59:54,525 - checks.obstacle.object_processor_base - INFO -   - Filtering rates: 65.6% importance, 0.0% occlusion
2026-03-27 23:59:54,545 - checks.obstacle.object_processor_base - INFO - Frame 57: hallucinations {'bicycle': 0, 'motorcycle': 0, 'pedestrian': 0, 'vehicle': 0}
2026-03-27 23:59:54,649 - checks.obstacle.object_processor_base - INFO - Processing frame video_idx=20 -> mapped_idx=60 / 87 (objects: 40)
2026-03-27 23:59:54,649 - checks.obstacle.object_processor_base - INFO - Frame video_idx=20 mapped_idx=60: ego position in world =(-2.8, -10.0, 1.7)
2026-03-27 23:59:54,649 - checks.obstacle.object_processor_base - INFO - Frame video_idx=20 mapped_idx=60: camera RPY=(-89.9, 14.6, 177.4)
2026-03-28 00:00:28,466 - checks.obstacle.object_processor_base - INFO - Frame 60 class=motorcycle filtering summary:
2026-03-28 00:00:28,466 - checks.obstacle.object_processor_base - INFO -   - Total objects: 8
2026-03-28 00:00:28,466 - checks.obstacle.object_processor_base - INFO -   - Importance filtered: 5
2026-03-28 00:00:28,466 - checks.obstacle.object_processor_base - INFO -     * distance_threshold_m (100m): 2
2026-03-28 00:00:28,466 - checks.obstacle.object_processor_base - INFO -     * relevant_lanes (['ego', 'left', 'right']): 3
2026-03-28 00:00:28,466 - checks.obstacle.object_processor_base - INFO -   - Occlusion filtered: 0
2026-03-28 00:00:28,466 - checks.obstacle.object_processor_base - INFO -   - Processed: 0
2026-03-28 00:00:28,466 - checks.obstacle.object_processor_base - INFO -   - Filtering rates: 62.5% importance, 0.0% occlusion
2026-03-28 00:00:28,471 - checks.obstacle.object_processor_base - INFO - Frame 60 class=vehicle filtering summary:
2026-03-28 00:00:28,471 - checks.obstacle.object_processor_base - INFO -   - Total objects: 32
2026-03-28 00:00:28,471 - checks.obstacle.object_processor_base - INFO -   - Importance filtered: 21
2026-03-28 00:00:28,471 - checks.obstacle.object_processor_base - INFO -     * relevant_lanes (['ego', 'left', 'right']): 10
2026-03-28 00:00:28,471 - checks.obstacle.object_processor_base - INFO -     * distance_threshold_m (100m): 11
2026-03-28 00:00:28,471 - checks.obstacle.object_processor_base - INFO -   - Occlusion filtered: 0
2026-03-28 00:00:28,471 - checks.obstacle.object_processor_base - INFO -   - Processed: 2
2026-03-28 00:00:28,471 - checks.obstacle.object_processor_base - INFO -   - Filtering rates: 65.6% importance, 0.0% occlusion
2026-03-28 00:00:28,494 - checks.obstacle.object_processor_base - INFO - Frame 60: hallucinations {'bicycle': 0, 'motorcycle': 0, 'pedestrian': 0, 'vehicle': 0}
2026-03-28 00:00:28,605 - checks.obstacle.object_processor_base - INFO - Processing frame video_idx=21 -> mapped_idx=63 / 87 (objects: 40)
2026-03-28 00:00:28,605 - checks.obstacle.object_processor_base - INFO - Frame video_idx=21 mapped_idx=63: ego position in world =(-2.8, -10.4, 1.7)
2026-03-28 00:00:28,605 - checks.obstacle.object_processor_base - INFO - Frame video_idx=21 mapped_idx=63: camera RPY=(-89.9, 14.6, 177.4)
2026-03-28 00:01:02,596 - checks.obstacle.object_processor_base - INFO - Frame 63 class=motorcycle filtering summary:
2026-03-28 00:01:02,597 - checks.obstacle.object_processor_base - INFO -   - Total objects: 8
2026-03-28 00:01:02,597 - checks.obstacle.object_processor_base - INFO -   - Importance filtered: 5
2026-03-28 00:01:02,597 - checks.obstacle.object_processor_base - INFO -     * relevant_lanes (['ego', 'left', 'right']): 3
2026-03-28 00:01:02,597 - checks.obstacle.object_processor_base - INFO -     * distance_threshold_m (100m): 2
2026-03-28 00:01:02,597 - checks.obstacle.object_processor_base - INFO -   - Occlusion filtered: 0
2026-03-28 00:01:02,597 - checks.obstacle.object_processor_base - INFO -   - Processed: 0
2026-03-28 00:01:02,597 - checks.obstacle.object_processor_base - INFO -   - Filtering rates: 62.5% importance, 0.0% occlusion
2026-03-28 00:01:02,602 - checks.obstacle.object_processor_base - INFO - Frame 63 class=vehicle filtering summary:
2026-03-28 00:01:02,602 - checks.obstacle.object_processor_base - INFO -   - Total objects: 32
2026-03-28 00:01:02,602 - checks.obstacle.object_processor_base - INFO -   - Importance filtered: 21
2026-03-28 00:01:02,602 - checks.obstacle.object_processor_base - INFO -     * relevant_lanes (['ego', 'left', 'right']): 10
2026-03-28 00:01:02,602 - checks.obstacle.object_processor_base - INFO -     * distance_threshold_m (100m): 11
2026-03-28 00:01:02,602 - checks.obstacle.object_processor_base - INFO -   - Occlusion filtered: 0
2026-03-28 00:01:02,602 - checks.obstacle.object_processor_base - INFO -   - Processed: 2
2026-03-28 00:01:02,602 - checks.obstacle.object_processor_base - INFO -   - Filtering rates: 65.6% importance, 0.0% occlusion
2026-03-28 00:01:02,622 - checks.obstacle.object_processor_base - INFO - Frame 63: hallucinations {'bicycle': 0, 'motorcycle': 0, 'pedestrian': 0, 'vehicle': 0}
2026-03-28 00:01:02,720 - checks.obstacle.object_processor_base - INFO - Processing frame video_idx=22 -> mapped_idx=66 / 87 (objects: 40)
2026-03-28 00:01:02,720 - checks.obstacle.object_processor_base - INFO - Frame video_idx=22 mapped_idx=66: ego position in world =(-2.9, -10.7, 1.7)
2026-03-28 00:01:02,720 - checks.obstacle.object_processor_base - INFO - Frame video_idx=22 mapped_idx=66: camera RPY=(-89.8, 14.6, 177.4)
2026-03-28 00:01:36,120 - checks.obstacle.object_processor_base - INFO - Frame 66 class=motorcycle filtering summary:
2026-03-28 00:01:36,120 - checks.obstacle.object_processor_base - INFO -   - Total objects: 8
2026-03-28 00:01:36,120 - checks.obstacle.object_processor_base - INFO -   - Importance filtered: 5
2026-03-28 00:01:36,120 - checks.obstacle.object_processor_base - INFO -     * distance_threshold_m (100m): 2
2026-03-28 00:01:36,120 - checks.obstacle.object_processor_base - INFO -     * relevant_lanes (['ego', 'left', 'right']): 3
2026-03-28 00:01:36,120 - checks.obstacle.object_processor_base - INFO -   - Occlusion filtered: 0
2026-03-28 00:01:36,120 - checks.obstacle.object_processor_base - INFO -   - Processed: 0
2026-03-28 00:01:36,120 - checks.obstacle.object_processor_base - INFO -   - Filtering rates: 62.5% importance, 0.0% occlusion
2026-03-28 00:01:36,125 - checks.obstacle.object_processor_base - INFO - Frame 66 class=vehicle filtering summary:
2026-03-28 00:01:36,125 - checks.obstacle.object_processor_base - INFO -   - Total objects: 32
2026-03-28 00:01:36,125 - checks.obstacle.object_processor_base - INFO -   - Importance filtered: 21
2026-03-28 00:01:36,125 - checks.obstacle.object_processor_base - INFO -     * relevant_lanes (['ego', 'left', 'right']): 10
2026-03-28 00:01:36,125 - checks.obstacle.object_processor_base - INFO -     * distance_threshold_m (100m): 11
2026-03-28 00:01:36,125 - checks.obstacle.object_processor_base - INFO -   - Occlusion filtered: 0
2026-03-28 00:01:36,125 - checks.obstacle.object_processor_base - INFO -   - Processed: 2
2026-03-28 00:01:36,125 - checks.obstacle.object_processor_base - INFO -   - Filtering rates: 65.6% importance, 0.0% occlusion
2026-03-28 00:01:36,147 - checks.obstacle.object_processor_base - INFO - Frame 66: hallucinations {'bicycle': 0, 'motorcycle': 0, 'pedestrian': 0, 'vehicle': 0}
2026-03-28 00:01:36,231 - checks.obstacle.object_processor_base - INFO - Processing frame video_idx=23 -> mapped_idx=69 / 87 (objects: 40)
2026-03-28 00:01:36,231 - checks.obstacle.object_processor_base - INFO - Frame video_idx=23 mapped_idx=69: ego position in world =(-3.0, -11.0, 1.7)
2026-03-28 00:01:36,231 - checks.obstacle.object_processor_base - INFO - Frame video_idx=23 mapped_idx=69: camera RPY=(-89.8, 14.6, 177.4)
2026-03-28 00:02:09,768 - checks.obstacle.object_processor_base - INFO - Frame 69 class=motorcycle filtering summary:
2026-03-28 00:02:09,768 - checks.obstacle.object_processor_base - INFO -   - Total objects: 8
2026-03-28 00:02:09,768 - checks.obstacle.object_processor_base - INFO -   - Importance filtered: 5
2026-03-28 00:02:09,768 - checks.obstacle.object_processor_base - INFO -     * relevant_lanes (['ego', 'left', 'right']): 3
2026-03-28 00:02:09,768 - checks.obstacle.object_processor_base - INFO -     * distance_threshold_m (100m): 2
2026-03-28 00:02:09,768 - checks.obstacle.object_processor_base - INFO -   - Occlusion filtered: 0
2026-03-28 00:02:09,768 - checks.obstacle.object_processor_base - INFO -   - Processed: 0
2026-03-28 00:02:09,768 - checks.obstacle.object_processor_base - INFO -   - Filtering rates: 62.5% importance, 0.0% occlusion
2026-03-28 00:02:09,773 - checks.obstacle.object_processor_base - INFO - Frame 69 class=vehicle filtering summary:
2026-03-28 00:02:09,773 - checks.obstacle.object_processor_base - INFO -   - Total objects: 32
2026-03-28 00:02:09,773 - checks.obstacle.object_processor_base - INFO -   - Importance filtered: 20
2026-03-28 00:02:09,773 - checks.obstacle.object_processor_base - INFO -     * relevant_lanes (['ego', 'left', 'right']): 10
2026-03-28 00:02:09,773 - checks.obstacle.object_processor_base - INFO -     * distance_threshold_m (100m): 10
2026-03-28 00:02:09,773 - checks.obstacle.object_processor_base - INFO -   - Occlusion filtered: 0
2026-03-28 00:02:09,773 - checks.obstacle.object_processor_base - INFO -   - Processed: 2
2026-03-28 00:02:09,773 - checks.obstacle.object_processor_base - INFO -   - Filtering rates: 62.5% importance, 0.0% occlusion
2026-03-28 00:02:09,799 - checks.obstacle.object_processor_base - INFO - Frame 69: hallucinations {'bicycle': 0, 'motorcycle': 0, 'pedestrian': 0, 'vehicle': 0}
2026-03-28 00:02:09,885 - checks.obstacle.object_processor_base - INFO - Processing frame video_idx=24 -> mapped_idx=72 / 87 (objects: 40)
2026-03-28 00:02:09,885 - checks.obstacle.object_processor_base - INFO - Frame video_idx=24 mapped_idx=72: ego position in world =(-3.1, -11.3, 1.7)
2026-03-28 00:02:09,885 - checks.obstacle.object_processor_base - INFO - Frame video_idx=24 mapped_idx=72: camera RPY=(-89.7, 14.6, 177.4)
2026-03-28 00:02:43,325 - checks.obstacle.object_processor_base - INFO - Frame 72 class=motorcycle filtering summary:
2026-03-28 00:02:43,325 - checks.obstacle.object_processor_base - INFO -   - Total objects: 8
2026-03-28 00:02:43,325 - checks.obstacle.object_processor_base - INFO -   - Importance filtered: 5
2026-03-28 00:02:43,325 - checks.obstacle.object_processor_base - INFO -     * distance_threshold_m (100m): 2
2026-03-28 00:02:43,325 - checks.obstacle.object_processor_base - INFO -     * relevant_lanes (['ego', 'left', 'right']): 3
2026-03-28 00:02:43,325 - checks.obstacle.object_processor_base - INFO -   - Occlusion filtered: 0
2026-03-28 00:02:43,325 - checks.obstacle.object_processor_base - INFO -   - Processed: 0
2026-03-28 00:02:43,325 - checks.obstacle.object_processor_base - INFO -   - Filtering rates: 62.5% importance, 0.0% occlusion
2026-03-28 00:02:43,330 - checks.obstacle.object_processor_base - INFO - Frame 72 class=vehicle filtering summary:
2026-03-28 00:02:43,330 - checks.obstacle.object_processor_base - INFO -   - Total objects: 32
2026-03-28 00:02:43,330 - checks.obstacle.object_processor_base - INFO -   - Importance filtered: 20
2026-03-28 00:02:43,330 - checks.obstacle.object_processor_base - INFO -     * relevant_lanes (['ego', 'left', 'right']): 10
2026-03-28 00:02:43,330 - checks.obstacle.object_processor_base - INFO -     * distance_threshold_m (100m): 10
2026-03-28 00:02:43,330 - checks.obstacle.object_processor_base - INFO -   - Occlusion filtered: 0
2026-03-28 00:02:43,330 - checks.obstacle.object_processor_base - INFO -   - Processed: 2
2026-03-28 00:02:43,330 - checks.obstacle.object_processor_base - INFO -   - Filtering rates: 62.5% importance, 0.0% occlusion
2026-03-28 00:02:43,352 - checks.obstacle.object_processor_base - INFO - Frame 72: hallucinations {'bicycle': 0, 'motorcycle': 0, 'pedestrian': 0, 'vehicle': 0}
2026-03-28 00:02:43,439 - checks.obstacle.object_processor_base - INFO - Processing frame video_idx=25 -> mapped_idx=75 / 87 (objects: 40)
2026-03-28 00:02:43,439 - checks.obstacle.object_processor_base - INFO - Frame video_idx=25 mapped_idx=75: ego position in world =(-3.2, -11.6, 1.7)
2026-03-28 00:02:43,439 - checks.obstacle.object_processor_base - INFO - Frame video_idx=25 mapped_idx=75: camera RPY=(-89.7, 14.6, 177.4)
2026-03-28 00:03:17,779 - checks.obstacle.object_processor_base - INFO - Frame 75 class=motorcycle filtering summary:
2026-03-28 00:03:17,779 - checks.obstacle.object_processor_base - INFO -   - Total objects: 8
2026-03-28 00:03:17,779 - checks.obstacle.object_processor_base - INFO -   - Importance filtered: 5
2026-03-28 00:03:17,779 - checks.obstacle.object_processor_base - INFO -     * relevant_lanes (['ego', 'left', 'right']): 3
2026-03-28 00:03:17,779 - checks.obstacle.object_processor_base - INFO -     * distance_threshold_m (100m): 2
2026-03-28 00:03:17,779 - checks.obstacle.object_processor_base - INFO -   - Occlusion filtered: 0
2026-03-28 00:03:17,779 - checks.obstacle.object_processor_base - INFO -   - Processed: 0
2026-03-28 00:03:17,779 - checks.obstacle.object_processor_base - INFO -   - Filtering rates: 62.5% importance, 0.0% occlusion
2026-03-28 00:03:17,784 - checks.obstacle.object_processor_base - INFO - Frame 75 class=vehicle filtering summary:
2026-03-28 00:03:17,784 - checks.obstacle.object_processor_base - INFO -   - Total objects: 32
2026-03-28 00:03:17,784 - checks.obstacle.object_processor_base - INFO -   - Importance filtered: 20
2026-03-28 00:03:17,784 - checks.obstacle.object_processor_base - INFO -     * relevant_lanes (['ego', 'left', 'right']): 10
2026-03-28 00:03:17,784 - checks.obstacle.object_processor_base - INFO -     * distance_threshold_m (100m): 10
2026-03-28 00:03:17,784 - checks.obstacle.object_processor_base - INFO -   - Occlusion filtered: 0
2026-03-28 00:03:17,784 - checks.obstacle.object_processor_base - INFO -   - Processed: 2
2026-03-28 00:03:17,784 - checks.obstacle.object_processor_base - INFO -   - Filtering rates: 62.5% importance, 0.0% occlusion
2026-03-28 00:03:17,806 - checks.obstacle.object_processor_base - INFO - Frame 75: hallucinations {'bicycle': 0, 'motorcycle': 0, 'pedestrian': 0, 'vehicle': 0}
2026-03-28 00:03:17,896 - checks.obstacle.object_processor_base - INFO - Processing frame video_idx=26 -> mapped_idx=78 / 87 (objects: 40)
2026-03-28 00:03:17,896 - checks.obstacle.object_processor_base - INFO - Frame video_idx=26 mapped_idx=78: ego position in world =(-3.3, -12.0, 1.7)
2026-03-28 00:03:17,896 - checks.obstacle.object_processor_base - INFO - Frame video_idx=26 mapped_idx=78: camera RPY=(-89.7, 14.6, 177.5)
2026-03-28 00:03:51,382 - checks.obstacle.object_processor_base - INFO - Frame 78 class=motorcycle filtering summary:
2026-03-28 00:03:51,382 - checks.obstacle.object_processor_base - INFO -   - Total objects: 8
2026-03-28 00:03:51,382 - checks.obstacle.object_processor_base - INFO -   - Importance filtered: 5
2026-03-28 00:03:51,382 - checks.obstacle.object_processor_base - INFO -     * distance_threshold_m (100m): 2
2026-03-28 00:03:51,382 - checks.obstacle.object_processor_base - INFO -     * relevant_lanes (['ego', 'left', 'right']): 3
2026-03-28 00:03:51,382 - checks.obstacle.object_processor_base - INFO -   - Occlusion filtered: 0
2026-03-28 00:03:51,382 - checks.obstacle.object_processor_base - INFO -   - Processed: 0
2026-03-28 00:03:51,382 - checks.obstacle.object_processor_base - INFO -   - Filtering rates: 62.5% importance, 0.0% occlusion
2026-03-28 00:03:51,387 - checks.obstacle.object_processor_base - INFO - Frame 78 class=vehicle filtering summary:
2026-03-28 00:03:51,387 - checks.obstacle.object_processor_base - INFO -   - Total objects: 32
2026-03-28 00:03:51,387 - checks.obstacle.object_processor_base - INFO -   - Importance filtered: 20
2026-03-28 00:03:51,387 - checks.obstacle.object_processor_base - INFO -     * relevant_lanes (['ego', 'left', 'right']): 9
2026-03-28 00:03:51,387 - checks.obstacle.object_processor_base - INFO -     * distance_threshold_m (100m): 11
2026-03-28 00:03:51,387 - checks.obstacle.object_processor_base - INFO -   - Occlusion filtered: 0
2026-03-28 00:03:51,387 - checks.obstacle.object_processor_base - INFO -   - Processed: 2
2026-03-28 00:03:51,387 - checks.obstacle.object_processor_base - INFO -   - Filtering rates: 62.5% importance, 0.0% occlusion
2026-03-28 00:03:51,410 - checks.obstacle.object_processor_base - INFO - Frame 78: hallucinations {'bicycle': 0, 'motorcycle': 0, 'pedestrian': 0, 'vehicle': 0}
2026-03-28 00:03:51,519 - checks.obstacle.object_processor_base - INFO - Processing frame video_idx=27 -> mapped_idx=81 / 87 (objects: 40)
2026-03-28 00:03:51,519 - checks.obstacle.object_processor_base - INFO - Frame video_idx=27 mapped_idx=81: ego position in world =(-3.4, -12.3, 1.7)
2026-03-28 00:03:51,519 - checks.obstacle.object_processor_base - INFO - Frame video_idx=27 mapped_idx=81: camera RPY=(-89.8, 14.6, 177.5)
2026-03-28 00:04:25,318 - checks.obstacle.object_processor_base - INFO - Frame 81 class=motorcycle filtering summary:
2026-03-28 00:04:25,319 - checks.obstacle.object_processor_base - INFO -   - Total objects: 8
2026-03-28 00:04:25,319 - checks.obstacle.object_processor_base - INFO -   - Importance filtered: 5
2026-03-28 00:04:25,319 - checks.obstacle.object_processor_base - INFO -     * relevant_lanes (['ego', 'left', 'right']): 3
2026-03-28 00:04:25,319 - checks.obstacle.object_processor_base - INFO -     * distance_threshold_m (100m): 2
2026-03-28 00:04:25,319 - checks.obstacle.object_processor_base - INFO -   - Occlusion filtered: 0
2026-03-28 00:04:25,319 - checks.obstacle.object_processor_base - INFO -   - Processed: 0
2026-03-28 00:04:25,319 - checks.obstacle.object_processor_base - INFO -   - Filtering rates: 62.5% importance, 0.0% occlusion
2026-03-28 00:04:25,324 - checks.obstacle.object_processor_base - INFO - Frame 81 class=vehicle filtering summary:
2026-03-28 00:04:25,324 - checks.obstacle.object_processor_base - INFO -   - Total objects: 32
2026-03-28 00:04:25,324 - checks.obstacle.object_processor_base - INFO -   - Importance filtered: 20
2026-03-28 00:04:25,324 - checks.obstacle.object_processor_base - INFO -     * relevant_lanes (['ego', 'left', 'right']): 9
2026-03-28 00:04:25,324 - checks.obstacle.object_processor_base - INFO -     * distance_threshold_m (100m): 11
2026-03-28 00:04:25,324 - checks.obstacle.object_processor_base - INFO -   - Occlusion filtered: 0
2026-03-28 00:04:25,324 - checks.obstacle.object_processor_base - INFO -   - Processed: 2
2026-03-28 00:04:25,324 - checks.obstacle.object_processor_base - INFO -   - Filtering rates: 62.5% importance, 0.0% occlusion
2026-03-28 00:04:25,346 - checks.obstacle.object_processor_base - INFO - Frame 81: hallucinations {'bicycle': 0, 'motorcycle': 0, 'pedestrian': 0, 'vehicle': 0}
2026-03-28 00:04:25,437 - checks.obstacle.object_processor_base - INFO - Processing frame video_idx=28 -> mapped_idx=84 / 87 (objects: 40)
2026-03-28 00:04:25,437 - checks.obstacle.object_processor_base - INFO - Frame video_idx=28 mapped_idx=84: ego position in world =(-3.4, -12.7, 1.7)
2026-03-28 00:04:25,437 - checks.obstacle.object_processor_base - INFO - Frame video_idx=28 mapped_idx=84: camera RPY=(-89.8, 14.6, 177.4)
2026-03-28 00:04:58,895 - checks.obstacle.object_processor_base - INFO - Frame 84 class=motorcycle filtering summary:
2026-03-28 00:04:58,895 - checks.obstacle.object_processor_base - INFO -   - Total objects: 8
2026-03-28 00:04:58,895 - checks.obstacle.object_processor_base - INFO -   - Importance filtered: 5
2026-03-28 00:04:58,895 - checks.obstacle.object_processor_base - INFO -     * distance_threshold_m (100m): 2
2026-03-28 00:04:58,895 - checks.obstacle.object_processor_base - INFO -     * relevant_lanes (['ego', 'left', 'right']): 3
2026-03-28 00:04:58,895 - checks.obstacle.object_processor_base - INFO -   - Occlusion filtered: 0
2026-03-28 00:04:58,895 - checks.obstacle.object_processor_base - INFO -   - Processed: 0
2026-03-28 00:04:58,895 - checks.obstacle.object_processor_base - INFO -   - Filtering rates: 62.5% importance, 0.0% occlusion
2026-03-28 00:04:58,900 - checks.obstacle.object_processor_base - INFO - Frame 84 class=vehicle filtering summary:
2026-03-28 00:04:58,901 - checks.obstacle.object_processor_base - INFO -   - Total objects: 32
2026-03-28 00:04:58,901 - checks.obstacle.object_processor_base - INFO -   - Importance filtered: 20
2026-03-28 00:04:58,901 - checks.obstacle.object_processor_base - INFO -     * relevant_lanes (['ego', 'left', 'right']): 9
2026-03-28 00:04:58,901 - checks.obstacle.object_processor_base - INFO -     * distance_threshold_m (100m): 11
2026-03-28 00:04:58,901 - checks.obstacle.object_processor_base - INFO -   - Occlusion filtered: 0
2026-03-28 00:04:58,901 - checks.obstacle.object_processor_base - INFO -   - Processed: 2
2026-03-28 00:04:58,901 - checks.obstacle.object_processor_base - INFO -   - Filtering rates: 62.5% importance, 0.0% occlusion
2026-03-28 00:04:58,922 - checks.obstacle.object_processor_base - INFO - Frame 84: hallucinations {'bicycle': 0, 'motorcycle': 0, 'pedestrian': 0, 'vehicle': 0}
2026-03-28 00:04:59,006 - checks.obstacle.object_processor_base - INFO - Frame processing complete:
2026-03-28 00:04:59,007 - checks.obstacle.object_processor_base - INFO -   - Total video frames: 29
2026-03-28 00:04:59,009 - checks.obstacle.object_processor_base - INFO -   - Frames with object data: 29
2026-03-28 00:04:59,009 - checks.obstacle.object_processor_base - INFO -   - Frames skipped (no objects): 0
2026-03-28 00:04:59,009 - checks.obstacle.object_processor_base - INFO -   - Processing rate: 29/29 (100.0%)
2026-03-28 00:04:59,009 - checks.obstacle.object_processor_base - INFO - Filter configuration:
2026-03-28 00:04:59,009 - checks.obstacle.object_processor_base - INFO -   - Importance filter: distance_threshold=100m, oncoming_obstacles=False, relevant_lanes=['ego', 'left', 'right']
2026-03-28 00:04:59,479 - checks.obstacle.object_processor_base - INFO - ============================================================
2026-03-28 00:04:59,479 - checks.obstacle.object_processor_base - INFO - SCORE MATRIX SUMMARY
2026-03-28 00:04:59,479 - checks.obstacle.object_processor_base - INFO - ============================================================
2026-03-28 00:04:59,479 - checks.obstacle.object_processor_base - INFO - Matrix shape: 29 frames × 40 track IDs
2026-03-28 00:04:59,479 - checks.obstacle.object_processor_base - INFO - Unique track IDs: 40
2026-03-28 00:04:59,479 - checks.obstacle.object_processor_base - INFO - Tracks with valid scores: 3
2026-03-28 00:04:59,479 - checks.obstacle.object_processor_base - INFO - Frames with valid scores: 29
2026-03-28 00:04:59,479 - checks.obstacle.object_processor_base - INFO - Valid scores: 75
2026-03-28 00:04:59,479 - checks.obstacle.object_processor_base - INFO - NaN entries: 1085 (93.5%)
2026-03-28 00:04:59,479 - checks.obstacle.object_processor_base - INFO - Score range: 0.726 - 0.981
2026-03-28 00:04:59,479 - checks.obstacle.object_processor_base - INFO - Mean score: 0.863
2026-03-28 00:04:59,479 - checks.obstacle.object_processor_base - INFO - Std score: 0.077
2026-03-28 00:04:59,479 - checks.obstacle.object_processor_base - INFO - 
Compact Matrix (first 10 frames × first 10 track IDs):
2026-03-28 00:04:59,479 - checks.obstacle.object_processor_base - INFO - Frame\TrackID    0    1    2    3    4    5    6    7    8    9
2026-03-28 00:04:59,479 - checks.obstacle.object_processor_base - INFO -    0  ---  ---  ---  ---  --- 0.85 0.73  ---  ---  ---
2026-03-28 00:04:59,479 - checks.obstacle.object_processor_base - INFO -    1  ---  ---  ---  ---  --- 0.88 0.74  ---  ---  ---
2026-03-28 00:04:59,479 - checks.obstacle.object_processor_base - INFO -    2  ---  ---  ---  ---  --- 0.89 0.74  ---  ---  ---
2026-03-28 00:04:59,479 - checks.obstacle.object_processor_base - INFO -    3  ---  ---  ---  ---  --- 0.87 0.75  ---  ---  ---
2026-03-28 00:04:59,479 - checks.obstacle.object_processor_base - INFO -    4  ---  ---  ---  ---  --- 0.86 0.75  ---  ---  ---
2026-03-28 00:04:59,479 - checks.obstacle.object_processor_base - INFO -    5  ---  ---  ---  ---  --- 0.85 0.76  ---  ---  ---
2026-03-28 00:04:59,479 - checks.obstacle.object_processor_base - INFO -    6  ---  ---  ---  ---  --- 0.81 0.77  ---  ---  ---
2026-03-28 00:04:59,479 - checks.obstacle.object_processor_base - INFO -    7  ---  ---  ---  ---  --- 0.81 0.79  ---  ---  ---
2026-03-28 00:04:59,479 - checks.obstacle.object_processor_base - INFO -    8  ---  ---  ---  ---  --- 0.80 0.78  ---  ---  ---
2026-03-28 00:04:59,479 - checks.obstacle.object_processor_base - INFO -    9  ---  ---  ---  ---  --- 0.80 0.79  ---  ---  ---
2026-03-28 00:04:59,479 - checks.obstacle.object_processor_base - INFO - ============================================================
2026-03-28 00:04:59,480 - checks.obstacle.object_processor_base - INFO - Results saved to: /home/adamlin/cosmos-evaluator/output_dir/253b88c7-bfe3-4ec5-8978-84396cbf81d2_1774063994755.dynamic.object.results.json
2026-03-28 00:04:59,480 - checks.obstacle.object_processor_base - INFO - ============================================================
2026-03-28 00:04:59,480 - checks.obstacle.object_processor_base - INFO - PERFORMANCE PROFILING SUMMARY
2026-03-28 00:04:59,480 - checks.obstacle.object_processor_base - INFO - ============================================================
2026-03-28 00:04:59,480 - checks.obstacle.object_processor_base - INFO - scene_rasterization:
2026-03-28 00:04:59,480 - checks.obstacle.object_processor_base - INFO -   Total: 981.195s (98.5%)
2026-03-28 00:04:59,480 - checks.obstacle.object_processor_base - INFO -   Average: 33.834s
2026-03-28 00:04:59,480 - checks.obstacle.object_processor_base - INFO -   Count: 29
2026-03-28 00:04:59,480 - checks.obstacle.object_processor_base - INFO -   Range: 32.781s - 44.742s
2026-03-28 00:04:59,480 - checks.obstacle.object_processor_base - INFO - segmentation:
2026-03-28 00:04:59,480 - checks.obstacle.object_processor_base - INFO -   Total: 11.080s (1.1%)
2026-03-28 00:04:59,480 - checks.obstacle.object_processor_base - INFO -   Average: 0.382s
2026-03-28 00:04:59,480 - checks.obstacle.object_processor_base - INFO -   Count: 29
2026-03-28 00:04:59,480 - checks.obstacle.object_processor_base - INFO -   Range: 0.230s - 0.766s
2026-03-28 00:04:59,480 - checks.obstacle.object_processor_base - INFO - visualization:
2026-03-28 00:04:59,480 - checks.obstacle.object_processor_base - INFO -   Total: 1.682s (0.2%)
2026-03-28 00:04:59,480 - checks.obstacle.object_processor_base - INFO -   Average: 0.058s
2026-03-28 00:04:59,480 - checks.obstacle.object_processor_base - INFO -   Count: 29
2026-03-28 00:04:59,480 - checks.obstacle.object_processor_base - INFO -   Range: 0.046s - 0.085s
2026-03-28 00:04:59,480 - checks.obstacle.object_processor_base - INFO - data_loader_init:
2026-03-28 00:04:59,480 - checks.obstacle.object_processor_base - INFO -   Total: 0.642s (0.1%)
2026-03-28 00:04:59,480 - checks.obstacle.object_processor_base - INFO -   Average: 0.642s
2026-03-28 00:04:59,480 - checks.obstacle.object_processor_base - INFO -   Count: 1
2026-03-28 00:04:59,480 - checks.obstacle.object_processor_base - INFO -   Range: 0.642s - 0.642s
2026-03-28 00:04:59,480 - checks.obstacle.object_processor_base - INFO - hallucination_detection:
2026-03-28 00:04:59,480 - checks.obstacle.object_processor_base - INFO -   Total: 0.628s (0.1%)
2026-03-28 00:04:59,480 - checks.obstacle.object_processor_base - INFO -   Average: 0.022s
2026-03-28 00:04:59,480 - checks.obstacle.object_processor_base - INFO -   Count: 29
2026-03-28 00:04:59,480 - checks.obstacle.object_processor_base - INFO -   Range: 0.020s - 0.026s
2026-03-28 00:04:59,480 - checks.obstacle.object_processor_base - INFO - 
Total processing time: 996.005s
2026-03-28 00:04:59,480 - checks.obstacle.object_processor_base - INFO - ============================================================
2026-03-28 00:04:59,480 - checks.obstacle.object_processor_base - INFO - Processing complete. Mean correspondence score: 0.863
