2026-03-30 22:06:40,335 - checks.obstacle.object_processor_base - INFO - Logging to file: /home/adamlin/cosmos-evaluator/output_dir/253b88c7-bfe3-4ec5-8978-84396cbf81d2_1774063994755.dynamic.object.log
2026-03-30 22:06:43,152 - checks.obstacle.object_processor_base - INFO - Hallucination detector enabled
2026-03-30 22:06:43,152 - checks.obstacle.object_processor_base - INFO - Loading data for clip 253b88c7-bfe3-4ec5-8978-84396cbf81d2_1774063994755
2026-03-30 22:06:43,788 - checks.obstacle.object_processor_base - INFO - Loaded 88 ego-reference poses from 'front_center' for importance filtering (evaluation camera: 'rear_left')
2026-03-30 22:06:43,867 - checks.obstacle.object_processor_base - INFO - Original video frames: 29
2026-03-30 22:06:43,868 - checks.obstacle.object_processor_base - INFO - Video FPS: 10.0
2026-03-30 22:06:43,868 - checks.obstacle.object_processor_base - INFO - Frame skip: 1
2026-03-30 22:06:43,868 - checks.obstacle.object_processor_base - INFO - Target (object/pose) FPS: 30.0
2026-03-30 22:06:44,342 - checks.obstacle.object_processor_base - INFO - Starting frame processing
2026-03-30 22:06:44,344 - checks.obstacle.object_processor_base - INFO - Video dataloader length: 29
2026-03-30 22:06:44,344 - checks.obstacle.object_processor_base - INFO - Camera poses available: 88
2026-03-30 22:06:44,414 - checks.obstacle.object_processor_base - INFO - Processing frame video_idx=0 -> mapped_idx=0 / 87 (objects: 40)
2026-03-30 22:06:44,415 - checks.obstacle.object_processor_base - INFO - Frame video_idx=0 mapped_idx=0: ego position in world =(0.7, -0.8, 1.2)
2026-03-30 22:06:44,415 - checks.obstacle.object_processor_base - INFO - Frame video_idx=0 mapped_idx=0: camera RPY=(65.5, -71.3, 23.2)
2026-03-30 22:07:26,431 - checks.obstacle.object_processor_base - INFO - Frame 0 class=motorcycle filtering summary:
2026-03-30 22:07:26,431 - checks.obstacle.object_processor_base - INFO -   - Total objects: 8
2026-03-30 22:07:26,431 - checks.obstacle.object_processor_base - INFO -   - Importance filtered: 5
2026-03-30 22:07:26,431 - checks.obstacle.object_processor_base - INFO -     * relevant_lanes (['ego', 'left', 'right']): 3
2026-03-30 22:07:26,431 - checks.obstacle.object_processor_base - INFO -     * distance_threshold_m (100m): 2
2026-03-30 22:07:26,431 - checks.obstacle.object_processor_base - INFO -   - Occlusion filtered: 0
2026-03-30 22:07:26,431 - checks.obstacle.object_processor_base - INFO -   - Processed: 0
2026-03-30 22:07:26,431 - checks.obstacle.object_processor_base - INFO -   - Filtering rates: 62.5% importance, 0.0% occlusion
2026-03-30 22:07:26,436 - checks.obstacle.object_processor_base - INFO - Frame 0 class=vehicle filtering summary:
2026-03-30 22:07:26,436 - checks.obstacle.object_processor_base - INFO -   - Total objects: 32
2026-03-30 22:07:26,436 - checks.obstacle.object_processor_base - INFO -   - Importance filtered: 20
2026-03-30 22:07:26,436 - checks.obstacle.object_processor_base - INFO -     * relevant_lanes (['ego', 'left', 'right']): 9
2026-03-30 22:07:26,436 - checks.obstacle.object_processor_base - INFO -     * distance_threshold_m (100m): 11
2026-03-30 22:07:26,436 - checks.obstacle.object_processor_base - INFO -   - Occlusion filtered: 0
2026-03-30 22:07:26,436 - checks.obstacle.object_processor_base - INFO -   - Processed: 1
2026-03-30 22:07:26,436 - checks.obstacle.object_processor_base - INFO -   - Filtering rates: 62.5% importance, 0.0% occlusion
2026-03-30 22:07:26,456 - checks.obstacle.object_processor_base - INFO - Frame 0: hallucinations {'bicycle': 0, 'motorcycle': 0, 'pedestrian': 0, 'vehicle': 0}
2026-03-30 22:07:26,614 - checks.obstacle.object_processor_base - INFO - Processing frame video_idx=1 -> mapped_idx=3 / 87 (objects: 40)
2026-03-30 22:07:26,614 - checks.obstacle.object_processor_base - INFO - Frame video_idx=1 mapped_idx=3: ego position in world =(0.5, -1.5, 1.2)
2026-03-30 22:07:26,614 - checks.obstacle.object_processor_base - INFO - Frame video_idx=1 mapped_idx=3: camera RPY=(65.6, -71.2, 23.2)
2026-03-30 22:07:56,406 - checks.obstacle.object_processor_base - INFO - Frame 3 class=motorcycle filtering summary:
2026-03-30 22:07:56,406 - checks.obstacle.object_processor_base - INFO -   - Total objects: 8
2026-03-30 22:07:56,406 - checks.obstacle.object_processor_base - INFO -   - Importance filtered: 5
2026-03-30 22:07:56,406 - checks.obstacle.object_processor_base - INFO -     * relevant_lanes (['ego', 'left', 'right']): 3
2026-03-30 22:07:56,406 - checks.obstacle.object_processor_base - INFO -     * distance_threshold_m (100m): 2
2026-03-30 22:07:56,406 - checks.obstacle.object_processor_base - INFO -   - Occlusion filtered: 0
2026-03-30 22:07:56,406 - checks.obstacle.object_processor_base - INFO -   - Processed: 0
2026-03-30 22:07:56,406 - checks.obstacle.object_processor_base - INFO -   - Filtering rates: 62.5% importance, 0.0% occlusion
2026-03-30 22:07:56,411 - checks.obstacle.object_processor_base - INFO - Frame 3 class=vehicle filtering summary:
2026-03-30 22:07:56,411 - checks.obstacle.object_processor_base - INFO -   - Total objects: 32
2026-03-30 22:07:56,411 - checks.obstacle.object_processor_base - INFO -   - Importance filtered: 20
2026-03-30 22:07:56,411 - checks.obstacle.object_processor_base - INFO -     * relevant_lanes (['ego', 'left', 'right']): 9
2026-03-30 22:07:56,411 - checks.obstacle.object_processor_base - INFO -     * distance_threshold_m (100m): 11
2026-03-30 22:07:56,411 - checks.obstacle.object_processor_base - INFO -   - Occlusion filtered: 0
2026-03-30 22:07:56,411 - checks.obstacle.object_processor_base - INFO -   - Processed: 1
2026-03-30 22:07:56,411 - checks.obstacle.object_processor_base - INFO -   - Filtering rates: 62.5% importance, 0.0% occlusion
2026-03-30 22:07:56,431 - checks.obstacle.object_processor_base - INFO - Frame 3: hallucinations {'bicycle': 0, 'motorcycle': 0, 'pedestrian': 0, 'vehicle': 0}
2026-03-30 22:07:56,547 - checks.obstacle.object_processor_base - INFO - Processing frame video_idx=2 -> mapped_idx=6 / 87 (objects: 40)
2026-03-30 22:07:56,547 - checks.obstacle.object_processor_base - INFO - Frame video_idx=2 mapped_idx=6: ego position in world =(0.3, -2.3, 1.2)
2026-03-30 22:07:56,547 - checks.obstacle.object_processor_base - INFO - Frame video_idx=2 mapped_idx=6: camera RPY=(65.7, -71.2, 23.1)
2026-03-30 22:08:26,261 - checks.obstacle.object_processor_base - INFO - Frame 6 class=motorcycle filtering summary:
2026-03-30 22:08:26,261 - checks.obstacle.object_processor_base - INFO -   - Total objects: 8
2026-03-30 22:08:26,261 - checks.obstacle.object_processor_base - INFO -   - Importance filtered: 5
2026-03-30 22:08:26,261 - checks.obstacle.object_processor_base - INFO -     * relevant_lanes (['ego', 'left', 'right']): 3
2026-03-30 22:08:26,261 - checks.obstacle.object_processor_base - INFO -     * distance_threshold_m (100m): 2
2026-03-30 22:08:26,261 - checks.obstacle.object_processor_base - INFO -   - Occlusion filtered: 0
2026-03-30 22:08:26,261 - checks.obstacle.object_processor_base - INFO -   - Processed: 0
2026-03-30 22:08:26,261 - checks.obstacle.object_processor_base - INFO -   - Filtering rates: 62.5% importance, 0.0% occlusion
2026-03-30 22:08:26,267 - checks.obstacle.object_processor_base - INFO - Frame 6 class=vehicle filtering summary:
2026-03-30 22:08:26,267 - checks.obstacle.object_processor_base - INFO -   - Total objects: 32
2026-03-30 22:08:26,267 - checks.obstacle.object_processor_base - INFO -   - Importance filtered: 20
2026-03-30 22:08:26,267 - checks.obstacle.object_processor_base - INFO -     * relevant_lanes (['ego', 'left', 'right']): 9
2026-03-30 22:08:26,267 - checks.obstacle.object_processor_base - INFO -     * distance_threshold_m (100m): 11
2026-03-30 22:08:26,267 - checks.obstacle.object_processor_base - INFO -   - Occlusion filtered: 0
2026-03-30 22:08:26,267 - checks.obstacle.object_processor_base - INFO -   - Processed: 1
2026-03-30 22:08:26,267 - checks.obstacle.object_processor_base - INFO -   - Filtering rates: 62.5% importance, 0.0% occlusion
2026-03-30 22:08:26,287 - checks.obstacle.object_processor_base - INFO - Frame 6: hallucinations {'bicycle': 0, 'motorcycle': 0, 'pedestrian': 0, 'vehicle': 0}
2026-03-30 22:08:26,383 - checks.obstacle.object_processor_base - INFO - Processing frame video_idx=3 -> mapped_idx=9 / 87 (objects: 40)
2026-03-30 22:08:26,383 - checks.obstacle.object_processor_base - INFO - Frame video_idx=3 mapped_idx=9: ego position in world =(0.1, -2.9, 1.2)
2026-03-30 22:08:26,383 - checks.obstacle.object_processor_base - INFO - Frame video_idx=3 mapped_idx=9: camera RPY=(65.7, -71.2, 23.0)
2026-03-30 22:08:55,093 - checks.obstacle.object_processor_base - INFO - Frame 9 class=motorcycle filtering summary:
2026-03-30 22:08:55,093 - checks.obstacle.object_processor_base - INFO -   - Total objects: 8
2026-03-30 22:08:55,093 - checks.obstacle.object_processor_base - INFO -   - Importance filtered: 5
2026-03-30 22:08:55,093 - checks.obstacle.object_processor_base - INFO -     * relevant_lanes (['ego', 'left', 'right']): 3
2026-03-30 22:08:55,093 - checks.obstacle.object_processor_base - INFO -     * distance_threshold_m (100m): 2
2026-03-30 22:08:55,093 - checks.obstacle.object_processor_base - INFO -   - Occlusion filtered: 0
2026-03-30 22:08:55,093 - checks.obstacle.object_processor_base - INFO -   - Processed: 0
2026-03-30 22:08:55,093 - checks.obstacle.object_processor_base - INFO -   - Filtering rates: 62.5% importance, 0.0% occlusion
2026-03-30 22:08:55,097 - checks.obstacle.object_processor_base - INFO - Frame 9 class=vehicle filtering summary:
2026-03-30 22:08:55,098 - checks.obstacle.object_processor_base - INFO -   - Total objects: 32
2026-03-30 22:08:55,098 - checks.obstacle.object_processor_base - INFO -   - Importance filtered: 20
2026-03-30 22:08:55,098 - checks.obstacle.object_processor_base - INFO -     * relevant_lanes (['ego', 'left', 'right']): 9
2026-03-30 22:08:55,098 - checks.obstacle.object_processor_base - INFO -     * distance_threshold_m (100m): 11
2026-03-30 22:08:55,098 - checks.obstacle.object_processor_base - INFO -   - Occlusion filtered: 0
2026-03-30 22:08:55,098 - checks.obstacle.object_processor_base - INFO -   - Processed: 1
2026-03-30 22:08:55,098 - checks.obstacle.object_processor_base - INFO -   - Filtering rates: 62.5% importance, 0.0% occlusion
2026-03-30 22:08:55,119 - checks.obstacle.object_processor_base - INFO - Frame 9: hallucinations {'bicycle': 0, 'motorcycle': 0, 'pedestrian': 0, 'vehicle': 0}
2026-03-30 22:08:55,226 - checks.obstacle.object_processor_base - INFO - Processing frame video_idx=4 -> mapped_idx=12 / 87 (objects: 40)
2026-03-30 22:08:55,227 - checks.obstacle.object_processor_base - INFO - Frame video_idx=4 mapped_idx=12: ego position in world =(-0.0, -3.6, 1.2)
2026-03-30 22:08:55,227 - checks.obstacle.object_processor_base - INFO - Frame video_idx=4 mapped_idx=12: camera RPY=(65.8, -71.2, 22.9)
2026-03-30 22:09:25,446 - checks.obstacle.object_processor_base - INFO - Frame 12 class=motorcycle filtering summary:
2026-03-30 22:09:25,446 - checks.obstacle.object_processor_base - INFO -   - Total objects: 8
2026-03-30 22:09:25,446 - checks.obstacle.object_processor_base - INFO -   - Importance filtered: 5
2026-03-30 22:09:25,446 - checks.obstacle.object_processor_base - INFO -     * distance_threshold_m (100m): 2
2026-03-30 22:09:25,446 - checks.obstacle.object_processor_base - INFO -     * relevant_lanes (['ego', 'left', 'right']): 3
2026-03-30 22:09:25,446 - checks.obstacle.object_processor_base - INFO -   - Occlusion filtered: 0
2026-03-30 22:09:25,446 - checks.obstacle.object_processor_base - INFO -   - Processed: 0
2026-03-30 22:09:25,446 - checks.obstacle.object_processor_base - INFO -   - Filtering rates: 62.5% importance, 0.0% occlusion
2026-03-30 22:09:25,451 - checks.obstacle.object_processor_base - INFO - Frame 12 class=vehicle filtering summary:
2026-03-30 22:09:25,451 - checks.obstacle.object_processor_base - INFO -   - Total objects: 32
2026-03-30 22:09:25,451 - checks.obstacle.object_processor_base - INFO -   - Importance filtered: 20
2026-03-30 22:09:25,451 - checks.obstacle.object_processor_base - INFO -     * distance_threshold_m (100m): 11
2026-03-30 22:09:25,451 - checks.obstacle.object_processor_base - INFO -     * relevant_lanes (['ego', 'left', 'right']): 9
2026-03-30 22:09:25,451 - checks.obstacle.object_processor_base - INFO -   - Occlusion filtered: 0
2026-03-30 22:09:25,451 - checks.obstacle.object_processor_base - INFO -   - Processed: 1
2026-03-30 22:09:25,451 - checks.obstacle.object_processor_base - INFO -   - Filtering rates: 62.5% importance, 0.0% occlusion
2026-03-30 22:09:25,471 - checks.obstacle.object_processor_base - INFO - Frame 12: hallucinations {'bicycle': 0, 'motorcycle': 0, 'pedestrian': 0, 'vehicle': 0}
2026-03-30 22:09:25,587 - checks.obstacle.object_processor_base - INFO - Processing frame video_idx=5 -> mapped_idx=15 / 87 (objects: 40)
2026-03-30 22:09:25,587 - checks.obstacle.object_processor_base - INFO - Frame video_idx=5 mapped_idx=15: ego position in world =(-0.2, -4.2, 1.2)
2026-03-30 22:09:25,587 - checks.obstacle.object_processor_base - INFO - Frame video_idx=5 mapped_idx=15: camera RPY=(66.1, -71.2, 22.6)
2026-03-30 22:09:54,461 - checks.obstacle.object_processor_base - INFO - Frame 15 class=motorcycle filtering summary:
2026-03-30 22:09:54,462 - checks.obstacle.object_processor_base - INFO -   - Total objects: 8
2026-03-30 22:09:54,462 - checks.obstacle.object_processor_base - INFO -   - Importance filtered: 5
2026-03-30 22:09:54,462 - checks.obstacle.object_processor_base - INFO -     * relevant_lanes (['ego', 'left', 'right']): 3
2026-03-30 22:09:54,462 - checks.obstacle.object_processor_base - INFO -     * distance_threshold_m (100m): 2
2026-03-30 22:09:54,462 - checks.obstacle.object_processor_base - INFO -   - Occlusion filtered: 0
2026-03-30 22:09:54,462 - checks.obstacle.object_processor_base - INFO -   - Processed: 0
2026-03-30 22:09:54,462 - checks.obstacle.object_processor_base - INFO -   - Filtering rates: 62.5% importance, 0.0% occlusion
2026-03-30 22:09:54,466 - checks.obstacle.object_processor_base - INFO - Frame 15 class=vehicle filtering summary:
2026-03-30 22:09:54,466 - checks.obstacle.object_processor_base - INFO -   - Total objects: 32
2026-03-30 22:09:54,466 - checks.obstacle.object_processor_base - INFO -   - Importance filtered: 20
2026-03-30 22:09:54,466 - checks.obstacle.object_processor_base - INFO -     * relevant_lanes (['ego', 'left', 'right']): 9
2026-03-30 22:09:54,466 - checks.obstacle.object_processor_base - INFO -     * distance_threshold_m (100m): 11
2026-03-30 22:09:54,467 - checks.obstacle.object_processor_base - INFO -   - Occlusion filtered: 0
2026-03-30 22:09:54,467 - checks.obstacle.object_processor_base - INFO -   - Processed: 1
2026-03-30 22:09:54,467 - checks.obstacle.object_processor_base - INFO -   - Filtering rates: 62.5% importance, 0.0% occlusion
2026-03-30 22:09:54,487 - checks.obstacle.object_processor_base - INFO - Frame 15: hallucinations {'bicycle': 0, 'motorcycle': 0, 'pedestrian': 0, 'vehicle': 0}
2026-03-30 22:09:54,600 - checks.obstacle.object_processor_base - INFO - Processing frame video_idx=6 -> mapped_idx=18 / 87 (objects: 40)
2026-03-30 22:09:54,600 - checks.obstacle.object_processor_base - INFO - Frame video_idx=6 mapped_idx=18: ego position in world =(-0.4, -4.8, 1.2)
2026-03-30 22:09:54,600 - checks.obstacle.object_processor_base - INFO - Frame video_idx=6 mapped_idx=18: camera RPY=(66.3, -71.3, 22.5)
2026-03-30 22:10:24,697 - checks.obstacle.object_processor_base - INFO - Frame 18 class=motorcycle filtering summary:
2026-03-30 22:10:24,697 - checks.obstacle.object_processor_base - INFO -   - Total objects: 8
2026-03-30 22:10:24,697 - checks.obstacle.object_processor_base - INFO -   - Importance filtered: 5
2026-03-30 22:10:24,697 - checks.obstacle.object_processor_base - INFO -     * distance_threshold_m (100m): 2
2026-03-30 22:10:24,697 - checks.obstacle.object_processor_base - INFO -     * relevant_lanes (['ego', 'left', 'right']): 3
2026-03-30 22:10:24,697 - checks.obstacle.object_processor_base - INFO -   - Occlusion filtered: 0
2026-03-30 22:10:24,697 - checks.obstacle.object_processor_base - INFO -   - Processed: 0
2026-03-30 22:10:24,697 - checks.obstacle.object_processor_base - INFO -   - Filtering rates: 62.5% importance, 0.0% occlusion
2026-03-30 22:10:24,702 - checks.obstacle.object_processor_base - INFO - Frame 18 class=vehicle filtering summary:
2026-03-30 22:10:24,702 - checks.obstacle.object_processor_base - INFO -   - Total objects: 32
2026-03-30 22:10:24,702 - checks.obstacle.object_processor_base - INFO -   - Importance filtered: 20
2026-03-30 22:10:24,702 - checks.obstacle.object_processor_base - INFO -     * relevant_lanes (['ego', 'left', 'right']): 9
2026-03-30 22:10:24,702 - checks.obstacle.object_processor_base - INFO -     * distance_threshold_m (100m): 11
2026-03-30 22:10:24,702 - checks.obstacle.object_processor_base - INFO -   - Occlusion filtered: 0
2026-03-30 22:10:24,702 - checks.obstacle.object_processor_base - INFO -   - Processed: 1
2026-03-30 22:10:24,702 - checks.obstacle.object_processor_base - INFO -   - Filtering rates: 62.5% importance, 0.0% occlusion
2026-03-30 22:10:24,722 - checks.obstacle.object_processor_base - INFO - Frame 18: hallucinations {'bicycle': 0, 'motorcycle': 0, 'pedestrian': 0, 'vehicle': 0}
2026-03-30 22:10:24,837 - checks.obstacle.object_processor_base - INFO - Processing frame video_idx=7 -> mapped_idx=21 / 87 (objects: 40)
2026-03-30 22:10:24,837 - checks.obstacle.object_processor_base - INFO - Frame video_idx=7 mapped_idx=21: ego position in world =(-0.5, -5.4, 1.2)
2026-03-30 22:10:24,837 - checks.obstacle.object_processor_base - INFO - Frame video_idx=7 mapped_idx=21: camera RPY=(66.6, -71.3, 22.3)
2026-03-30 22:10:54,865 - checks.obstacle.object_processor_base - INFO - Frame 21 class=motorcycle filtering summary:
2026-03-30 22:10:54,866 - checks.obstacle.object_processor_base - INFO -   - Total objects: 8
2026-03-30 22:10:54,866 - checks.obstacle.object_processor_base - INFO -   - Importance filtered: 5
2026-03-30 22:10:54,866 - checks.obstacle.object_processor_base - INFO -     * relevant_lanes (['ego', 'left', 'right']): 3
2026-03-30 22:10:54,866 - checks.obstacle.object_processor_base - INFO -     * distance_threshold_m (100m): 2
2026-03-30 22:10:54,866 - checks.obstacle.object_processor_base - INFO -   - Occlusion filtered: 0
2026-03-30 22:10:54,866 - checks.obstacle.object_processor_base - INFO -   - Processed: 0
2026-03-30 22:10:54,866 - checks.obstacle.object_processor_base - INFO -   - Filtering rates: 62.5% importance, 0.0% occlusion
2026-03-30 22:10:54,871 - checks.obstacle.object_processor_base - INFO - Frame 21 class=vehicle filtering summary:
2026-03-30 22:10:54,871 - checks.obstacle.object_processor_base - INFO -   - Total objects: 32
2026-03-30 22:10:54,871 - checks.obstacle.object_processor_base - INFO -   - Importance filtered: 20
2026-03-30 22:10:54,871 - checks.obstacle.object_processor_base - INFO -     * relevant_lanes (['ego', 'left', 'right']): 9
2026-03-30 22:10:54,871 - checks.obstacle.object_processor_base - INFO -     * distance_threshold_m (100m): 11
2026-03-30 22:10:54,871 - checks.obstacle.object_processor_base - INFO -   - Occlusion filtered: 0
2026-03-30 22:10:54,871 - checks.obstacle.object_processor_base - INFO -   - Processed: 1
2026-03-30 22:10:54,871 - checks.obstacle.object_processor_base - INFO -   - Filtering rates: 62.5% importance, 0.0% occlusion
2026-03-30 22:10:54,892 - checks.obstacle.object_processor_base - INFO - Frame 21: hallucinations {'bicycle': 0, 'motorcycle': 0, 'pedestrian': 0, 'vehicle': 0}
2026-03-30 22:10:55,007 - checks.obstacle.object_processor_base - INFO - Processing frame video_idx=8 -> mapped_idx=24 / 87 (objects: 40)
2026-03-30 22:10:55,007 - checks.obstacle.object_processor_base - INFO - Frame video_idx=8 mapped_idx=24: ego position in world =(-0.6, -5.9, 1.2)
2026-03-30 22:10:55,007 - checks.obstacle.object_processor_base - INFO - Frame video_idx=8 mapped_idx=24: camera RPY=(66.6, -71.3, 22.2)
2026-03-30 22:11:24,481 - checks.obstacle.object_processor_base - INFO - Frame 24 class=motorcycle filtering summary:
2026-03-30 22:11:24,481 - checks.obstacle.object_processor_base - INFO -   - Total objects: 8
2026-03-30 22:11:24,481 - checks.obstacle.object_processor_base - INFO -   - Importance filtered: 5
2026-03-30 22:11:24,482 - checks.obstacle.object_processor_base - INFO -     * distance_threshold_m (100m): 2
2026-03-30 22:11:24,482 - checks.obstacle.object_processor_base - INFO -     * relevant_lanes (['ego', 'left', 'right']): 3
2026-03-30 22:11:24,482 - checks.obstacle.object_processor_base - INFO -   - Occlusion filtered: 0
2026-03-30 22:11:24,482 - checks.obstacle.object_processor_base - INFO -   - Processed: 0
2026-03-30 22:11:24,482 - checks.obstacle.object_processor_base - INFO -   - Filtering rates: 62.5% importance, 0.0% occlusion
2026-03-30 22:11:24,486 - checks.obstacle.object_processor_base - INFO - Frame 24 class=vehicle filtering summary:
2026-03-30 22:11:24,487 - checks.obstacle.object_processor_base - INFO -   - Total objects: 32
2026-03-30 22:11:24,487 - checks.obstacle.object_processor_base - INFO -   - Importance filtered: 20
2026-03-30 22:11:24,487 - checks.obstacle.object_processor_base - INFO -     * relevant_lanes (['ego', 'left', 'right']): 9
2026-03-30 22:11:24,487 - checks.obstacle.object_processor_base - INFO -     * distance_threshold_m (100m): 11
2026-03-30 22:11:24,487 - checks.obstacle.object_processor_base - INFO -   - Occlusion filtered: 0
2026-03-30 22:11:24,487 - checks.obstacle.object_processor_base - INFO -   - Processed: 1
2026-03-30 22:11:24,487 - checks.obstacle.object_processor_base - INFO -   - Filtering rates: 62.5% importance, 0.0% occlusion
2026-03-30 22:11:24,506 - checks.obstacle.object_processor_base - INFO - Frame 24: hallucinations {'bicycle': 0, 'motorcycle': 0, 'pedestrian': 0, 'vehicle': 0}
2026-03-30 22:11:24,616 - checks.obstacle.object_processor_base - INFO - Processing frame video_idx=9 -> mapped_idx=27 / 87 (objects: 40)
2026-03-30 22:11:24,616 - checks.obstacle.object_processor_base - INFO - Frame video_idx=9 mapped_idx=27: ego position in world =(-0.8, -6.5, 1.2)
2026-03-30 22:11:24,616 - checks.obstacle.object_processor_base - INFO - Frame video_idx=9 mapped_idx=27: camera RPY=(66.4, -71.3, 22.4)
2026-03-30 22:11:54,176 - checks.obstacle.object_processor_base - INFO - Frame 27 class=motorcycle filtering summary:
2026-03-30 22:11:54,176 - checks.obstacle.object_processor_base - INFO -   - Total objects: 8
2026-03-30 22:11:54,176 - checks.obstacle.object_processor_base - INFO -   - Importance filtered: 5
2026-03-30 22:11:54,176 - checks.obstacle.object_processor_base - INFO -     * relevant_lanes (['ego', 'left', 'right']): 3
2026-03-30 22:11:54,176 - checks.obstacle.object_processor_base - INFO -     * distance_threshold_m (100m): 2
2026-03-30 22:11:54,176 - checks.obstacle.object_processor_base - INFO -   - Occlusion filtered: 0
2026-03-30 22:11:54,176 - checks.obstacle.object_processor_base - INFO -   - Processed: 0
2026-03-30 22:11:54,176 - checks.obstacle.object_processor_base - INFO -   - Filtering rates: 62.5% importance, 0.0% occlusion
2026-03-30 22:11:54,181 - checks.obstacle.object_processor_base - INFO - Frame 27 class=vehicle filtering summary:
2026-03-30 22:11:54,181 - checks.obstacle.object_processor_base - INFO -   - Total objects: 32
2026-03-30 22:11:54,181 - checks.obstacle.object_processor_base - INFO -   - Importance filtered: 20
2026-03-30 22:11:54,181 - checks.obstacle.object_processor_base - INFO -     * relevant_lanes (['ego', 'left', 'right']): 9
2026-03-30 22:11:54,181 - checks.obstacle.object_processor_base - INFO -     * distance_threshold_m (100m): 11
2026-03-30 22:11:54,182 - checks.obstacle.object_processor_base - INFO -   - Occlusion filtered: 0
2026-03-30 22:11:54,182 - checks.obstacle.object_processor_base - INFO -   - Processed: 1
2026-03-30 22:11:54,182 - checks.obstacle.object_processor_base - INFO -   - Filtering rates: 62.5% importance, 0.0% occlusion
2026-03-30 22:11:54,202 - checks.obstacle.object_processor_base - INFO - Frame 27: hallucinations {'bicycle': 0, 'motorcycle': 0, 'pedestrian': 0, 'vehicle': 0}
2026-03-30 22:11:54,331 - checks.obstacle.object_processor_base - INFO - Processing frame video_idx=10 -> mapped_idx=30 / 87 (objects: 40)
2026-03-30 22:11:54,331 - checks.obstacle.object_processor_base - INFO - Frame video_idx=10 mapped_idx=30: ego position in world =(-0.9, -6.9, 1.2)
2026-03-30 22:11:54,331 - checks.obstacle.object_processor_base - INFO - Frame video_idx=10 mapped_idx=30: camera RPY=(65.6, -71.1, 23.2)
2026-03-30 22:12:23,784 - checks.obstacle.object_processor_base - INFO - Frame 30 class=motorcycle filtering summary:
2026-03-30 22:12:23,784 - checks.obstacle.object_processor_base - INFO -   - Total objects: 8
2026-03-30 22:12:23,784 - checks.obstacle.object_processor_base - INFO -   - Importance filtered: 5
2026-03-30 22:12:23,784 - checks.obstacle.object_processor_base - INFO -     * distance_threshold_m (100m): 2
2026-03-30 22:12:23,784 - checks.obstacle.object_processor_base - INFO -     * relevant_lanes (['ego', 'left', 'right']): 3
2026-03-30 22:12:23,784 - checks.obstacle.object_processor_base - INFO -   - Occlusion filtered: 0
2026-03-30 22:12:23,784 - checks.obstacle.object_processor_base - INFO -   - Processed: 0
2026-03-30 22:12:23,784 - checks.obstacle.object_processor_base - INFO -   - Filtering rates: 62.5% importance, 0.0% occlusion
2026-03-30 22:12:23,789 - checks.obstacle.object_processor_base - INFO - Frame 30 class=vehicle filtering summary:
2026-03-30 22:12:23,789 - checks.obstacle.object_processor_base - INFO -   - Total objects: 32
2026-03-30 22:12:23,789 - checks.obstacle.object_processor_base - INFO -   - Importance filtered: 20
2026-03-30 22:12:23,789 - checks.obstacle.object_processor_base - INFO -     * relevant_lanes (['ego', 'left', 'right']): 9
2026-03-30 22:12:23,789 - checks.obstacle.object_processor_base - INFO -     * distance_threshold_m (100m): 11
2026-03-30 22:12:23,789 - checks.obstacle.object_processor_base - INFO -   - Occlusion filtered: 0
2026-03-30 22:12:23,789 - checks.obstacle.object_processor_base - INFO -   - Processed: 1
2026-03-30 22:12:23,789 - checks.obstacle.object_processor_base - INFO -   - Filtering rates: 62.5% importance, 0.0% occlusion
2026-03-30 22:12:23,809 - checks.obstacle.object_processor_base - INFO - Frame 30: hallucinations {'bicycle': 0, 'motorcycle': 0, 'pedestrian': 0, 'vehicle': 0}
2026-03-30 22:12:23,932 - checks.obstacle.object_processor_base - INFO - Processing frame video_idx=11 -> mapped_idx=33 / 87 (objects: 40)
2026-03-30 22:12:23,932 - checks.obstacle.object_processor_base - INFO - Frame video_idx=11 mapped_idx=33: ego position in world =(-1.0, -7.4, 1.2)
2026-03-30 22:12:23,932 - checks.obstacle.object_processor_base - INFO - Frame video_idx=11 mapped_idx=33: camera RPY=(65.7, -71.1, 23.1)
2026-03-30 22:12:53,401 - checks.obstacle.object_processor_base - INFO - Frame 33 class=motorcycle filtering summary:
2026-03-30 22:12:53,401 - checks.obstacle.object_processor_base - INFO -   - Total objects: 8
2026-03-30 22:12:53,401 - checks.obstacle.object_processor_base - INFO -   - Importance filtered: 5
2026-03-30 22:12:53,401 - checks.obstacle.object_processor_base - INFO -     * relevant_lanes (['ego', 'left', 'right']): 3
2026-03-30 22:12:53,401 - checks.obstacle.object_processor_base - INFO -     * distance_threshold_m (100m): 2
2026-03-30 22:12:53,401 - checks.obstacle.object_processor_base - INFO -   - Occlusion filtered: 0
2026-03-30 22:12:53,401 - checks.obstacle.object_processor_base - INFO -   - Processed: 0
2026-03-30 22:12:53,401 - checks.obstacle.object_processor_base - INFO -   - Filtering rates: 62.5% importance, 0.0% occlusion
2026-03-30 22:12:53,407 - checks.obstacle.object_processor_base - INFO - Frame 33 class=vehicle filtering summary:
2026-03-30 22:12:53,407 - checks.obstacle.object_processor_base - INFO -   - Total objects: 32
2026-03-30 22:12:53,407 - checks.obstacle.object_processor_base - INFO -   - Importance filtered: 20
2026-03-30 22:12:53,407 - checks.obstacle.object_processor_base - INFO -     * relevant_lanes (['ego', 'left', 'right']): 9
2026-03-30 22:12:53,407 - checks.obstacle.object_processor_base - INFO -     * distance_threshold_m (100m): 11
2026-03-30 22:12:53,407 - checks.obstacle.object_processor_base - INFO -   - Occlusion filtered: 0
2026-03-30 22:12:53,407 - checks.obstacle.object_processor_base - INFO -   - Processed: 1
2026-03-30 22:12:53,407 - checks.obstacle.object_processor_base - INFO -   - Filtering rates: 62.5% importance, 0.0% occlusion
2026-03-30 22:12:53,427 - checks.obstacle.object_processor_base - INFO - Frame 33: hallucinations {'bicycle': 0, 'motorcycle': 0, 'pedestrian': 0, 'vehicle': 0}
2026-03-30 22:12:53,524 - checks.obstacle.object_processor_base - INFO - Processing frame video_idx=12 -> mapped_idx=36 / 87 (objects: 40)
2026-03-30 22:12:53,524 - checks.obstacle.object_processor_base - INFO - Frame video_idx=12 mapped_idx=36: ego position in world =(-1.1, -7.8, 1.2)
2026-03-30 22:12:53,524 - checks.obstacle.object_processor_base - INFO - Frame video_idx=12 mapped_idx=36: camera RPY=(65.7, -71.1, 23.1)
2026-03-30 22:13:23,948 - checks.obstacle.object_processor_base - INFO - Frame 36 class=motorcycle filtering summary:
2026-03-30 22:13:23,948 - checks.obstacle.object_processor_base - INFO -   - Total objects: 8
2026-03-30 22:13:23,948 - checks.obstacle.object_processor_base - INFO -   - Importance filtered: 5
2026-03-30 22:13:23,948 - checks.obstacle.object_processor_base - INFO -     * distance_threshold_m (100m): 2
2026-03-30 22:13:23,948 - checks.obstacle.object_processor_base - INFO -     * relevant_lanes (['ego', 'left', 'right']): 3
2026-03-30 22:13:23,948 - checks.obstacle.object_processor_base - INFO -   - Occlusion filtered: 0
2026-03-30 22:13:23,948 - checks.obstacle.object_processor_base - INFO -   - Processed: 0
2026-03-30 22:13:23,948 - checks.obstacle.object_processor_base - INFO -   - Filtering rates: 62.5% importance, 0.0% occlusion
2026-03-30 22:13:23,953 - checks.obstacle.object_processor_base - INFO - Frame 36 class=vehicle filtering summary:
2026-03-30 22:13:23,953 - checks.obstacle.object_processor_base - INFO -   - Total objects: 32
2026-03-30 22:13:23,953 - checks.obstacle.object_processor_base - INFO -   - Importance filtered: 20
2026-03-30 22:13:23,953 - checks.obstacle.object_processor_base - INFO -     * relevant_lanes (['ego', 'left', 'right']): 9
2026-03-30 22:13:23,953 - checks.obstacle.object_processor_base - INFO -     * distance_threshold_m (100m): 11
2026-03-30 22:13:23,953 - checks.obstacle.object_processor_base - INFO -   - Occlusion filtered: 0
2026-03-30 22:13:23,953 - checks.obstacle.object_processor_base - INFO -   - Processed: 1
2026-03-30 22:13:23,954 - checks.obstacle.object_processor_base - INFO -   - Filtering rates: 62.5% importance, 0.0% occlusion
2026-03-30 22:13:23,973 - checks.obstacle.object_processor_base - INFO - Frame 36: hallucinations {'bicycle': 0, 'motorcycle': 0, 'pedestrian': 0, 'vehicle': 0}
2026-03-30 22:13:24,066 - checks.obstacle.object_processor_base - INFO - Processing frame video_idx=13 -> mapped_idx=39 / 87 (objects: 40)
2026-03-30 22:13:24,066 - checks.obstacle.object_processor_base - INFO - Frame video_idx=13 mapped_idx=39: ego position in world =(-1.2, -8.2, 1.2)
2026-03-30 22:13:24,066 - checks.obstacle.object_processor_base - INFO - Frame video_idx=13 mapped_idx=39: camera RPY=(65.7, -71.2, 23.1)
2026-03-30 22:13:53,736 - checks.obstacle.object_processor_base - INFO - Frame 39 class=motorcycle filtering summary:
2026-03-30 22:13:53,736 - checks.obstacle.object_processor_base - INFO -   - Total objects: 8
2026-03-30 22:13:53,736 - checks.obstacle.object_processor_base - INFO -   - Importance filtered: 5
2026-03-30 22:13:53,736 - checks.obstacle.object_processor_base - INFO -     * relevant_lanes (['ego', 'left', 'right']): 3
2026-03-30 22:13:53,736 - checks.obstacle.object_processor_base - INFO -     * distance_threshold_m (100m): 2
2026-03-30 22:13:53,736 - checks.obstacle.object_processor_base - INFO -   - Occlusion filtered: 0
2026-03-30 22:13:53,736 - checks.obstacle.object_processor_base - INFO -   - Processed: 0
2026-03-30 22:13:53,737 - checks.obstacle.object_processor_base - INFO -   - Filtering rates: 62.5% importance, 0.0% occlusion
2026-03-30 22:13:53,741 - checks.obstacle.object_processor_base - INFO - Frame 39 class=vehicle filtering summary:
2026-03-30 22:13:53,742 - checks.obstacle.object_processor_base - INFO -   - Total objects: 32
2026-03-30 22:13:53,742 - checks.obstacle.object_processor_base - INFO -   - Importance filtered: 20
2026-03-30 22:13:53,742 - checks.obstacle.object_processor_base - INFO -     * relevant_lanes (['ego', 'left', 'right']): 9
2026-03-30 22:13:53,742 - checks.obstacle.object_processor_base - INFO -     * distance_threshold_m (100m): 11
2026-03-30 22:13:53,742 - checks.obstacle.object_processor_base - INFO -   - Occlusion filtered: 0
2026-03-30 22:13:53,742 - checks.obstacle.object_processor_base - INFO -   - Processed: 1
2026-03-30 22:13:53,742 - checks.obstacle.object_processor_base - INFO -   - Filtering rates: 62.5% importance, 0.0% occlusion
2026-03-30 22:13:53,762 - checks.obstacle.object_processor_base - INFO - Frame 39: hallucinations {'bicycle': 0, 'motorcycle': 0, 'pedestrian': 0, 'vehicle': 0}
2026-03-30 22:13:53,853 - checks.obstacle.object_processor_base - INFO - Processing frame video_idx=14 -> mapped_idx=42 / 87 (objects: 40)
2026-03-30 22:13:53,853 - checks.obstacle.object_processor_base - INFO - Frame video_idx=14 mapped_idx=42: ego position in world =(-1.3, -8.6, 1.2)
2026-03-30 22:13:53,853 - checks.obstacle.object_processor_base - INFO - Frame video_idx=14 mapped_idx=42: camera RPY=(65.7, -71.1, 23.1)
2026-03-30 22:14:22,639 - checks.obstacle.object_processor_base - INFO - Frame 42 class=motorcycle filtering summary:
2026-03-30 22:14:22,639 - checks.obstacle.object_processor_base - INFO -   - Total objects: 8
2026-03-30 22:14:22,639 - checks.obstacle.object_processor_base - INFO -   - Importance filtered: 5
2026-03-30 22:14:22,639 - checks.obstacle.object_processor_base - INFO -     * distance_threshold_m (100m): 2
2026-03-30 22:14:22,639 - checks.obstacle.object_processor_base - INFO -     * relevant_lanes (['ego', 'left', 'right']): 3
2026-03-30 22:14:22,639 - checks.obstacle.object_processor_base - INFO -   - Occlusion filtered: 0
2026-03-30 22:14:22,639 - checks.obstacle.object_processor_base - INFO -   - Processed: 0
2026-03-30 22:14:22,639 - checks.obstacle.object_processor_base - INFO -   - Filtering rates: 62.5% importance, 0.0% occlusion
2026-03-30 22:14:22,644 - checks.obstacle.object_processor_base - INFO - Frame 42 class=vehicle filtering summary:
2026-03-30 22:14:22,644 - checks.obstacle.object_processor_base - INFO -   - Total objects: 32
2026-03-30 22:14:22,644 - checks.obstacle.object_processor_base - INFO -   - Importance filtered: 20
2026-03-30 22:14:22,644 - checks.obstacle.object_processor_base - INFO -     * relevant_lanes (['ego', 'left', 'right']): 9
2026-03-30 22:14:22,644 - checks.obstacle.object_processor_base - INFO -     * distance_threshold_m (100m): 11
2026-03-30 22:14:22,644 - checks.obstacle.object_processor_base - INFO -   - Occlusion filtered: 0
2026-03-30 22:14:22,644 - checks.obstacle.object_processor_base - INFO -   - Processed: 1
2026-03-30 22:14:22,644 - checks.obstacle.object_processor_base - INFO -   - Filtering rates: 62.5% importance, 0.0% occlusion
2026-03-30 22:14:22,664 - checks.obstacle.object_processor_base - INFO - Frame 42: hallucinations {'bicycle': 0, 'motorcycle': 0, 'pedestrian': 0, 'vehicle': 0}
2026-03-30 22:14:22,790 - checks.obstacle.object_processor_base - INFO - Processing frame video_idx=15 -> mapped_idx=45 / 87 (objects: 40)
2026-03-30 22:14:22,790 - checks.obstacle.object_processor_base - INFO - Frame video_idx=15 mapped_idx=45: ego position in world =(-1.4, -8.9, 1.2)
2026-03-30 22:14:22,790 - checks.obstacle.object_processor_base - INFO - Frame video_idx=15 mapped_idx=45: camera RPY=(65.6, -71.1, 23.2)
2026-03-30 22:14:53,071 - checks.obstacle.object_processor_base - INFO - Frame 45 class=motorcycle filtering summary:
2026-03-30 22:14:53,071 - checks.obstacle.object_processor_base - INFO -   - Total objects: 8
2026-03-30 22:14:53,071 - checks.obstacle.object_processor_base - INFO -   - Importance filtered: 5
2026-03-30 22:14:53,071 - checks.obstacle.object_processor_base - INFO -     * relevant_lanes (['ego', 'left', 'right']): 3
2026-03-30 22:14:53,071 - checks.obstacle.object_processor_base - INFO -     * distance_threshold_m (100m): 2
2026-03-30 22:14:53,071 - checks.obstacle.object_processor_base - INFO -   - Occlusion filtered: 0
2026-03-30 22:14:53,071 - checks.obstacle.object_processor_base - INFO -   - Processed: 0
2026-03-30 22:14:53,071 - checks.obstacle.object_processor_base - INFO -   - Filtering rates: 62.5% importance, 0.0% occlusion
2026-03-30 22:14:53,076 - checks.obstacle.object_processor_base - INFO - Frame 45 class=vehicle filtering summary:
2026-03-30 22:14:53,076 - checks.obstacle.object_processor_base - INFO -   - Total objects: 32
2026-03-30 22:14:53,076 - checks.obstacle.object_processor_base - INFO -   - Importance filtered: 20
2026-03-30 22:14:53,076 - checks.obstacle.object_processor_base - INFO -     * relevant_lanes (['ego', 'left', 'right']): 9
2026-03-30 22:14:53,076 - checks.obstacle.object_processor_base - INFO -     * distance_threshold_m (100m): 11
2026-03-30 22:14:53,076 - checks.obstacle.object_processor_base - INFO -   - Occlusion filtered: 0
2026-03-30 22:14:53,076 - checks.obstacle.object_processor_base - INFO -   - Processed: 1
2026-03-30 22:14:53,076 - checks.obstacle.object_processor_base - INFO -   - Filtering rates: 62.5% importance, 0.0% occlusion
2026-03-30 22:14:53,097 - checks.obstacle.object_processor_base - INFO - Frame 45: hallucinations {'bicycle': 0, 'motorcycle': 0, 'pedestrian': 0, 'vehicle': 0}
2026-03-30 22:14:53,226 - checks.obstacle.object_processor_base - INFO - Processing frame video_idx=16 -> mapped_idx=48 / 87 (objects: 40)
2026-03-30 22:14:53,226 - checks.obstacle.object_processor_base - INFO - Frame video_idx=16 mapped_idx=48: ego position in world =(-1.5, -9.2, 1.2)
2026-03-30 22:14:53,226 - checks.obstacle.object_processor_base - INFO - Frame video_idx=16 mapped_idx=48: camera RPY=(65.6, -71.1, 23.2)
2026-03-30 22:15:22,882 - checks.obstacle.object_processor_base - INFO - Frame 48 class=motorcycle filtering summary:
2026-03-30 22:15:22,882 - checks.obstacle.object_processor_base - INFO -   - Total objects: 8
2026-03-30 22:15:22,882 - checks.obstacle.object_processor_base - INFO -   - Importance filtered: 5
2026-03-30 22:15:22,882 - checks.obstacle.object_processor_base - INFO -     * distance_threshold_m (100m): 2
2026-03-30 22:15:22,882 - checks.obstacle.object_processor_base - INFO -     * relevant_lanes (['ego', 'left', 'right']): 3
2026-03-30 22:15:22,882 - checks.obstacle.object_processor_base - INFO -   - Occlusion filtered: 0
2026-03-30 22:15:22,882 - checks.obstacle.object_processor_base - INFO -   - Processed: 0
2026-03-30 22:15:22,882 - checks.obstacle.object_processor_base - INFO -   - Filtering rates: 62.5% importance, 0.0% occlusion
2026-03-30 22:15:22,887 - checks.obstacle.object_processor_base - INFO - Frame 48 class=vehicle filtering summary:
2026-03-30 22:15:22,888 - checks.obstacle.object_processor_base - INFO -   - Total objects: 32
2026-03-30 22:15:22,888 - checks.obstacle.object_processor_base - INFO -   - Importance filtered: 20
2026-03-30 22:15:22,888 - checks.obstacle.object_processor_base - INFO -     * relevant_lanes (['ego', 'left', 'right']): 9
2026-03-30 22:15:22,888 - checks.obstacle.object_processor_base - INFO -     * distance_threshold_m (100m): 11
2026-03-30 22:15:22,888 - checks.obstacle.object_processor_base - INFO -   - Occlusion filtered: 0
2026-03-30 22:15:22,888 - checks.obstacle.object_processor_base - INFO -   - Processed: 1
2026-03-30 22:15:22,888 - checks.obstacle.object_processor_base - INFO -   - Filtering rates: 62.5% importance, 0.0% occlusion
2026-03-30 22:15:22,908 - checks.obstacle.object_processor_base - INFO - Frame 48: hallucinations {'bicycle': 0, 'motorcycle': 0, 'pedestrian': 0, 'vehicle': 0}
2026-03-30 22:15:23,014 - checks.obstacle.object_processor_base - INFO - Processing frame video_idx=17 -> mapped_idx=51 / 87 (objects: 40)
2026-03-30 22:15:23,014 - checks.obstacle.object_processor_base - INFO - Frame video_idx=17 mapped_idx=51: ego position in world =(-1.6, -9.6, 1.2)
2026-03-30 22:15:23,014 - checks.obstacle.object_processor_base - INFO - Frame video_idx=17 mapped_idx=51: camera RPY=(65.6, -71.1, 23.2)
2026-03-30 22:15:52,707 - checks.obstacle.object_processor_base - INFO - Frame 51 class=motorcycle filtering summary:
2026-03-30 22:15:52,707 - checks.obstacle.object_processor_base - INFO -   - Total objects: 8
2026-03-30 22:15:52,707 - checks.obstacle.object_processor_base - INFO -   - Importance filtered: 5
2026-03-30 22:15:52,707 - checks.obstacle.object_processor_base - INFO -     * relevant_lanes (['ego', 'left', 'right']): 3
2026-03-30 22:15:52,707 - checks.obstacle.object_processor_base - INFO -     * distance_threshold_m (100m): 2
2026-03-30 22:15:52,707 - checks.obstacle.object_processor_base - INFO -   - Occlusion filtered: 0
2026-03-30 22:15:52,707 - checks.obstacle.object_processor_base - INFO -   - Processed: 0
2026-03-30 22:15:52,707 - checks.obstacle.object_processor_base - INFO -   - Filtering rates: 62.5% importance, 0.0% occlusion
2026-03-30 22:15:52,712 - checks.obstacle.object_processor_base - INFO - Frame 51 class=vehicle filtering summary:
2026-03-30 22:15:52,712 - checks.obstacle.object_processor_base - INFO -   - Total objects: 32
2026-03-30 22:15:52,712 - checks.obstacle.object_processor_base - INFO -   - Importance filtered: 21
2026-03-30 22:15:52,712 - checks.obstacle.object_processor_base - INFO -     * relevant_lanes (['ego', 'left', 'right']): 10
2026-03-30 22:15:52,712 - checks.obstacle.object_processor_base - INFO -     * distance_threshold_m (100m): 11
2026-03-30 22:15:52,712 - checks.obstacle.object_processor_base - INFO -   - Occlusion filtered: 0
2026-03-30 22:15:52,712 - checks.obstacle.object_processor_base - INFO -   - Processed: 1
2026-03-30 22:15:52,712 - checks.obstacle.object_processor_base - INFO -   - Filtering rates: 65.6% importance, 0.0% occlusion
2026-03-30 22:15:52,731 - checks.obstacle.object_processor_base - INFO - Frame 51: hallucinations {'bicycle': 0, 'motorcycle': 0, 'pedestrian': 0, 'vehicle': 0}
2026-03-30 22:15:52,834 - checks.obstacle.object_processor_base - INFO - Processing frame video_idx=18 -> mapped_idx=54 / 87 (objects: 40)
2026-03-30 22:15:52,834 - checks.obstacle.object_processor_base - INFO - Frame video_idx=18 mapped_idx=54: ego position in world =(-1.7, -9.9, 1.2)
2026-03-30 22:15:52,834 - checks.obstacle.object_processor_base - INFO - Frame video_idx=18 mapped_idx=54: camera RPY=(65.6, -71.1, 23.2)
2026-03-30 22:16:22,408 - checks.obstacle.object_processor_base - INFO - Frame 54 class=motorcycle filtering summary:
2026-03-30 22:16:22,408 - checks.obstacle.object_processor_base - INFO -   - Total objects: 8
2026-03-30 22:16:22,408 - checks.obstacle.object_processor_base - INFO -   - Importance filtered: 5
2026-03-30 22:16:22,408 - checks.obstacle.object_processor_base - INFO -     * distance_threshold_m (100m): 2
2026-03-30 22:16:22,408 - checks.obstacle.object_processor_base - INFO -     * relevant_lanes (['ego', 'left', 'right']): 3
2026-03-30 22:16:22,408 - checks.obstacle.object_processor_base - INFO -   - Occlusion filtered: 0
2026-03-30 22:16:22,408 - checks.obstacle.object_processor_base - INFO -   - Processed: 0
2026-03-30 22:16:22,408 - checks.obstacle.object_processor_base - INFO -   - Filtering rates: 62.5% importance, 0.0% occlusion
2026-03-30 22:16:22,413 - checks.obstacle.object_processor_base - INFO - Frame 54 class=vehicle filtering summary:
2026-03-30 22:16:22,413 - checks.obstacle.object_processor_base - INFO -   - Total objects: 32
2026-03-30 22:16:22,413 - checks.obstacle.object_processor_base - INFO -   - Importance filtered: 21
2026-03-30 22:16:22,413 - checks.obstacle.object_processor_base - INFO -     * relevant_lanes (['ego', 'left', 'right']): 10
2026-03-30 22:16:22,413 - checks.obstacle.object_processor_base - INFO -     * distance_threshold_m (100m): 11
2026-03-30 22:16:22,413 - checks.obstacle.object_processor_base - INFO -   - Occlusion filtered: 0
2026-03-30 22:16:22,413 - checks.obstacle.object_processor_base - INFO -   - Processed: 1
2026-03-30 22:16:22,413 - checks.obstacle.object_processor_base - INFO -   - Filtering rates: 65.6% importance, 0.0% occlusion
2026-03-30 22:16:22,433 - checks.obstacle.object_processor_base - INFO - Frame 54: hallucinations {'bicycle': 0, 'motorcycle': 0, 'pedestrian': 0, 'vehicle': 0}
2026-03-30 22:16:22,569 - checks.obstacle.object_processor_base - INFO - Processing frame video_idx=19 -> mapped_idx=57 / 87 (objects: 40)
2026-03-30 22:16:22,569 - checks.obstacle.object_processor_base - INFO - Frame video_idx=19 mapped_idx=57: ego position in world =(-1.8, -10.2, 1.2)
2026-03-30 22:16:22,569 - checks.obstacle.object_processor_base - INFO - Frame video_idx=19 mapped_idx=57: camera RPY=(65.6, -71.1, 23.2)
2026-03-30 22:16:52,208 - checks.obstacle.object_processor_base - INFO - Frame 57 class=motorcycle filtering summary:
2026-03-30 22:16:52,208 - checks.obstacle.object_processor_base - INFO -   - Total objects: 8
2026-03-30 22:16:52,208 - checks.obstacle.object_processor_base - INFO -   - Importance filtered: 5
2026-03-30 22:16:52,209 - checks.obstacle.object_processor_base - INFO -     * relevant_lanes (['ego', 'left', 'right']): 3
2026-03-30 22:16:52,209 - checks.obstacle.object_processor_base - INFO -     * distance_threshold_m (100m): 2
2026-03-30 22:16:52,209 - checks.obstacle.object_processor_base - INFO -   - Occlusion filtered: 0
2026-03-30 22:16:52,209 - checks.obstacle.object_processor_base - INFO -   - Processed: 0
2026-03-30 22:16:52,209 - checks.obstacle.object_processor_base - INFO -   - Filtering rates: 62.5% importance, 0.0% occlusion
2026-03-30 22:16:52,213 - checks.obstacle.object_processor_base - INFO - Frame 57 class=vehicle filtering summary:
2026-03-30 22:16:52,213 - checks.obstacle.object_processor_base - INFO -   - Total objects: 32
2026-03-30 22:16:52,213 - checks.obstacle.object_processor_base - INFO -   - Importance filtered: 21
2026-03-30 22:16:52,213 - checks.obstacle.object_processor_base - INFO -     * relevant_lanes (['ego', 'left', 'right']): 10
2026-03-30 22:16:52,213 - checks.obstacle.object_processor_base - INFO -     * distance_threshold_m (100m): 11
2026-03-30 22:16:52,213 - checks.obstacle.object_processor_base - INFO -   - Occlusion filtered: 0
2026-03-30 22:16:52,213 - checks.obstacle.object_processor_base - INFO -   - Processed: 1
2026-03-30 22:16:52,213 - checks.obstacle.object_processor_base - INFO -   - Filtering rates: 65.6% importance, 0.0% occlusion
2026-03-30 22:16:52,233 - checks.obstacle.object_processor_base - INFO - Frame 57: hallucinations {'bicycle': 0, 'motorcycle': 0, 'pedestrian': 0, 'vehicle': 0}
2026-03-30 22:16:52,369 - checks.obstacle.object_processor_base - INFO - Processing frame video_idx=20 -> mapped_idx=60 / 87 (objects: 40)
2026-03-30 22:16:52,369 - checks.obstacle.object_processor_base - INFO - Frame video_idx=20 mapped_idx=60: ego position in world =(-1.8, -10.5, 1.2)
2026-03-30 22:16:52,370 - checks.obstacle.object_processor_base - INFO - Frame video_idx=20 mapped_idx=60: camera RPY=(65.6, -71.1, 23.2)
2026-03-30 22:17:22,578 - checks.obstacle.object_processor_base - INFO - Frame 60 class=motorcycle filtering summary:
2026-03-30 22:17:22,579 - checks.obstacle.object_processor_base - INFO -   - Total objects: 8
2026-03-30 22:17:22,579 - checks.obstacle.object_processor_base - INFO -   - Importance filtered: 5
2026-03-30 22:17:22,579 - checks.obstacle.object_processor_base - INFO -     * distance_threshold_m (100m): 2
2026-03-30 22:17:22,579 - checks.obstacle.object_processor_base - INFO -     * relevant_lanes (['ego', 'left', 'right']): 3
2026-03-30 22:17:22,579 - checks.obstacle.object_processor_base - INFO -   - Occlusion filtered: 0
2026-03-30 22:17:22,579 - checks.obstacle.object_processor_base - INFO -   - Processed: 0
2026-03-30 22:17:22,579 - checks.obstacle.object_processor_base - INFO -   - Filtering rates: 62.5% importance, 0.0% occlusion
2026-03-30 22:17:22,583 - checks.obstacle.object_processor_base - INFO - Frame 60 class=vehicle filtering summary:
2026-03-30 22:17:22,583 - checks.obstacle.object_processor_base - INFO -   - Total objects: 32
2026-03-30 22:17:22,583 - checks.obstacle.object_processor_base - INFO -   - Importance filtered: 21
2026-03-30 22:17:22,583 - checks.obstacle.object_processor_base - INFO -     * relevant_lanes (['ego', 'left', 'right']): 10
2026-03-30 22:17:22,583 - checks.obstacle.object_processor_base - INFO -     * distance_threshold_m (100m): 11
2026-03-30 22:17:22,583 - checks.obstacle.object_processor_base - INFO -   - Occlusion filtered: 0
2026-03-30 22:17:22,583 - checks.obstacle.object_processor_base - INFO -   - Processed: 1
2026-03-30 22:17:22,583 - checks.obstacle.object_processor_base - INFO -   - Filtering rates: 65.6% importance, 0.0% occlusion
2026-03-30 22:17:22,603 - checks.obstacle.object_processor_base - INFO - Frame 60: hallucinations {'bicycle': 0, 'motorcycle': 0, 'pedestrian': 0, 'vehicle': 0}
2026-03-30 22:17:22,709 - checks.obstacle.object_processor_base - INFO - Processing frame video_idx=21 -> mapped_idx=63 / 87 (objects: 40)
2026-03-30 22:17:22,709 - checks.obstacle.object_processor_base - INFO - Frame video_idx=21 mapped_idx=63: ego position in world =(-1.9, -10.8, 1.2)
2026-03-30 22:17:22,709 - checks.obstacle.object_processor_base - INFO - Frame video_idx=21 mapped_idx=63: camera RPY=(65.7, -71.1, 23.2)
2026-03-30 22:17:51,547 - checks.obstacle.object_processor_base - INFO - Frame 63 class=motorcycle filtering summary:
2026-03-30 22:17:51,547 - checks.obstacle.object_processor_base - INFO -   - Total objects: 8
2026-03-30 22:17:51,547 - checks.obstacle.object_processor_base - INFO -   - Importance filtered: 5
2026-03-30 22:17:51,547 - checks.obstacle.object_processor_base - INFO -     * relevant_lanes (['ego', 'left', 'right']): 3
2026-03-30 22:17:51,547 - checks.obstacle.object_processor_base - INFO -     * distance_threshold_m (100m): 2
2026-03-30 22:17:51,547 - checks.obstacle.object_processor_base - INFO -   - Occlusion filtered: 0
2026-03-30 22:17:51,547 - checks.obstacle.object_processor_base - INFO -   - Processed: 0
2026-03-30 22:17:51,547 - checks.obstacle.object_processor_base - INFO -   - Filtering rates: 62.5% importance, 0.0% occlusion
2026-03-30 22:17:51,552 - checks.obstacle.object_processor_base - INFO - Frame 63 class=vehicle filtering summary:
2026-03-30 22:17:51,552 - checks.obstacle.object_processor_base - INFO -   - Total objects: 32
2026-03-30 22:17:51,552 - checks.obstacle.object_processor_base - INFO -   - Importance filtered: 21
2026-03-30 22:17:51,552 - checks.obstacle.object_processor_base - INFO -     * relevant_lanes (['ego', 'left', 'right']): 10
2026-03-30 22:17:51,552 - checks.obstacle.object_processor_base - INFO -     * distance_threshold_m (100m): 11
2026-03-30 22:17:51,552 - checks.obstacle.object_processor_base - INFO -   - Occlusion filtered: 0
2026-03-30 22:17:51,552 - checks.obstacle.object_processor_base - INFO -   - Processed: 1
2026-03-30 22:17:51,552 - checks.obstacle.object_processor_base - INFO -   - Filtering rates: 65.6% importance, 0.0% occlusion
2026-03-30 22:17:51,572 - checks.obstacle.object_processor_base - INFO - Frame 63: hallucinations {'bicycle': 0, 'motorcycle': 0, 'pedestrian': 0, 'vehicle': 0}
2026-03-30 22:17:51,677 - checks.obstacle.object_processor_base - INFO - Processing frame video_idx=22 -> mapped_idx=66 / 87 (objects: 40)
2026-03-30 22:17:51,678 - checks.obstacle.object_processor_base - INFO - Frame video_idx=22 mapped_idx=66: ego position in world =(-2.0, -11.1, 1.2)
2026-03-30 22:17:51,678 - checks.obstacle.object_processor_base - INFO - Frame video_idx=22 mapped_idx=66: camera RPY=(65.8, -71.1, 23.1)
2026-03-30 22:18:21,163 - checks.obstacle.object_processor_base - INFO - Frame 66 class=motorcycle filtering summary:
2026-03-30 22:18:21,163 - checks.obstacle.object_processor_base - INFO -   - Total objects: 8
2026-03-30 22:18:21,163 - checks.obstacle.object_processor_base - INFO -   - Importance filtered: 5
2026-03-30 22:18:21,163 - checks.obstacle.object_processor_base - INFO -     * distance_threshold_m (100m): 2
2026-03-30 22:18:21,163 - checks.obstacle.object_processor_base - INFO -     * relevant_lanes (['ego', 'left', 'right']): 3
2026-03-30 22:18:21,163 - checks.obstacle.object_processor_base - INFO -   - Occlusion filtered: 0
2026-03-30 22:18:21,163 - checks.obstacle.object_processor_base - INFO -   - Processed: 0
2026-03-30 22:18:21,163 - checks.obstacle.object_processor_base - INFO -   - Filtering rates: 62.5% importance, 0.0% occlusion
2026-03-30 22:18:21,168 - checks.obstacle.object_processor_base - INFO - Frame 66 class=vehicle filtering summary:
2026-03-30 22:18:21,168 - checks.obstacle.object_processor_base - INFO -   - Total objects: 32
2026-03-30 22:18:21,168 - checks.obstacle.object_processor_base - INFO -   - Importance filtered: 21
2026-03-30 22:18:21,168 - checks.obstacle.object_processor_base - INFO -     * relevant_lanes (['ego', 'left', 'right']): 10
2026-03-30 22:18:21,168 - checks.obstacle.object_processor_base - INFO -     * distance_threshold_m (100m): 11
2026-03-30 22:18:21,168 - checks.obstacle.object_processor_base - INFO -   - Occlusion filtered: 0
2026-03-30 22:18:21,168 - checks.obstacle.object_processor_base - INFO -   - Processed: 1
2026-03-30 22:18:21,168 - checks.obstacle.object_processor_base - INFO -   - Filtering rates: 65.6% importance, 0.0% occlusion
2026-03-30 22:18:21,189 - checks.obstacle.object_processor_base - INFO - Frame 66: hallucinations {'bicycle': 0, 'motorcycle': 0, 'pedestrian': 0, 'vehicle': 0}
2026-03-30 22:18:21,326 - checks.obstacle.object_processor_base - INFO - Processing frame video_idx=23 -> mapped_idx=69 / 87 (objects: 40)
2026-03-30 22:18:21,326 - checks.obstacle.object_processor_base - INFO - Frame video_idx=23 mapped_idx=69: ego position in world =(-2.1, -11.4, 1.2)
2026-03-30 22:18:21,326 - checks.obstacle.object_processor_base - INFO - Frame video_idx=23 mapped_idx=69: camera RPY=(65.8, -71.1, 23.2)
2026-03-30 22:18:50,541 - checks.obstacle.object_processor_base - INFO - Frame 69 class=motorcycle filtering summary:
2026-03-30 22:18:50,541 - checks.obstacle.object_processor_base - INFO -   - Total objects: 8
2026-03-30 22:18:50,541 - checks.obstacle.object_processor_base - INFO -   - Importance filtered: 5
2026-03-30 22:18:50,541 - checks.obstacle.object_processor_base - INFO -     * relevant_lanes (['ego', 'left', 'right']): 3
2026-03-30 22:18:50,541 - checks.obstacle.object_processor_base - INFO -     * distance_threshold_m (100m): 2
2026-03-30 22:18:50,541 - checks.obstacle.object_processor_base - INFO -   - Occlusion filtered: 0
2026-03-30 22:18:50,541 - checks.obstacle.object_processor_base - INFO -   - Processed: 0
2026-03-30 22:18:50,541 - checks.obstacle.object_processor_base - INFO -   - Filtering rates: 62.5% importance, 0.0% occlusion
2026-03-30 22:18:50,546 - checks.obstacle.object_processor_base - INFO - Frame 69 class=vehicle filtering summary:
2026-03-30 22:18:50,546 - checks.obstacle.object_processor_base - INFO -   - Total objects: 32
2026-03-30 22:18:50,546 - checks.obstacle.object_processor_base - INFO -   - Importance filtered: 20
2026-03-30 22:18:50,546 - checks.obstacle.object_processor_base - INFO -     * relevant_lanes (['ego', 'left', 'right']): 10
2026-03-30 22:18:50,546 - checks.obstacle.object_processor_base - INFO -     * distance_threshold_m (100m): 10
2026-03-30 22:18:50,546 - checks.obstacle.object_processor_base - INFO -   - Occlusion filtered: 0
2026-03-30 22:18:50,546 - checks.obstacle.object_processor_base - INFO -   - Processed: 1
2026-03-30 22:18:50,546 - checks.obstacle.object_processor_base - INFO -   - Filtering rates: 62.5% importance, 0.0% occlusion
2026-03-30 22:18:50,566 - checks.obstacle.object_processor_base - INFO - Frame 69: hallucinations {'bicycle': 0, 'motorcycle': 0, 'pedestrian': 0, 'vehicle': 0}
2026-03-30 22:18:50,673 - checks.obstacle.object_processor_base - INFO - Processing frame video_idx=24 -> mapped_idx=72 / 87 (objects: 40)
2026-03-30 22:18:50,674 - checks.obstacle.object_processor_base - INFO - Frame video_idx=24 mapped_idx=72: ego position in world =(-2.2, -11.7, 1.2)
2026-03-30 22:18:50,674 - checks.obstacle.object_processor_base - INFO - Frame video_idx=24 mapped_idx=72: camera RPY=(65.9, -71.1, 23.2)
2026-03-30 22:19:20,466 - checks.obstacle.object_processor_base - INFO - Frame 72 class=motorcycle filtering summary:
2026-03-30 22:19:20,467 - checks.obstacle.object_processor_base - INFO -   - Total objects: 8
2026-03-30 22:19:20,467 - checks.obstacle.object_processor_base - INFO -   - Importance filtered: 5
2026-03-30 22:19:20,467 - checks.obstacle.object_processor_base - INFO -     * distance_threshold_m (100m): 2
2026-03-30 22:19:20,467 - checks.obstacle.object_processor_base - INFO -     * relevant_lanes (['ego', 'left', 'right']): 3
2026-03-30 22:19:20,467 - checks.obstacle.object_processor_base - INFO -   - Occlusion filtered: 0
2026-03-30 22:19:20,467 - checks.obstacle.object_processor_base - INFO -   - Processed: 0
2026-03-30 22:19:20,467 - checks.obstacle.object_processor_base - INFO -   - Filtering rates: 62.5% importance, 0.0% occlusion
2026-03-30 22:19:20,471 - checks.obstacle.object_processor_base - INFO - Frame 72 class=vehicle filtering summary:
2026-03-30 22:19:20,471 - checks.obstacle.object_processor_base - INFO -   - Total objects: 32
2026-03-30 22:19:20,471 - checks.obstacle.object_processor_base - INFO -   - Importance filtered: 20
2026-03-30 22:19:20,471 - checks.obstacle.object_processor_base - INFO -     * relevant_lanes (['ego', 'left', 'right']): 10
2026-03-30 22:19:20,471 - checks.obstacle.object_processor_base - INFO -     * distance_threshold_m (100m): 10
2026-03-30 22:19:20,471 - checks.obstacle.object_processor_base - INFO -   - Occlusion filtered: 0
2026-03-30 22:19:20,471 - checks.obstacle.object_processor_base - INFO -   - Processed: 1
2026-03-30 22:19:20,471 - checks.obstacle.object_processor_base - INFO -   - Filtering rates: 62.5% importance, 0.0% occlusion
2026-03-30 22:19:20,491 - checks.obstacle.object_processor_base - INFO - Frame 72: hallucinations {'bicycle': 0, 'motorcycle': 0, 'pedestrian': 0, 'vehicle': 0}
2026-03-30 22:19:20,599 - checks.obstacle.object_processor_base - INFO - Processing frame video_idx=25 -> mapped_idx=75 / 87 (objects: 40)
2026-03-30 22:19:20,599 - checks.obstacle.object_processor_base - INFO - Frame video_idx=25 mapped_idx=75: ego position in world =(-2.3, -12.1, 1.2)
2026-03-30 22:19:20,599 - checks.obstacle.object_processor_base - INFO - Frame video_idx=25 mapped_idx=75: camera RPY=(65.9, -71.1, 23.1)
2026-03-30 22:19:50,534 - checks.obstacle.object_processor_base - INFO - Frame 75 class=motorcycle filtering summary:
2026-03-30 22:19:50,534 - checks.obstacle.object_processor_base - INFO -   - Total objects: 8
2026-03-30 22:19:50,534 - checks.obstacle.object_processor_base - INFO -   - Importance filtered: 5
2026-03-30 22:19:50,534 - checks.obstacle.object_processor_base - INFO -     * relevant_lanes (['ego', 'left', 'right']): 3
2026-03-30 22:19:50,534 - checks.obstacle.object_processor_base - INFO -     * distance_threshold_m (100m): 2
2026-03-30 22:19:50,534 - checks.obstacle.object_processor_base - INFO -   - Occlusion filtered: 0
2026-03-30 22:19:50,534 - checks.obstacle.object_processor_base - INFO -   - Processed: 0
2026-03-30 22:19:50,534 - checks.obstacle.object_processor_base - INFO -   - Filtering rates: 62.5% importance, 0.0% occlusion
2026-03-30 22:19:50,538 - checks.obstacle.object_processor_base - INFO - Frame 75 class=vehicle filtering summary:
2026-03-30 22:19:50,539 - checks.obstacle.object_processor_base - INFO -   - Total objects: 32
2026-03-30 22:19:50,539 - checks.obstacle.object_processor_base - INFO -   - Importance filtered: 20
2026-03-30 22:19:50,539 - checks.obstacle.object_processor_base - INFO -     * relevant_lanes (['ego', 'left', 'right']): 10
2026-03-30 22:19:50,539 - checks.obstacle.object_processor_base - INFO -     * distance_threshold_m (100m): 10
2026-03-30 22:19:50,539 - checks.obstacle.object_processor_base - INFO -   - Occlusion filtered: 0
2026-03-30 22:19:50,539 - checks.obstacle.object_processor_base - INFO -   - Processed: 1
2026-03-30 22:19:50,539 - checks.obstacle.object_processor_base - INFO -   - Filtering rates: 62.5% importance, 0.0% occlusion
2026-03-30 22:19:50,559 - checks.obstacle.object_processor_base - INFO - Frame 75: hallucinations {'bicycle': 0, 'motorcycle': 0, 'pedestrian': 0, 'vehicle': 0}
2026-03-30 22:19:50,702 - checks.obstacle.object_processor_base - INFO - Processing frame video_idx=26 -> mapped_idx=78 / 87 (objects: 40)
2026-03-30 22:19:50,702 - checks.obstacle.object_processor_base - INFO - Frame video_idx=26 mapped_idx=78: ego position in world =(-2.3, -12.4, 1.2)
2026-03-30 22:19:50,702 - checks.obstacle.object_processor_base - INFO - Frame video_idx=26 mapped_idx=78: camera RPY=(66.0, -71.1, 23.0)
2026-03-30 22:20:19,640 - checks.obstacle.object_processor_base - INFO - Frame 78 class=motorcycle filtering summary:
2026-03-30 22:20:19,640 - checks.obstacle.object_processor_base - INFO -   - Total objects: 8
2026-03-30 22:20:19,640 - checks.obstacle.object_processor_base - INFO -   - Importance filtered: 5
2026-03-30 22:20:19,640 - checks.obstacle.object_processor_base - INFO -     * distance_threshold_m (100m): 2
2026-03-30 22:20:19,640 - checks.obstacle.object_processor_base - INFO -     * relevant_lanes (['ego', 'left', 'right']): 3
2026-03-30 22:20:19,640 - checks.obstacle.object_processor_base - INFO -   - Occlusion filtered: 0
2026-03-30 22:20:19,640 - checks.obstacle.object_processor_base - INFO -   - Processed: 0
2026-03-30 22:20:19,640 - checks.obstacle.object_processor_base - INFO -   - Filtering rates: 62.5% importance, 0.0% occlusion
2026-03-30 22:20:19,645 - checks.obstacle.object_processor_base - INFO - Frame 78 class=vehicle filtering summary:
2026-03-30 22:20:19,645 - checks.obstacle.object_processor_base - INFO -   - Total objects: 32
2026-03-30 22:20:19,645 - checks.obstacle.object_processor_base - INFO -   - Importance filtered: 20
2026-03-30 22:20:19,645 - checks.obstacle.object_processor_base - INFO -     * relevant_lanes (['ego', 'left', 'right']): 9
2026-03-30 22:20:19,645 - checks.obstacle.object_processor_base - INFO -     * distance_threshold_m (100m): 11
2026-03-30 22:20:19,645 - checks.obstacle.object_processor_base - INFO -   - Occlusion filtered: 0
2026-03-30 22:20:19,645 - checks.obstacle.object_processor_base - INFO -   - Processed: 1
2026-03-30 22:20:19,645 - checks.obstacle.object_processor_base - INFO -   - Filtering rates: 62.5% importance, 0.0% occlusion
2026-03-30 22:20:19,666 - checks.obstacle.object_processor_base - INFO - Frame 78: hallucinations {'bicycle': 0, 'motorcycle': 0, 'pedestrian': 0, 'vehicle': 0}
2026-03-30 22:20:19,783 - checks.obstacle.object_processor_base - INFO - Processing frame video_idx=27 -> mapped_idx=81 / 87 (objects: 40)
2026-03-30 22:20:19,783 - checks.obstacle.object_processor_base - INFO - Frame video_idx=27 mapped_idx=81: ego position in world =(-2.4, -12.7, 1.2)
2026-03-30 22:20:19,783 - checks.obstacle.object_processor_base - INFO - Frame video_idx=27 mapped_idx=81: camera RPY=(65.9, -71.1, 23.1)
2026-03-30 22:20:49,462 - checks.obstacle.object_processor_base - INFO - Frame 81 class=motorcycle filtering summary:
2026-03-30 22:20:49,462 - checks.obstacle.object_processor_base - INFO -   - Total objects: 8
2026-03-30 22:20:49,462 - checks.obstacle.object_processor_base - INFO -   - Importance filtered: 5
2026-03-30 22:20:49,462 - checks.obstacle.object_processor_base - INFO -     * relevant_lanes (['ego', 'left', 'right']): 3
2026-03-30 22:20:49,462 - checks.obstacle.object_processor_base - INFO -     * distance_threshold_m (100m): 2
2026-03-30 22:20:49,462 - checks.obstacle.object_processor_base - INFO -   - Occlusion filtered: 0
2026-03-30 22:20:49,462 - checks.obstacle.object_processor_base - INFO -   - Processed: 0
2026-03-30 22:20:49,462 - checks.obstacle.object_processor_base - INFO -   - Filtering rates: 62.5% importance, 0.0% occlusion
2026-03-30 22:20:49,467 - checks.obstacle.object_processor_base - INFO - Frame 81 class=vehicle filtering summary:
2026-03-30 22:20:49,467 - checks.obstacle.object_processor_base - INFO -   - Total objects: 32
2026-03-30 22:20:49,467 - checks.obstacle.object_processor_base - INFO -   - Importance filtered: 20
2026-03-30 22:20:49,467 - checks.obstacle.object_processor_base - INFO -     * relevant_lanes (['ego', 'left', 'right']): 9
2026-03-30 22:20:49,467 - checks.obstacle.object_processor_base - INFO -     * distance_threshold_m (100m): 11
2026-03-30 22:20:49,467 - checks.obstacle.object_processor_base - INFO -   - Occlusion filtered: 0
2026-03-30 22:20:49,467 - checks.obstacle.object_processor_base - INFO -   - Processed: 1
2026-03-30 22:20:49,467 - checks.obstacle.object_processor_base - INFO -   - Filtering rates: 62.5% importance, 0.0% occlusion
2026-03-30 22:20:49,487 - checks.obstacle.object_processor_base - INFO - Frame 81: hallucinations {'bicycle': 0, 'motorcycle': 0, 'pedestrian': 0, 'vehicle': 0}
2026-03-30 22:20:49,595 - checks.obstacle.object_processor_base - INFO - Processing frame video_idx=28 -> mapped_idx=84 / 87 (objects: 40)
2026-03-30 22:20:49,595 - checks.obstacle.object_processor_base - INFO - Frame video_idx=28 mapped_idx=84: ego position in world =(-2.5, -13.1, 1.2)
2026-03-30 22:20:49,595 - checks.obstacle.object_processor_base - INFO - Frame video_idx=28 mapped_idx=84: camera RPY=(65.8, -71.1, 23.1)
2026-03-30 22:21:19,216 - checks.obstacle.object_processor_base - INFO - Frame 84 class=motorcycle filtering summary:
2026-03-30 22:21:19,216 - checks.obstacle.object_processor_base - INFO -   - Total objects: 8
2026-03-30 22:21:19,216 - checks.obstacle.object_processor_base - INFO -   - Importance filtered: 5
2026-03-30 22:21:19,216 - checks.obstacle.object_processor_base - INFO -     * distance_threshold_m (100m): 2
2026-03-30 22:21:19,216 - checks.obstacle.object_processor_base - INFO -     * relevant_lanes (['ego', 'left', 'right']): 3
2026-03-30 22:21:19,216 - checks.obstacle.object_processor_base - INFO -   - Occlusion filtered: 0
2026-03-30 22:21:19,216 - checks.obstacle.object_processor_base - INFO -   - Processed: 0
2026-03-30 22:21:19,216 - checks.obstacle.object_processor_base - INFO -   - Filtering rates: 62.5% importance, 0.0% occlusion
2026-03-30 22:21:19,221 - checks.obstacle.object_processor_base - INFO - Frame 84 class=vehicle filtering summary:
2026-03-30 22:21:19,221 - checks.obstacle.object_processor_base - INFO -   - Total objects: 32
2026-03-30 22:21:19,221 - checks.obstacle.object_processor_base - INFO -   - Importance filtered: 20
2026-03-30 22:21:19,221 - checks.obstacle.object_processor_base - INFO -     * relevant_lanes (['ego', 'left', 'right']): 9
2026-03-30 22:21:19,221 - checks.obstacle.object_processor_base - INFO -     * distance_threshold_m (100m): 11
2026-03-30 22:21:19,221 - checks.obstacle.object_processor_base - INFO -   - Occlusion filtered: 0
2026-03-30 22:21:19,221 - checks.obstacle.object_processor_base - INFO -   - Processed: 1
2026-03-30 22:21:19,221 - checks.obstacle.object_processor_base - INFO -   - Filtering rates: 62.5% importance, 0.0% occlusion
2026-03-30 22:21:19,241 - checks.obstacle.object_processor_base - INFO - Frame 84: hallucinations {'bicycle': 0, 'motorcycle': 0, 'pedestrian': 0, 'vehicle': 0}
2026-03-30 22:21:19,343 - checks.obstacle.object_processor_base - INFO - Frame processing complete:
2026-03-30 22:21:19,345 - checks.obstacle.object_processor_base - INFO -   - Total video frames: 29
2026-03-30 22:21:19,346 - checks.obstacle.object_processor_base - INFO -   - Frames with object data: 29
2026-03-30 22:21:19,347 - checks.obstacle.object_processor_base - INFO -   - Frames skipped (no objects): 0
2026-03-30 22:21:19,347 - checks.obstacle.object_processor_base - INFO -   - Processing rate: 29/29 (100.0%)
2026-03-30 22:21:19,347 - checks.obstacle.object_processor_base - INFO - Filter configuration:
2026-03-30 22:21:19,347 - checks.obstacle.object_processor_base - INFO -   - Importance filter: distance_threshold=100m, oncoming_obstacles=False, relevant_lanes=['ego', 'left', 'right']
2026-03-30 22:21:19,839 - checks.obstacle.object_processor_base - INFO - ============================================================
2026-03-30 22:21:19,840 - checks.obstacle.object_processor_base - INFO - SCORE MATRIX SUMMARY
2026-03-30 22:21:19,840 - checks.obstacle.object_processor_base - INFO - ============================================================
2026-03-30 22:21:19,840 - checks.obstacle.object_processor_base - INFO - Matrix shape: 29 frames × 40 track IDs
2026-03-30 22:21:19,840 - checks.obstacle.object_processor_base - INFO - Unique track IDs: 40
2026-03-30 22:21:19,840 - checks.obstacle.object_processor_base - INFO - Tracks with valid scores: 1
2026-03-30 22:21:19,840 - checks.obstacle.object_processor_base - INFO - Frames with valid scores: 29
2026-03-30 22:21:19,840 - checks.obstacle.object_processor_base - INFO - Valid scores: 29
2026-03-30 22:21:19,840 - checks.obstacle.object_processor_base - INFO - NaN entries: 1131 (97.5%)
2026-03-30 22:21:19,840 - checks.obstacle.object_processor_base - INFO - Score range: 0.231 - 0.269
2026-03-30 22:21:19,840 - checks.obstacle.object_processor_base - INFO - Mean score: 0.245
2026-03-30 22:21:19,840 - checks.obstacle.object_processor_base - INFO - Std score: 0.011
2026-03-30 22:21:19,840 - checks.obstacle.object_processor_base - INFO - 
Compact Matrix (first 10 frames × first 10 track IDs):
2026-03-30 22:21:19,840 - checks.obstacle.object_processor_base - INFO - Frame\TrackID    0    1    2    3    4    5    6    7    8    9
2026-03-30 22:21:19,840 - checks.obstacle.object_processor_base - INFO -    0  ---  ---  ---  --- 0.27  ---  ---  ---  ---  ---
2026-03-30 22:21:19,840 - checks.obstacle.object_processor_base - INFO -    1  ---  ---  ---  --- 0.26  ---  ---  ---  ---  ---
2026-03-30 22:21:19,840 - checks.obstacle.object_processor_base - INFO -    2  ---  ---  ---  --- 0.25  ---  ---  ---  ---  ---
2026-03-30 22:21:19,840 - checks.obstacle.object_processor_base - INFO -    3  ---  ---  ---  --- 0.24  ---  ---  ---  ---  ---
2026-03-30 22:21:19,840 - checks.obstacle.object_processor_base - INFO -    4  ---  ---  ---  --- 0.24  ---  ---  ---  ---  ---
2026-03-30 22:21:19,840 - checks.obstacle.object_processor_base - INFO -    5  ---  ---  ---  --- 0.24  ---  ---  ---  ---  ---
2026-03-30 22:21:19,840 - checks.obstacle.object_processor_base - INFO -    6  ---  ---  ---  --- 0.23  ---  ---  ---  ---  ---
2026-03-30 22:21:19,840 - checks.obstacle.object_processor_base - INFO -    7  ---  ---  ---  --- 0.23  ---  ---  ---  ---  ---
2026-03-30 22:21:19,840 - checks.obstacle.object_processor_base - INFO -    8  ---  ---  ---  --- 0.23  ---  ---  ---  ---  ---
2026-03-30 22:21:19,840 - checks.obstacle.object_processor_base - INFO -    9  ---  ---  ---  --- 0.24  ---  ---  ---  ---  ---
2026-03-30 22:21:19,840 - checks.obstacle.object_processor_base - INFO - ============================================================
2026-03-30 22:21:19,841 - checks.obstacle.object_processor_base - INFO - Results saved to: /home/adamlin/cosmos-evaluator/output_dir/253b88c7-bfe3-4ec5-8978-84396cbf81d2_1774063994755.dynamic.object.results.json
2026-03-30 22:21:19,841 - checks.obstacle.object_processor_base - INFO - ============================================================
2026-03-30 22:21:19,841 - checks.obstacle.object_processor_base - INFO - PERFORMANCE PROFILING SUMMARY
2026-03-30 22:21:19,841 - checks.obstacle.object_processor_base - INFO - ============================================================
2026-03-30 22:21:19,841 - checks.obstacle.object_processor_base - INFO - scene_rasterization:
2026-03-30 22:21:19,841 - checks.obstacle.object_processor_base - INFO -   Total: 860.179s (98.3%)
2026-03-30 22:21:19,841 - checks.obstacle.object_processor_base - INFO -   Average: 29.661s
2026-03-30 22:21:19,841 - checks.obstacle.object_processor_base - INFO -   Count: 29
2026-03-30 22:21:19,841 - checks.obstacle.object_processor_base - INFO -   Range: 28.472s - 41.498s
2026-03-30 22:21:19,841 - checks.obstacle.object_processor_base - INFO - segmentation:
2026-03-30 22:21:19,841 - checks.obstacle.object_processor_base - INFO -   Total: 10.576s (1.2%)
2026-03-30 22:21:19,841 - checks.obstacle.object_processor_base - INFO -   Average: 0.365s
2026-03-30 22:21:19,841 - checks.obstacle.object_processor_base - INFO -   Count: 29
2026-03-30 22:21:19,841 - checks.obstacle.object_processor_base - INFO -   Range: 0.234s - 0.809s
2026-03-30 22:21:19,841 - checks.obstacle.object_processor_base - INFO - visualization:
2026-03-30 22:21:19,841 - checks.obstacle.object_processor_base - INFO -   Total: 2.144s (0.2%)
2026-03-30 22:21:19,841 - checks.obstacle.object_processor_base - INFO -   Average: 0.074s
2026-03-30 22:21:19,841 - checks.obstacle.object_processor_base - INFO -   Count: 29
2026-03-30 22:21:19,841 - checks.obstacle.object_processor_base - INFO -   Range: 0.055s - 0.115s
2026-03-30 22:21:19,841 - checks.obstacle.object_processor_base - INFO - data_loader_init:
2026-03-30 22:21:19,841 - checks.obstacle.object_processor_base - INFO -   Total: 0.603s (0.1%)
2026-03-30 22:21:19,841 - checks.obstacle.object_processor_base - INFO -   Average: 0.603s
2026-03-30 22:21:19,841 - checks.obstacle.object_processor_base - INFO -   Count: 1
2026-03-30 22:21:19,841 - checks.obstacle.object_processor_base - INFO -   Range: 0.603s - 0.603s
2026-03-30 22:21:19,841 - checks.obstacle.object_processor_base - INFO - hallucination_detection:
2026-03-30 22:21:19,841 - checks.obstacle.object_processor_base - INFO -   Total: 0.586s (0.1%)
2026-03-30 22:21:19,841 - checks.obstacle.object_processor_base - INFO -   Average: 0.020s
2026-03-30 22:21:19,841 - checks.obstacle.object_processor_base - INFO -   Count: 29
2026-03-30 22:21:19,841 - checks.obstacle.object_processor_base - INFO -   Range: 0.019s - 0.021s
2026-03-30 22:21:19,841 - checks.obstacle.object_processor_base - INFO - 
Total processing time: 874.903s
2026-03-30 22:21:19,841 - checks.obstacle.object_processor_base - INFO - ============================================================
2026-03-30 22:21:19,841 - checks.obstacle.object_processor_base - INFO - Processing complete. Mean correspondence score: 0.245
