2026-03-30 20:32:46,600 - checks.obstacle.object_processor_base - INFO - Logging to file: /home/adamlin/cosmos-evaluator/output_dir/253b88c7-bfe3-4ec5-8978-84396cbf81d2_1774063994755.dynamic.object.log
2026-03-30 20:32:49,345 - checks.obstacle.object_processor_base - INFO - Hallucination detector enabled
2026-03-30 20:32:49,345 - checks.obstacle.object_processor_base - INFO - Loading data for clip 253b88c7-bfe3-4ec5-8978-84396cbf81d2_1774063994755
2026-03-30 20:32:49,998 - checks.obstacle.object_processor_base - INFO - Loaded 88 ego-reference poses from 'front_center' for importance filtering (evaluation camera: 'front_left')
2026-03-30 20:32:50,049 - checks.obstacle.object_processor_base - INFO - Original video frames: 29
2026-03-30 20:32:50,049 - checks.obstacle.object_processor_base - INFO - Video FPS: 10.0
2026-03-30 20:32:50,049 - checks.obstacle.object_processor_base - INFO - Frame skip: 1
2026-03-30 20:32:50,049 - checks.obstacle.object_processor_base - INFO - Target (object/pose) FPS: 30.0
2026-03-30 20:32:50,517 - checks.obstacle.object_processor_base - INFO - Starting frame processing
2026-03-30 20:32:50,519 - checks.obstacle.object_processor_base - INFO - Video dataloader length: 29
2026-03-30 20:32:50,519 - checks.obstacle.object_processor_base - INFO - Camera poses available: 88
2026-03-30 20:32:50,583 - checks.obstacle.object_processor_base - INFO - Processing frame video_idx=0 -> mapped_idx=0 / 87 (objects: 40)
2026-03-30 20:32:50,583 - checks.obstacle.object_processor_base - INFO - Frame video_idx=0 mapped_idx=0: ego position in world =(0.6, 0.1, 1.7)
2026-03-30 20:32:50,583 - checks.obstacle.object_processor_base - INFO - Frame video_idx=0 mapped_idx=0: camera RPY=(-85.0, -45.6, 172.4)
2026-03-30 20:33:30,636 - checks.obstacle.object_processor_base - INFO - Frame 0 class=motorcycle filtering summary:
2026-03-30 20:33:30,636 - checks.obstacle.object_processor_base - INFO -   - Total objects: 8
2026-03-30 20:33:30,636 - checks.obstacle.object_processor_base - INFO -   - Importance filtered: 5
2026-03-30 20:33:30,636 - checks.obstacle.object_processor_base - INFO -     * relevant_lanes (['ego', 'left', 'right']): 3
2026-03-30 20:33:30,636 - checks.obstacle.object_processor_base - INFO -     * distance_threshold_m (100m): 2
2026-03-30 20:33:30,636 - checks.obstacle.object_processor_base - INFO -   - Occlusion filtered: 0
2026-03-30 20:33:30,636 - checks.obstacle.object_processor_base - INFO -   - Processed: 0
2026-03-30 20:33:30,636 - checks.obstacle.object_processor_base - INFO -   - Filtering rates: 62.5% importance, 0.0% occlusion
2026-03-30 20:33:30,641 - checks.obstacle.object_processor_base - INFO - Frame 0 class=vehicle filtering summary:
2026-03-30 20:33:30,641 - checks.obstacle.object_processor_base - INFO -   - Total objects: 32
2026-03-30 20:33:30,641 - checks.obstacle.object_processor_base - INFO -   - Importance filtered: 20
2026-03-30 20:33:30,641 - checks.obstacle.object_processor_base - INFO -     * relevant_lanes (['ego', 'left', 'right']): 9
2026-03-30 20:33:30,641 - checks.obstacle.object_processor_base - INFO -     * distance_threshold_m (100m): 11
2026-03-30 20:33:30,641 - checks.obstacle.object_processor_base - INFO -   - Occlusion filtered: 0
2026-03-30 20:33:30,641 - checks.obstacle.object_processor_base - INFO -   - Processed: 1
2026-03-30 20:33:30,641 - checks.obstacle.object_processor_base - INFO -   - Filtering rates: 62.5% importance, 0.0% occlusion
2026-03-30 20:33:30,661 - checks.obstacle.object_processor_base - INFO - Frame 0: hallucinations {'bicycle': 0, 'motorcycle': 0, 'pedestrian': 0, 'vehicle': 0}
2026-03-30 20:33:30,809 - checks.obstacle.object_processor_base - INFO - Processing frame video_idx=1 -> mapped_idx=3 / 87 (objects: 40)
2026-03-30 20:33:30,809 - checks.obstacle.object_processor_base - INFO - Frame video_idx=1 mapped_idx=3: ego position in world =(0.4, -0.6, 1.7)
2026-03-30 20:33:30,809 - checks.obstacle.object_processor_base - INFO - Frame video_idx=1 mapped_idx=3: camera RPY=(-85.0, -45.6, 172.4)
2026-03-30 20:33:59,313 - checks.obstacle.object_processor_base - INFO - Frame 3 class=motorcycle filtering summary:
2026-03-30 20:33:59,313 - checks.obstacle.object_processor_base - INFO -   - Total objects: 8
2026-03-30 20:33:59,313 - checks.obstacle.object_processor_base - INFO -   - Importance filtered: 5
2026-03-30 20:33:59,313 - checks.obstacle.object_processor_base - INFO -     * relevant_lanes (['ego', 'left', 'right']): 3
2026-03-30 20:33:59,313 - checks.obstacle.object_processor_base - INFO -     * distance_threshold_m (100m): 2
2026-03-30 20:33:59,313 - checks.obstacle.object_processor_base - INFO -   - Occlusion filtered: 0
2026-03-30 20:33:59,313 - checks.obstacle.object_processor_base - INFO -   - Processed: 0
2026-03-30 20:33:59,314 - checks.obstacle.object_processor_base - INFO -   - Filtering rates: 62.5% importance, 0.0% occlusion
2026-03-30 20:33:59,318 - checks.obstacle.object_processor_base - INFO - Frame 3 class=vehicle filtering summary:
2026-03-30 20:33:59,318 - checks.obstacle.object_processor_base - INFO -   - Total objects: 32
2026-03-30 20:33:59,318 - checks.obstacle.object_processor_base - INFO -   - Importance filtered: 20
2026-03-30 20:33:59,318 - checks.obstacle.object_processor_base - INFO -     * relevant_lanes (['ego', 'left', 'right']): 9
2026-03-30 20:33:59,318 - checks.obstacle.object_processor_base - INFO -     * distance_threshold_m (100m): 11
2026-03-30 20:33:59,318 - checks.obstacle.object_processor_base - INFO -   - Occlusion filtered: 0
2026-03-30 20:33:59,318 - checks.obstacle.object_processor_base - INFO -   - Processed: 1
2026-03-30 20:33:59,318 - checks.obstacle.object_processor_base - INFO -   - Filtering rates: 62.5% importance, 0.0% occlusion
2026-03-30 20:33:59,339 - checks.obstacle.object_processor_base - INFO - Frame 3: hallucinations {'bicycle': 0, 'motorcycle': 0, 'pedestrian': 0, 'vehicle': 0}
2026-03-30 20:33:59,437 - checks.obstacle.object_processor_base - INFO - Processing frame video_idx=2 -> mapped_idx=6 / 87 (objects: 40)
2026-03-30 20:33:59,437 - checks.obstacle.object_processor_base - INFO - Frame video_idx=2 mapped_idx=6: ego position in world =(0.3, -1.3, 1.7)
2026-03-30 20:33:59,437 - checks.obstacle.object_processor_base - INFO - Frame video_idx=2 mapped_idx=6: camera RPY=(-85.0, -45.6, 172.4)
2026-03-30 20:34:28,916 - checks.obstacle.object_processor_base - INFO - Frame 6 class=motorcycle filtering summary:
2026-03-30 20:34:28,916 - checks.obstacle.object_processor_base - INFO -   - Total objects: 8
2026-03-30 20:34:28,916 - checks.obstacle.object_processor_base - INFO -   - Importance filtered: 5
2026-03-30 20:34:28,916 - checks.obstacle.object_processor_base - INFO -     * relevant_lanes (['ego', 'left', 'right']): 3
2026-03-30 20:34:28,916 - checks.obstacle.object_processor_base - INFO -     * distance_threshold_m (100m): 2
2026-03-30 20:34:28,916 - checks.obstacle.object_processor_base - INFO -   - Occlusion filtered: 0
2026-03-30 20:34:28,916 - checks.obstacle.object_processor_base - INFO -   - Processed: 0
2026-03-30 20:34:28,916 - checks.obstacle.object_processor_base - INFO -   - Filtering rates: 62.5% importance, 0.0% occlusion
2026-03-30 20:34:28,921 - checks.obstacle.object_processor_base - INFO - Frame 6 class=vehicle filtering summary:
2026-03-30 20:34:28,921 - checks.obstacle.object_processor_base - INFO -   - Total objects: 32
2026-03-30 20:34:28,921 - checks.obstacle.object_processor_base - INFO -   - Importance filtered: 20
2026-03-30 20:34:28,921 - checks.obstacle.object_processor_base - INFO -     * relevant_lanes (['ego', 'left', 'right']): 9
2026-03-30 20:34:28,921 - checks.obstacle.object_processor_base - INFO -     * distance_threshold_m (100m): 11
2026-03-30 20:34:28,921 - checks.obstacle.object_processor_base - INFO -   - Occlusion filtered: 0
2026-03-30 20:34:28,921 - checks.obstacle.object_processor_base - INFO -   - Processed: 1
2026-03-30 20:34:28,921 - checks.obstacle.object_processor_base - INFO -   - Filtering rates: 62.5% importance, 0.0% occlusion
2026-03-30 20:34:28,940 - checks.obstacle.object_processor_base - INFO - Frame 6: hallucinations {'bicycle': 0, 'motorcycle': 0, 'pedestrian': 0, 'vehicle': 0}
2026-03-30 20:34:29,043 - checks.obstacle.object_processor_base - INFO - Processing frame video_idx=3 -> mapped_idx=9 / 87 (objects: 40)
2026-03-30 20:34:29,043 - checks.obstacle.object_processor_base - INFO - Frame video_idx=3 mapped_idx=9: ego position in world =(0.1, -2.0, 1.7)
2026-03-30 20:34:29,043 - checks.obstacle.object_processor_base - INFO - Frame video_idx=3 mapped_idx=9: camera RPY=(-85.0, -45.6, 172.4)
2026-03-30 20:34:57,836 - checks.obstacle.object_processor_base - INFO - Frame 9 class=motorcycle filtering summary:
2026-03-30 20:34:57,836 - checks.obstacle.object_processor_base - INFO -   - Total objects: 8
2026-03-30 20:34:57,836 - checks.obstacle.object_processor_base - INFO -   - Importance filtered: 5
2026-03-30 20:34:57,836 - checks.obstacle.object_processor_base - INFO -     * relevant_lanes (['ego', 'left', 'right']): 3
2026-03-30 20:34:57,836 - checks.obstacle.object_processor_base - INFO -     * distance_threshold_m (100m): 2
2026-03-30 20:34:57,836 - checks.obstacle.object_processor_base - INFO -   - Occlusion filtered: 0
2026-03-30 20:34:57,836 - checks.obstacle.object_processor_base - INFO -   - Processed: 0
2026-03-30 20:34:57,836 - checks.obstacle.object_processor_base - INFO -   - Filtering rates: 62.5% importance, 0.0% occlusion
2026-03-30 20:34:57,841 - checks.obstacle.object_processor_base - INFO - Frame 9 class=vehicle filtering summary:
2026-03-30 20:34:57,841 - checks.obstacle.object_processor_base - INFO -   - Total objects: 32
2026-03-30 20:34:57,841 - checks.obstacle.object_processor_base - INFO -   - Importance filtered: 20
2026-03-30 20:34:57,841 - checks.obstacle.object_processor_base - INFO -     * relevant_lanes (['ego', 'left', 'right']): 9
2026-03-30 20:34:57,841 - checks.obstacle.object_processor_base - INFO -     * distance_threshold_m (100m): 11
2026-03-30 20:34:57,841 - checks.obstacle.object_processor_base - INFO -   - Occlusion filtered: 0
2026-03-30 20:34:57,841 - checks.obstacle.object_processor_base - INFO -   - Processed: 1
2026-03-30 20:34:57,841 - checks.obstacle.object_processor_base - INFO -   - Filtering rates: 62.5% importance, 0.0% occlusion
2026-03-30 20:34:57,861 - checks.obstacle.object_processor_base - INFO - Frame 9: hallucinations {'bicycle': 0, 'motorcycle': 0, 'pedestrian': 0, 'vehicle': 0}
2026-03-30 20:34:57,945 - checks.obstacle.object_processor_base - INFO - Processing frame video_idx=4 -> mapped_idx=12 / 87 (objects: 40)
2026-03-30 20:34:57,945 - checks.obstacle.object_processor_base - INFO - Frame video_idx=4 mapped_idx=12: ego position in world =(-0.1, -2.7, 1.7)
2026-03-30 20:34:57,945 - checks.obstacle.object_processor_base - INFO - Frame video_idx=4 mapped_idx=12: camera RPY=(-85.1, -45.7, 172.5)
2026-03-30 20:35:26,199 - checks.obstacle.object_processor_base - INFO - Frame 12 class=motorcycle filtering summary:
2026-03-30 20:35:26,199 - checks.obstacle.object_processor_base - INFO -   - Total objects: 8
2026-03-30 20:35:26,199 - checks.obstacle.object_processor_base - INFO -   - Importance filtered: 5
2026-03-30 20:35:26,199 - checks.obstacle.object_processor_base - INFO -     * distance_threshold_m (100m): 2
2026-03-30 20:35:26,199 - checks.obstacle.object_processor_base - INFO -     * relevant_lanes (['ego', 'left', 'right']): 3
2026-03-30 20:35:26,199 - checks.obstacle.object_processor_base - INFO -   - Occlusion filtered: 0
2026-03-30 20:35:26,199 - checks.obstacle.object_processor_base - INFO -   - Processed: 0
2026-03-30 20:35:26,199 - checks.obstacle.object_processor_base - INFO -   - Filtering rates: 62.5% importance, 0.0% occlusion
2026-03-30 20:35:26,204 - checks.obstacle.object_processor_base - INFO - Frame 12 class=vehicle filtering summary:
2026-03-30 20:35:26,204 - checks.obstacle.object_processor_base - INFO -   - Total objects: 32
2026-03-30 20:35:26,204 - checks.obstacle.object_processor_base - INFO -   - Importance filtered: 20
2026-03-30 20:35:26,204 - checks.obstacle.object_processor_base - INFO -     * distance_threshold_m (100m): 11
2026-03-30 20:35:26,204 - checks.obstacle.object_processor_base - INFO -     * relevant_lanes (['ego', 'left', 'right']): 9
2026-03-30 20:35:26,204 - checks.obstacle.object_processor_base - INFO -   - Occlusion filtered: 0
2026-03-30 20:35:26,204 - checks.obstacle.object_processor_base - INFO -   - Processed: 1
2026-03-30 20:35:26,204 - checks.obstacle.object_processor_base - INFO -   - Filtering rates: 62.5% importance, 0.0% occlusion
2026-03-30 20:35:26,223 - checks.obstacle.object_processor_base - INFO - Frame 12: hallucinations {'bicycle': 0, 'motorcycle': 0, 'pedestrian': 0, 'vehicle': 0}
2026-03-30 20:35:26,331 - checks.obstacle.object_processor_base - INFO - Processing frame video_idx=5 -> mapped_idx=15 / 87 (objects: 40)
2026-03-30 20:35:26,331 - checks.obstacle.object_processor_base - INFO - Frame video_idx=5 mapped_idx=15: ego position in world =(-0.3, -3.3, 1.7)
2026-03-30 20:35:26,331 - checks.obstacle.object_processor_base - INFO - Frame video_idx=5 mapped_idx=15: camera RPY=(-85.1, -45.7, 172.6)
2026-03-30 20:35:54,842 - checks.obstacle.object_processor_base - INFO - Frame 15 class=motorcycle filtering summary:
2026-03-30 20:35:54,843 - checks.obstacle.object_processor_base - INFO -   - Total objects: 8
2026-03-30 20:35:54,843 - checks.obstacle.object_processor_base - INFO -   - Importance filtered: 5
2026-03-30 20:35:54,843 - checks.obstacle.object_processor_base - INFO -     * relevant_lanes (['ego', 'left', 'right']): 3
2026-03-30 20:35:54,843 - checks.obstacle.object_processor_base - INFO -     * distance_threshold_m (100m): 2
2026-03-30 20:35:54,843 - checks.obstacle.object_processor_base - INFO -   - Occlusion filtered: 0
2026-03-30 20:35:54,843 - checks.obstacle.object_processor_base - INFO -   - Processed: 0
2026-03-30 20:35:54,843 - checks.obstacle.object_processor_base - INFO -   - Filtering rates: 62.5% importance, 0.0% occlusion
2026-03-30 20:35:54,848 - checks.obstacle.object_processor_base - INFO - Frame 15 class=vehicle filtering summary:
2026-03-30 20:35:54,848 - checks.obstacle.object_processor_base - INFO -   - Total objects: 32
2026-03-30 20:35:54,848 - checks.obstacle.object_processor_base - INFO -   - Importance filtered: 20
2026-03-30 20:35:54,848 - checks.obstacle.object_processor_base - INFO -     * relevant_lanes (['ego', 'left', 'right']): 9
2026-03-30 20:35:54,848 - checks.obstacle.object_processor_base - INFO -     * distance_threshold_m (100m): 11
2026-03-30 20:35:54,848 - checks.obstacle.object_processor_base - INFO -   - Occlusion filtered: 0
2026-03-30 20:35:54,848 - checks.obstacle.object_processor_base - INFO -   - Processed: 1
2026-03-30 20:35:54,848 - checks.obstacle.object_processor_base - INFO -   - Filtering rates: 62.5% importance, 0.0% occlusion
2026-03-30 20:35:54,867 - checks.obstacle.object_processor_base - INFO - Frame 15: hallucinations {'bicycle': 0, 'motorcycle': 0, 'pedestrian': 0, 'vehicle': 1}
2026-03-30 20:35:54,979 - checks.obstacle.object_processor_base - INFO - Processing frame video_idx=6 -> mapped_idx=18 / 87 (objects: 40)
2026-03-30 20:35:54,979 - checks.obstacle.object_processor_base - INFO - Frame video_idx=6 mapped_idx=18: ego position in world =(-0.4, -3.9, 1.7)
2026-03-30 20:35:54,979 - checks.obstacle.object_processor_base - INFO - Frame video_idx=6 mapped_idx=18: camera RPY=(-85.2, -45.7, 172.7)
2026-03-30 20:36:23,884 - checks.obstacle.object_processor_base - INFO - Frame 18 class=motorcycle filtering summary:
2026-03-30 20:36:23,884 - checks.obstacle.object_processor_base - INFO -   - Total objects: 8
2026-03-30 20:36:23,884 - checks.obstacle.object_processor_base - INFO -   - Importance filtered: 5
2026-03-30 20:36:23,884 - checks.obstacle.object_processor_base - INFO -     * distance_threshold_m (100m): 2
2026-03-30 20:36:23,884 - checks.obstacle.object_processor_base - INFO -     * relevant_lanes (['ego', 'left', 'right']): 3
2026-03-30 20:36:23,884 - checks.obstacle.object_processor_base - INFO -   - Occlusion filtered: 0
2026-03-30 20:36:23,884 - checks.obstacle.object_processor_base - INFO -   - Processed: 0
2026-03-30 20:36:23,884 - checks.obstacle.object_processor_base - INFO -   - Filtering rates: 62.5% importance, 0.0% occlusion
2026-03-30 20:36:23,889 - checks.obstacle.object_processor_base - INFO - Frame 18 class=vehicle filtering summary:
2026-03-30 20:36:23,889 - checks.obstacle.object_processor_base - INFO -   - Total objects: 32
2026-03-30 20:36:23,889 - checks.obstacle.object_processor_base - INFO -   - Importance filtered: 20
2026-03-30 20:36:23,889 - checks.obstacle.object_processor_base - INFO -     * relevant_lanes (['ego', 'left', 'right']): 9
2026-03-30 20:36:23,889 - checks.obstacle.object_processor_base - INFO -     * distance_threshold_m (100m): 11
2026-03-30 20:36:23,889 - checks.obstacle.object_processor_base - INFO -   - Occlusion filtered: 0
2026-03-30 20:36:23,889 - checks.obstacle.object_processor_base - INFO -   - Processed: 1
2026-03-30 20:36:23,889 - checks.obstacle.object_processor_base - INFO -   - Filtering rates: 62.5% importance, 0.0% occlusion
2026-03-30 20:36:23,909 - checks.obstacle.object_processor_base - INFO - Frame 18: hallucinations {'bicycle': 0, 'motorcycle': 0, 'pedestrian': 0, 'vehicle': 1}
2026-03-30 20:36:24,009 - checks.obstacle.object_processor_base - INFO - Processing frame video_idx=7 -> mapped_idx=21 / 87 (objects: 40)
2026-03-30 20:36:24,009 - checks.obstacle.object_processor_base - INFO - Frame video_idx=7 mapped_idx=21: ego position in world =(-0.6, -4.5, 1.7)
2026-03-30 20:36:24,009 - checks.obstacle.object_processor_base - INFO - Frame video_idx=7 mapped_idx=21: camera RPY=(-85.1, -45.7, 172.8)
2026-03-30 20:36:52,701 - checks.obstacle.object_processor_base - INFO - Frame 21 class=motorcycle filtering summary:
2026-03-30 20:36:52,701 - checks.obstacle.object_processor_base - INFO -   - Total objects: 8
2026-03-30 20:36:52,701 - checks.obstacle.object_processor_base - INFO -   - Importance filtered: 5
2026-03-30 20:36:52,701 - checks.obstacle.object_processor_base - INFO -     * relevant_lanes (['ego', 'left', 'right']): 3
2026-03-30 20:36:52,701 - checks.obstacle.object_processor_base - INFO -     * distance_threshold_m (100m): 2
2026-03-30 20:36:52,701 - checks.obstacle.object_processor_base - INFO -   - Occlusion filtered: 0
2026-03-30 20:36:52,701 - checks.obstacle.object_processor_base - INFO -   - Processed: 0
2026-03-30 20:36:52,701 - checks.obstacle.object_processor_base - INFO -   - Filtering rates: 62.5% importance, 0.0% occlusion
2026-03-30 20:36:52,706 - checks.obstacle.object_processor_base - INFO - Frame 21 class=vehicle filtering summary:
2026-03-30 20:36:52,706 - checks.obstacle.object_processor_base - INFO -   - Total objects: 32
2026-03-30 20:36:52,706 - checks.obstacle.object_processor_base - INFO -   - Importance filtered: 20
2026-03-30 20:36:52,706 - checks.obstacle.object_processor_base - INFO -     * relevant_lanes (['ego', 'left', 'right']): 9
2026-03-30 20:36:52,706 - checks.obstacle.object_processor_base - INFO -     * distance_threshold_m (100m): 11
2026-03-30 20:36:52,706 - checks.obstacle.object_processor_base - INFO -   - Occlusion filtered: 0
2026-03-30 20:36:52,706 - checks.obstacle.object_processor_base - INFO -   - Processed: 1
2026-03-30 20:36:52,706 - checks.obstacle.object_processor_base - INFO -   - Filtering rates: 62.5% importance, 0.0% occlusion
2026-03-30 20:36:52,726 - checks.obstacle.object_processor_base - INFO - Frame 21: hallucinations {'bicycle': 0, 'motorcycle': 0, 'pedestrian': 0, 'vehicle': 1}
2026-03-30 20:36:52,812 - checks.obstacle.object_processor_base - INFO - Processing frame video_idx=8 -> mapped_idx=24 / 87 (objects: 40)
2026-03-30 20:36:52,812 - checks.obstacle.object_processor_base - INFO - Frame video_idx=8 mapped_idx=24: ego position in world =(-0.7, -5.0, 1.7)
2026-03-30 20:36:52,812 - checks.obstacle.object_processor_base - INFO - Frame video_idx=8 mapped_idx=24: camera RPY=(-85.2, -45.7, 172.8)
2026-03-30 20:37:21,162 - checks.obstacle.object_processor_base - INFO - Frame 24 class=motorcycle filtering summary:
2026-03-30 20:37:21,163 - checks.obstacle.object_processor_base - INFO -   - Total objects: 8
2026-03-30 20:37:21,163 - checks.obstacle.object_processor_base - INFO -   - Importance filtered: 5
2026-03-30 20:37:21,163 - checks.obstacle.object_processor_base - INFO -     * distance_threshold_m (100m): 2
2026-03-30 20:37:21,163 - checks.obstacle.object_processor_base - INFO -     * relevant_lanes (['ego', 'left', 'right']): 3
2026-03-30 20:37:21,163 - checks.obstacle.object_processor_base - INFO -   - Occlusion filtered: 0
2026-03-30 20:37:21,163 - checks.obstacle.object_processor_base - INFO -   - Processed: 0
2026-03-30 20:37:21,163 - checks.obstacle.object_processor_base - INFO -   - Filtering rates: 62.5% importance, 0.0% occlusion
2026-03-30 20:37:21,167 - checks.obstacle.object_processor_base - INFO - Frame 24 class=vehicle filtering summary:
2026-03-30 20:37:21,167 - checks.obstacle.object_processor_base - INFO -   - Total objects: 32
2026-03-30 20:37:21,167 - checks.obstacle.object_processor_base - INFO -   - Importance filtered: 20
2026-03-30 20:37:21,167 - checks.obstacle.object_processor_base - INFO -     * relevant_lanes (['ego', 'left', 'right']): 9
2026-03-30 20:37:21,167 - checks.obstacle.object_processor_base - INFO -     * distance_threshold_m (100m): 11
2026-03-30 20:37:21,167 - checks.obstacle.object_processor_base - INFO -   - Occlusion filtered: 0
2026-03-30 20:37:21,167 - checks.obstacle.object_processor_base - INFO -   - Processed: 1
2026-03-30 20:37:21,167 - checks.obstacle.object_processor_base - INFO -   - Filtering rates: 62.5% importance, 0.0% occlusion
2026-03-30 20:37:21,188 - checks.obstacle.object_processor_base - INFO - Frame 24: hallucinations {'bicycle': 0, 'motorcycle': 0, 'pedestrian': 0, 'vehicle': 1}
2026-03-30 20:37:21,275 - checks.obstacle.object_processor_base - INFO - Processing frame video_idx=9 -> mapped_idx=27 / 87 (objects: 40)
2026-03-30 20:37:21,276 - checks.obstacle.object_processor_base - INFO - Frame video_idx=9 mapped_idx=27: ego position in world =(-0.8, -5.5, 1.7)
2026-03-30 20:37:21,276 - checks.obstacle.object_processor_base - INFO - Frame video_idx=9 mapped_idx=27: camera RPY=(-85.2, -45.7, 172.7)
2026-03-30 20:37:50,089 - checks.obstacle.object_processor_base - INFO - Frame 27 class=motorcycle filtering summary:
2026-03-30 20:37:50,089 - checks.obstacle.object_processor_base - INFO -   - Total objects: 8
2026-03-30 20:37:50,089 - checks.obstacle.object_processor_base - INFO -   - Importance filtered: 5
2026-03-30 20:37:50,089 - checks.obstacle.object_processor_base - INFO -     * relevant_lanes (['ego', 'left', 'right']): 3
2026-03-30 20:37:50,089 - checks.obstacle.object_processor_base - INFO -     * distance_threshold_m (100m): 2
2026-03-30 20:37:50,089 - checks.obstacle.object_processor_base - INFO -   - Occlusion filtered: 0
2026-03-30 20:37:50,089 - checks.obstacle.object_processor_base - INFO -   - Processed: 0
2026-03-30 20:37:50,089 - checks.obstacle.object_processor_base - INFO -   - Filtering rates: 62.5% importance, 0.0% occlusion
2026-03-30 20:37:50,094 - checks.obstacle.object_processor_base - INFO - Frame 27 class=vehicle filtering summary:
2026-03-30 20:37:50,094 - checks.obstacle.object_processor_base - INFO -   - Total objects: 32
2026-03-30 20:37:50,094 - checks.obstacle.object_processor_base - INFO -   - Importance filtered: 20
2026-03-30 20:37:50,094 - checks.obstacle.object_processor_base - INFO -     * relevant_lanes (['ego', 'left', 'right']): 9
2026-03-30 20:37:50,094 - checks.obstacle.object_processor_base - INFO -     * distance_threshold_m (100m): 11
2026-03-30 20:37:50,094 - checks.obstacle.object_processor_base - INFO -   - Occlusion filtered: 0
2026-03-30 20:37:50,094 - checks.obstacle.object_processor_base - INFO -   - Processed: 1
2026-03-30 20:37:50,094 - checks.obstacle.object_processor_base - INFO -   - Filtering rates: 62.5% importance, 0.0% occlusion
2026-03-30 20:37:50,114 - checks.obstacle.object_processor_base - INFO - Frame 27: hallucinations {'bicycle': 0, 'motorcycle': 0, 'pedestrian': 0, 'vehicle': 1}
2026-03-30 20:37:50,222 - checks.obstacle.object_processor_base - INFO - Processing frame video_idx=10 -> mapped_idx=30 / 87 (objects: 40)
2026-03-30 20:37:50,222 - checks.obstacle.object_processor_base - INFO - Frame video_idx=10 mapped_idx=30: ego position in world =(-1.0, -6.0, 1.7)
2026-03-30 20:37:50,222 - checks.obstacle.object_processor_base - INFO - Frame video_idx=10 mapped_idx=30: camera RPY=(-84.9, -45.7, 172.3)
2026-03-30 20:38:18,688 - checks.obstacle.object_processor_base - INFO - Frame 30 class=motorcycle filtering summary:
2026-03-30 20:38:18,688 - checks.obstacle.object_processor_base - INFO -   - Total objects: 8
2026-03-30 20:38:18,688 - checks.obstacle.object_processor_base - INFO -   - Importance filtered: 5
2026-03-30 20:38:18,688 - checks.obstacle.object_processor_base - INFO -     * distance_threshold_m (100m): 2
2026-03-30 20:38:18,688 - checks.obstacle.object_processor_base - INFO -     * relevant_lanes (['ego', 'left', 'right']): 3
2026-03-30 20:38:18,688 - checks.obstacle.object_processor_base - INFO -   - Occlusion filtered: 0
2026-03-30 20:38:18,689 - checks.obstacle.object_processor_base - INFO -   - Processed: 0
2026-03-30 20:38:18,689 - checks.obstacle.object_processor_base - INFO -   - Filtering rates: 62.5% importance, 0.0% occlusion
2026-03-30 20:38:18,694 - checks.obstacle.object_processor_base - INFO - Frame 30 class=vehicle filtering summary:
2026-03-30 20:38:18,694 - checks.obstacle.object_processor_base - INFO -   - Total objects: 32
2026-03-30 20:38:18,694 - checks.obstacle.object_processor_base - INFO -   - Importance filtered: 20
2026-03-30 20:38:18,694 - checks.obstacle.object_processor_base - INFO -     * relevant_lanes (['ego', 'left', 'right']): 9
2026-03-30 20:38:18,694 - checks.obstacle.object_processor_base - INFO -     * distance_threshold_m (100m): 11
2026-03-30 20:38:18,694 - checks.obstacle.object_processor_base - INFO -   - Occlusion filtered: 0
2026-03-30 20:38:18,694 - checks.obstacle.object_processor_base - INFO -   - Processed: 1
2026-03-30 20:38:18,694 - checks.obstacle.object_processor_base - INFO -   - Filtering rates: 62.5% importance, 0.0% occlusion
2026-03-30 20:38:18,717 - checks.obstacle.object_processor_base - INFO - Frame 30: hallucinations {'bicycle': 0, 'motorcycle': 0, 'pedestrian': 0, 'vehicle': 1}
2026-03-30 20:38:18,825 - checks.obstacle.object_processor_base - INFO - Processing frame video_idx=11 -> mapped_idx=33 / 87 (objects: 40)
2026-03-30 20:38:18,825 - checks.obstacle.object_processor_base - INFO - Frame video_idx=11 mapped_idx=33: ego position in world =(-1.1, -6.5, 1.7)
2026-03-30 20:38:18,825 - checks.obstacle.object_processor_base - INFO - Frame video_idx=11 mapped_idx=33: camera RPY=(-84.9, -45.7, 172.3)
2026-03-30 20:38:48,420 - checks.obstacle.object_processor_base - INFO - Frame 33 class=motorcycle filtering summary:
2026-03-30 20:38:48,420 - checks.obstacle.object_processor_base - INFO -   - Total objects: 8
2026-03-30 20:38:48,420 - checks.obstacle.object_processor_base - INFO -   - Importance filtered: 5
2026-03-30 20:38:48,420 - checks.obstacle.object_processor_base - INFO -     * relevant_lanes (['ego', 'left', 'right']): 3
2026-03-30 20:38:48,420 - checks.obstacle.object_processor_base - INFO -     * distance_threshold_m (100m): 2
2026-03-30 20:38:48,420 - checks.obstacle.object_processor_base - INFO -   - Occlusion filtered: 0
2026-03-30 20:38:48,420 - checks.obstacle.object_processor_base - INFO -   - Processed: 0
2026-03-30 20:38:48,420 - checks.obstacle.object_processor_base - INFO -   - Filtering rates: 62.5% importance, 0.0% occlusion
2026-03-30 20:38:48,425 - checks.obstacle.object_processor_base - INFO - Frame 33 class=vehicle filtering summary:
2026-03-30 20:38:48,432 - checks.obstacle.object_processor_base - INFO -   - Total objects: 32
2026-03-30 20:38:48,432 - checks.obstacle.object_processor_base - INFO -   - Importance filtered: 20
2026-03-30 20:38:48,432 - checks.obstacle.object_processor_base - INFO -     * relevant_lanes (['ego', 'left', 'right']): 9
2026-03-30 20:38:48,432 - checks.obstacle.object_processor_base - INFO -     * distance_threshold_m (100m): 11
2026-03-30 20:38:48,432 - checks.obstacle.object_processor_base - INFO -   - Occlusion filtered: 0
2026-03-30 20:38:48,432 - checks.obstacle.object_processor_base - INFO -   - Processed: 1
2026-03-30 20:38:48,432 - checks.obstacle.object_processor_base - INFO -   - Filtering rates: 62.5% importance, 0.0% occlusion
2026-03-30 20:38:48,451 - checks.obstacle.object_processor_base - INFO - Frame 33: hallucinations {'bicycle': 0, 'motorcycle': 0, 'pedestrian': 0, 'vehicle': 1}
2026-03-30 20:38:48,526 - checks.obstacle.object_processor_base - INFO - Processing frame video_idx=12 -> mapped_idx=36 / 87 (objects: 40)
2026-03-30 20:38:48,526 - checks.obstacle.object_processor_base - INFO - Frame video_idx=12 mapped_idx=36: ego position in world =(-1.2, -6.9, 1.7)
2026-03-30 20:38:48,526 - checks.obstacle.object_processor_base - INFO - Frame video_idx=12 mapped_idx=36: camera RPY=(-84.9, -45.7, 172.4)
2026-03-30 20:39:17,210 - checks.obstacle.object_processor_base - INFO - Frame 36 class=motorcycle filtering summary:
2026-03-30 20:39:17,210 - checks.obstacle.object_processor_base - INFO -   - Total objects: 8
2026-03-30 20:39:17,210 - checks.obstacle.object_processor_base - INFO -   - Importance filtered: 5
2026-03-30 20:39:17,210 - checks.obstacle.object_processor_base - INFO -     * distance_threshold_m (100m): 2
2026-03-30 20:39:17,210 - checks.obstacle.object_processor_base - INFO -     * relevant_lanes (['ego', 'left', 'right']): 3
2026-03-30 20:39:17,210 - checks.obstacle.object_processor_base - INFO -   - Occlusion filtered: 0
2026-03-30 20:39:17,210 - checks.obstacle.object_processor_base - INFO -   - Processed: 0
2026-03-30 20:39:17,210 - checks.obstacle.object_processor_base - INFO -   - Filtering rates: 62.5% importance, 0.0% occlusion
2026-03-30 20:39:17,215 - checks.obstacle.object_processor_base - INFO - Frame 36 class=vehicle filtering summary:
2026-03-30 20:39:17,215 - checks.obstacle.object_processor_base - INFO -   - Total objects: 32
2026-03-30 20:39:17,215 - checks.obstacle.object_processor_base - INFO -   - Importance filtered: 20
2026-03-30 20:39:17,215 - checks.obstacle.object_processor_base - INFO -     * relevant_lanes (['ego', 'left', 'right']): 9
2026-03-30 20:39:17,215 - checks.obstacle.object_processor_base - INFO -     * distance_threshold_m (100m): 11
2026-03-30 20:39:17,215 - checks.obstacle.object_processor_base - INFO -   - Occlusion filtered: 0
2026-03-30 20:39:17,215 - checks.obstacle.object_processor_base - INFO -   - Processed: 1
2026-03-30 20:39:17,215 - checks.obstacle.object_processor_base - INFO -   - Filtering rates: 62.5% importance, 0.0% occlusion
2026-03-30 20:39:17,235 - checks.obstacle.object_processor_base - INFO - Frame 36: hallucinations {'bicycle': 0, 'motorcycle': 0, 'pedestrian': 0, 'vehicle': 1}
2026-03-30 20:39:17,343 - checks.obstacle.object_processor_base - INFO - Processing frame video_idx=13 -> mapped_idx=39 / 87 (objects: 40)
2026-03-30 20:39:17,343 - checks.obstacle.object_processor_base - INFO - Frame video_idx=13 mapped_idx=39: ego position in world =(-1.3, -7.3, 1.7)
2026-03-30 20:39:17,343 - checks.obstacle.object_processor_base - INFO - Frame video_idx=13 mapped_idx=39: camera RPY=(-84.9, -45.7, 172.4)
2026-03-30 20:39:45,263 - checks.obstacle.object_processor_base - INFO - Frame 39 class=motorcycle filtering summary:
2026-03-30 20:39:45,263 - checks.obstacle.object_processor_base - INFO -   - Total objects: 8
2026-03-30 20:39:45,263 - checks.obstacle.object_processor_base - INFO -   - Importance filtered: 5
2026-03-30 20:39:45,263 - checks.obstacle.object_processor_base - INFO -     * relevant_lanes (['ego', 'left', 'right']): 3
2026-03-30 20:39:45,263 - checks.obstacle.object_processor_base - INFO -     * distance_threshold_m (100m): 2
2026-03-30 20:39:45,263 - checks.obstacle.object_processor_base - INFO -   - Occlusion filtered: 0
2026-03-30 20:39:45,263 - checks.obstacle.object_processor_base - INFO -   - Processed: 0
2026-03-30 20:39:45,263 - checks.obstacle.object_processor_base - INFO -   - Filtering rates: 62.5% importance, 0.0% occlusion
2026-03-30 20:39:45,268 - checks.obstacle.object_processor_base - INFO - Frame 39 class=vehicle filtering summary:
2026-03-30 20:39:45,268 - checks.obstacle.object_processor_base - INFO -   - Total objects: 32
2026-03-30 20:39:45,268 - checks.obstacle.object_processor_base - INFO -   - Importance filtered: 20
2026-03-30 20:39:45,268 - checks.obstacle.object_processor_base - INFO -     * relevant_lanes (['ego', 'left', 'right']): 9
2026-03-30 20:39:45,268 - checks.obstacle.object_processor_base - INFO -     * distance_threshold_m (100m): 11
2026-03-30 20:39:45,268 - checks.obstacle.object_processor_base - INFO -   - Occlusion filtered: 0
2026-03-30 20:39:45,268 - checks.obstacle.object_processor_base - INFO -   - Processed: 1
2026-03-30 20:39:45,268 - checks.obstacle.object_processor_base - INFO -   - Filtering rates: 62.5% importance, 0.0% occlusion
2026-03-30 20:39:45,288 - checks.obstacle.object_processor_base - INFO - Frame 39: hallucinations {'bicycle': 0, 'motorcycle': 0, 'pedestrian': 0, 'vehicle': 1}
2026-03-30 20:39:45,399 - checks.obstacle.object_processor_base - INFO - Processing frame video_idx=14 -> mapped_idx=42 / 87 (objects: 40)
2026-03-30 20:39:45,399 - checks.obstacle.object_processor_base - INFO - Frame video_idx=14 mapped_idx=42: ego position in world =(-1.4, -7.7, 1.7)
2026-03-30 20:39:45,399 - checks.obstacle.object_processor_base - INFO - Frame video_idx=14 mapped_idx=42: camera RPY=(-84.9, -45.7, 172.4)
2026-03-30 20:40:14,339 - checks.obstacle.object_processor_base - INFO - Frame 42 class=motorcycle filtering summary:
2026-03-30 20:40:14,340 - checks.obstacle.object_processor_base - INFO -   - Total objects: 8
2026-03-30 20:40:14,340 - checks.obstacle.object_processor_base - INFO -   - Importance filtered: 5
2026-03-30 20:40:14,340 - checks.obstacle.object_processor_base - INFO -     * distance_threshold_m (100m): 2
2026-03-30 20:40:14,340 - checks.obstacle.object_processor_base - INFO -     * relevant_lanes (['ego', 'left', 'right']): 3
2026-03-30 20:40:14,340 - checks.obstacle.object_processor_base - INFO -   - Occlusion filtered: 0
2026-03-30 20:40:14,340 - checks.obstacle.object_processor_base - INFO -   - Processed: 0
2026-03-30 20:40:14,340 - checks.obstacle.object_processor_base - INFO -   - Filtering rates: 62.5% importance, 0.0% occlusion
2026-03-30 20:40:14,344 - checks.obstacle.object_processor_base - INFO - Frame 42 class=vehicle filtering summary:
2026-03-30 20:40:14,344 - checks.obstacle.object_processor_base - INFO -   - Total objects: 32
2026-03-30 20:40:14,344 - checks.obstacle.object_processor_base - INFO -   - Importance filtered: 20
2026-03-30 20:40:14,344 - checks.obstacle.object_processor_base - INFO -     * relevant_lanes (['ego', 'left', 'right']): 9
2026-03-30 20:40:14,344 - checks.obstacle.object_processor_base - INFO -     * distance_threshold_m (100m): 11
2026-03-30 20:40:14,344 - checks.obstacle.object_processor_base - INFO -   - Occlusion filtered: 0
2026-03-30 20:40:14,344 - checks.obstacle.object_processor_base - INFO -   - Processed: 1
2026-03-30 20:40:14,344 - checks.obstacle.object_processor_base - INFO -   - Filtering rates: 62.5% importance, 0.0% occlusion
2026-03-30 20:40:14,364 - checks.obstacle.object_processor_base - INFO - Frame 42: hallucinations {'bicycle': 0, 'motorcycle': 0, 'pedestrian': 0, 'vehicle': 1}
2026-03-30 20:40:14,444 - checks.obstacle.object_processor_base - INFO - Processing frame video_idx=15 -> mapped_idx=45 / 87 (objects: 40)
2026-03-30 20:40:14,444 - checks.obstacle.object_processor_base - INFO - Frame video_idx=15 mapped_idx=45: ego position in world =(-1.5, -8.0, 1.7)
2026-03-30 20:40:14,444 - checks.obstacle.object_processor_base - INFO - Frame video_idx=15 mapped_idx=45: camera RPY=(-84.9, -45.7, 172.3)
2026-03-30 20:40:42,741 - checks.obstacle.object_processor_base - INFO - Frame 45 class=motorcycle filtering summary:
2026-03-30 20:40:42,741 - checks.obstacle.object_processor_base - INFO -   - Total objects: 8
2026-03-30 20:40:42,741 - checks.obstacle.object_processor_base - INFO -   - Importance filtered: 5
2026-03-30 20:40:42,741 - checks.obstacle.object_processor_base - INFO -     * relevant_lanes (['ego', 'left', 'right']): 3
2026-03-30 20:40:42,741 - checks.obstacle.object_processor_base - INFO -     * distance_threshold_m (100m): 2
2026-03-30 20:40:42,741 - checks.obstacle.object_processor_base - INFO -   - Occlusion filtered: 0
2026-03-30 20:40:42,741 - checks.obstacle.object_processor_base - INFO -   - Processed: 0
2026-03-30 20:40:42,741 - checks.obstacle.object_processor_base - INFO -   - Filtering rates: 62.5% importance, 0.0% occlusion
2026-03-30 20:40:42,746 - checks.obstacle.object_processor_base - INFO - Frame 45 class=vehicle filtering summary:
2026-03-30 20:40:42,746 - checks.obstacle.object_processor_base - INFO -   - Total objects: 32
2026-03-30 20:40:42,746 - checks.obstacle.object_processor_base - INFO -   - Importance filtered: 20
2026-03-30 20:40:42,746 - checks.obstacle.object_processor_base - INFO -     * relevant_lanes (['ego', 'left', 'right']): 9
2026-03-30 20:40:42,746 - checks.obstacle.object_processor_base - INFO -     * distance_threshold_m (100m): 11
2026-03-30 20:40:42,746 - checks.obstacle.object_processor_base - INFO -   - Occlusion filtered: 0
2026-03-30 20:40:42,746 - checks.obstacle.object_processor_base - INFO -   - Processed: 1
2026-03-30 20:40:42,746 - checks.obstacle.object_processor_base - INFO -   - Filtering rates: 62.5% importance, 0.0% occlusion
2026-03-30 20:40:42,766 - checks.obstacle.object_processor_base - INFO - Frame 45: hallucinations {'bicycle': 0, 'motorcycle': 0, 'pedestrian': 0, 'vehicle': 1}
2026-03-30 20:40:42,851 - checks.obstacle.object_processor_base - INFO - Processing frame video_idx=16 -> mapped_idx=48 / 87 (objects: 40)
2026-03-30 20:40:42,851 - checks.obstacle.object_processor_base - INFO - Frame video_idx=16 mapped_idx=48: ego position in world =(-1.6, -8.3, 1.7)
2026-03-30 20:40:42,851 - checks.obstacle.object_processor_base - INFO - Frame video_idx=16 mapped_idx=48: camera RPY=(-84.9, -45.7, 172.3)
2026-03-30 20:41:11,274 - checks.obstacle.object_processor_base - INFO - Frame 48 class=motorcycle filtering summary:
2026-03-30 20:41:11,274 - checks.obstacle.object_processor_base - INFO -   - Total objects: 8
2026-03-30 20:41:11,274 - checks.obstacle.object_processor_base - INFO -   - Importance filtered: 5
2026-03-30 20:41:11,274 - checks.obstacle.object_processor_base - INFO -     * distance_threshold_m (100m): 2
2026-03-30 20:41:11,274 - checks.obstacle.object_processor_base - INFO -     * relevant_lanes (['ego', 'left', 'right']): 3
2026-03-30 20:41:11,274 - checks.obstacle.object_processor_base - INFO -   - Occlusion filtered: 0
2026-03-30 20:41:11,274 - checks.obstacle.object_processor_base - INFO -   - Processed: 0
2026-03-30 20:41:11,274 - checks.obstacle.object_processor_base - INFO -   - Filtering rates: 62.5% importance, 0.0% occlusion
2026-03-30 20:41:11,279 - checks.obstacle.object_processor_base - INFO - Frame 48 class=vehicle filtering summary:
2026-03-30 20:41:11,279 - checks.obstacle.object_processor_base - INFO -   - Total objects: 32
2026-03-30 20:41:11,279 - checks.obstacle.object_processor_base - INFO -   - Importance filtered: 20
2026-03-30 20:41:11,279 - checks.obstacle.object_processor_base - INFO -     * relevant_lanes (['ego', 'left', 'right']): 9
2026-03-30 20:41:11,279 - checks.obstacle.object_processor_base - INFO -     * distance_threshold_m (100m): 11
2026-03-30 20:41:11,279 - checks.obstacle.object_processor_base - INFO -   - Occlusion filtered: 0
2026-03-30 20:41:11,279 - checks.obstacle.object_processor_base - INFO -   - Processed: 1
2026-03-30 20:41:11,279 - checks.obstacle.object_processor_base - INFO -   - Filtering rates: 62.5% importance, 0.0% occlusion
2026-03-30 20:41:11,299 - checks.obstacle.object_processor_base - INFO - Frame 48: hallucinations {'bicycle': 0, 'motorcycle': 0, 'pedestrian': 0, 'vehicle': 1}
2026-03-30 20:41:11,383 - checks.obstacle.object_processor_base - INFO - Processing frame video_idx=17 -> mapped_idx=51 / 87 (objects: 40)
2026-03-30 20:41:11,383 - checks.obstacle.object_processor_base - INFO - Frame video_idx=17 mapped_idx=51: ego position in world =(-1.7, -8.6, 1.7)
2026-03-30 20:41:11,384 - checks.obstacle.object_processor_base - INFO - Frame video_idx=17 mapped_idx=51: camera RPY=(-84.9, -45.7, 172.3)
2026-03-30 20:41:39,929 - checks.obstacle.object_processor_base - INFO - Frame 51 class=motorcycle filtering summary:
2026-03-30 20:41:39,929 - checks.obstacle.object_processor_base - INFO -   - Total objects: 8
2026-03-30 20:41:39,929 - checks.obstacle.object_processor_base - INFO -   - Importance filtered: 5
2026-03-30 20:41:39,929 - checks.obstacle.object_processor_base - INFO -     * relevant_lanes (['ego', 'left', 'right']): 3
2026-03-30 20:41:39,929 - checks.obstacle.object_processor_base - INFO -     * distance_threshold_m (100m): 2
2026-03-30 20:41:39,929 - checks.obstacle.object_processor_base - INFO -   - Occlusion filtered: 0
2026-03-30 20:41:39,929 - checks.obstacle.object_processor_base - INFO -   - Processed: 0
2026-03-30 20:41:39,929 - checks.obstacle.object_processor_base - INFO -   - Filtering rates: 62.5% importance, 0.0% occlusion
2026-03-30 20:41:39,934 - checks.obstacle.object_processor_base - INFO - Frame 51 class=vehicle filtering summary:
2026-03-30 20:41:39,934 - checks.obstacle.object_processor_base - INFO -   - Total objects: 32
2026-03-30 20:41:39,934 - checks.obstacle.object_processor_base - INFO -   - Importance filtered: 21
2026-03-30 20:41:39,934 - checks.obstacle.object_processor_base - INFO -     * relevant_lanes (['ego', 'left', 'right']): 10
2026-03-30 20:41:39,934 - checks.obstacle.object_processor_base - INFO -     * distance_threshold_m (100m): 11
2026-03-30 20:41:39,934 - checks.obstacle.object_processor_base - INFO -   - Occlusion filtered: 0
2026-03-30 20:41:39,934 - checks.obstacle.object_processor_base - INFO -   - Processed: 1
2026-03-30 20:41:39,934 - checks.obstacle.object_processor_base - INFO -   - Filtering rates: 65.6% importance, 0.0% occlusion
2026-03-30 20:41:39,954 - checks.obstacle.object_processor_base - INFO - Frame 51: hallucinations {'bicycle': 0, 'motorcycle': 0, 'pedestrian': 0, 'vehicle': 1}
2026-03-30 20:41:40,040 - checks.obstacle.object_processor_base - INFO - Processing frame video_idx=18 -> mapped_idx=54 / 87 (objects: 40)
2026-03-30 20:41:40,041 - checks.obstacle.object_processor_base - INFO - Frame video_idx=18 mapped_idx=54: ego position in world =(-1.7, -8.9, 1.7)
2026-03-30 20:41:40,041 - checks.obstacle.object_processor_base - INFO - Frame video_idx=18 mapped_idx=54: camera RPY=(-84.8, -45.7, 172.3)
2026-03-30 20:42:08,718 - checks.obstacle.object_processor_base - INFO - Frame 54 class=motorcycle filtering summary:
2026-03-30 20:42:08,718 - checks.obstacle.object_processor_base - INFO -   - Total objects: 8
2026-03-30 20:42:08,718 - checks.obstacle.object_processor_base - INFO -   - Importance filtered: 5
2026-03-30 20:42:08,718 - checks.obstacle.object_processor_base - INFO -     * distance_threshold_m (100m): 2
2026-03-30 20:42:08,718 - checks.obstacle.object_processor_base - INFO -     * relevant_lanes (['ego', 'left', 'right']): 3
2026-03-30 20:42:08,718 - checks.obstacle.object_processor_base - INFO -   - Occlusion filtered: 0
2026-03-30 20:42:08,718 - checks.obstacle.object_processor_base - INFO -   - Processed: 0
2026-03-30 20:42:08,718 - checks.obstacle.object_processor_base - INFO -   - Filtering rates: 62.5% importance, 0.0% occlusion
2026-03-30 20:42:08,723 - checks.obstacle.object_processor_base - INFO - Frame 54 class=vehicle filtering summary:
2026-03-30 20:42:08,723 - checks.obstacle.object_processor_base - INFO -   - Total objects: 32
2026-03-30 20:42:08,723 - checks.obstacle.object_processor_base - INFO -   - Importance filtered: 21
2026-03-30 20:42:08,723 - checks.obstacle.object_processor_base - INFO -     * relevant_lanes (['ego', 'left', 'right']): 10
2026-03-30 20:42:08,723 - checks.obstacle.object_processor_base - INFO -     * distance_threshold_m (100m): 11
2026-03-30 20:42:08,723 - checks.obstacle.object_processor_base - INFO -   - Occlusion filtered: 0
2026-03-30 20:42:08,723 - checks.obstacle.object_processor_base - INFO -   - Processed: 1
2026-03-30 20:42:08,723 - checks.obstacle.object_processor_base - INFO -   - Filtering rates: 65.6% importance, 0.0% occlusion
2026-03-30 20:42:08,742 - checks.obstacle.object_processor_base - INFO - Frame 54: hallucinations {'bicycle': 0, 'motorcycle': 0, 'pedestrian': 0, 'vehicle': 0}
2026-03-30 20:42:08,828 - checks.obstacle.object_processor_base - INFO - Processing frame video_idx=19 -> mapped_idx=57 / 87 (objects: 40)
2026-03-30 20:42:08,828 - checks.obstacle.object_processor_base - INFO - Frame video_idx=19 mapped_idx=57: ego position in world =(-1.8, -9.3, 1.7)
2026-03-30 20:42:08,828 - checks.obstacle.object_processor_base - INFO - Frame video_idx=19 mapped_idx=57: camera RPY=(-84.8, -45.7, 172.3)
2026-03-30 20:42:37,990 - checks.obstacle.object_processor_base - INFO - Frame 57 class=motorcycle filtering summary:
2026-03-30 20:42:37,991 - checks.obstacle.object_processor_base - INFO -   - Total objects: 8
2026-03-30 20:42:37,991 - checks.obstacle.object_processor_base - INFO -   - Importance filtered: 5
2026-03-30 20:42:37,991 - checks.obstacle.object_processor_base - INFO -     * relevant_lanes (['ego', 'left', 'right']): 3
2026-03-30 20:42:37,991 - checks.obstacle.object_processor_base - INFO -     * distance_threshold_m (100m): 2
2026-03-30 20:42:37,991 - checks.obstacle.object_processor_base - INFO -   - Occlusion filtered: 0
2026-03-30 20:42:37,991 - checks.obstacle.object_processor_base - INFO -   - Processed: 0
2026-03-30 20:42:37,991 - checks.obstacle.object_processor_base - INFO -   - Filtering rates: 62.5% importance, 0.0% occlusion
2026-03-30 20:42:37,995 - checks.obstacle.object_processor_base - INFO - Frame 57 class=vehicle filtering summary:
2026-03-30 20:42:37,995 - checks.obstacle.object_processor_base - INFO -   - Total objects: 32
2026-03-30 20:42:37,995 - checks.obstacle.object_processor_base - INFO -   - Importance filtered: 21
2026-03-30 20:42:37,995 - checks.obstacle.object_processor_base - INFO -     * relevant_lanes (['ego', 'left', 'right']): 10
2026-03-30 20:42:37,995 - checks.obstacle.object_processor_base - INFO -     * distance_threshold_m (100m): 11
2026-03-30 20:42:37,995 - checks.obstacle.object_processor_base - INFO -   - Occlusion filtered: 0
2026-03-30 20:42:37,995 - checks.obstacle.object_processor_base - INFO -   - Processed: 1
2026-03-30 20:42:37,995 - checks.obstacle.object_processor_base - INFO -   - Filtering rates: 65.6% importance, 0.0% occlusion
2026-03-30 20:42:38,015 - checks.obstacle.object_processor_base - INFO - Frame 57: hallucinations {'bicycle': 0, 'motorcycle': 0, 'pedestrian': 0, 'vehicle': 0}
2026-03-30 20:42:38,102 - checks.obstacle.object_processor_base - INFO - Processing frame video_idx=20 -> mapped_idx=60 / 87 (objects: 40)
2026-03-30 20:42:38,102 - checks.obstacle.object_processor_base - INFO - Frame video_idx=20 mapped_idx=60: ego position in world =(-1.9, -9.6, 1.7)
2026-03-30 20:42:38,102 - checks.obstacle.object_processor_base - INFO - Frame video_idx=20 mapped_idx=60: camera RPY=(-84.8, -45.7, 172.3)
2026-03-30 20:43:06,672 - checks.obstacle.object_processor_base - INFO - Frame 60 class=motorcycle filtering summary:
2026-03-30 20:43:06,672 - checks.obstacle.object_processor_base - INFO -   - Total objects: 8
2026-03-30 20:43:06,672 - checks.obstacle.object_processor_base - INFO -   - Importance filtered: 5
2026-03-30 20:43:06,672 - checks.obstacle.object_processor_base - INFO -     * distance_threshold_m (100m): 2
2026-03-30 20:43:06,672 - checks.obstacle.object_processor_base - INFO -     * relevant_lanes (['ego', 'left', 'right']): 3
2026-03-30 20:43:06,672 - checks.obstacle.object_processor_base - INFO -   - Occlusion filtered: 0
2026-03-30 20:43:06,672 - checks.obstacle.object_processor_base - INFO -   - Processed: 0
2026-03-30 20:43:06,672 - checks.obstacle.object_processor_base - INFO -   - Filtering rates: 62.5% importance, 0.0% occlusion
2026-03-30 20:43:06,676 - checks.obstacle.object_processor_base - INFO - Frame 60 class=vehicle filtering summary:
2026-03-30 20:43:06,677 - checks.obstacle.object_processor_base - INFO -   - Total objects: 32
2026-03-30 20:43:06,677 - checks.obstacle.object_processor_base - INFO -   - Importance filtered: 21
2026-03-30 20:43:06,677 - checks.obstacle.object_processor_base - INFO -     * relevant_lanes (['ego', 'left', 'right']): 10
2026-03-30 20:43:06,677 - checks.obstacle.object_processor_base - INFO -     * distance_threshold_m (100m): 11
2026-03-30 20:43:06,677 - checks.obstacle.object_processor_base - INFO -   - Occlusion filtered: 0
2026-03-30 20:43:06,677 - checks.obstacle.object_processor_base - INFO -   - Processed: 1
2026-03-30 20:43:06,677 - checks.obstacle.object_processor_base - INFO -   - Filtering rates: 65.6% importance, 0.0% occlusion
2026-03-30 20:43:06,696 - checks.obstacle.object_processor_base - INFO - Frame 60: hallucinations {'bicycle': 0, 'motorcycle': 0, 'pedestrian': 0, 'vehicle': 0}
2026-03-30 20:43:06,816 - checks.obstacle.object_processor_base - INFO - Processing frame video_idx=21 -> mapped_idx=63 / 87 (objects: 40)
2026-03-30 20:43:06,816 - checks.obstacle.object_processor_base - INFO - Frame video_idx=21 mapped_idx=63: ego position in world =(-2.0, -9.9, 1.7)
2026-03-30 20:43:06,816 - checks.obstacle.object_processor_base - INFO - Frame video_idx=21 mapped_idx=63: camera RPY=(-84.8, -45.7, 172.3)
2026-03-30 20:43:35,594 - checks.obstacle.object_processor_base - INFO - Frame 63 class=motorcycle filtering summary:
2026-03-30 20:43:35,594 - checks.obstacle.object_processor_base - INFO -   - Total objects: 8
2026-03-30 20:43:35,594 - checks.obstacle.object_processor_base - INFO -   - Importance filtered: 5
2026-03-30 20:43:35,594 - checks.obstacle.object_processor_base - INFO -     * relevant_lanes (['ego', 'left', 'right']): 3
2026-03-30 20:43:35,594 - checks.obstacle.object_processor_base - INFO -     * distance_threshold_m (100m): 2
2026-03-30 20:43:35,594 - checks.obstacle.object_processor_base - INFO -   - Occlusion filtered: 0
2026-03-30 20:43:35,594 - checks.obstacle.object_processor_base - INFO -   - Processed: 0
2026-03-30 20:43:35,594 - checks.obstacle.object_processor_base - INFO -   - Filtering rates: 62.5% importance, 0.0% occlusion
2026-03-30 20:43:35,599 - checks.obstacle.object_processor_base - INFO - Frame 63 class=vehicle filtering summary:
2026-03-30 20:43:35,599 - checks.obstacle.object_processor_base - INFO -   - Total objects: 32
2026-03-30 20:43:35,599 - checks.obstacle.object_processor_base - INFO -   - Importance filtered: 21
2026-03-30 20:43:35,599 - checks.obstacle.object_processor_base - INFO -     * relevant_lanes (['ego', 'left', 'right']): 10
2026-03-30 20:43:35,599 - checks.obstacle.object_processor_base - INFO -     * distance_threshold_m (100m): 11
2026-03-30 20:43:35,599 - checks.obstacle.object_processor_base - INFO -   - Occlusion filtered: 0
2026-03-30 20:43:35,599 - checks.obstacle.object_processor_base - INFO -   - Processed: 1
2026-03-30 20:43:35,599 - checks.obstacle.object_processor_base - INFO -   - Filtering rates: 65.6% importance, 0.0% occlusion
2026-03-30 20:43:35,619 - checks.obstacle.object_processor_base - INFO - Frame 63: hallucinations {'bicycle': 0, 'motorcycle': 0, 'pedestrian': 0, 'vehicle': 0}
2026-03-30 20:43:35,709 - checks.obstacle.object_processor_base - INFO - Processing frame video_idx=22 -> mapped_idx=66 / 87 (objects: 40)
2026-03-30 20:43:35,709 - checks.obstacle.object_processor_base - INFO - Frame video_idx=22 mapped_idx=66: ego position in world =(-2.1, -10.2, 1.7)
2026-03-30 20:43:35,709 - checks.obstacle.object_processor_base - INFO - Frame video_idx=22 mapped_idx=66: camera RPY=(-84.8, -45.7, 172.3)
2026-03-30 20:44:04,131 - checks.obstacle.object_processor_base - INFO - Frame 66 class=motorcycle filtering summary:
2026-03-30 20:44:04,131 - checks.obstacle.object_processor_base - INFO -   - Total objects: 8
2026-03-30 20:44:04,131 - checks.obstacle.object_processor_base - INFO -   - Importance filtered: 5
2026-03-30 20:44:04,131 - checks.obstacle.object_processor_base - INFO -     * distance_threshold_m (100m): 2
2026-03-30 20:44:04,131 - checks.obstacle.object_processor_base - INFO -     * relevant_lanes (['ego', 'left', 'right']): 3
2026-03-30 20:44:04,131 - checks.obstacle.object_processor_base - INFO -   - Occlusion filtered: 0
2026-03-30 20:44:04,131 - checks.obstacle.object_processor_base - INFO -   - Processed: 0
2026-03-30 20:44:04,131 - checks.obstacle.object_processor_base - INFO -   - Filtering rates: 62.5% importance, 0.0% occlusion
2026-03-30 20:44:04,135 - checks.obstacle.object_processor_base - INFO - Frame 66 class=vehicle filtering summary:
2026-03-30 20:44:04,135 - checks.obstacle.object_processor_base - INFO -   - Total objects: 32
2026-03-30 20:44:04,135 - checks.obstacle.object_processor_base - INFO -   - Importance filtered: 21
2026-03-30 20:44:04,135 - checks.obstacle.object_processor_base - INFO -     * relevant_lanes (['ego', 'left', 'right']): 10
2026-03-30 20:44:04,135 - checks.obstacle.object_processor_base - INFO -     * distance_threshold_m (100m): 11
2026-03-30 20:44:04,136 - checks.obstacle.object_processor_base - INFO -   - Occlusion filtered: 0
2026-03-30 20:44:04,136 - checks.obstacle.object_processor_base - INFO -   - Processed: 1
2026-03-30 20:44:04,136 - checks.obstacle.object_processor_base - INFO -   - Filtering rates: 65.6% importance, 0.0% occlusion
2026-03-30 20:44:04,155 - checks.obstacle.object_processor_base - INFO - Frame 66: hallucinations {'bicycle': 0, 'motorcycle': 0, 'pedestrian': 0, 'vehicle': 0}
2026-03-30 20:44:04,247 - checks.obstacle.object_processor_base - INFO - Processing frame video_idx=23 -> mapped_idx=69 / 87 (objects: 40)
2026-03-30 20:44:04,247 - checks.obstacle.object_processor_base - INFO - Frame video_idx=23 mapped_idx=69: ego position in world =(-2.1, -10.5, 1.7)
2026-03-30 20:44:04,247 - checks.obstacle.object_processor_base - INFO - Frame video_idx=23 mapped_idx=69: camera RPY=(-84.7, -45.7, 172.3)
2026-03-30 20:44:32,357 - checks.obstacle.object_processor_base - INFO - Frame 69 class=motorcycle filtering summary:
2026-03-30 20:44:32,357 - checks.obstacle.object_processor_base - INFO -   - Total objects: 8
2026-03-30 20:44:32,357 - checks.obstacle.object_processor_base - INFO -   - Importance filtered: 5
2026-03-30 20:44:32,357 - checks.obstacle.object_processor_base - INFO -     * relevant_lanes (['ego', 'left', 'right']): 3
2026-03-30 20:44:32,357 - checks.obstacle.object_processor_base - INFO -     * distance_threshold_m (100m): 2
2026-03-30 20:44:32,357 - checks.obstacle.object_processor_base - INFO -   - Occlusion filtered: 0
2026-03-30 20:44:32,357 - checks.obstacle.object_processor_base - INFO -   - Processed: 0
2026-03-30 20:44:32,357 - checks.obstacle.object_processor_base - INFO -   - Filtering rates: 62.5% importance, 0.0% occlusion
2026-03-30 20:44:32,362 - checks.obstacle.object_processor_base - INFO - Frame 69 class=vehicle filtering summary:
2026-03-30 20:44:32,362 - checks.obstacle.object_processor_base - INFO -   - Total objects: 32
2026-03-30 20:44:32,362 - checks.obstacle.object_processor_base - INFO -   - Importance filtered: 20
2026-03-30 20:44:32,362 - checks.obstacle.object_processor_base - INFO -     * relevant_lanes (['ego', 'left', 'right']): 10
2026-03-30 20:44:32,362 - checks.obstacle.object_processor_base - INFO -     * distance_threshold_m (100m): 10
2026-03-30 20:44:32,362 - checks.obstacle.object_processor_base - INFO -   - Occlusion filtered: 0
2026-03-30 20:44:32,362 - checks.obstacle.object_processor_base - INFO -   - Processed: 1
2026-03-30 20:44:32,362 - checks.obstacle.object_processor_base - INFO -   - Filtering rates: 62.5% importance, 0.0% occlusion
2026-03-30 20:44:32,383 - checks.obstacle.object_processor_base - INFO - Frame 69: hallucinations {'bicycle': 0, 'motorcycle': 0, 'pedestrian': 0, 'vehicle': 1}
2026-03-30 20:44:32,474 - checks.obstacle.object_processor_base - INFO - Processing frame video_idx=24 -> mapped_idx=72 / 87 (objects: 40)
2026-03-30 20:44:32,474 - checks.obstacle.object_processor_base - INFO - Frame video_idx=24 mapped_idx=72: ego position in world =(-2.2, -10.8, 1.7)
2026-03-30 20:44:32,474 - checks.obstacle.object_processor_base - INFO - Frame video_idx=24 mapped_idx=72: camera RPY=(-84.6, -45.7, 172.3)
2026-03-30 20:45:00,677 - checks.obstacle.object_processor_base - INFO - Frame 72 class=motorcycle filtering summary:
2026-03-30 20:45:00,677 - checks.obstacle.object_processor_base - INFO -   - Total objects: 8
2026-03-30 20:45:00,677 - checks.obstacle.object_processor_base - INFO -   - Importance filtered: 5
2026-03-30 20:45:00,678 - checks.obstacle.object_processor_base - INFO -     * distance_threshold_m (100m): 2
2026-03-30 20:45:00,678 - checks.obstacle.object_processor_base - INFO -     * relevant_lanes (['ego', 'left', 'right']): 3
2026-03-30 20:45:00,678 - checks.obstacle.object_processor_base - INFO -   - Occlusion filtered: 0
2026-03-30 20:45:00,678 - checks.obstacle.object_processor_base - INFO -   - Processed: 0
2026-03-30 20:45:00,678 - checks.obstacle.object_processor_base - INFO -   - Filtering rates: 62.5% importance, 0.0% occlusion
2026-03-30 20:45:00,682 - checks.obstacle.object_processor_base - INFO - Frame 72 class=vehicle filtering summary:
2026-03-30 20:45:00,682 - checks.obstacle.object_processor_base - INFO -   - Total objects: 32
2026-03-30 20:45:00,682 - checks.obstacle.object_processor_base - INFO -   - Importance filtered: 20
2026-03-30 20:45:00,682 - checks.obstacle.object_processor_base - INFO -     * relevant_lanes (['ego', 'left', 'right']): 10
2026-03-30 20:45:00,682 - checks.obstacle.object_processor_base - INFO -     * distance_threshold_m (100m): 10
2026-03-30 20:45:00,682 - checks.obstacle.object_processor_base - INFO -   - Occlusion filtered: 0
2026-03-30 20:45:00,682 - checks.obstacle.object_processor_base - INFO -   - Processed: 1
2026-03-30 20:45:00,682 - checks.obstacle.object_processor_base - INFO -   - Filtering rates: 62.5% importance, 0.0% occlusion
2026-03-30 20:45:00,702 - checks.obstacle.object_processor_base - INFO - Frame 72: hallucinations {'bicycle': 0, 'motorcycle': 0, 'pedestrian': 0, 'vehicle': 1}
2026-03-30 20:45:00,828 - checks.obstacle.object_processor_base - INFO - Processing frame video_idx=25 -> mapped_idx=75 / 87 (objects: 40)
2026-03-30 20:45:00,828 - checks.obstacle.object_processor_base - INFO - Frame video_idx=25 mapped_idx=75: ego position in world =(-2.3, -11.1, 1.7)
2026-03-30 20:45:00,828 - checks.obstacle.object_processor_base - INFO - Frame video_idx=25 mapped_idx=75: camera RPY=(-84.7, -45.7, 172.4)
2026-03-30 20:45:29,538 - checks.obstacle.object_processor_base - INFO - Frame 75 class=motorcycle filtering summary:
2026-03-30 20:45:29,538 - checks.obstacle.object_processor_base - INFO -   - Total objects: 8
2026-03-30 20:45:29,538 - checks.obstacle.object_processor_base - INFO -   - Importance filtered: 5
2026-03-30 20:45:29,538 - checks.obstacle.object_processor_base - INFO -     * relevant_lanes (['ego', 'left', 'right']): 3
2026-03-30 20:45:29,538 - checks.obstacle.object_processor_base - INFO -     * distance_threshold_m (100m): 2
2026-03-30 20:45:29,538 - checks.obstacle.object_processor_base - INFO -   - Occlusion filtered: 0
2026-03-30 20:45:29,538 - checks.obstacle.object_processor_base - INFO -   - Processed: 0
2026-03-30 20:45:29,538 - checks.obstacle.object_processor_base - INFO -   - Filtering rates: 62.5% importance, 0.0% occlusion
2026-03-30 20:45:29,543 - checks.obstacle.object_processor_base - INFO - Frame 75 class=vehicle filtering summary:
2026-03-30 20:45:29,543 - checks.obstacle.object_processor_base - INFO -   - Total objects: 32
2026-03-30 20:45:29,543 - checks.obstacle.object_processor_base - INFO -   - Importance filtered: 20
2026-03-30 20:45:29,543 - checks.obstacle.object_processor_base - INFO -     * relevant_lanes (['ego', 'left', 'right']): 10
2026-03-30 20:45:29,543 - checks.obstacle.object_processor_base - INFO -     * distance_threshold_m (100m): 10
2026-03-30 20:45:29,543 - checks.obstacle.object_processor_base - INFO -   - Occlusion filtered: 0
2026-03-30 20:45:29,543 - checks.obstacle.object_processor_base - INFO -   - Processed: 1
2026-03-30 20:45:29,543 - checks.obstacle.object_processor_base - INFO -   - Filtering rates: 62.5% importance, 0.0% occlusion
2026-03-30 20:45:29,562 - checks.obstacle.object_processor_base - INFO - Frame 75: hallucinations {'bicycle': 0, 'motorcycle': 0, 'pedestrian': 0, 'vehicle': 0}
2026-03-30 20:45:29,657 - checks.obstacle.object_processor_base - INFO - Processing frame video_idx=26 -> mapped_idx=78 / 87 (objects: 40)
2026-03-30 20:45:29,658 - checks.obstacle.object_processor_base - INFO - Frame video_idx=26 mapped_idx=78: ego position in world =(-2.4, -11.5, 1.7)
2026-03-30 20:45:29,658 - checks.obstacle.object_processor_base - INFO - Frame video_idx=26 mapped_idx=78: camera RPY=(-84.7, -45.7, 172.4)
2026-03-30 20:45:58,720 - checks.obstacle.object_processor_base - INFO - Frame 78 class=motorcycle filtering summary:
2026-03-30 20:45:58,720 - checks.obstacle.object_processor_base - INFO -   - Total objects: 8
2026-03-30 20:45:58,720 - checks.obstacle.object_processor_base - INFO -   - Importance filtered: 5
2026-03-30 20:45:58,720 - checks.obstacle.object_processor_base - INFO -     * distance_threshold_m (100m): 2
2026-03-30 20:45:58,720 - checks.obstacle.object_processor_base - INFO -     * relevant_lanes (['ego', 'left', 'right']): 3
2026-03-30 20:45:58,720 - checks.obstacle.object_processor_base - INFO -   - Occlusion filtered: 0
2026-03-30 20:45:58,720 - checks.obstacle.object_processor_base - INFO -   - Processed: 0
2026-03-30 20:45:58,720 - checks.obstacle.object_processor_base - INFO -   - Filtering rates: 62.5% importance, 0.0% occlusion
2026-03-30 20:45:58,724 - checks.obstacle.object_processor_base - INFO - Frame 78 class=vehicle filtering summary:
2026-03-30 20:45:58,724 - checks.obstacle.object_processor_base - INFO -   - Total objects: 32
2026-03-30 20:45:58,724 - checks.obstacle.object_processor_base - INFO -   - Importance filtered: 20
2026-03-30 20:45:58,724 - checks.obstacle.object_processor_base - INFO -     * relevant_lanes (['ego', 'left', 'right']): 9
2026-03-30 20:45:58,724 - checks.obstacle.object_processor_base - INFO -     * distance_threshold_m (100m): 11
2026-03-30 20:45:58,724 - checks.obstacle.object_processor_base - INFO -   - Occlusion filtered: 0
2026-03-30 20:45:58,724 - checks.obstacle.object_processor_base - INFO -   - Processed: 1
2026-03-30 20:45:58,724 - checks.obstacle.object_processor_base - INFO -   - Filtering rates: 62.5% importance, 0.0% occlusion
2026-03-30 20:45:58,743 - checks.obstacle.object_processor_base - INFO - Frame 78: hallucinations {'bicycle': 0, 'motorcycle': 0, 'pedestrian': 0, 'vehicle': 0}
2026-03-30 20:45:58,839 - checks.obstacle.object_processor_base - INFO - Processing frame video_idx=27 -> mapped_idx=81 / 87 (objects: 40)
2026-03-30 20:45:58,839 - checks.obstacle.object_processor_base - INFO - Frame video_idx=27 mapped_idx=81: ego position in world =(-2.5, -11.8, 1.7)
2026-03-30 20:45:58,839 - checks.obstacle.object_processor_base - INFO - Frame video_idx=27 mapped_idx=81: camera RPY=(-84.8, -45.7, 172.4)
2026-03-30 20:46:27,802 - checks.obstacle.object_processor_base - INFO - Frame 81 class=motorcycle filtering summary:
2026-03-30 20:46:27,802 - checks.obstacle.object_processor_base - INFO -   - Total objects: 8
2026-03-30 20:46:27,802 - checks.obstacle.object_processor_base - INFO -   - Importance filtered: 5
2026-03-30 20:46:27,802 - checks.obstacle.object_processor_base - INFO -     * relevant_lanes (['ego', 'left', 'right']): 3
2026-03-30 20:46:27,802 - checks.obstacle.object_processor_base - INFO -     * distance_threshold_m (100m): 2
2026-03-30 20:46:27,802 - checks.obstacle.object_processor_base - INFO -   - Occlusion filtered: 0
2026-03-30 20:46:27,802 - checks.obstacle.object_processor_base - INFO -   - Processed: 0
2026-03-30 20:46:27,803 - checks.obstacle.object_processor_base - INFO -   - Filtering rates: 62.5% importance, 0.0% occlusion
2026-03-30 20:46:27,807 - checks.obstacle.object_processor_base - INFO - Frame 81 class=vehicle filtering summary:
2026-03-30 20:46:27,807 - checks.obstacle.object_processor_base - INFO -   - Total objects: 32
2026-03-30 20:46:27,807 - checks.obstacle.object_processor_base - INFO -   - Importance filtered: 20
2026-03-30 20:46:27,807 - checks.obstacle.object_processor_base - INFO -     * relevant_lanes (['ego', 'left', 'right']): 9
2026-03-30 20:46:27,807 - checks.obstacle.object_processor_base - INFO -     * distance_threshold_m (100m): 11
2026-03-30 20:46:27,807 - checks.obstacle.object_processor_base - INFO -   - Occlusion filtered: 0
2026-03-30 20:46:27,807 - checks.obstacle.object_processor_base - INFO -   - Processed: 1
2026-03-30 20:46:27,807 - checks.obstacle.object_processor_base - INFO -   - Filtering rates: 62.5% importance, 0.0% occlusion
2026-03-30 20:46:27,828 - checks.obstacle.object_processor_base - INFO - Frame 81: hallucinations {'bicycle': 0, 'motorcycle': 0, 'pedestrian': 0, 'vehicle': 1}
2026-03-30 20:46:27,920 - checks.obstacle.object_processor_base - INFO - Processing frame video_idx=28 -> mapped_idx=84 / 87 (objects: 40)
2026-03-30 20:46:27,920 - checks.obstacle.object_processor_base - INFO - Frame video_idx=28 mapped_idx=84: ego position in world =(-2.6, -12.2, 1.7)
2026-03-30 20:46:27,920 - checks.obstacle.object_processor_base - INFO - Frame video_idx=28 mapped_idx=84: camera RPY=(-84.7, -45.7, 172.4)
2026-03-30 20:46:56,399 - checks.obstacle.object_processor_base - INFO - Frame 84 class=motorcycle filtering summary:
2026-03-30 20:46:56,399 - checks.obstacle.object_processor_base - INFO -   - Total objects: 8
2026-03-30 20:46:56,399 - checks.obstacle.object_processor_base - INFO -   - Importance filtered: 5
2026-03-30 20:46:56,399 - checks.obstacle.object_processor_base - INFO -     * distance_threshold_m (100m): 2
2026-03-30 20:46:56,399 - checks.obstacle.object_processor_base - INFO -     * relevant_lanes (['ego', 'left', 'right']): 3
2026-03-30 20:46:56,399 - checks.obstacle.object_processor_base - INFO -   - Occlusion filtered: 0
2026-03-30 20:46:56,399 - checks.obstacle.object_processor_base - INFO -   - Processed: 0
2026-03-30 20:46:56,399 - checks.obstacle.object_processor_base - INFO -   - Filtering rates: 62.5% importance, 0.0% occlusion
2026-03-30 20:46:56,404 - checks.obstacle.object_processor_base - INFO - Frame 84 class=vehicle filtering summary:
2026-03-30 20:46:56,404 - checks.obstacle.object_processor_base - INFO -   - Total objects: 32
2026-03-30 20:46:56,404 - checks.obstacle.object_processor_base - INFO -   - Importance filtered: 20
2026-03-30 20:46:56,404 - checks.obstacle.object_processor_base - INFO -     * relevant_lanes (['ego', 'left', 'right']): 9
2026-03-30 20:46:56,404 - checks.obstacle.object_processor_base - INFO -     * distance_threshold_m (100m): 11
2026-03-30 20:46:56,404 - checks.obstacle.object_processor_base - INFO -   - Occlusion filtered: 0
2026-03-30 20:46:56,404 - checks.obstacle.object_processor_base - INFO -   - Processed: 1
2026-03-30 20:46:56,404 - checks.obstacle.object_processor_base - INFO -   - Filtering rates: 62.5% importance, 0.0% occlusion
2026-03-30 20:46:56,425 - checks.obstacle.object_processor_base - INFO - Frame 84: hallucinations {'bicycle': 0, 'motorcycle': 0, 'pedestrian': 0, 'vehicle': 1}
2026-03-30 20:46:56,511 - checks.obstacle.object_processor_base - INFO - Frame processing complete:
2026-03-30 20:46:56,511 - checks.obstacle.object_processor_base - INFO -   - Total video frames: 29
2026-03-30 20:46:56,511 - checks.obstacle.object_processor_base - INFO -   - Frames with object data: 29
2026-03-30 20:46:56,511 - checks.obstacle.object_processor_base - INFO -   - Frames skipped (no objects): 0
2026-03-30 20:46:56,511 - checks.obstacle.object_processor_base - INFO -   - Processing rate: 29/29 (100.0%)
2026-03-30 20:46:56,512 - checks.obstacle.object_processor_base - INFO - Filter configuration:
2026-03-30 20:46:56,514 - checks.obstacle.object_processor_base - INFO -   - Importance filter: distance_threshold=100m, oncoming_obstacles=False, relevant_lanes=['ego', 'left', 'right']
2026-03-30 20:46:57,028 - checks.obstacle.object_processor_base - INFO - ============================================================
2026-03-30 20:46:57,029 - checks.obstacle.object_processor_base - INFO - SCORE MATRIX SUMMARY
2026-03-30 20:46:57,029 - checks.obstacle.object_processor_base - INFO - ============================================================
2026-03-30 20:46:57,029 - checks.obstacle.object_processor_base - INFO - Matrix shape: 29 frames × 40 track IDs
2026-03-30 20:46:57,029 - checks.obstacle.object_processor_base - INFO - Unique track IDs: 40
2026-03-30 20:46:57,029 - checks.obstacle.object_processor_base - INFO - Tracks with valid scores: 1
2026-03-30 20:46:57,029 - checks.obstacle.object_processor_base - INFO - Frames with valid scores: 29
2026-03-30 20:46:57,029 - checks.obstacle.object_processor_base - INFO - Valid scores: 29
2026-03-30 20:46:57,029 - checks.obstacle.object_processor_base - INFO - NaN entries: 1131 (97.5%)
2026-03-30 20:46:57,029 - checks.obstacle.object_processor_base - INFO - Score range: 0.714 - 0.734
2026-03-30 20:46:57,029 - checks.obstacle.object_processor_base - INFO - Mean score: 0.726
2026-03-30 20:46:57,029 - checks.obstacle.object_processor_base - INFO - Std score: 0.004
2026-03-30 20:46:57,029 - checks.obstacle.object_processor_base - INFO - 
Compact Matrix (first 10 frames × first 10 track IDs):
2026-03-30 20:46:57,029 - checks.obstacle.object_processor_base - INFO - Frame\TrackID    0    1    2    3    4    5    6    7    8    9
2026-03-30 20:46:57,029 - checks.obstacle.object_processor_base - INFO -    0  ---  ---  ---  ---  --- 0.73  ---  ---  ---  ---
2026-03-30 20:46:57,029 - checks.obstacle.object_processor_base - INFO -    1  ---  ---  ---  ---  --- 0.73  ---  ---  ---  ---
2026-03-30 20:46:57,029 - checks.obstacle.object_processor_base - INFO -    2  ---  ---  ---  ---  --- 0.73  ---  ---  ---  ---
2026-03-30 20:46:57,029 - checks.obstacle.object_processor_base - INFO -    3  ---  ---  ---  ---  --- 0.73  ---  ---  ---  ---
2026-03-30 20:46:57,029 - checks.obstacle.object_processor_base - INFO -    4  ---  ---  ---  ---  --- 0.72  ---  ---  ---  ---
2026-03-30 20:46:57,029 - checks.obstacle.object_processor_base - INFO -    5  ---  ---  ---  ---  --- 0.72  ---  ---  ---  ---
2026-03-30 20:46:57,029 - checks.obstacle.object_processor_base - INFO -    6  ---  ---  ---  ---  --- 0.72  ---  ---  ---  ---
2026-03-30 20:46:57,029 - checks.obstacle.object_processor_base - INFO -    7  ---  ---  ---  ---  --- 0.73  ---  ---  ---  ---
2026-03-30 20:46:57,029 - checks.obstacle.object_processor_base - INFO -    8  ---  ---  ---  ---  --- 0.73  ---  ---  ---  ---
2026-03-30 20:46:57,029 - checks.obstacle.object_processor_base - INFO -    9  ---  ---  ---  ---  --- 0.73  ---  ---  ---  ---
2026-03-30 20:46:57,029 - checks.obstacle.object_processor_base - INFO - ============================================================
2026-03-30 20:46:57,030 - checks.obstacle.object_processor_base - INFO - Results saved to: /home/adamlin/cosmos-evaluator/output_dir/253b88c7-bfe3-4ec5-8978-84396cbf81d2_1774063994755.dynamic.object.results.json
2026-03-30 20:46:57,030 - checks.obstacle.object_processor_base - INFO - ============================================================
2026-03-30 20:46:57,030 - checks.obstacle.object_processor_base - INFO - PERFORMANCE PROFILING SUMMARY
2026-03-30 20:46:57,030 - checks.obstacle.object_processor_base - INFO - ============================================================
2026-03-30 20:46:57,030 - checks.obstacle.object_processor_base - INFO - scene_rasterization:
2026-03-30 20:46:57,030 - checks.obstacle.object_processor_base - INFO -   Total: 833.186s (98.5%)
2026-03-30 20:46:57,030 - checks.obstacle.object_processor_base - INFO -   Average: 28.731s
2026-03-30 20:46:57,030 - checks.obstacle.object_processor_base - INFO -   Count: 29
2026-03-30 20:46:57,030 - checks.obstacle.object_processor_base - INFO -   Range: 27.676s - 39.751s
2026-03-30 20:46:57,030 - checks.obstacle.object_processor_base - INFO - segmentation:
2026-03-30 20:46:57,030 - checks.obstacle.object_processor_base - INFO -   Total: 9.090s (1.1%)
2026-03-30 20:46:57,030 - checks.obstacle.object_processor_base - INFO -   Average: 0.313s
2026-03-30 20:46:57,030 - checks.obstacle.object_processor_base - INFO -   Count: 29
2026-03-30 20:46:57,030 - checks.obstacle.object_processor_base - INFO -   Range: 0.236s - 0.807s
2026-03-30 20:46:57,030 - checks.obstacle.object_processor_base - INFO - visualization:
2026-03-30 20:46:57,030 - checks.obstacle.object_processor_base - INFO -   Total: 1.732s (0.2%)
2026-03-30 20:46:57,030 - checks.obstacle.object_processor_base - INFO -   Average: 0.060s
2026-03-30 20:46:57,030 - checks.obstacle.object_processor_base - INFO -   Count: 29
2026-03-30 20:46:57,030 - checks.obstacle.object_processor_base - INFO -   Range: 0.048s - 0.088s
2026-03-30 20:46:57,030 - checks.obstacle.object_processor_base - INFO - data_loader_init:
2026-03-30 20:46:57,030 - checks.obstacle.object_processor_base - INFO -   Total: 0.618s (0.1%)
2026-03-30 20:46:57,030 - checks.obstacle.object_processor_base - INFO -   Average: 0.618s
2026-03-30 20:46:57,030 - checks.obstacle.object_processor_base - INFO -   Count: 1
2026-03-30 20:46:57,030 - checks.obstacle.object_processor_base - INFO -   Range: 0.618s - 0.618s
2026-03-30 20:46:57,030 - checks.obstacle.object_processor_base - INFO - hallucination_detection:
2026-03-30 20:46:57,030 - checks.obstacle.object_processor_base - INFO -   Total: 0.581s (0.1%)
2026-03-30 20:46:57,030 - checks.obstacle.object_processor_base - INFO -   Average: 0.020s
2026-03-30 20:46:57,031 - checks.obstacle.object_processor_base - INFO -   Count: 29
2026-03-30 20:46:57,031 - checks.obstacle.object_processor_base - INFO -   Range: 0.019s - 0.023s
2026-03-30 20:46:57,031 - checks.obstacle.object_processor_base - INFO - 
Total processing time: 845.988s
2026-03-30 20:46:57,031 - checks.obstacle.object_processor_base - INFO - ============================================================
2026-03-30 20:46:57,031 - checks.obstacle.object_processor_base - INFO - Processing complete. Mean correspondence score: 0.726
