2026-03-30 21:12:09,271 - checks.obstacle.object_processor_base - INFO - Logging to file: /home/adamlin/cosmos-evaluator/output_dir/253b88c7-bfe3-4ec5-8978-84396cbf81d2_1774063994755.dynamic.object.log
2026-03-30 21:12:11,936 - checks.obstacle.object_processor_base - INFO - Hallucination detector enabled
2026-03-30 21:12:11,936 - checks.obstacle.object_processor_base - INFO - Loading data for clip 253b88c7-bfe3-4ec5-8978-84396cbf81d2_1774063994755
2026-03-30 21:12:12,581 - checks.obstacle.object_processor_base - INFO - Loaded 88 ego-reference poses from 'front_center' for importance filtering (evaluation camera: 'front_right')
2026-03-30 21:12:12,638 - checks.obstacle.object_processor_base - INFO - Original video frames: 29
2026-03-30 21:12:12,638 - checks.obstacle.object_processor_base - INFO - Video FPS: 10.0
2026-03-30 21:12:12,638 - checks.obstacle.object_processor_base - INFO - Frame skip: 1
2026-03-30 21:12:12,638 - checks.obstacle.object_processor_base - INFO - Target (object/pose) FPS: 30.0
2026-03-30 21:12:13,101 - checks.obstacle.object_processor_base - INFO - Starting frame processing
2026-03-30 21:12:13,105 - checks.obstacle.object_processor_base - INFO - Video dataloader length: 29
2026-03-30 21:12:13,105 - checks.obstacle.object_processor_base - INFO - Camera poses available: 88
2026-03-30 21:12:13,156 - checks.obstacle.object_processor_base - INFO - Processing frame video_idx=0 -> mapped_idx=0 / 87 (objects: 40)
2026-03-30 21:12:13,156 - checks.obstacle.object_processor_base - INFO - Frame video_idx=0 mapped_idx=0: ego position in world =(-0.6, 0.5, 1.7)
2026-03-30 21:12:13,156 - checks.obstacle.object_processor_base - INFO - Frame video_idx=0 mapped_idx=0: camera RPY=(-82.8, 74.3, -170.3)
2026-03-30 21:13:02,425 - checks.obstacle.object_processor_base - INFO - Frame 0 class=motorcycle filtering summary:
2026-03-30 21:13:02,426 - checks.obstacle.object_processor_base - INFO -   - Total objects: 8
2026-03-30 21:13:02,426 - checks.obstacle.object_processor_base - INFO -   - Importance filtered: 5
2026-03-30 21:13:02,426 - checks.obstacle.object_processor_base - INFO -     * relevant_lanes (['ego', 'left', 'right']): 3
2026-03-30 21:13:02,426 - checks.obstacle.object_processor_base - INFO -     * distance_threshold_m (100m): 2
2026-03-30 21:13:02,426 - checks.obstacle.object_processor_base - INFO -   - Occlusion filtered: 0
2026-03-30 21:13:02,426 - checks.obstacle.object_processor_base - INFO -   - Processed: 0
2026-03-30 21:13:02,426 - checks.obstacle.object_processor_base - INFO -   - Filtering rates: 62.5% importance, 0.0% occlusion
2026-03-30 21:13:02,430 - checks.obstacle.object_processor_base - INFO - Frame 0 class=vehicle filtering summary:
2026-03-30 21:13:02,430 - checks.obstacle.object_processor_base - INFO -   - Total objects: 32
2026-03-30 21:13:02,430 - checks.obstacle.object_processor_base - INFO -   - Importance filtered: 20
2026-03-30 21:13:02,430 - checks.obstacle.object_processor_base - INFO -     * relevant_lanes (['ego', 'left', 'right']): 9
2026-03-30 21:13:02,430 - checks.obstacle.object_processor_base - INFO -     * distance_threshold_m (100m): 11
2026-03-30 21:13:02,430 - checks.obstacle.object_processor_base - INFO -   - Occlusion filtered: 0
2026-03-30 21:13:02,430 - checks.obstacle.object_processor_base - INFO -   - Processed: 0
2026-03-30 21:13:02,431 - checks.obstacle.object_processor_base - INFO -   - Filtering rates: 62.5% importance, 0.0% occlusion
2026-03-30 21:13:02,450 - checks.obstacle.object_processor_base - INFO - Frame 0: hallucinations {'bicycle': 0, 'motorcycle': 0, 'pedestrian': 1, 'vehicle': 0}
2026-03-30 21:13:02,603 - checks.obstacle.object_processor_base - INFO - Processing frame video_idx=1 -> mapped_idx=3 / 87 (objects: 40)
2026-03-30 21:13:02,603 - checks.obstacle.object_processor_base - INFO - Frame video_idx=1 mapped_idx=3: ego position in world =(-0.8, -0.3, 1.7)
2026-03-30 21:13:02,603 - checks.obstacle.object_processor_base - INFO - Frame video_idx=1 mapped_idx=3: camera RPY=(-82.8, 74.2, -170.3)
2026-03-30 21:13:41,430 - checks.obstacle.object_processor_base - INFO - Frame 3 class=motorcycle filtering summary:
2026-03-30 21:13:41,430 - checks.obstacle.object_processor_base - INFO -   - Total objects: 8
2026-03-30 21:13:41,430 - checks.obstacle.object_processor_base - INFO -   - Importance filtered: 5
2026-03-30 21:13:41,430 - checks.obstacle.object_processor_base - INFO -     * relevant_lanes (['ego', 'left', 'right']): 3
2026-03-30 21:13:41,430 - checks.obstacle.object_processor_base - INFO -     * distance_threshold_m (100m): 2
2026-03-30 21:13:41,430 - checks.obstacle.object_processor_base - INFO -   - Occlusion filtered: 0
2026-03-30 21:13:41,430 - checks.obstacle.object_processor_base - INFO -   - Processed: 0
2026-03-30 21:13:41,430 - checks.obstacle.object_processor_base - INFO -   - Filtering rates: 62.5% importance, 0.0% occlusion
2026-03-30 21:13:41,434 - checks.obstacle.object_processor_base - INFO - Frame 3 class=vehicle filtering summary:
2026-03-30 21:13:41,434 - checks.obstacle.object_processor_base - INFO -   - Total objects: 32
2026-03-30 21:13:41,434 - checks.obstacle.object_processor_base - INFO -   - Importance filtered: 20
2026-03-30 21:13:41,434 - checks.obstacle.object_processor_base - INFO -     * relevant_lanes (['ego', 'left', 'right']): 9
2026-03-30 21:13:41,434 - checks.obstacle.object_processor_base - INFO -     * distance_threshold_m (100m): 11
2026-03-30 21:13:41,434 - checks.obstacle.object_processor_base - INFO -   - Occlusion filtered: 0
2026-03-30 21:13:41,434 - checks.obstacle.object_processor_base - INFO -   - Processed: 0
2026-03-30 21:13:41,434 - checks.obstacle.object_processor_base - INFO -   - Filtering rates: 62.5% importance, 0.0% occlusion
2026-03-30 21:13:41,454 - checks.obstacle.object_processor_base - INFO - Frame 3: hallucinations {'bicycle': 0, 'motorcycle': 0, 'pedestrian': 1, 'vehicle': 0}
2026-03-30 21:13:41,569 - checks.obstacle.object_processor_base - INFO - Processing frame video_idx=2 -> mapped_idx=6 / 87 (objects: 40)
2026-03-30 21:13:41,569 - checks.obstacle.object_processor_base - INFO - Frame video_idx=2 mapped_idx=6: ego position in world =(-1.0, -1.0, 1.7)
2026-03-30 21:13:41,569 - checks.obstacle.object_processor_base - INFO - Frame video_idx=2 mapped_idx=6: camera RPY=(-82.8, 74.2, -170.2)
2026-03-30 21:14:20,053 - checks.obstacle.object_processor_base - INFO - Frame 6 class=motorcycle filtering summary:
2026-03-30 21:14:20,053 - checks.obstacle.object_processor_base - INFO -   - Total objects: 8
2026-03-30 21:14:20,053 - checks.obstacle.object_processor_base - INFO -   - Importance filtered: 5
2026-03-30 21:14:20,053 - checks.obstacle.object_processor_base - INFO -     * relevant_lanes (['ego', 'left', 'right']): 3
2026-03-30 21:14:20,053 - checks.obstacle.object_processor_base - INFO -     * distance_threshold_m (100m): 2
2026-03-30 21:14:20,053 - checks.obstacle.object_processor_base - INFO -   - Occlusion filtered: 0
2026-03-30 21:14:20,053 - checks.obstacle.object_processor_base - INFO -   - Processed: 0
2026-03-30 21:14:20,053 - checks.obstacle.object_processor_base - INFO -   - Filtering rates: 62.5% importance, 0.0% occlusion
2026-03-30 21:14:20,057 - checks.obstacle.object_processor_base - INFO - Frame 6 class=vehicle filtering summary:
2026-03-30 21:14:20,058 - checks.obstacle.object_processor_base - INFO -   - Total objects: 32
2026-03-30 21:14:20,058 - checks.obstacle.object_processor_base - INFO -   - Importance filtered: 20
2026-03-30 21:14:20,058 - checks.obstacle.object_processor_base - INFO -     * relevant_lanes (['ego', 'left', 'right']): 9
2026-03-30 21:14:20,058 - checks.obstacle.object_processor_base - INFO -     * distance_threshold_m (100m): 11
2026-03-30 21:14:20,058 - checks.obstacle.object_processor_base - INFO -   - Occlusion filtered: 0
2026-03-30 21:14:20,058 - checks.obstacle.object_processor_base - INFO -   - Processed: 0
2026-03-30 21:14:20,058 - checks.obstacle.object_processor_base - INFO -   - Filtering rates: 62.5% importance, 0.0% occlusion
2026-03-30 21:14:20,079 - checks.obstacle.object_processor_base - INFO - Frame 6: hallucinations {'bicycle': 0, 'motorcycle': 0, 'pedestrian': 1, 'vehicle': 0}
2026-03-30 21:14:20,181 - checks.obstacle.object_processor_base - INFO - Processing frame video_idx=3 -> mapped_idx=9 / 87 (objects: 40)
2026-03-30 21:14:20,181 - checks.obstacle.object_processor_base - INFO - Frame video_idx=3 mapped_idx=9: ego position in world =(-1.2, -1.7, 1.7)
2026-03-30 21:14:20,181 - checks.obstacle.object_processor_base - INFO - Frame video_idx=3 mapped_idx=9: camera RPY=(-82.8, 74.2, -170.2)
2026-03-30 21:14:58,110 - checks.obstacle.object_processor_base - INFO - Frame 9 class=motorcycle filtering summary:
2026-03-30 21:14:58,110 - checks.obstacle.object_processor_base - INFO -   - Total objects: 8
2026-03-30 21:14:58,110 - checks.obstacle.object_processor_base - INFO -   - Importance filtered: 5
2026-03-30 21:14:58,110 - checks.obstacle.object_processor_base - INFO -     * relevant_lanes (['ego', 'left', 'right']): 3
2026-03-30 21:14:58,110 - checks.obstacle.object_processor_base - INFO -     * distance_threshold_m (100m): 2
2026-03-30 21:14:58,110 - checks.obstacle.object_processor_base - INFO -   - Occlusion filtered: 0
2026-03-30 21:14:58,110 - checks.obstacle.object_processor_base - INFO -   - Processed: 0
2026-03-30 21:14:58,110 - checks.obstacle.object_processor_base - INFO -   - Filtering rates: 62.5% importance, 0.0% occlusion
2026-03-30 21:14:58,115 - checks.obstacle.object_processor_base - INFO - Frame 9 class=vehicle filtering summary:
2026-03-30 21:14:58,115 - checks.obstacle.object_processor_base - INFO -   - Total objects: 32
2026-03-30 21:14:58,115 - checks.obstacle.object_processor_base - INFO -   - Importance filtered: 20
2026-03-30 21:14:58,115 - checks.obstacle.object_processor_base - INFO -     * relevant_lanes (['ego', 'left', 'right']): 9
2026-03-30 21:14:58,115 - checks.obstacle.object_processor_base - INFO -     * distance_threshold_m (100m): 11
2026-03-30 21:14:58,115 - checks.obstacle.object_processor_base - INFO -   - Occlusion filtered: 0
2026-03-30 21:14:58,115 - checks.obstacle.object_processor_base - INFO -   - Processed: 0
2026-03-30 21:14:58,115 - checks.obstacle.object_processor_base - INFO -   - Filtering rates: 62.5% importance, 0.0% occlusion
2026-03-30 21:14:58,135 - checks.obstacle.object_processor_base - INFO - Frame 9: hallucinations {'bicycle': 0, 'motorcycle': 0, 'pedestrian': 1, 'vehicle': 0}
2026-03-30 21:14:58,236 - checks.obstacle.object_processor_base - INFO - Processing frame video_idx=4 -> mapped_idx=12 / 87 (objects: 40)
2026-03-30 21:14:58,236 - checks.obstacle.object_processor_base - INFO - Frame video_idx=4 mapped_idx=12: ego position in world =(-1.4, -2.3, 1.7)
2026-03-30 21:14:58,236 - checks.obstacle.object_processor_base - INFO - Frame video_idx=4 mapped_idx=12: camera RPY=(-82.6, 74.2, -170.0)
2026-03-30 21:15:36,383 - checks.obstacle.object_processor_base - INFO - Frame 12 class=motorcycle filtering summary:
2026-03-30 21:15:36,383 - checks.obstacle.object_processor_base - INFO -   - Total objects: 8
2026-03-30 21:15:36,383 - checks.obstacle.object_processor_base - INFO -   - Importance filtered: 5
2026-03-30 21:15:36,383 - checks.obstacle.object_processor_base - INFO -     * distance_threshold_m (100m): 2
2026-03-30 21:15:36,383 - checks.obstacle.object_processor_base - INFO -     * relevant_lanes (['ego', 'left', 'right']): 3
2026-03-30 21:15:36,383 - checks.obstacle.object_processor_base - INFO -   - Occlusion filtered: 0
2026-03-30 21:15:36,383 - checks.obstacle.object_processor_base - INFO -   - Processed: 0
2026-03-30 21:15:36,383 - checks.obstacle.object_processor_base - INFO -   - Filtering rates: 62.5% importance, 0.0% occlusion
2026-03-30 21:15:36,388 - checks.obstacle.object_processor_base - INFO - Frame 12 class=vehicle filtering summary:
2026-03-30 21:15:36,388 - checks.obstacle.object_processor_base - INFO -   - Total objects: 32
2026-03-30 21:15:36,388 - checks.obstacle.object_processor_base - INFO -   - Importance filtered: 20
2026-03-30 21:15:36,388 - checks.obstacle.object_processor_base - INFO -     * distance_threshold_m (100m): 11
2026-03-30 21:15:36,388 - checks.obstacle.object_processor_base - INFO -     * relevant_lanes (['ego', 'left', 'right']): 9
2026-03-30 21:15:36,388 - checks.obstacle.object_processor_base - INFO -   - Occlusion filtered: 0
2026-03-30 21:15:36,388 - checks.obstacle.object_processor_base - INFO -   - Processed: 0
2026-03-30 21:15:36,388 - checks.obstacle.object_processor_base - INFO -   - Filtering rates: 62.5% importance, 0.0% occlusion
2026-03-30 21:15:36,408 - checks.obstacle.object_processor_base - INFO - Frame 12: hallucinations {'bicycle': 0, 'motorcycle': 0, 'pedestrian': 1, 'vehicle': 0}
2026-03-30 21:15:36,514 - checks.obstacle.object_processor_base - INFO - Processing frame video_idx=5 -> mapped_idx=15 / 87 (objects: 40)
2026-03-30 21:15:36,514 - checks.obstacle.object_processor_base - INFO - Frame video_idx=5 mapped_idx=15: ego position in world =(-1.5, -3.0, 1.7)
2026-03-30 21:15:36,514 - checks.obstacle.object_processor_base - INFO - Frame video_idx=5 mapped_idx=15: camera RPY=(-82.3, 74.1, -169.7)
2026-03-30 21:16:14,647 - checks.obstacle.object_processor_base - INFO - Frame 15 class=motorcycle filtering summary:
2026-03-30 21:16:14,647 - checks.obstacle.object_processor_base - INFO -   - Total objects: 8
2026-03-30 21:16:14,647 - checks.obstacle.object_processor_base - INFO -   - Importance filtered: 5
2026-03-30 21:16:14,647 - checks.obstacle.object_processor_base - INFO -     * relevant_lanes (['ego', 'left', 'right']): 3
2026-03-30 21:16:14,647 - checks.obstacle.object_processor_base - INFO -     * distance_threshold_m (100m): 2
2026-03-30 21:16:14,647 - checks.obstacle.object_processor_base - INFO -   - Occlusion filtered: 0
2026-03-30 21:16:14,647 - checks.obstacle.object_processor_base - INFO -   - Processed: 0
2026-03-30 21:16:14,647 - checks.obstacle.object_processor_base - INFO -   - Filtering rates: 62.5% importance, 0.0% occlusion
2026-03-30 21:16:14,652 - checks.obstacle.object_processor_base - INFO - Frame 15 class=vehicle filtering summary:
2026-03-30 21:16:14,652 - checks.obstacle.object_processor_base - INFO -   - Total objects: 32
2026-03-30 21:16:14,652 - checks.obstacle.object_processor_base - INFO -   - Importance filtered: 20
2026-03-30 21:16:14,652 - checks.obstacle.object_processor_base - INFO -     * relevant_lanes (['ego', 'left', 'right']): 9
2026-03-30 21:16:14,652 - checks.obstacle.object_processor_base - INFO -     * distance_threshold_m (100m): 11
2026-03-30 21:16:14,652 - checks.obstacle.object_processor_base - INFO -   - Occlusion filtered: 0
2026-03-30 21:16:14,652 - checks.obstacle.object_processor_base - INFO -   - Processed: 0
2026-03-30 21:16:14,652 - checks.obstacle.object_processor_base - INFO -   - Filtering rates: 62.5% importance, 0.0% occlusion
2026-03-30 21:16:14,672 - checks.obstacle.object_processor_base - INFO - Frame 15: hallucinations {'bicycle': 0, 'motorcycle': 0, 'pedestrian': 0, 'vehicle': 0}
2026-03-30 21:16:14,779 - checks.obstacle.object_processor_base - INFO - Processing frame video_idx=6 -> mapped_idx=18 / 87 (objects: 40)
2026-03-30 21:16:14,779 - checks.obstacle.object_processor_base - INFO - Frame video_idx=6 mapped_idx=18: ego position in world =(-1.7, -3.6, 1.7)
2026-03-30 21:16:14,779 - checks.obstacle.object_processor_base - INFO - Frame video_idx=6 mapped_idx=18: camera RPY=(-82.1, 74.1, -169.5)
2026-03-30 21:16:51,871 - checks.obstacle.object_processor_base - INFO - Frame 18 class=motorcycle filtering summary:
2026-03-30 21:16:51,872 - checks.obstacle.object_processor_base - INFO -   - Total objects: 8
2026-03-30 21:16:51,872 - checks.obstacle.object_processor_base - INFO -   - Importance filtered: 5
2026-03-30 21:16:51,872 - checks.obstacle.object_processor_base - INFO -     * distance_threshold_m (100m): 2
2026-03-30 21:16:51,872 - checks.obstacle.object_processor_base - INFO -     * relevant_lanes (['ego', 'left', 'right']): 3
2026-03-30 21:16:51,872 - checks.obstacle.object_processor_base - INFO -   - Occlusion filtered: 0
2026-03-30 21:16:51,872 - checks.obstacle.object_processor_base - INFO -   - Processed: 0
2026-03-30 21:16:51,872 - checks.obstacle.object_processor_base - INFO -   - Filtering rates: 62.5% importance, 0.0% occlusion
2026-03-30 21:16:51,876 - checks.obstacle.object_processor_base - INFO - Frame 18 class=vehicle filtering summary:
2026-03-30 21:16:51,876 - checks.obstacle.object_processor_base - INFO -   - Total objects: 32
2026-03-30 21:16:51,876 - checks.obstacle.object_processor_base - INFO -   - Importance filtered: 20
2026-03-30 21:16:51,876 - checks.obstacle.object_processor_base - INFO -     * relevant_lanes (['ego', 'left', 'right']): 9
2026-03-30 21:16:51,876 - checks.obstacle.object_processor_base - INFO -     * distance_threshold_m (100m): 11
2026-03-30 21:16:51,876 - checks.obstacle.object_processor_base - INFO -   - Occlusion filtered: 0
2026-03-30 21:16:51,876 - checks.obstacle.object_processor_base - INFO -   - Processed: 0
2026-03-30 21:16:51,876 - checks.obstacle.object_processor_base - INFO -   - Filtering rates: 62.5% importance, 0.0% occlusion
2026-03-30 21:16:51,896 - checks.obstacle.object_processor_base - INFO - Frame 18: hallucinations {'bicycle': 0, 'motorcycle': 0, 'pedestrian': 0, 'vehicle': 0}
2026-03-30 21:16:51,982 - checks.obstacle.object_processor_base - INFO - Processing frame video_idx=7 -> mapped_idx=21 / 87 (objects: 40)
2026-03-30 21:16:51,982 - checks.obstacle.object_processor_base - INFO - Frame video_idx=7 mapped_idx=21: ego position in world =(-1.8, -4.1, 1.7)
2026-03-30 21:16:51,982 - checks.obstacle.object_processor_base - INFO - Frame video_idx=7 mapped_idx=21: camera RPY=(-81.7, 74.1, -169.3)
2026-03-30 21:17:29,375 - checks.obstacle.object_processor_base - INFO - Frame 21 class=motorcycle filtering summary:
2026-03-30 21:17:29,376 - checks.obstacle.object_processor_base - INFO -   - Total objects: 8
2026-03-30 21:17:29,376 - checks.obstacle.object_processor_base - INFO -   - Importance filtered: 5
2026-03-30 21:17:29,376 - checks.obstacle.object_processor_base - INFO -     * relevant_lanes (['ego', 'left', 'right']): 3
2026-03-30 21:17:29,376 - checks.obstacle.object_processor_base - INFO -     * distance_threshold_m (100m): 2
2026-03-30 21:17:29,376 - checks.obstacle.object_processor_base - INFO -   - Occlusion filtered: 0
2026-03-30 21:17:29,376 - checks.obstacle.object_processor_base - INFO -   - Processed: 0
2026-03-30 21:17:29,376 - checks.obstacle.object_processor_base - INFO -   - Filtering rates: 62.5% importance, 0.0% occlusion
2026-03-30 21:17:29,380 - checks.obstacle.object_processor_base - INFO - Frame 21 class=vehicle filtering summary:
2026-03-30 21:17:29,380 - checks.obstacle.object_processor_base - INFO -   - Total objects: 32
2026-03-30 21:17:29,380 - checks.obstacle.object_processor_base - INFO -   - Importance filtered: 20
2026-03-30 21:17:29,380 - checks.obstacle.object_processor_base - INFO -     * relevant_lanes (['ego', 'left', 'right']): 9
2026-03-30 21:17:29,380 - checks.obstacle.object_processor_base - INFO -     * distance_threshold_m (100m): 11
2026-03-30 21:17:29,380 - checks.obstacle.object_processor_base - INFO -   - Occlusion filtered: 0
2026-03-30 21:17:29,380 - checks.obstacle.object_processor_base - INFO -   - Processed: 0
2026-03-30 21:17:29,380 - checks.obstacle.object_processor_base - INFO -   - Filtering rates: 62.5% importance, 0.0% occlusion
2026-03-30 21:17:29,399 - checks.obstacle.object_processor_base - INFO - Frame 21: hallucinations {'bicycle': 0, 'motorcycle': 0, 'pedestrian': 1, 'vehicle': 0}
2026-03-30 21:17:29,511 - checks.obstacle.object_processor_base - INFO - Processing frame video_idx=8 -> mapped_idx=24 / 87 (objects: 40)
2026-03-30 21:17:29,511 - checks.obstacle.object_processor_base - INFO - Frame video_idx=8 mapped_idx=24: ego position in world =(-2.0, -4.7, 1.7)
2026-03-30 21:17:29,511 - checks.obstacle.object_processor_base - INFO - Frame video_idx=8 mapped_idx=24: camera RPY=(-81.7, 74.1, -169.2)
2026-03-30 21:18:06,883 - checks.obstacle.object_processor_base - INFO - Frame 24 class=motorcycle filtering summary:
2026-03-30 21:18:06,883 - checks.obstacle.object_processor_base - INFO -   - Total objects: 8
2026-03-30 21:18:06,883 - checks.obstacle.object_processor_base - INFO -   - Importance filtered: 5
2026-03-30 21:18:06,883 - checks.obstacle.object_processor_base - INFO -     * distance_threshold_m (100m): 2
2026-03-30 21:18:06,883 - checks.obstacle.object_processor_base - INFO -     * relevant_lanes (['ego', 'left', 'right']): 3
2026-03-30 21:18:06,883 - checks.obstacle.object_processor_base - INFO -   - Occlusion filtered: 0
2026-03-30 21:18:06,883 - checks.obstacle.object_processor_base - INFO -   - Processed: 0
2026-03-30 21:18:06,883 - checks.obstacle.object_processor_base - INFO -   - Filtering rates: 62.5% importance, 0.0% occlusion
2026-03-30 21:18:06,888 - checks.obstacle.object_processor_base - INFO - Frame 24 class=vehicle filtering summary:
2026-03-30 21:18:06,888 - checks.obstacle.object_processor_base - INFO -   - Total objects: 32
2026-03-30 21:18:06,888 - checks.obstacle.object_processor_base - INFO -   - Importance filtered: 20
2026-03-30 21:18:06,888 - checks.obstacle.object_processor_base - INFO -     * relevant_lanes (['ego', 'left', 'right']): 9
2026-03-30 21:18:06,888 - checks.obstacle.object_processor_base - INFO -     * distance_threshold_m (100m): 11
2026-03-30 21:18:06,888 - checks.obstacle.object_processor_base - INFO -   - Occlusion filtered: 0
2026-03-30 21:18:06,888 - checks.obstacle.object_processor_base - INFO -   - Processed: 0
2026-03-30 21:18:06,888 - checks.obstacle.object_processor_base - INFO -   - Filtering rates: 62.5% importance, 0.0% occlusion
2026-03-30 21:18:06,908 - checks.obstacle.object_processor_base - INFO - Frame 24: hallucinations {'bicycle': 0, 'motorcycle': 0, 'pedestrian': 1, 'vehicle': 0}
2026-03-30 21:18:07,012 - checks.obstacle.object_processor_base - INFO - Processing frame video_idx=9 -> mapped_idx=27 / 87 (objects: 40)
2026-03-30 21:18:07,012 - checks.obstacle.object_processor_base - INFO - Frame video_idx=9 mapped_idx=27: ego position in world =(-2.1, -5.2, 1.7)
2026-03-30 21:18:07,012 - checks.obstacle.object_processor_base - INFO - Frame video_idx=9 mapped_idx=27: camera RPY=(-81.9, 74.1, -169.4)
2026-03-30 21:18:45,653 - checks.obstacle.object_processor_base - INFO - Frame 27 class=motorcycle filtering summary:
2026-03-30 21:18:45,653 - checks.obstacle.object_processor_base - INFO -   - Total objects: 8
2026-03-30 21:18:45,653 - checks.obstacle.object_processor_base - INFO -   - Importance filtered: 5
2026-03-30 21:18:45,653 - checks.obstacle.object_processor_base - INFO -     * relevant_lanes (['ego', 'left', 'right']): 3
2026-03-30 21:18:45,653 - checks.obstacle.object_processor_base - INFO -     * distance_threshold_m (100m): 2
2026-03-30 21:18:45,653 - checks.obstacle.object_processor_base - INFO -   - Occlusion filtered: 0
2026-03-30 21:18:45,653 - checks.obstacle.object_processor_base - INFO -   - Processed: 0
2026-03-30 21:18:45,653 - checks.obstacle.object_processor_base - INFO -   - Filtering rates: 62.5% importance, 0.0% occlusion
2026-03-30 21:18:45,659 - checks.obstacle.object_processor_base - INFO - Frame 27 class=vehicle filtering summary:
2026-03-30 21:18:45,659 - checks.obstacle.object_processor_base - INFO -   - Total objects: 32
2026-03-30 21:18:45,659 - checks.obstacle.object_processor_base - INFO -   - Importance filtered: 20
2026-03-30 21:18:45,659 - checks.obstacle.object_processor_base - INFO -     * relevant_lanes (['ego', 'left', 'right']): 9
2026-03-30 21:18:45,659 - checks.obstacle.object_processor_base - INFO -     * distance_threshold_m (100m): 11
2026-03-30 21:18:45,659 - checks.obstacle.object_processor_base - INFO -   - Occlusion filtered: 0
2026-03-30 21:18:45,659 - checks.obstacle.object_processor_base - INFO -   - Processed: 0
2026-03-30 21:18:45,659 - checks.obstacle.object_processor_base - INFO -   - Filtering rates: 62.5% importance, 0.0% occlusion
2026-03-30 21:18:45,681 - checks.obstacle.object_processor_base - INFO - Frame 27: hallucinations {'bicycle': 0, 'motorcycle': 0, 'pedestrian': 0, 'vehicle': 0}
2026-03-30 21:18:45,812 - checks.obstacle.object_processor_base - INFO - Processing frame video_idx=10 -> mapped_idx=30 / 87 (objects: 40)
2026-03-30 21:18:45,812 - checks.obstacle.object_processor_base - INFO - Frame video_idx=10 mapped_idx=30: ego position in world =(-2.3, -5.7, 1.7)
2026-03-30 21:18:45,812 - checks.obstacle.object_processor_base - INFO - Frame video_idx=10 mapped_idx=30: camera RPY=(-83.0, 74.2, -170.5)
2026-03-30 21:19:23,933 - checks.obstacle.object_processor_base - INFO - Frame 30 class=motorcycle filtering summary:
2026-03-30 21:19:23,933 - checks.obstacle.object_processor_base - INFO -   - Total objects: 8
2026-03-30 21:19:23,933 - checks.obstacle.object_processor_base - INFO -   - Importance filtered: 5
2026-03-30 21:19:23,933 - checks.obstacle.object_processor_base - INFO -     * distance_threshold_m (100m): 2
2026-03-30 21:19:23,933 - checks.obstacle.object_processor_base - INFO -     * relevant_lanes (['ego', 'left', 'right']): 3
2026-03-30 21:19:23,933 - checks.obstacle.object_processor_base - INFO -   - Occlusion filtered: 0
2026-03-30 21:19:23,933 - checks.obstacle.object_processor_base - INFO -   - Processed: 0
2026-03-30 21:19:23,933 - checks.obstacle.object_processor_base - INFO -   - Filtering rates: 62.5% importance, 0.0% occlusion
2026-03-30 21:19:23,937 - checks.obstacle.object_processor_base - INFO - Frame 30 class=vehicle filtering summary:
2026-03-30 21:19:23,937 - checks.obstacle.object_processor_base - INFO -   - Total objects: 32
2026-03-30 21:19:23,937 - checks.obstacle.object_processor_base - INFO -   - Importance filtered: 20
2026-03-30 21:19:23,937 - checks.obstacle.object_processor_base - INFO -     * relevant_lanes (['ego', 'left', 'right']): 9
2026-03-30 21:19:23,937 - checks.obstacle.object_processor_base - INFO -     * distance_threshold_m (100m): 11
2026-03-30 21:19:23,937 - checks.obstacle.object_processor_base - INFO -   - Occlusion filtered: 0
2026-03-30 21:19:23,937 - checks.obstacle.object_processor_base - INFO -   - Processed: 0
2026-03-30 21:19:23,937 - checks.obstacle.object_processor_base - INFO -   - Filtering rates: 62.5% importance, 0.0% occlusion
2026-03-30 21:19:23,957 - checks.obstacle.object_processor_base - INFO - Frame 30: hallucinations {'bicycle': 1, 'motorcycle': 0, 'pedestrian': 0, 'vehicle': 0}
2026-03-30 21:19:24,066 - checks.obstacle.object_processor_base - INFO - Processing frame video_idx=11 -> mapped_idx=33 / 87 (objects: 40)
2026-03-30 21:19:24,066 - checks.obstacle.object_processor_base - INFO - Frame video_idx=11 mapped_idx=33: ego position in world =(-2.4, -6.1, 1.7)
2026-03-30 21:19:24,066 - checks.obstacle.object_processor_base - INFO - Frame video_idx=11 mapped_idx=33: camera RPY=(-82.9, 74.1, -170.4)
2026-03-30 21:20:01,634 - checks.obstacle.object_processor_base - INFO - Frame 33 class=motorcycle filtering summary:
2026-03-30 21:20:01,634 - checks.obstacle.object_processor_base - INFO -   - Total objects: 8
2026-03-30 21:20:01,634 - checks.obstacle.object_processor_base - INFO -   - Importance filtered: 5
2026-03-30 21:20:01,634 - checks.obstacle.object_processor_base - INFO -     * relevant_lanes (['ego', 'left', 'right']): 3
2026-03-30 21:20:01,634 - checks.obstacle.object_processor_base - INFO -     * distance_threshold_m (100m): 2
2026-03-30 21:20:01,634 - checks.obstacle.object_processor_base - INFO -   - Occlusion filtered: 0
2026-03-30 21:20:01,634 - checks.obstacle.object_processor_base - INFO -   - Processed: 0
2026-03-30 21:20:01,634 - checks.obstacle.object_processor_base - INFO -   - Filtering rates: 62.5% importance, 0.0% occlusion
2026-03-30 21:20:01,639 - checks.obstacle.object_processor_base - INFO - Frame 33 class=vehicle filtering summary:
2026-03-30 21:20:01,639 - checks.obstacle.object_processor_base - INFO -   - Total objects: 32
2026-03-30 21:20:01,639 - checks.obstacle.object_processor_base - INFO -   - Importance filtered: 20
2026-03-30 21:20:01,639 - checks.obstacle.object_processor_base - INFO -     * relevant_lanes (['ego', 'left', 'right']): 9
2026-03-30 21:20:01,639 - checks.obstacle.object_processor_base - INFO -     * distance_threshold_m (100m): 11
2026-03-30 21:20:01,639 - checks.obstacle.object_processor_base - INFO -   - Occlusion filtered: 0
2026-03-30 21:20:01,639 - checks.obstacle.object_processor_base - INFO -   - Processed: 0
2026-03-30 21:20:01,639 - checks.obstacle.object_processor_base - INFO -   - Filtering rates: 62.5% importance, 0.0% occlusion
2026-03-30 21:20:01,660 - checks.obstacle.object_processor_base - INFO - Frame 33: hallucinations {'bicycle': 0, 'motorcycle': 0, 'pedestrian': 1, 'vehicle': 0}
2026-03-30 21:20:01,770 - checks.obstacle.object_processor_base - INFO - Processing frame video_idx=12 -> mapped_idx=36 / 87 (objects: 40)
2026-03-30 21:20:01,770 - checks.obstacle.object_processor_base - INFO - Frame video_idx=12 mapped_idx=36: ego position in world =(-2.5, -6.6, 1.7)
2026-03-30 21:20:01,770 - checks.obstacle.object_processor_base - INFO - Frame video_idx=12 mapped_idx=36: camera RPY=(-82.9, 74.1, -170.4)
2026-03-30 21:20:40,922 - checks.obstacle.object_processor_base - INFO - Frame 36 class=motorcycle filtering summary:
2026-03-30 21:20:40,922 - checks.obstacle.object_processor_base - INFO -   - Total objects: 8
2026-03-30 21:20:40,922 - checks.obstacle.object_processor_base - INFO -   - Importance filtered: 5
2026-03-30 21:20:40,922 - checks.obstacle.object_processor_base - INFO -     * distance_threshold_m (100m): 2
2026-03-30 21:20:40,922 - checks.obstacle.object_processor_base - INFO -     * relevant_lanes (['ego', 'left', 'right']): 3
2026-03-30 21:20:40,922 - checks.obstacle.object_processor_base - INFO -   - Occlusion filtered: 0
2026-03-30 21:20:40,922 - checks.obstacle.object_processor_base - INFO -   - Processed: 0
2026-03-30 21:20:40,922 - checks.obstacle.object_processor_base - INFO -   - Filtering rates: 62.5% importance, 0.0% occlusion
2026-03-30 21:20:40,926 - checks.obstacle.object_processor_base - INFO - Frame 36 class=vehicle filtering summary:
2026-03-30 21:20:40,926 - checks.obstacle.object_processor_base - INFO -   - Total objects: 32
2026-03-30 21:20:40,926 - checks.obstacle.object_processor_base - INFO -   - Importance filtered: 20
2026-03-30 21:20:40,926 - checks.obstacle.object_processor_base - INFO -     * relevant_lanes (['ego', 'left', 'right']): 9
2026-03-30 21:20:40,926 - checks.obstacle.object_processor_base - INFO -     * distance_threshold_m (100m): 11
2026-03-30 21:20:40,926 - checks.obstacle.object_processor_base - INFO -   - Occlusion filtered: 0
2026-03-30 21:20:40,926 - checks.obstacle.object_processor_base - INFO -   - Processed: 0
2026-03-30 21:20:40,926 - checks.obstacle.object_processor_base - INFO -   - Filtering rates: 62.5% importance, 0.0% occlusion
2026-03-30 21:20:40,946 - checks.obstacle.object_processor_base - INFO - Frame 36: hallucinations {'bicycle': 1, 'motorcycle': 0, 'pedestrian': 1, 'vehicle': 0}
2026-03-30 21:20:41,030 - checks.obstacle.object_processor_base - INFO - Processing frame video_idx=13 -> mapped_idx=39 / 87 (objects: 40)
2026-03-30 21:20:41,030 - checks.obstacle.object_processor_base - INFO - Frame video_idx=13 mapped_idx=39: ego position in world =(-2.6, -7.0, 1.7)
2026-03-30 21:20:41,030 - checks.obstacle.object_processor_base - INFO - Frame video_idx=13 mapped_idx=39: camera RPY=(-82.8, 74.1, -170.4)
2026-03-30 21:21:18,764 - checks.obstacle.object_processor_base - INFO - Frame 39 class=motorcycle filtering summary:
2026-03-30 21:21:18,764 - checks.obstacle.object_processor_base - INFO -   - Total objects: 8
2026-03-30 21:21:18,764 - checks.obstacle.object_processor_base - INFO -   - Importance filtered: 5
2026-03-30 21:21:18,764 - checks.obstacle.object_processor_base - INFO -     * relevant_lanes (['ego', 'left', 'right']): 3
2026-03-30 21:21:18,764 - checks.obstacle.object_processor_base - INFO -     * distance_threshold_m (100m): 2
2026-03-30 21:21:18,764 - checks.obstacle.object_processor_base - INFO -   - Occlusion filtered: 0
2026-03-30 21:21:18,764 - checks.obstacle.object_processor_base - INFO -   - Processed: 0
2026-03-30 21:21:18,764 - checks.obstacle.object_processor_base - INFO -   - Filtering rates: 62.5% importance, 0.0% occlusion
2026-03-30 21:21:18,769 - checks.obstacle.object_processor_base - INFO - Frame 39 class=vehicle filtering summary:
2026-03-30 21:21:18,769 - checks.obstacle.object_processor_base - INFO -   - Total objects: 32
2026-03-30 21:21:18,769 - checks.obstacle.object_processor_base - INFO -   - Importance filtered: 20
2026-03-30 21:21:18,769 - checks.obstacle.object_processor_base - INFO -     * relevant_lanes (['ego', 'left', 'right']): 9
2026-03-30 21:21:18,769 - checks.obstacle.object_processor_base - INFO -     * distance_threshold_m (100m): 11
2026-03-30 21:21:18,769 - checks.obstacle.object_processor_base - INFO -   - Occlusion filtered: 0
2026-03-30 21:21:18,769 - checks.obstacle.object_processor_base - INFO -   - Processed: 0
2026-03-30 21:21:18,769 - checks.obstacle.object_processor_base - INFO -   - Filtering rates: 62.5% importance, 0.0% occlusion
2026-03-30 21:21:18,791 - checks.obstacle.object_processor_base - INFO - Frame 39: hallucinations {'bicycle': 0, 'motorcycle': 0, 'pedestrian': 0, 'vehicle': 0}
2026-03-30 21:21:18,907 - checks.obstacle.object_processor_base - INFO - Processing frame video_idx=14 -> mapped_idx=42 / 87 (objects: 40)
2026-03-30 21:21:18,907 - checks.obstacle.object_processor_base - INFO - Frame video_idx=14 mapped_idx=42: ego position in world =(-2.7, -7.3, 1.7)
2026-03-30 21:21:18,907 - checks.obstacle.object_processor_base - INFO - Frame video_idx=14 mapped_idx=42: camera RPY=(-82.9, 74.1, -170.4)
2026-03-30 21:21:57,464 - checks.obstacle.object_processor_base - INFO - Frame 42 class=motorcycle filtering summary:
2026-03-30 21:21:57,464 - checks.obstacle.object_processor_base - INFO -   - Total objects: 8
2026-03-30 21:21:57,464 - checks.obstacle.object_processor_base - INFO -   - Importance filtered: 5
2026-03-30 21:21:57,464 - checks.obstacle.object_processor_base - INFO -     * distance_threshold_m (100m): 2
2026-03-30 21:21:57,464 - checks.obstacle.object_processor_base - INFO -     * relevant_lanes (['ego', 'left', 'right']): 3
2026-03-30 21:21:57,464 - checks.obstacle.object_processor_base - INFO -   - Occlusion filtered: 0
2026-03-30 21:21:57,464 - checks.obstacle.object_processor_base - INFO -   - Processed: 0
2026-03-30 21:21:57,464 - checks.obstacle.object_processor_base - INFO -   - Filtering rates: 62.5% importance, 0.0% occlusion
2026-03-30 21:21:57,469 - checks.obstacle.object_processor_base - INFO - Frame 42 class=vehicle filtering summary:
2026-03-30 21:21:57,469 - checks.obstacle.object_processor_base - INFO -   - Total objects: 32
2026-03-30 21:21:57,469 - checks.obstacle.object_processor_base - INFO -   - Importance filtered: 20
2026-03-30 21:21:57,469 - checks.obstacle.object_processor_base - INFO -     * relevant_lanes (['ego', 'left', 'right']): 9
2026-03-30 21:21:57,469 - checks.obstacle.object_processor_base - INFO -     * distance_threshold_m (100m): 11
2026-03-30 21:21:57,469 - checks.obstacle.object_processor_base - INFO -   - Occlusion filtered: 0
2026-03-30 21:21:57,469 - checks.obstacle.object_processor_base - INFO -   - Processed: 0
2026-03-30 21:21:57,469 - checks.obstacle.object_processor_base - INFO -   - Filtering rates: 62.5% importance, 0.0% occlusion
2026-03-30 21:21:57,488 - checks.obstacle.object_processor_base - INFO - Frame 42: hallucinations {'bicycle': 0, 'motorcycle': 0, 'pedestrian': 0, 'vehicle': 0}
2026-03-30 21:21:57,585 - checks.obstacle.object_processor_base - INFO - Processing frame video_idx=15 -> mapped_idx=45 / 87 (objects: 40)
2026-03-30 21:21:57,585 - checks.obstacle.object_processor_base - INFO - Frame video_idx=15 mapped_idx=45: ego position in world =(-2.8, -7.7, 1.7)
2026-03-30 21:21:57,586 - checks.obstacle.object_processor_base - INFO - Frame video_idx=15 mapped_idx=45: camera RPY=(-83.0, 74.1, -170.5)
2026-03-30 21:22:34,782 - checks.obstacle.object_processor_base - INFO - Frame 45 class=motorcycle filtering summary:
2026-03-30 21:22:34,782 - checks.obstacle.object_processor_base - INFO -   - Total objects: 8
2026-03-30 21:22:34,782 - checks.obstacle.object_processor_base - INFO -   - Importance filtered: 5
2026-03-30 21:22:34,783 - checks.obstacle.object_processor_base - INFO -     * relevant_lanes (['ego', 'left', 'right']): 3
2026-03-30 21:22:34,783 - checks.obstacle.object_processor_base - INFO -     * distance_threshold_m (100m): 2
2026-03-30 21:22:34,783 - checks.obstacle.object_processor_base - INFO -   - Occlusion filtered: 0
2026-03-30 21:22:34,783 - checks.obstacle.object_processor_base - INFO -   - Processed: 0
2026-03-30 21:22:34,783 - checks.obstacle.object_processor_base - INFO -   - Filtering rates: 62.5% importance, 0.0% occlusion
2026-03-30 21:22:34,787 - checks.obstacle.object_processor_base - INFO - Frame 45 class=vehicle filtering summary:
2026-03-30 21:22:34,787 - checks.obstacle.object_processor_base - INFO -   - Total objects: 32
2026-03-30 21:22:34,787 - checks.obstacle.object_processor_base - INFO -   - Importance filtered: 20
2026-03-30 21:22:34,787 - checks.obstacle.object_processor_base - INFO -     * relevant_lanes (['ego', 'left', 'right']): 9
2026-03-30 21:22:34,787 - checks.obstacle.object_processor_base - INFO -     * distance_threshold_m (100m): 11
2026-03-30 21:22:34,787 - checks.obstacle.object_processor_base - INFO -   - Occlusion filtered: 0
2026-03-30 21:22:34,787 - checks.obstacle.object_processor_base - INFO -   - Processed: 0
2026-03-30 21:22:34,787 - checks.obstacle.object_processor_base - INFO -   - Filtering rates: 62.5% importance, 0.0% occlusion
2026-03-30 21:22:34,806 - checks.obstacle.object_processor_base - INFO - Frame 45: hallucinations {'bicycle': 0, 'motorcycle': 0, 'pedestrian': 0, 'vehicle': 0}
2026-03-30 21:22:34,892 - checks.obstacle.object_processor_base - INFO - Processing frame video_idx=16 -> mapped_idx=48 / 87 (objects: 40)
2026-03-30 21:22:34,892 - checks.obstacle.object_processor_base - INFO - Frame video_idx=16 mapped_idx=48: ego position in world =(-2.9, -8.0, 1.7)
2026-03-30 21:22:34,892 - checks.obstacle.object_processor_base - INFO - Frame video_idx=16 mapped_idx=48: camera RPY=(-83.0, 74.1, -170.5)
2026-03-30 21:23:12,549 - checks.obstacle.object_processor_base - INFO - Frame 48 class=motorcycle filtering summary:
2026-03-30 21:23:12,549 - checks.obstacle.object_processor_base - INFO -   - Total objects: 8
2026-03-30 21:23:12,549 - checks.obstacle.object_processor_base - INFO -   - Importance filtered: 5
2026-03-30 21:23:12,549 - checks.obstacle.object_processor_base - INFO -     * distance_threshold_m (100m): 2
2026-03-30 21:23:12,549 - checks.obstacle.object_processor_base - INFO -     * relevant_lanes (['ego', 'left', 'right']): 3
2026-03-30 21:23:12,549 - checks.obstacle.object_processor_base - INFO -   - Occlusion filtered: 0
2026-03-30 21:23:12,549 - checks.obstacle.object_processor_base - INFO -   - Processed: 0
2026-03-30 21:23:12,549 - checks.obstacle.object_processor_base - INFO -   - Filtering rates: 62.5% importance, 0.0% occlusion
2026-03-30 21:23:12,553 - checks.obstacle.object_processor_base - INFO - Frame 48 class=vehicle filtering summary:
2026-03-30 21:23:12,553 - checks.obstacle.object_processor_base - INFO -   - Total objects: 32
2026-03-30 21:23:12,553 - checks.obstacle.object_processor_base - INFO -   - Importance filtered: 20
2026-03-30 21:23:12,553 - checks.obstacle.object_processor_base - INFO -     * relevant_lanes (['ego', 'left', 'right']): 9
2026-03-30 21:23:12,553 - checks.obstacle.object_processor_base - INFO -     * distance_threshold_m (100m): 11
2026-03-30 21:23:12,553 - checks.obstacle.object_processor_base - INFO -   - Occlusion filtered: 0
2026-03-30 21:23:12,553 - checks.obstacle.object_processor_base - INFO -   - Processed: 0
2026-03-30 21:23:12,553 - checks.obstacle.object_processor_base - INFO -   - Filtering rates: 62.5% importance, 0.0% occlusion
2026-03-30 21:23:12,573 - checks.obstacle.object_processor_base - INFO - Frame 48: hallucinations {'bicycle': 0, 'motorcycle': 0, 'pedestrian': 0, 'vehicle': 0}
2026-03-30 21:23:12,693 - checks.obstacle.object_processor_base - INFO - Processing frame video_idx=17 -> mapped_idx=51 / 87 (objects: 40)
2026-03-30 21:23:12,693 - checks.obstacle.object_processor_base - INFO - Frame video_idx=17 mapped_idx=51: ego position in world =(-2.9, -8.3, 1.7)
2026-03-30 21:23:12,693 - checks.obstacle.object_processor_base - INFO - Frame video_idx=17 mapped_idx=51: camera RPY=(-83.0, 74.1, -170.5)
2026-03-30 21:23:49,864 - checks.obstacle.object_processor_base - INFO - Frame 51 class=motorcycle filtering summary:
2026-03-30 21:23:49,864 - checks.obstacle.object_processor_base - INFO -   - Total objects: 8
2026-03-30 21:23:49,864 - checks.obstacle.object_processor_base - INFO -   - Importance filtered: 5
2026-03-30 21:23:49,864 - checks.obstacle.object_processor_base - INFO -     * relevant_lanes (['ego', 'left', 'right']): 3
2026-03-30 21:23:49,864 - checks.obstacle.object_processor_base - INFO -     * distance_threshold_m (100m): 2
2026-03-30 21:23:49,864 - checks.obstacle.object_processor_base - INFO -   - Occlusion filtered: 0
2026-03-30 21:23:49,864 - checks.obstacle.object_processor_base - INFO -   - Processed: 0
2026-03-30 21:23:49,865 - checks.obstacle.object_processor_base - INFO -   - Filtering rates: 62.5% importance, 0.0% occlusion
2026-03-30 21:23:49,869 - checks.obstacle.object_processor_base - INFO - Frame 51 class=vehicle filtering summary:
2026-03-30 21:23:49,869 - checks.obstacle.object_processor_base - INFO -   - Total objects: 32
2026-03-30 21:23:49,869 - checks.obstacle.object_processor_base - INFO -   - Importance filtered: 21
2026-03-30 21:23:49,869 - checks.obstacle.object_processor_base - INFO -     * relevant_lanes (['ego', 'left', 'right']): 10
2026-03-30 21:23:49,869 - checks.obstacle.object_processor_base - INFO -     * distance_threshold_m (100m): 11
2026-03-30 21:23:49,869 - checks.obstacle.object_processor_base - INFO -   - Occlusion filtered: 0
2026-03-30 21:23:49,869 - checks.obstacle.object_processor_base - INFO -   - Processed: 0
2026-03-30 21:23:49,869 - checks.obstacle.object_processor_base - INFO -   - Filtering rates: 65.6% importance, 0.0% occlusion
2026-03-30 21:23:49,889 - checks.obstacle.object_processor_base - INFO - Frame 51: hallucinations {'bicycle': 0, 'motorcycle': 0, 'pedestrian': 0, 'vehicle': 0}
2026-03-30 21:23:49,977 - checks.obstacle.object_processor_base - INFO - Processing frame video_idx=18 -> mapped_idx=54 / 87 (objects: 40)
2026-03-30 21:23:49,977 - checks.obstacle.object_processor_base - INFO - Frame video_idx=18 mapped_idx=54: ego position in world =(-3.0, -8.6, 1.7)
2026-03-30 21:23:49,977 - checks.obstacle.object_processor_base - INFO - Frame video_idx=18 mapped_idx=54: camera RPY=(-83.0, 74.1, -170.5)
2026-03-30 21:24:27,878 - checks.obstacle.object_processor_base - INFO - Frame 54 class=motorcycle filtering summary:
2026-03-30 21:24:27,878 - checks.obstacle.object_processor_base - INFO -   - Total objects: 8
2026-03-30 21:24:27,878 - checks.obstacle.object_processor_base - INFO -   - Importance filtered: 5
2026-03-30 21:24:27,878 - checks.obstacle.object_processor_base - INFO -     * distance_threshold_m (100m): 2
2026-03-30 21:24:27,878 - checks.obstacle.object_processor_base - INFO -     * relevant_lanes (['ego', 'left', 'right']): 3
2026-03-30 21:24:27,878 - checks.obstacle.object_processor_base - INFO -   - Occlusion filtered: 0
2026-03-30 21:24:27,878 - checks.obstacle.object_processor_base - INFO -   - Processed: 0
2026-03-30 21:24:27,878 - checks.obstacle.object_processor_base - INFO -   - Filtering rates: 62.5% importance, 0.0% occlusion
2026-03-30 21:24:27,882 - checks.obstacle.object_processor_base - INFO - Frame 54 class=vehicle filtering summary:
2026-03-30 21:24:27,882 - checks.obstacle.object_processor_base - INFO -   - Total objects: 32
2026-03-30 21:24:27,882 - checks.obstacle.object_processor_base - INFO -   - Importance filtered: 21
2026-03-30 21:24:27,882 - checks.obstacle.object_processor_base - INFO -     * relevant_lanes (['ego', 'left', 'right']): 10
2026-03-30 21:24:27,882 - checks.obstacle.object_processor_base - INFO -     * distance_threshold_m (100m): 11
2026-03-30 21:24:27,882 - checks.obstacle.object_processor_base - INFO -   - Occlusion filtered: 0
2026-03-30 21:24:27,882 - checks.obstacle.object_processor_base - INFO -   - Processed: 0
2026-03-30 21:24:27,882 - checks.obstacle.object_processor_base - INFO -   - Filtering rates: 65.6% importance, 0.0% occlusion
2026-03-30 21:24:27,902 - checks.obstacle.object_processor_base - INFO - Frame 54: hallucinations {'bicycle': 0, 'motorcycle': 0, 'pedestrian': 0, 'vehicle': 0}
2026-03-30 21:24:28,022 - checks.obstacle.object_processor_base - INFO - Processing frame video_idx=19 -> mapped_idx=57 / 87 (objects: 40)
2026-03-30 21:24:28,022 - checks.obstacle.object_processor_base - INFO - Frame video_idx=19 mapped_idx=57: ego position in world =(-3.1, -8.9, 1.7)
2026-03-30 21:24:28,022 - checks.obstacle.object_processor_base - INFO - Frame video_idx=19 mapped_idx=57: camera RPY=(-83.0, 74.1, -170.5)
2026-03-30 21:25:06,262 - checks.obstacle.object_processor_base - INFO - Frame 57 class=motorcycle filtering summary:
2026-03-30 21:25:06,262 - checks.obstacle.object_processor_base - INFO -   - Total objects: 8
2026-03-30 21:25:06,262 - checks.obstacle.object_processor_base - INFO -   - Importance filtered: 5
2026-03-30 21:25:06,262 - checks.obstacle.object_processor_base - INFO -     * relevant_lanes (['ego', 'left', 'right']): 3
2026-03-30 21:25:06,262 - checks.obstacle.object_processor_base - INFO -     * distance_threshold_m (100m): 2
2026-03-30 21:25:06,262 - checks.obstacle.object_processor_base - INFO -   - Occlusion filtered: 0
2026-03-30 21:25:06,262 - checks.obstacle.object_processor_base - INFO -   - Processed: 0
2026-03-30 21:25:06,262 - checks.obstacle.object_processor_base - INFO -   - Filtering rates: 62.5% importance, 0.0% occlusion
2026-03-30 21:25:06,267 - checks.obstacle.object_processor_base - INFO - Frame 57 class=vehicle filtering summary:
2026-03-30 21:25:06,267 - checks.obstacle.object_processor_base - INFO -   - Total objects: 32
2026-03-30 21:25:06,267 - checks.obstacle.object_processor_base - INFO -   - Importance filtered: 21
2026-03-30 21:25:06,267 - checks.obstacle.object_processor_base - INFO -     * relevant_lanes (['ego', 'left', 'right']): 10
2026-03-30 21:25:06,267 - checks.obstacle.object_processor_base - INFO -     * distance_threshold_m (100m): 11
2026-03-30 21:25:06,267 - checks.obstacle.object_processor_base - INFO -   - Occlusion filtered: 0
2026-03-30 21:25:06,267 - checks.obstacle.object_processor_base - INFO -   - Processed: 0
2026-03-30 21:25:06,267 - checks.obstacle.object_processor_base - INFO -   - Filtering rates: 65.6% importance, 0.0% occlusion
2026-03-30 21:25:06,288 - checks.obstacle.object_processor_base - INFO - Frame 57: hallucinations {'bicycle': 0, 'motorcycle': 0, 'pedestrian': 0, 'vehicle': 0}
2026-03-30 21:25:06,411 - checks.obstacle.object_processor_base - INFO - Processing frame video_idx=20 -> mapped_idx=60 / 87 (objects: 40)
2026-03-30 21:25:06,411 - checks.obstacle.object_processor_base - INFO - Frame video_idx=20 mapped_idx=60: ego position in world =(-3.2, -9.2, 1.7)
2026-03-30 21:25:06,411 - checks.obstacle.object_processor_base - INFO - Frame video_idx=20 mapped_idx=60: camera RPY=(-83.0, 74.1, -170.5)
2026-03-30 21:25:44,870 - checks.obstacle.object_processor_base - INFO - Frame 60 class=motorcycle filtering summary:
2026-03-30 21:25:44,870 - checks.obstacle.object_processor_base - INFO -   - Total objects: 8
2026-03-30 21:25:44,870 - checks.obstacle.object_processor_base - INFO -   - Importance filtered: 5
2026-03-30 21:25:44,870 - checks.obstacle.object_processor_base - INFO -     * distance_threshold_m (100m): 2
2026-03-30 21:25:44,870 - checks.obstacle.object_processor_base - INFO -     * relevant_lanes (['ego', 'left', 'right']): 3
2026-03-30 21:25:44,870 - checks.obstacle.object_processor_base - INFO -   - Occlusion filtered: 0
2026-03-30 21:25:44,870 - checks.obstacle.object_processor_base - INFO -   - Processed: 0
2026-03-30 21:25:44,870 - checks.obstacle.object_processor_base - INFO -   - Filtering rates: 62.5% importance, 0.0% occlusion
2026-03-30 21:25:44,875 - checks.obstacle.object_processor_base - INFO - Frame 60 class=vehicle filtering summary:
2026-03-30 21:25:44,875 - checks.obstacle.object_processor_base - INFO -   - Total objects: 32
2026-03-30 21:25:44,875 - checks.obstacle.object_processor_base - INFO -   - Importance filtered: 21
2026-03-30 21:25:44,875 - checks.obstacle.object_processor_base - INFO -     * relevant_lanes (['ego', 'left', 'right']): 10
2026-03-30 21:25:44,875 - checks.obstacle.object_processor_base - INFO -     * distance_threshold_m (100m): 11
2026-03-30 21:25:44,875 - checks.obstacle.object_processor_base - INFO -   - Occlusion filtered: 0
2026-03-30 21:25:44,875 - checks.obstacle.object_processor_base - INFO -   - Processed: 0
2026-03-30 21:25:44,875 - checks.obstacle.object_processor_base - INFO -   - Filtering rates: 65.6% importance, 0.0% occlusion
2026-03-30 21:25:44,895 - checks.obstacle.object_processor_base - INFO - Frame 60: hallucinations {'bicycle': 0, 'motorcycle': 0, 'pedestrian': 0, 'vehicle': 0}
2026-03-30 21:25:44,985 - checks.obstacle.object_processor_base - INFO - Processing frame video_idx=21 -> mapped_idx=63 / 87 (objects: 40)
2026-03-30 21:25:44,985 - checks.obstacle.object_processor_base - INFO - Frame video_idx=21 mapped_idx=63: ego position in world =(-3.3, -9.5, 1.7)
2026-03-30 21:25:44,985 - checks.obstacle.object_processor_base - INFO - Frame video_idx=21 mapped_idx=63: camera RPY=(-83.0, 74.1, -170.5)
2026-03-30 21:26:22,965 - checks.obstacle.object_processor_base - INFO - Frame 63 class=motorcycle filtering summary:
2026-03-30 21:26:22,965 - checks.obstacle.object_processor_base - INFO -   - Total objects: 8
2026-03-30 21:26:22,965 - checks.obstacle.object_processor_base - INFO -   - Importance filtered: 5
2026-03-30 21:26:22,965 - checks.obstacle.object_processor_base - INFO -     * relevant_lanes (['ego', 'left', 'right']): 3
2026-03-30 21:26:22,965 - checks.obstacle.object_processor_base - INFO -     * distance_threshold_m (100m): 2
2026-03-30 21:26:22,965 - checks.obstacle.object_processor_base - INFO -   - Occlusion filtered: 0
2026-03-30 21:26:22,965 - checks.obstacle.object_processor_base - INFO -   - Processed: 0
2026-03-30 21:26:22,965 - checks.obstacle.object_processor_base - INFO -   - Filtering rates: 62.5% importance, 0.0% occlusion
2026-03-30 21:26:22,969 - checks.obstacle.object_processor_base - INFO - Frame 63 class=vehicle filtering summary:
2026-03-30 21:26:22,969 - checks.obstacle.object_processor_base - INFO -   - Total objects: 32
2026-03-30 21:26:22,969 - checks.obstacle.object_processor_base - INFO -   - Importance filtered: 21
2026-03-30 21:26:22,969 - checks.obstacle.object_processor_base - INFO -     * relevant_lanes (['ego', 'left', 'right']): 10
2026-03-30 21:26:22,969 - checks.obstacle.object_processor_base - INFO -     * distance_threshold_m (100m): 11
2026-03-30 21:26:22,969 - checks.obstacle.object_processor_base - INFO -   - Occlusion filtered: 0
2026-03-30 21:26:22,969 - checks.obstacle.object_processor_base - INFO -   - Processed: 0
2026-03-30 21:26:22,969 - checks.obstacle.object_processor_base - INFO -   - Filtering rates: 65.6% importance, 0.0% occlusion
2026-03-30 21:26:22,988 - checks.obstacle.object_processor_base - INFO - Frame 63: hallucinations {'bicycle': 0, 'motorcycle': 0, 'pedestrian': 0, 'vehicle': 0}
2026-03-30 21:26:23,080 - checks.obstacle.object_processor_base - INFO - Processing frame video_idx=22 -> mapped_idx=66 / 87 (objects: 40)
2026-03-30 21:26:23,080 - checks.obstacle.object_processor_base - INFO - Frame video_idx=22 mapped_idx=66: ego position in world =(-3.3, -9.8, 1.7)
2026-03-30 21:26:23,080 - checks.obstacle.object_processor_base - INFO - Frame video_idx=22 mapped_idx=66: camera RPY=(-82.8, 74.1, -170.5)
2026-03-30 21:27:00,842 - checks.obstacle.object_processor_base - INFO - Frame 66 class=motorcycle filtering summary:
2026-03-30 21:27:00,842 - checks.obstacle.object_processor_base - INFO -   - Total objects: 8
2026-03-30 21:27:00,842 - checks.obstacle.object_processor_base - INFO -   - Importance filtered: 5
2026-03-30 21:27:00,842 - checks.obstacle.object_processor_base - INFO -     * distance_threshold_m (100m): 2
2026-03-30 21:27:00,842 - checks.obstacle.object_processor_base - INFO -     * relevant_lanes (['ego', 'left', 'right']): 3
2026-03-30 21:27:00,842 - checks.obstacle.object_processor_base - INFO -   - Occlusion filtered: 0
2026-03-30 21:27:00,842 - checks.obstacle.object_processor_base - INFO -   - Processed: 0
2026-03-30 21:27:00,842 - checks.obstacle.object_processor_base - INFO -   - Filtering rates: 62.5% importance, 0.0% occlusion
2026-03-30 21:27:00,846 - checks.obstacle.object_processor_base - INFO - Frame 66 class=vehicle filtering summary:
2026-03-30 21:27:00,846 - checks.obstacle.object_processor_base - INFO -   - Total objects: 32
2026-03-30 21:27:00,846 - checks.obstacle.object_processor_base - INFO -   - Importance filtered: 21
2026-03-30 21:27:00,846 - checks.obstacle.object_processor_base - INFO -     * relevant_lanes (['ego', 'left', 'right']): 10
2026-03-30 21:27:00,846 - checks.obstacle.object_processor_base - INFO -     * distance_threshold_m (100m): 11
2026-03-30 21:27:00,846 - checks.obstacle.object_processor_base - INFO -   - Occlusion filtered: 0
2026-03-30 21:27:00,846 - checks.obstacle.object_processor_base - INFO -   - Processed: 0
2026-03-30 21:27:00,846 - checks.obstacle.object_processor_base - INFO -   - Filtering rates: 65.6% importance, 0.0% occlusion
2026-03-30 21:27:00,865 - checks.obstacle.object_processor_base - INFO - Frame 66: hallucinations {'bicycle': 0, 'motorcycle': 0, 'pedestrian': 0, 'vehicle': 0}
2026-03-30 21:27:00,987 - checks.obstacle.object_processor_base - INFO - Processing frame video_idx=23 -> mapped_idx=69 / 87 (objects: 40)
2026-03-30 21:27:00,987 - checks.obstacle.object_processor_base - INFO - Frame video_idx=23 mapped_idx=69: ego position in world =(-3.4, -10.1, 1.7)
2026-03-30 21:27:00,987 - checks.obstacle.object_processor_base - INFO - Frame video_idx=23 mapped_idx=69: camera RPY=(-82.8, 74.1, -170.5)
2026-03-30 21:27:38,637 - checks.obstacle.object_processor_base - INFO - Frame 69 class=motorcycle filtering summary:
2026-03-30 21:27:38,637 - checks.obstacle.object_processor_base - INFO -   - Total objects: 8
2026-03-30 21:27:38,637 - checks.obstacle.object_processor_base - INFO -   - Importance filtered: 5
2026-03-30 21:27:38,637 - checks.obstacle.object_processor_base - INFO -     * relevant_lanes (['ego', 'left', 'right']): 3
2026-03-30 21:27:38,637 - checks.obstacle.object_processor_base - INFO -     * distance_threshold_m (100m): 2
2026-03-30 21:27:38,637 - checks.obstacle.object_processor_base - INFO -   - Occlusion filtered: 0
2026-03-30 21:27:38,637 - checks.obstacle.object_processor_base - INFO -   - Processed: 0
2026-03-30 21:27:38,637 - checks.obstacle.object_processor_base - INFO -   - Filtering rates: 62.5% importance, 0.0% occlusion
2026-03-30 21:27:38,641 - checks.obstacle.object_processor_base - INFO - Frame 69 class=vehicle filtering summary:
2026-03-30 21:27:38,641 - checks.obstacle.object_processor_base - INFO -   - Total objects: 32
2026-03-30 21:27:38,641 - checks.obstacle.object_processor_base - INFO -   - Importance filtered: 20
2026-03-30 21:27:38,641 - checks.obstacle.object_processor_base - INFO -     * relevant_lanes (['ego', 'left', 'right']): 10
2026-03-30 21:27:38,641 - checks.obstacle.object_processor_base - INFO -     * distance_threshold_m (100m): 10
2026-03-30 21:27:38,641 - checks.obstacle.object_processor_base - INFO -   - Occlusion filtered: 0
2026-03-30 21:27:38,641 - checks.obstacle.object_processor_base - INFO -   - Processed: 0
2026-03-30 21:27:38,641 - checks.obstacle.object_processor_base - INFO -   - Filtering rates: 62.5% importance, 0.0% occlusion
2026-03-30 21:27:38,660 - checks.obstacle.object_processor_base - INFO - Frame 69: hallucinations {'bicycle': 0, 'motorcycle': 0, 'pedestrian': 1, 'vehicle': 0}
2026-03-30 21:27:38,754 - checks.obstacle.object_processor_base - INFO - Processing frame video_idx=24 -> mapped_idx=72 / 87 (objects: 40)
2026-03-30 21:27:38,754 - checks.obstacle.object_processor_base - INFO - Frame video_idx=24 mapped_idx=72: ego position in world =(-3.5, -10.5, 1.7)
2026-03-30 21:27:38,754 - checks.obstacle.object_processor_base - INFO - Frame video_idx=24 mapped_idx=72: camera RPY=(-82.8, 74.1, -170.5)
2026-03-30 21:28:17,183 - checks.obstacle.object_processor_base - INFO - Frame 72 class=motorcycle filtering summary:
2026-03-30 21:28:17,183 - checks.obstacle.object_processor_base - INFO -   - Total objects: 8
2026-03-30 21:28:17,184 - checks.obstacle.object_processor_base - INFO -   - Importance filtered: 5
2026-03-30 21:28:17,184 - checks.obstacle.object_processor_base - INFO -     * distance_threshold_m (100m): 2
2026-03-30 21:28:17,184 - checks.obstacle.object_processor_base - INFO -     * relevant_lanes (['ego', 'left', 'right']): 3
2026-03-30 21:28:17,184 - checks.obstacle.object_processor_base - INFO -   - Occlusion filtered: 0
2026-03-30 21:28:17,184 - checks.obstacle.object_processor_base - INFO -   - Processed: 0
2026-03-30 21:28:17,184 - checks.obstacle.object_processor_base - INFO -   - Filtering rates: 62.5% importance, 0.0% occlusion
2026-03-30 21:28:17,188 - checks.obstacle.object_processor_base - INFO - Frame 72 class=vehicle filtering summary:
2026-03-30 21:28:17,188 - checks.obstacle.object_processor_base - INFO -   - Total objects: 32
2026-03-30 21:28:17,188 - checks.obstacle.object_processor_base - INFO -   - Importance filtered: 20
2026-03-30 21:28:17,188 - checks.obstacle.object_processor_base - INFO -     * relevant_lanes (['ego', 'left', 'right']): 10
2026-03-30 21:28:17,188 - checks.obstacle.object_processor_base - INFO -     * distance_threshold_m (100m): 10
2026-03-30 21:28:17,188 - checks.obstacle.object_processor_base - INFO -   - Occlusion filtered: 0
2026-03-30 21:28:17,188 - checks.obstacle.object_processor_base - INFO -   - Processed: 0
2026-03-30 21:28:17,188 - checks.obstacle.object_processor_base - INFO -   - Filtering rates: 62.5% importance, 0.0% occlusion
2026-03-30 21:28:17,208 - checks.obstacle.object_processor_base - INFO - Frame 72: hallucinations {'bicycle': 0, 'motorcycle': 0, 'pedestrian': 1, 'vehicle': 0}
2026-03-30 21:28:17,304 - checks.obstacle.object_processor_base - INFO - Processing frame video_idx=25 -> mapped_idx=75 / 87 (objects: 40)
2026-03-30 21:28:17,304 - checks.obstacle.object_processor_base - INFO - Frame video_idx=25 mapped_idx=75: ego position in world =(-3.6, -10.8, 1.7)
2026-03-30 21:28:17,304 - checks.obstacle.object_processor_base - INFO - Frame video_idx=25 mapped_idx=75: camera RPY=(-82.7, 74.1, -170.4)
2026-03-30 21:28:55,159 - checks.obstacle.object_processor_base - INFO - Frame 75 class=motorcycle filtering summary:
2026-03-30 21:28:55,159 - checks.obstacle.object_processor_base - INFO -   - Total objects: 8
2026-03-30 21:28:55,159 - checks.obstacle.object_processor_base - INFO -   - Importance filtered: 5
2026-03-30 21:28:55,159 - checks.obstacle.object_processor_base - INFO -     * relevant_lanes (['ego', 'left', 'right']): 3
2026-03-30 21:28:55,159 - checks.obstacle.object_processor_base - INFO -     * distance_threshold_m (100m): 2
2026-03-30 21:28:55,159 - checks.obstacle.object_processor_base - INFO -   - Occlusion filtered: 0
2026-03-30 21:28:55,159 - checks.obstacle.object_processor_base - INFO -   - Processed: 0
2026-03-30 21:28:55,159 - checks.obstacle.object_processor_base - INFO -   - Filtering rates: 62.5% importance, 0.0% occlusion
2026-03-30 21:28:55,164 - checks.obstacle.object_processor_base - INFO - Frame 75 class=vehicle filtering summary:
2026-03-30 21:28:55,164 - checks.obstacle.object_processor_base - INFO -   - Total objects: 32
2026-03-30 21:28:55,164 - checks.obstacle.object_processor_base - INFO -   - Importance filtered: 20
2026-03-30 21:28:55,164 - checks.obstacle.object_processor_base - INFO -     * relevant_lanes (['ego', 'left', 'right']): 10
2026-03-30 21:28:55,164 - checks.obstacle.object_processor_base - INFO -     * distance_threshold_m (100m): 10
2026-03-30 21:28:55,164 - checks.obstacle.object_processor_base - INFO -   - Occlusion filtered: 0
2026-03-30 21:28:55,164 - checks.obstacle.object_processor_base - INFO -   - Processed: 0
2026-03-30 21:28:55,164 - checks.obstacle.object_processor_base - INFO -   - Filtering rates: 62.5% importance, 0.0% occlusion
2026-03-30 21:28:55,183 - checks.obstacle.object_processor_base - INFO - Frame 75: hallucinations {'bicycle': 0, 'motorcycle': 0, 'pedestrian': 0, 'vehicle': 0}
2026-03-30 21:28:55,311 - checks.obstacle.object_processor_base - INFO - Processing frame video_idx=26 -> mapped_idx=78 / 87 (objects: 40)
2026-03-30 21:28:55,311 - checks.obstacle.object_processor_base - INFO - Frame video_idx=26 mapped_idx=78: ego position in world =(-3.7, -11.1, 1.7)
2026-03-30 21:28:55,311 - checks.obstacle.object_processor_base - INFO - Frame video_idx=26 mapped_idx=78: camera RPY=(-82.6, 74.1, -170.3)
2026-03-30 21:29:34,138 - checks.obstacle.object_processor_base - INFO - Frame 78 class=motorcycle filtering summary:
2026-03-30 21:29:34,138 - checks.obstacle.object_processor_base - INFO -   - Total objects: 8
2026-03-30 21:29:34,138 - checks.obstacle.object_processor_base - INFO -   - Importance filtered: 5
2026-03-30 21:29:34,138 - checks.obstacle.object_processor_base - INFO -     * distance_threshold_m (100m): 2
2026-03-30 21:29:34,138 - checks.obstacle.object_processor_base - INFO -     * relevant_lanes (['ego', 'left', 'right']): 3
2026-03-30 21:29:34,138 - checks.obstacle.object_processor_base - INFO -   - Occlusion filtered: 0
2026-03-30 21:29:34,138 - checks.obstacle.object_processor_base - INFO -   - Processed: 0
2026-03-30 21:29:34,138 - checks.obstacle.object_processor_base - INFO -   - Filtering rates: 62.5% importance, 0.0% occlusion
2026-03-30 21:29:34,142 - checks.obstacle.object_processor_base - INFO - Frame 78 class=vehicle filtering summary:
2026-03-30 21:29:34,142 - checks.obstacle.object_processor_base - INFO -   - Total objects: 32
2026-03-30 21:29:34,142 - checks.obstacle.object_processor_base - INFO -   - Importance filtered: 20
2026-03-30 21:29:34,142 - checks.obstacle.object_processor_base - INFO -     * relevant_lanes (['ego', 'left', 'right']): 9
2026-03-30 21:29:34,142 - checks.obstacle.object_processor_base - INFO -     * distance_threshold_m (100m): 11
2026-03-30 21:29:34,142 - checks.obstacle.object_processor_base - INFO -   - Occlusion filtered: 0
2026-03-30 21:29:34,142 - checks.obstacle.object_processor_base - INFO -   - Processed: 0
2026-03-30 21:29:34,142 - checks.obstacle.object_processor_base - INFO -   - Filtering rates: 62.5% importance, 0.0% occlusion
2026-03-30 21:29:34,161 - checks.obstacle.object_processor_base - INFO - Frame 78: hallucinations {'bicycle': 0, 'motorcycle': 0, 'pedestrian': 0, 'vehicle': 0}
2026-03-30 21:29:34,257 - checks.obstacle.object_processor_base - INFO - Processing frame video_idx=27 -> mapped_idx=81 / 87 (objects: 40)
2026-03-30 21:29:34,257 - checks.obstacle.object_processor_base - INFO - Frame video_idx=27 mapped_idx=81: ego position in world =(-3.8, -11.5, 1.7)
2026-03-30 21:29:34,257 - checks.obstacle.object_processor_base - INFO - Frame video_idx=27 mapped_idx=81: camera RPY=(-82.7, 74.1, -170.3)
2026-03-30 21:30:12,181 - checks.obstacle.object_processor_base - INFO - Frame 81 class=motorcycle filtering summary:
2026-03-30 21:30:12,181 - checks.obstacle.object_processor_base - INFO -   - Total objects: 8
2026-03-30 21:30:12,181 - checks.obstacle.object_processor_base - INFO -   - Importance filtered: 5
2026-03-30 21:30:12,181 - checks.obstacle.object_processor_base - INFO -     * relevant_lanes (['ego', 'left', 'right']): 3
2026-03-30 21:30:12,181 - checks.obstacle.object_processor_base - INFO -     * distance_threshold_m (100m): 2
2026-03-30 21:30:12,181 - checks.obstacle.object_processor_base - INFO -   - Occlusion filtered: 0
2026-03-30 21:30:12,181 - checks.obstacle.object_processor_base - INFO -   - Processed: 0
2026-03-30 21:30:12,181 - checks.obstacle.object_processor_base - INFO -   - Filtering rates: 62.5% importance, 0.0% occlusion
2026-03-30 21:30:12,185 - checks.obstacle.object_processor_base - INFO - Frame 81 class=vehicle filtering summary:
2026-03-30 21:30:12,185 - checks.obstacle.object_processor_base - INFO -   - Total objects: 32
2026-03-30 21:30:12,185 - checks.obstacle.object_processor_base - INFO -   - Importance filtered: 20
2026-03-30 21:30:12,185 - checks.obstacle.object_processor_base - INFO -     * relevant_lanes (['ego', 'left', 'right']): 9
2026-03-30 21:30:12,185 - checks.obstacle.object_processor_base - INFO -     * distance_threshold_m (100m): 11
2026-03-30 21:30:12,185 - checks.obstacle.object_processor_base - INFO -   - Occlusion filtered: 0
2026-03-30 21:30:12,185 - checks.obstacle.object_processor_base - INFO -   - Processed: 0
2026-03-30 21:30:12,185 - checks.obstacle.object_processor_base - INFO -   - Filtering rates: 62.5% importance, 0.0% occlusion
2026-03-30 21:30:12,205 - checks.obstacle.object_processor_base - INFO - Frame 81: hallucinations {'bicycle': 0, 'motorcycle': 0, 'pedestrian': 0, 'vehicle': 0}
2026-03-30 21:30:12,301 - checks.obstacle.object_processor_base - INFO - Processing frame video_idx=28 -> mapped_idx=84 / 87 (objects: 40)
2026-03-30 21:30:12,301 - checks.obstacle.object_processor_base - INFO - Frame video_idx=28 mapped_idx=84: ego position in world =(-3.9, -11.8, 1.7)
2026-03-30 21:30:12,301 - checks.obstacle.object_processor_base - INFO - Frame video_idx=28 mapped_idx=84: camera RPY=(-82.7, 74.1, -170.4)
2026-03-30 21:30:50,560 - checks.obstacle.object_processor_base - INFO - Frame 84 class=motorcycle filtering summary:
2026-03-30 21:30:50,560 - checks.obstacle.object_processor_base - INFO -   - Total objects: 8
2026-03-30 21:30:50,560 - checks.obstacle.object_processor_base - INFO -   - Importance filtered: 5
2026-03-30 21:30:50,560 - checks.obstacle.object_processor_base - INFO -     * distance_threshold_m (100m): 2
2026-03-30 21:30:50,560 - checks.obstacle.object_processor_base - INFO -     * relevant_lanes (['ego', 'left', 'right']): 3
2026-03-30 21:30:50,560 - checks.obstacle.object_processor_base - INFO -   - Occlusion filtered: 0
2026-03-30 21:30:50,560 - checks.obstacle.object_processor_base - INFO -   - Processed: 0
2026-03-30 21:30:50,560 - checks.obstacle.object_processor_base - INFO -   - Filtering rates: 62.5% importance, 0.0% occlusion
2026-03-30 21:30:50,565 - checks.obstacle.object_processor_base - INFO - Frame 84 class=vehicle filtering summary:
2026-03-30 21:30:50,565 - checks.obstacle.object_processor_base - INFO -   - Total objects: 32
2026-03-30 21:30:50,565 - checks.obstacle.object_processor_base - INFO -   - Importance filtered: 20
2026-03-30 21:30:50,565 - checks.obstacle.object_processor_base - INFO -     * relevant_lanes (['ego', 'left', 'right']): 9
2026-03-30 21:30:50,565 - checks.obstacle.object_processor_base - INFO -     * distance_threshold_m (100m): 11
2026-03-30 21:30:50,565 - checks.obstacle.object_processor_base - INFO -   - Occlusion filtered: 0
2026-03-30 21:30:50,565 - checks.obstacle.object_processor_base - INFO -   - Processed: 0
2026-03-30 21:30:50,565 - checks.obstacle.object_processor_base - INFO -   - Filtering rates: 62.5% importance, 0.0% occlusion
2026-03-30 21:30:50,584 - checks.obstacle.object_processor_base - INFO - Frame 84: hallucinations {'bicycle': 0, 'motorcycle': 0, 'pedestrian': 0, 'vehicle': 0}
2026-03-30 21:30:50,672 - checks.obstacle.object_processor_base - INFO - Frame processing complete:
2026-03-30 21:30:50,672 - checks.obstacle.object_processor_base - INFO -   - Total video frames: 29
2026-03-30 21:30:50,674 - checks.obstacle.object_processor_base - INFO -   - Frames with object data: 29
2026-03-30 21:30:50,675 - checks.obstacle.object_processor_base - INFO -   - Frames skipped (no objects): 0
2026-03-30 21:30:50,675 - checks.obstacle.object_processor_base - INFO -   - Processing rate: 29/29 (100.0%)
2026-03-30 21:30:50,675 - checks.obstacle.object_processor_base - INFO - Filter configuration:
2026-03-30 21:30:50,675 - checks.obstacle.object_processor_base - INFO -   - Importance filter: distance_threshold=100m, oncoming_obstacles=False, relevant_lanes=['ego', 'left', 'right']
2026-03-30 21:30:51,172 - checks.obstacle.object_processor_base - INFO - ============================================================
2026-03-30 21:30:51,172 - checks.obstacle.object_processor_base - INFO - SCORE MATRIX SUMMARY
2026-03-30 21:30:51,172 - checks.obstacle.object_processor_base - INFO - ============================================================
2026-03-30 21:30:51,172 - checks.obstacle.object_processor_base - INFO - Matrix shape: 29 frames × 40 track IDs
2026-03-30 21:30:51,172 - checks.obstacle.object_processor_base - INFO - Unique track IDs: 40
2026-03-30 21:30:51,172 - checks.obstacle.object_processor_base - INFO - Tracks with valid scores: 0
2026-03-30 21:30:51,172 - checks.obstacle.object_processor_base - INFO - Frames with valid scores: 0
2026-03-30 21:30:51,172 - checks.obstacle.object_processor_base - INFO - Valid scores: 0
2026-03-30 21:30:51,172 - checks.obstacle.object_processor_base - INFO - NaN entries: 1160 (100.0%)
2026-03-30 21:30:51,172 - checks.obstacle.object_processor_base - INFO - 
Compact Matrix (first 10 frames × first 10 track IDs):
2026-03-30 21:30:51,172 - checks.obstacle.object_processor_base - INFO - Frame\TrackID    0    1    2    3    4    5    6    7    8    9
2026-03-30 21:30:51,172 - checks.obstacle.object_processor_base - INFO -    0  ---  ---  ---  ---  ---  ---  ---  ---  ---  ---
2026-03-30 21:30:51,172 - checks.obstacle.object_processor_base - INFO -    1  ---  ---  ---  ---  ---  ---  ---  ---  ---  ---
2026-03-30 21:30:51,172 - checks.obstacle.object_processor_base - INFO -    2  ---  ---  ---  ---  ---  ---  ---  ---  ---  ---
2026-03-30 21:30:51,172 - checks.obstacle.object_processor_base - INFO -    3  ---  ---  ---  ---  ---  ---  ---  ---  ---  ---
2026-03-30 21:30:51,172 - checks.obstacle.object_processor_base - INFO -    4  ---  ---  ---  ---  ---  ---  ---  ---  ---  ---
2026-03-30 21:30:51,172 - checks.obstacle.object_processor_base - INFO -    5  ---  ---  ---  ---  ---  ---  ---  ---  ---  ---
2026-03-30 21:30:51,172 - checks.obstacle.object_processor_base - INFO -    6  ---  ---  ---  ---  ---  ---  ---  ---  ---  ---
2026-03-30 21:30:51,173 - checks.obstacle.object_processor_base - INFO -    7  ---  ---  ---  ---  ---  ---  ---  ---  ---  ---
2026-03-30 21:30:51,173 - checks.obstacle.object_processor_base - INFO -    8  ---  ---  ---  ---  ---  ---  ---  ---  ---  ---
2026-03-30 21:30:51,173 - checks.obstacle.object_processor_base - INFO -    9  ---  ---  ---  ---  ---  ---  ---  ---  ---  ---
2026-03-30 21:30:51,173 - checks.obstacle.object_processor_base - INFO - ============================================================
2026-03-30 21:30:51,173 - checks.obstacle.object_processor_base - INFO - Results saved to: /home/adamlin/cosmos-evaluator/output_dir/253b88c7-bfe3-4ec5-8978-84396cbf81d2_1774063994755.dynamic.object.results.json
2026-03-30 21:30:51,173 - checks.obstacle.object_processor_base - INFO - ============================================================
2026-03-30 21:30:51,174 - checks.obstacle.object_processor_base - INFO - PERFORMANCE PROFILING SUMMARY
2026-03-30 21:30:51,174 - checks.obstacle.object_processor_base - INFO - ============================================================
2026-03-30 21:30:51,174 - checks.obstacle.object_processor_base - INFO - scene_rasterization:
2026-03-30 21:30:51,174 - checks.obstacle.object_processor_base - INFO -   Total: 1101.719s (98.6%)
2026-03-30 21:30:51,174 - checks.obstacle.object_processor_base - INFO -   Average: 37.990s
2026-03-30 21:30:51,174 - checks.obstacle.object_processor_base - INFO -   Count: 29
2026-03-30 21:30:51,174 - checks.obstacle.object_processor_base - INFO -   Range: 36.814s - 48.933s
2026-03-30 21:30:51,174 - checks.obstacle.object_processor_base - INFO - segmentation:
2026-03-30 21:30:51,174 - checks.obstacle.object_processor_base - INFO -   Total: 11.920s (1.1%)
2026-03-30 21:30:51,174 - checks.obstacle.object_processor_base - INFO -   Average: 0.411s
2026-03-30 21:30:51,174 - checks.obstacle.object_processor_base - INFO -   Count: 29
2026-03-30 21:30:51,174 - checks.obstacle.object_processor_base - INFO -   Range: 0.234s - 0.814s
2026-03-30 21:30:51,174 - checks.obstacle.object_processor_base - INFO - visualization:
2026-03-30 21:30:51,174 - checks.obstacle.object_processor_base - INFO -   Total: 1.814s (0.2%)
2026-03-30 21:30:51,174 - checks.obstacle.object_processor_base - INFO -   Average: 0.063s
2026-03-30 21:30:51,174 - checks.obstacle.object_processor_base - INFO -   Count: 29
2026-03-30 21:30:51,174 - checks.obstacle.object_processor_base - INFO -   Range: 0.047s - 0.092s
2026-03-30 21:30:51,174 - checks.obstacle.object_processor_base - INFO - data_loader_init:
2026-03-30 21:30:51,174 - checks.obstacle.object_processor_base - INFO -   Total: 0.611s (0.1%)
2026-03-30 21:30:51,174 - checks.obstacle.object_processor_base - INFO -   Average: 0.611s
2026-03-30 21:30:51,174 - checks.obstacle.object_processor_base - INFO -   Count: 1
2026-03-30 21:30:51,174 - checks.obstacle.object_processor_base - INFO -   Range: 0.611s - 0.611s
2026-03-30 21:30:51,174 - checks.obstacle.object_processor_base - INFO - hallucination_detection:
2026-03-30 21:30:51,174 - checks.obstacle.object_processor_base - INFO -   Total: 0.581s (0.1%)
2026-03-30 21:30:51,174 - checks.obstacle.object_processor_base - INFO -   Average: 0.020s
2026-03-30 21:30:51,174 - checks.obstacle.object_processor_base - INFO -   Count: 29
2026-03-30 21:30:51,174 - checks.obstacle.object_processor_base - INFO -   Range: 0.018s - 0.022s
2026-03-30 21:30:51,174 - checks.obstacle.object_processor_base - INFO - 
Total processing time: 1117.415s
2026-03-30 21:30:51,174 - checks.obstacle.object_processor_base - INFO - ============================================================
2026-03-30 21:30:51,174 - checks.obstacle.object_processor_base - INFO - Processing complete. Mean correspondence score: nan
