2026-03-27 23:15:48,696 - checks.obstacle.object_processor_base - INFO - Logging to file: /home/adamlin/cosmos-evaluator/output_dir/253b88c7-bfe3-4ec5-8978-84396cbf81d2_1774063994755.dynamic.object.log
2026-03-27 23:15:51,370 - checks.obstacle.object_processor_base - INFO - Hallucination detector enabled
2026-03-27 23:15:51,370 - checks.obstacle.object_processor_base - INFO - Loading data for clip 253b88c7-bfe3-4ec5-8978-84396cbf81d2_1774063994755
2026-03-27 23:15:52,068 - checks.obstacle.object_processor_base - INFO - Original video frames: 29
2026-03-27 23:15:52,069 - checks.obstacle.object_processor_base - INFO - Video FPS: 10.0
2026-03-27 23:15:52,069 - checks.obstacle.object_processor_base - INFO - Frame skip: 1
2026-03-27 23:15:52,069 - checks.obstacle.object_processor_base - INFO - Target (object/pose) FPS: 30.0
2026-03-27 23:15:52,558 - checks.obstacle.object_processor_base - INFO - Starting frame processing
2026-03-27 23:15:52,559 - checks.obstacle.object_processor_base - INFO - Video dataloader length: 29
2026-03-27 23:15:52,559 - checks.obstacle.object_processor_base - INFO - Camera poses available: 88
2026-03-27 23:15:52,625 - checks.obstacle.object_processor_base - INFO - Processing frame video_idx=0 -> mapped_idx=0 / 87 (objects: 40)
2026-03-27 23:15:52,625 - checks.obstacle.object_processor_base - INFO - Frame video_idx=0 mapped_idx=0: ego position in world =(-0.2, -0.4, 1.7)
2026-03-27 23:15:52,626 - checks.obstacle.object_processor_base - INFO - Frame video_idx=0 mapped_idx=0: camera RPY=(-90.0, 14.8, 177.5)
2026-03-27 23:16:39,113 - checks.obstacle.object_processor_base - INFO - Frame 0 class=motorcycle filtering summary:
2026-03-27 23:16:39,113 - checks.obstacle.object_processor_base - INFO -   - Total objects: 8
2026-03-27 23:16:39,113 - checks.obstacle.object_processor_base - INFO -   - Importance filtered: 5
2026-03-27 23:16:39,113 - checks.obstacle.object_processor_base - INFO -     * relevant_lanes (['ego', 'left', 'right']): 3
2026-03-27 23:16:39,113 - checks.obstacle.object_processor_base - INFO -     * distance_threshold_m (100m): 2
2026-03-27 23:16:39,113 - checks.obstacle.object_processor_base - INFO -   - Occlusion filtered: 0
2026-03-27 23:16:39,113 - checks.obstacle.object_processor_base - INFO -   - Processed: 0
2026-03-27 23:16:39,113 - checks.obstacle.object_processor_base - INFO -   - Filtering rates: 62.5% importance, 0.0% occlusion
2026-03-27 23:16:39,119 - checks.obstacle.object_processor_base - INFO - Frame 0 class=vehicle filtering summary:
2026-03-27 23:16:39,119 - checks.obstacle.object_processor_base - INFO -   - Total objects: 32
2026-03-27 23:16:39,119 - checks.obstacle.object_processor_base - INFO -   - Importance filtered: 20
2026-03-27 23:16:39,119 - checks.obstacle.object_processor_base - INFO -     * relevant_lanes (['ego', 'left', 'right']): 9
2026-03-27 23:16:39,119 - checks.obstacle.object_processor_base - INFO -     * distance_threshold_m (100m): 11
2026-03-27 23:16:39,119 - checks.obstacle.object_processor_base - INFO -   - Occlusion filtered: 0
2026-03-27 23:16:39,119 - checks.obstacle.object_processor_base - INFO -   - Processed: 3
2026-03-27 23:16:39,119 - checks.obstacle.object_processor_base - INFO -   - Filtering rates: 62.5% importance, 0.0% occlusion
2026-03-27 23:16:39,139 - checks.obstacle.object_processor_base - INFO - Frame 0: hallucinations {'bicycle': 0, 'motorcycle': 0, 'pedestrian': 0, 'vehicle': 0}
2026-03-27 23:16:39,327 - checks.obstacle.object_processor_base - INFO - Processing frame video_idx=1 -> mapped_idx=3 / 87 (objects: 40)
2026-03-27 23:16:39,327 - checks.obstacle.object_processor_base - INFO - Frame video_idx=1 mapped_idx=3: ego position in world =(-0.4, -1.1, 1.7)
2026-03-27 23:16:39,327 - checks.obstacle.object_processor_base - INFO - Frame video_idx=1 mapped_idx=3: camera RPY=(-90.0, 14.7, 177.5)
2026-03-27 23:17:13,926 - checks.obstacle.object_processor_base - INFO - Frame 3 class=motorcycle filtering summary:
2026-03-27 23:17:13,926 - checks.obstacle.object_processor_base - INFO -   - Total objects: 8
2026-03-27 23:17:13,926 - checks.obstacle.object_processor_base - INFO -   - Importance filtered: 5
2026-03-27 23:17:13,926 - checks.obstacle.object_processor_base - INFO -     * relevant_lanes (['ego', 'left', 'right']): 3
2026-03-27 23:17:13,926 - checks.obstacle.object_processor_base - INFO -     * distance_threshold_m (100m): 2
2026-03-27 23:17:13,926 - checks.obstacle.object_processor_base - INFO -   - Occlusion filtered: 0
2026-03-27 23:17:13,927 - checks.obstacle.object_processor_base - INFO -   - Processed: 0
2026-03-27 23:17:13,927 - checks.obstacle.object_processor_base - INFO -   - Filtering rates: 62.5% importance, 0.0% occlusion
2026-03-27 23:17:13,932 - checks.obstacle.object_processor_base - INFO - Frame 3 class=vehicle filtering summary:
2026-03-27 23:17:13,932 - checks.obstacle.object_processor_base - INFO -   - Total objects: 32
2026-03-27 23:17:13,932 - checks.obstacle.object_processor_base - INFO -   - Importance filtered: 20
2026-03-27 23:17:13,932 - checks.obstacle.object_processor_base - INFO -     * relevant_lanes (['ego', 'left', 'right']): 9
2026-03-27 23:17:13,932 - checks.obstacle.object_processor_base - INFO -     * distance_threshold_m (100m): 11
2026-03-27 23:17:13,932 - checks.obstacle.object_processor_base - INFO -   - Occlusion filtered: 0
2026-03-27 23:17:13,932 - checks.obstacle.object_processor_base - INFO -   - Processed: 3
2026-03-27 23:17:13,932 - checks.obstacle.object_processor_base - INFO -   - Filtering rates: 62.5% importance, 0.0% occlusion
2026-03-27 23:17:13,953 - checks.obstacle.object_processor_base - INFO - Frame 3: hallucinations {'bicycle': 0, 'motorcycle': 0, 'pedestrian': 0, 'vehicle': 0}
2026-03-27 23:17:14,081 - checks.obstacle.object_processor_base - INFO - Processing frame video_idx=2 -> mapped_idx=6 / 87 (objects: 40)
2026-03-27 23:17:14,081 - checks.obstacle.object_processor_base - INFO - Frame video_idx=2 mapped_idx=6: ego position in world =(-0.6, -1.8, 1.7)
2026-03-27 23:17:14,081 - checks.obstacle.object_processor_base - INFO - Frame video_idx=2 mapped_idx=6: camera RPY=(-90.0, 14.7, 177.5)
2026-03-27 23:17:48,184 - checks.obstacle.object_processor_base - INFO - Frame 6 class=motorcycle filtering summary:
2026-03-27 23:17:48,184 - checks.obstacle.object_processor_base - INFO -   - Total objects: 8
2026-03-27 23:17:48,184 - checks.obstacle.object_processor_base - INFO -   - Importance filtered: 5
2026-03-27 23:17:48,184 - checks.obstacle.object_processor_base - INFO -     * relevant_lanes (['ego', 'left', 'right']): 3
2026-03-27 23:17:48,184 - checks.obstacle.object_processor_base - INFO -     * distance_threshold_m (100m): 2
2026-03-27 23:17:48,184 - checks.obstacle.object_processor_base - INFO -   - Occlusion filtered: 0
2026-03-27 23:17:48,184 - checks.obstacle.object_processor_base - INFO -   - Processed: 0
2026-03-27 23:17:48,184 - checks.obstacle.object_processor_base - INFO -   - Filtering rates: 62.5% importance, 0.0% occlusion
2026-03-27 23:17:48,190 - checks.obstacle.object_processor_base - INFO - Frame 6 class=vehicle filtering summary:
2026-03-27 23:17:48,190 - checks.obstacle.object_processor_base - INFO -   - Total objects: 32
2026-03-27 23:17:48,190 - checks.obstacle.object_processor_base - INFO -   - Importance filtered: 20
2026-03-27 23:17:48,190 - checks.obstacle.object_processor_base - INFO -     * relevant_lanes (['ego', 'left', 'right']): 9
2026-03-27 23:17:48,190 - checks.obstacle.object_processor_base - INFO -     * distance_threshold_m (100m): 11
2026-03-27 23:17:48,190 - checks.obstacle.object_processor_base - INFO -   - Occlusion filtered: 0
2026-03-27 23:17:48,190 - checks.obstacle.object_processor_base - INFO -   - Processed: 3
2026-03-27 23:17:48,190 - checks.obstacle.object_processor_base - INFO -   - Filtering rates: 62.5% importance, 0.0% occlusion
2026-03-27 23:17:48,213 - checks.obstacle.object_processor_base - INFO - Frame 6: hallucinations {'bicycle': 0, 'motorcycle': 0, 'pedestrian': 0, 'vehicle': 0}
2026-03-27 23:17:48,315 - checks.obstacle.object_processor_base - INFO - Processing frame video_idx=3 -> mapped_idx=9 / 87 (objects: 40)
2026-03-27 23:17:48,315 - checks.obstacle.object_processor_base - INFO - Frame video_idx=3 mapped_idx=9: ego position in world =(-0.8, -2.5, 1.7)
2026-03-27 23:17:48,315 - checks.obstacle.object_processor_base - INFO - Frame video_idx=3 mapped_idx=9: camera RPY=(-90.0, 14.7, 177.5)
2026-03-27 23:18:22,610 - checks.obstacle.object_processor_base - INFO - Frame 9 class=motorcycle filtering summary:
2026-03-27 23:18:22,610 - checks.obstacle.object_processor_base - INFO -   - Total objects: 8
2026-03-27 23:18:22,610 - checks.obstacle.object_processor_base - INFO -   - Importance filtered: 5
2026-03-27 23:18:22,610 - checks.obstacle.object_processor_base - INFO -     * relevant_lanes (['ego', 'left', 'right']): 3
2026-03-27 23:18:22,610 - checks.obstacle.object_processor_base - INFO -     * distance_threshold_m (100m): 2
2026-03-27 23:18:22,610 - checks.obstacle.object_processor_base - INFO -   - Occlusion filtered: 0
2026-03-27 23:18:22,610 - checks.obstacle.object_processor_base - INFO -   - Processed: 0
2026-03-27 23:18:22,610 - checks.obstacle.object_processor_base - INFO -   - Filtering rates: 62.5% importance, 0.0% occlusion
2026-03-27 23:18:22,616 - checks.obstacle.object_processor_base - INFO - Frame 9 class=vehicle filtering summary:
2026-03-27 23:18:22,616 - checks.obstacle.object_processor_base - INFO -   - Total objects: 32
2026-03-27 23:18:22,616 - checks.obstacle.object_processor_base - INFO -   - Importance filtered: 20
2026-03-27 23:18:22,616 - checks.obstacle.object_processor_base - INFO -     * relevant_lanes (['ego', 'left', 'right']): 9
2026-03-27 23:18:22,616 - checks.obstacle.object_processor_base - INFO -     * distance_threshold_m (100m): 11
2026-03-27 23:18:22,616 - checks.obstacle.object_processor_base - INFO -   - Occlusion filtered: 0
2026-03-27 23:18:22,616 - checks.obstacle.object_processor_base - INFO -   - Processed: 3
2026-03-27 23:18:22,616 - checks.obstacle.object_processor_base - INFO -   - Filtering rates: 62.5% importance, 0.0% occlusion
2026-03-27 23:18:22,638 - checks.obstacle.object_processor_base - INFO - Frame 9: hallucinations {'bicycle': 0, 'motorcycle': 0, 'pedestrian': 0, 'vehicle': 0}
2026-03-27 23:18:22,749 - checks.obstacle.object_processor_base - INFO - Processing frame video_idx=4 -> mapped_idx=12 / 87 (objects: 40)
2026-03-27 23:18:22,749 - checks.obstacle.object_processor_base - INFO - Frame video_idx=4 mapped_idx=12: ego position in world =(-1.0, -3.2, 1.7)
2026-03-27 23:18:22,749 - checks.obstacle.object_processor_base - INFO - Frame video_idx=4 mapped_idx=12: camera RPY=(-90.0, 14.7, 177.5)
2026-03-27 23:18:57,693 - checks.obstacle.object_processor_base - INFO - Frame 12 class=motorcycle filtering summary:
2026-03-27 23:18:57,694 - checks.obstacle.object_processor_base - INFO -   - Total objects: 8
2026-03-27 23:18:57,694 - checks.obstacle.object_processor_base - INFO -   - Importance filtered: 5
2026-03-27 23:18:57,694 - checks.obstacle.object_processor_base - INFO -     * distance_threshold_m (100m): 2
2026-03-27 23:18:57,694 - checks.obstacle.object_processor_base - INFO -     * relevant_lanes (['ego', 'left', 'right']): 3
2026-03-27 23:18:57,694 - checks.obstacle.object_processor_base - INFO -   - Occlusion filtered: 0
2026-03-27 23:18:57,694 - checks.obstacle.object_processor_base - INFO -   - Processed: 0
2026-03-27 23:18:57,694 - checks.obstacle.object_processor_base - INFO -   - Filtering rates: 62.5% importance, 0.0% occlusion
2026-03-27 23:18:57,699 - checks.obstacle.object_processor_base - INFO - Frame 12 class=vehicle filtering summary:
2026-03-27 23:18:57,699 - checks.obstacle.object_processor_base - INFO -   - Total objects: 32
2026-03-27 23:18:57,699 - checks.obstacle.object_processor_base - INFO -   - Importance filtered: 20
2026-03-27 23:18:57,699 - checks.obstacle.object_processor_base - INFO -     * distance_threshold_m (100m): 11
2026-03-27 23:18:57,699 - checks.obstacle.object_processor_base - INFO -     * relevant_lanes (['ego', 'left', 'right']): 9
2026-03-27 23:18:57,699 - checks.obstacle.object_processor_base - INFO -   - Occlusion filtered: 0
2026-03-27 23:18:57,699 - checks.obstacle.object_processor_base - INFO -   - Processed: 3
2026-03-27 23:18:57,699 - checks.obstacle.object_processor_base - INFO -   - Filtering rates: 62.5% importance, 0.0% occlusion
2026-03-27 23:18:57,721 - checks.obstacle.object_processor_base - INFO - Frame 12: hallucinations {'bicycle': 0, 'motorcycle': 0, 'pedestrian': 0, 'vehicle': 0}
2026-03-27 23:18:57,831 - checks.obstacle.object_processor_base - INFO - Processing frame video_idx=5 -> mapped_idx=15 / 87 (objects: 40)
2026-03-27 23:18:57,831 - checks.obstacle.object_processor_base - INFO - Frame video_idx=5 mapped_idx=15: ego position in world =(-1.1, -3.8, 1.7)
2026-03-27 23:18:57,831 - checks.obstacle.object_processor_base - INFO - Frame video_idx=5 mapped_idx=15: camera RPY=(-89.9, 14.7, 177.6)
2026-03-27 23:19:31,742 - checks.obstacle.object_processor_base - INFO - Frame 15 class=motorcycle filtering summary:
2026-03-27 23:19:31,743 - checks.obstacle.object_processor_base - INFO -   - Total objects: 8
2026-03-27 23:19:31,743 - checks.obstacle.object_processor_base - INFO -   - Importance filtered: 5
2026-03-27 23:19:31,743 - checks.obstacle.object_processor_base - INFO -     * relevant_lanes (['ego', 'left', 'right']): 3
2026-03-27 23:19:31,743 - checks.obstacle.object_processor_base - INFO -     * distance_threshold_m (100m): 2
2026-03-27 23:19:31,743 - checks.obstacle.object_processor_base - INFO -   - Occlusion filtered: 0
2026-03-27 23:19:31,743 - checks.obstacle.object_processor_base - INFO -   - Processed: 0
2026-03-27 23:19:31,743 - checks.obstacle.object_processor_base - INFO -   - Filtering rates: 62.5% importance, 0.0% occlusion
2026-03-27 23:19:31,748 - checks.obstacle.object_processor_base - INFO - Frame 15 class=vehicle filtering summary:
2026-03-27 23:19:31,748 - checks.obstacle.object_processor_base - INFO -   - Total objects: 32
2026-03-27 23:19:31,748 - checks.obstacle.object_processor_base - INFO -   - Importance filtered: 20
2026-03-27 23:19:31,748 - checks.obstacle.object_processor_base - INFO -     * relevant_lanes (['ego', 'left', 'right']): 9
2026-03-27 23:19:31,748 - checks.obstacle.object_processor_base - INFO -     * distance_threshold_m (100m): 11
2026-03-27 23:19:31,748 - checks.obstacle.object_processor_base - INFO -   - Occlusion filtered: 0
2026-03-27 23:19:31,748 - checks.obstacle.object_processor_base - INFO -   - Processed: 3
2026-03-27 23:19:31,748 - checks.obstacle.object_processor_base - INFO -   - Filtering rates: 62.5% importance, 0.0% occlusion
2026-03-27 23:19:31,770 - checks.obstacle.object_processor_base - INFO - Frame 15: hallucinations {'bicycle': 0, 'motorcycle': 0, 'pedestrian': 0, 'vehicle': 0}
2026-03-27 23:19:31,881 - checks.obstacle.object_processor_base - INFO - Processing frame video_idx=6 -> mapped_idx=18 / 87 (objects: 40)
2026-03-27 23:19:31,881 - checks.obstacle.object_processor_base - INFO - Frame video_idx=6 mapped_idx=18: ego position in world =(-1.3, -4.4, 1.7)
2026-03-27 23:19:31,881 - checks.obstacle.object_processor_base - INFO - Frame video_idx=6 mapped_idx=18: camera RPY=(-89.9, 14.7, 177.7)
2026-03-27 23:20:06,285 - checks.obstacle.object_processor_base - INFO - Frame 18 class=motorcycle filtering summary:
2026-03-27 23:20:06,286 - checks.obstacle.object_processor_base - INFO -   - Total objects: 8
2026-03-27 23:20:06,286 - checks.obstacle.object_processor_base - INFO -   - Importance filtered: 5
2026-03-27 23:20:06,286 - checks.obstacle.object_processor_base - INFO -     * distance_threshold_m (100m): 2
2026-03-27 23:20:06,286 - checks.obstacle.object_processor_base - INFO -     * relevant_lanes (['ego', 'left', 'right']): 3
2026-03-27 23:20:06,286 - checks.obstacle.object_processor_base - INFO -   - Occlusion filtered: 0
2026-03-27 23:20:06,286 - checks.obstacle.object_processor_base - INFO -   - Processed: 0
2026-03-27 23:20:06,286 - checks.obstacle.object_processor_base - INFO -   - Filtering rates: 62.5% importance, 0.0% occlusion
2026-03-27 23:20:06,291 - checks.obstacle.object_processor_base - INFO - Frame 18 class=vehicle filtering summary:
2026-03-27 23:20:06,291 - checks.obstacle.object_processor_base - INFO -   - Total objects: 32
2026-03-27 23:20:06,291 - checks.obstacle.object_processor_base - INFO -   - Importance filtered: 20
2026-03-27 23:20:06,291 - checks.obstacle.object_processor_base - INFO -     * relevant_lanes (['ego', 'left', 'right']): 9
2026-03-27 23:20:06,291 - checks.obstacle.object_processor_base - INFO -     * distance_threshold_m (100m): 11
2026-03-27 23:20:06,291 - checks.obstacle.object_processor_base - INFO -   - Occlusion filtered: 0
2026-03-27 23:20:06,291 - checks.obstacle.object_processor_base - INFO -   - Processed: 3
2026-03-27 23:20:06,291 - checks.obstacle.object_processor_base - INFO -   - Filtering rates: 62.5% importance, 0.0% occlusion
2026-03-27 23:20:06,313 - checks.obstacle.object_processor_base - INFO - Frame 18: hallucinations {'bicycle': 0, 'motorcycle': 0, 'pedestrian': 0, 'vehicle': 0}
2026-03-27 23:20:06,420 - checks.obstacle.object_processor_base - INFO - Processing frame video_idx=7 -> mapped_idx=21 / 87 (objects: 40)
2026-03-27 23:20:06,420 - checks.obstacle.object_processor_base - INFO - Frame video_idx=7 mapped_idx=21: ego position in world =(-1.4, -5.0, 1.7)
2026-03-27 23:20:06,420 - checks.obstacle.object_processor_base - INFO - Frame video_idx=7 mapped_idx=21: camera RPY=(-89.8, 14.7, 177.8)
2026-03-27 23:20:39,877 - checks.obstacle.object_processor_base - INFO - Frame 21 class=motorcycle filtering summary:
2026-03-27 23:20:39,877 - checks.obstacle.object_processor_base - INFO -   - Total objects: 8
2026-03-27 23:20:39,877 - checks.obstacle.object_processor_base - INFO -   - Importance filtered: 5
2026-03-27 23:20:39,877 - checks.obstacle.object_processor_base - INFO -     * relevant_lanes (['ego', 'left', 'right']): 3
2026-03-27 23:20:39,877 - checks.obstacle.object_processor_base - INFO -     * distance_threshold_m (100m): 2
2026-03-27 23:20:39,877 - checks.obstacle.object_processor_base - INFO -   - Occlusion filtered: 0
2026-03-27 23:20:39,877 - checks.obstacle.object_processor_base - INFO -   - Processed: 0
2026-03-27 23:20:39,877 - checks.obstacle.object_processor_base - INFO -   - Filtering rates: 62.5% importance, 0.0% occlusion
2026-03-27 23:20:39,882 - checks.obstacle.object_processor_base - INFO - Frame 21 class=vehicle filtering summary:
2026-03-27 23:20:39,882 - checks.obstacle.object_processor_base - INFO -   - Total objects: 32
2026-03-27 23:20:39,882 - checks.obstacle.object_processor_base - INFO -   - Importance filtered: 20
2026-03-27 23:20:39,882 - checks.obstacle.object_processor_base - INFO -     * relevant_lanes (['ego', 'left', 'right']): 9
2026-03-27 23:20:39,882 - checks.obstacle.object_processor_base - INFO -     * distance_threshold_m (100m): 11
2026-03-27 23:20:39,882 - checks.obstacle.object_processor_base - INFO -   - Occlusion filtered: 0
2026-03-27 23:20:39,882 - checks.obstacle.object_processor_base - INFO -   - Processed: 3
2026-03-27 23:20:39,882 - checks.obstacle.object_processor_base - INFO -   - Filtering rates: 62.5% importance, 0.0% occlusion
2026-03-27 23:20:39,904 - checks.obstacle.object_processor_base - INFO - Frame 21: hallucinations {'bicycle': 0, 'motorcycle': 0, 'pedestrian': 0, 'vehicle': 0}
2026-03-27 23:20:40,016 - checks.obstacle.object_processor_base - INFO - Processing frame video_idx=8 -> mapped_idx=24 / 87 (objects: 40)
2026-03-27 23:20:40,016 - checks.obstacle.object_processor_base - INFO - Frame video_idx=8 mapped_idx=24: ego position in world =(-1.6, -5.5, 1.7)
2026-03-27 23:20:40,016 - checks.obstacle.object_processor_base - INFO - Frame video_idx=8 mapped_idx=24: camera RPY=(-89.8, 14.7, 177.8)
2026-03-27 23:21:13,517 - checks.obstacle.object_processor_base - INFO - Frame 24 class=motorcycle filtering summary:
2026-03-27 23:21:13,517 - checks.obstacle.object_processor_base - INFO -   - Total objects: 8
2026-03-27 23:21:13,517 - checks.obstacle.object_processor_base - INFO -   - Importance filtered: 5
2026-03-27 23:21:13,517 - checks.obstacle.object_processor_base - INFO -     * distance_threshold_m (100m): 2
2026-03-27 23:21:13,517 - checks.obstacle.object_processor_base - INFO -     * relevant_lanes (['ego', 'left', 'right']): 3
2026-03-27 23:21:13,517 - checks.obstacle.object_processor_base - INFO -   - Occlusion filtered: 0
2026-03-27 23:21:13,517 - checks.obstacle.object_processor_base - INFO -   - Processed: 0
2026-03-27 23:21:13,517 - checks.obstacle.object_processor_base - INFO -   - Filtering rates: 62.5% importance, 0.0% occlusion
2026-03-27 23:21:13,523 - checks.obstacle.object_processor_base - INFO - Frame 24 class=vehicle filtering summary:
2026-03-27 23:21:13,523 - checks.obstacle.object_processor_base - INFO -   - Total objects: 32
2026-03-27 23:21:13,523 - checks.obstacle.object_processor_base - INFO -   - Importance filtered: 20
2026-03-27 23:21:13,523 - checks.obstacle.object_processor_base - INFO -     * relevant_lanes (['ego', 'left', 'right']): 9
2026-03-27 23:21:13,523 - checks.obstacle.object_processor_base - INFO -     * distance_threshold_m (100m): 11
2026-03-27 23:21:13,523 - checks.obstacle.object_processor_base - INFO -   - Occlusion filtered: 0
2026-03-27 23:21:13,523 - checks.obstacle.object_processor_base - INFO -   - Processed: 3
2026-03-27 23:21:13,523 - checks.obstacle.object_processor_base - INFO -   - Filtering rates: 62.5% importance, 0.0% occlusion
2026-03-27 23:21:13,545 - checks.obstacle.object_processor_base - INFO - Frame 24: hallucinations {'bicycle': 0, 'motorcycle': 0, 'pedestrian': 0, 'vehicle': 0}
2026-03-27 23:21:13,638 - checks.obstacle.object_processor_base - INFO - Processing frame video_idx=9 -> mapped_idx=27 / 87 (objects: 40)
2026-03-27 23:21:13,638 - checks.obstacle.object_processor_base - INFO - Frame video_idx=9 mapped_idx=27: ego position in world =(-1.7, -6.0, 1.7)
2026-03-27 23:21:13,638 - checks.obstacle.object_processor_base - INFO - Frame video_idx=9 mapped_idx=27: camera RPY=(-89.9, 14.7, 177.7)
2026-03-27 23:21:47,202 - checks.obstacle.object_processor_base - INFO - Frame 27 class=motorcycle filtering summary:
2026-03-27 23:21:47,202 - checks.obstacle.object_processor_base - INFO -   - Total objects: 8
2026-03-27 23:21:47,202 - checks.obstacle.object_processor_base - INFO -   - Importance filtered: 5
2026-03-27 23:21:47,202 - checks.obstacle.object_processor_base - INFO -     * relevant_lanes (['ego', 'left', 'right']): 3
2026-03-27 23:21:47,202 - checks.obstacle.object_processor_base - INFO -     * distance_threshold_m (100m): 2
2026-03-27 23:21:47,202 - checks.obstacle.object_processor_base - INFO -   - Occlusion filtered: 0
2026-03-27 23:21:47,202 - checks.obstacle.object_processor_base - INFO -   - Processed: 0
2026-03-27 23:21:47,202 - checks.obstacle.object_processor_base - INFO -   - Filtering rates: 62.5% importance, 0.0% occlusion
2026-03-27 23:21:47,207 - checks.obstacle.object_processor_base - INFO - Frame 27 class=vehicle filtering summary:
2026-03-27 23:21:47,207 - checks.obstacle.object_processor_base - INFO -   - Total objects: 32
2026-03-27 23:21:47,207 - checks.obstacle.object_processor_base - INFO -   - Importance filtered: 20
2026-03-27 23:21:47,207 - checks.obstacle.object_processor_base - INFO -     * relevant_lanes (['ego', 'left', 'right']): 9
2026-03-27 23:21:47,207 - checks.obstacle.object_processor_base - INFO -     * distance_threshold_m (100m): 11
2026-03-27 23:21:47,207 - checks.obstacle.object_processor_base - INFO -   - Occlusion filtered: 0
2026-03-27 23:21:47,207 - checks.obstacle.object_processor_base - INFO -   - Processed: 3
2026-03-27 23:21:47,207 - checks.obstacle.object_processor_base - INFO -   - Filtering rates: 62.5% importance, 0.0% occlusion
2026-03-27 23:21:47,228 - checks.obstacle.object_processor_base - INFO - Frame 27: hallucinations {'bicycle': 0, 'motorcycle': 0, 'pedestrian': 0, 'vehicle': 0}
2026-03-27 23:21:47,347 - checks.obstacle.object_processor_base - INFO - Processing frame video_idx=10 -> mapped_idx=30 / 87 (objects: 40)
2026-03-27 23:21:47,347 - checks.obstacle.object_processor_base - INFO - Frame video_idx=10 mapped_idx=30: ego position in world =(-1.8, -6.5, 1.7)
2026-03-27 23:21:47,347 - checks.obstacle.object_processor_base - INFO - Frame video_idx=10 mapped_idx=30: camera RPY=(-89.9, 14.7, 177.4)
2026-03-27 23:22:20,608 - checks.obstacle.object_processor_base - INFO - Frame 30 class=motorcycle filtering summary:
2026-03-27 23:22:20,608 - checks.obstacle.object_processor_base - INFO -   - Total objects: 8
2026-03-27 23:22:20,608 - checks.obstacle.object_processor_base - INFO -   - Importance filtered: 5
2026-03-27 23:22:20,608 - checks.obstacle.object_processor_base - INFO -     * distance_threshold_m (100m): 2
2026-03-27 23:22:20,608 - checks.obstacle.object_processor_base - INFO -     * relevant_lanes (['ego', 'left', 'right']): 3
2026-03-27 23:22:20,608 - checks.obstacle.object_processor_base - INFO -   - Occlusion filtered: 0
2026-03-27 23:22:20,608 - checks.obstacle.object_processor_base - INFO -   - Processed: 0
2026-03-27 23:22:20,608 - checks.obstacle.object_processor_base - INFO -   - Filtering rates: 62.5% importance, 0.0% occlusion
2026-03-27 23:22:20,613 - checks.obstacle.object_processor_base - INFO - Frame 30 class=vehicle filtering summary:
2026-03-27 23:22:20,614 - checks.obstacle.object_processor_base - INFO -   - Total objects: 32
2026-03-27 23:22:20,614 - checks.obstacle.object_processor_base - INFO -   - Importance filtered: 20
2026-03-27 23:22:20,614 - checks.obstacle.object_processor_base - INFO -     * relevant_lanes (['ego', 'left', 'right']): 9
2026-03-27 23:22:20,614 - checks.obstacle.object_processor_base - INFO -     * distance_threshold_m (100m): 11
2026-03-27 23:22:20,614 - checks.obstacle.object_processor_base - INFO -   - Occlusion filtered: 0
2026-03-27 23:22:20,614 - checks.obstacle.object_processor_base - INFO -   - Processed: 3
2026-03-27 23:22:20,614 - checks.obstacle.object_processor_base - INFO -   - Filtering rates: 62.5% importance, 0.0% occlusion
2026-03-27 23:22:20,635 - checks.obstacle.object_processor_base - INFO - Frame 30: hallucinations {'bicycle': 0, 'motorcycle': 0, 'pedestrian': 0, 'vehicle': 0}
2026-03-27 23:22:20,746 - checks.obstacle.object_processor_base - INFO - Processing frame video_idx=11 -> mapped_idx=33 / 87 (objects: 40)
2026-03-27 23:22:20,746 - checks.obstacle.object_processor_base - INFO - Frame video_idx=11 mapped_idx=33: ego position in world =(-2.0, -7.0, 1.7)
2026-03-27 23:22:20,746 - checks.obstacle.object_processor_base - INFO - Frame video_idx=11 mapped_idx=33: camera RPY=(-89.9, 14.7, 177.4)
2026-03-27 23:22:53,800 - checks.obstacle.object_processor_base - INFO - Frame 33 class=motorcycle filtering summary:
2026-03-27 23:22:53,800 - checks.obstacle.object_processor_base - INFO -   - Total objects: 8
2026-03-27 23:22:53,800 - checks.obstacle.object_processor_base - INFO -   - Importance filtered: 5
2026-03-27 23:22:53,800 - checks.obstacle.object_processor_base - INFO -     * relevant_lanes (['ego', 'left', 'right']): 3
2026-03-27 23:22:53,800 - checks.obstacle.object_processor_base - INFO -     * distance_threshold_m (100m): 2
2026-03-27 23:22:53,800 - checks.obstacle.object_processor_base - INFO -   - Occlusion filtered: 0
2026-03-27 23:22:53,800 - checks.obstacle.object_processor_base - INFO -   - Processed: 0
2026-03-27 23:22:53,800 - checks.obstacle.object_processor_base - INFO -   - Filtering rates: 62.5% importance, 0.0% occlusion
2026-03-27 23:22:53,805 - checks.obstacle.object_processor_base - INFO - Frame 33 class=vehicle filtering summary:
2026-03-27 23:22:53,805 - checks.obstacle.object_processor_base - INFO -   - Total objects: 32
2026-03-27 23:22:53,805 - checks.obstacle.object_processor_base - INFO -   - Importance filtered: 20
2026-03-27 23:22:53,805 - checks.obstacle.object_processor_base - INFO -     * relevant_lanes (['ego', 'left', 'right']): 9
2026-03-27 23:22:53,805 - checks.obstacle.object_processor_base - INFO -     * distance_threshold_m (100m): 11
2026-03-27 23:22:53,805 - checks.obstacle.object_processor_base - INFO -   - Occlusion filtered: 0
2026-03-27 23:22:53,805 - checks.obstacle.object_processor_base - INFO -   - Processed: 3
2026-03-27 23:22:53,805 - checks.obstacle.object_processor_base - INFO -   - Filtering rates: 62.5% importance, 0.0% occlusion
2026-03-27 23:22:53,828 - checks.obstacle.object_processor_base - INFO - Frame 33: hallucinations {'bicycle': 0, 'motorcycle': 0, 'pedestrian': 0, 'vehicle': 0}
2026-03-27 23:22:53,912 - checks.obstacle.object_processor_base - INFO - Processing frame video_idx=12 -> mapped_idx=36 / 87 (objects: 40)
2026-03-27 23:22:53,912 - checks.obstacle.object_processor_base - INFO - Frame video_idx=12 mapped_idx=36: ego position in world =(-2.1, -7.4, 1.7)
2026-03-27 23:22:53,912 - checks.obstacle.object_processor_base - INFO - Frame video_idx=12 mapped_idx=36: camera RPY=(-89.9, 14.7, 177.4)
2026-03-27 23:23:27,256 - checks.obstacle.object_processor_base - INFO - Frame 36 class=motorcycle filtering summary:
2026-03-27 23:23:27,257 - checks.obstacle.object_processor_base - INFO -   - Total objects: 8
2026-03-27 23:23:27,257 - checks.obstacle.object_processor_base - INFO -   - Importance filtered: 5
2026-03-27 23:23:27,257 - checks.obstacle.object_processor_base - INFO -     * distance_threshold_m (100m): 2
2026-03-27 23:23:27,257 - checks.obstacle.object_processor_base - INFO -     * relevant_lanes (['ego', 'left', 'right']): 3
2026-03-27 23:23:27,257 - checks.obstacle.object_processor_base - INFO -   - Occlusion filtered: 0
2026-03-27 23:23:27,257 - checks.obstacle.object_processor_base - INFO -   - Processed: 0
2026-03-27 23:23:27,257 - checks.obstacle.object_processor_base - INFO -   - Filtering rates: 62.5% importance, 0.0% occlusion
2026-03-27 23:23:27,262 - checks.obstacle.object_processor_base - INFO - Frame 36 class=vehicle filtering summary:
2026-03-27 23:23:27,262 - checks.obstacle.object_processor_base - INFO -   - Total objects: 32
2026-03-27 23:23:27,262 - checks.obstacle.object_processor_base - INFO -   - Importance filtered: 20
2026-03-27 23:23:27,262 - checks.obstacle.object_processor_base - INFO -     * relevant_lanes (['ego', 'left', 'right']): 9
2026-03-27 23:23:27,262 - checks.obstacle.object_processor_base - INFO -     * distance_threshold_m (100m): 11
2026-03-27 23:23:27,262 - checks.obstacle.object_processor_base - INFO -   - Occlusion filtered: 0
2026-03-27 23:23:27,262 - checks.obstacle.object_processor_base - INFO -   - Processed: 3
2026-03-27 23:23:27,262 - checks.obstacle.object_processor_base - INFO -   - Filtering rates: 62.5% importance, 0.0% occlusion
2026-03-27 23:23:27,284 - checks.obstacle.object_processor_base - INFO - Frame 36: hallucinations {'bicycle': 0, 'motorcycle': 0, 'pedestrian': 0, 'vehicle': 0}
2026-03-27 23:23:27,399 - checks.obstacle.object_processor_base - INFO - Processing frame video_idx=13 -> mapped_idx=39 / 87 (objects: 40)
2026-03-27 23:23:27,399 - checks.obstacle.object_processor_base - INFO - Frame video_idx=13 mapped_idx=39: ego position in world =(-2.2, -7.8, 1.7)
2026-03-27 23:23:27,399 - checks.obstacle.object_processor_base - INFO - Frame video_idx=13 mapped_idx=39: camera RPY=(-89.9, 14.7, 177.5)
2026-03-27 23:24:01,436 - checks.obstacle.object_processor_base - INFO - Frame 39 class=motorcycle filtering summary:
2026-03-27 23:24:01,436 - checks.obstacle.object_processor_base - INFO -   - Total objects: 8
2026-03-27 23:24:01,436 - checks.obstacle.object_processor_base - INFO -   - Importance filtered: 5
2026-03-27 23:24:01,436 - checks.obstacle.object_processor_base - INFO -     * relevant_lanes (['ego', 'left', 'right']): 3
2026-03-27 23:24:01,436 - checks.obstacle.object_processor_base - INFO -     * distance_threshold_m (100m): 2
2026-03-27 23:24:01,436 - checks.obstacle.object_processor_base - INFO -   - Occlusion filtered: 0
2026-03-27 23:24:01,436 - checks.obstacle.object_processor_base - INFO -   - Processed: 0
2026-03-27 23:24:01,436 - checks.obstacle.object_processor_base - INFO -   - Filtering rates: 62.5% importance, 0.0% occlusion
2026-03-27 23:24:01,442 - checks.obstacle.object_processor_base - INFO - Frame 39 class=vehicle filtering summary:
2026-03-27 23:24:01,442 - checks.obstacle.object_processor_base - INFO -   - Total objects: 32
2026-03-27 23:24:01,442 - checks.obstacle.object_processor_base - INFO -   - Importance filtered: 20
2026-03-27 23:24:01,442 - checks.obstacle.object_processor_base - INFO -     * relevant_lanes (['ego', 'left', 'right']): 9
2026-03-27 23:24:01,442 - checks.obstacle.object_processor_base - INFO -     * distance_threshold_m (100m): 11
2026-03-27 23:24:01,442 - checks.obstacle.object_processor_base - INFO -   - Occlusion filtered: 0
2026-03-27 23:24:01,442 - checks.obstacle.object_processor_base - INFO -   - Processed: 3
2026-03-27 23:24:01,442 - checks.obstacle.object_processor_base - INFO -   - Filtering rates: 62.5% importance, 0.0% occlusion
2026-03-27 23:24:01,463 - checks.obstacle.object_processor_base - INFO - Frame 39: hallucinations {'bicycle': 0, 'motorcycle': 0, 'pedestrian': 0, 'vehicle': 0}
2026-03-27 23:24:01,547 - checks.obstacle.object_processor_base - INFO - Processing frame video_idx=14 -> mapped_idx=42 / 87 (objects: 40)
2026-03-27 23:24:01,547 - checks.obstacle.object_processor_base - INFO - Frame video_idx=14 mapped_idx=42: ego position in world =(-2.3, -8.2, 1.7)
2026-03-27 23:24:01,547 - checks.obstacle.object_processor_base - INFO - Frame video_idx=14 mapped_idx=42: camera RPY=(-89.9, 14.7, 177.4)
2026-03-27 23:24:35,662 - checks.obstacle.object_processor_base - INFO - Frame 42 class=motorcycle filtering summary:
2026-03-27 23:24:35,662 - checks.obstacle.object_processor_base - INFO -   - Total objects: 8
2026-03-27 23:24:35,662 - checks.obstacle.object_processor_base - INFO -   - Importance filtered: 5
2026-03-27 23:24:35,662 - checks.obstacle.object_processor_base - INFO -     * distance_threshold_m (100m): 2
2026-03-27 23:24:35,662 - checks.obstacle.object_processor_base - INFO -     * relevant_lanes (['ego', 'left', 'right']): 3
2026-03-27 23:24:35,662 - checks.obstacle.object_processor_base - INFO -   - Occlusion filtered: 0
2026-03-27 23:24:35,662 - checks.obstacle.object_processor_base - INFO -   - Processed: 0
2026-03-27 23:24:35,662 - checks.obstacle.object_processor_base - INFO -   - Filtering rates: 62.5% importance, 0.0% occlusion
2026-03-27 23:24:35,668 - checks.obstacle.object_processor_base - INFO - Frame 42 class=vehicle filtering summary:
2026-03-27 23:24:35,668 - checks.obstacle.object_processor_base - INFO -   - Total objects: 32
2026-03-27 23:24:35,668 - checks.obstacle.object_processor_base - INFO -   - Importance filtered: 20
2026-03-27 23:24:35,668 - checks.obstacle.object_processor_base - INFO -     * relevant_lanes (['ego', 'left', 'right']): 9
2026-03-27 23:24:35,668 - checks.obstacle.object_processor_base - INFO -     * distance_threshold_m (100m): 11
2026-03-27 23:24:35,668 - checks.obstacle.object_processor_base - INFO -   - Occlusion filtered: 0
2026-03-27 23:24:35,668 - checks.obstacle.object_processor_base - INFO -   - Processed: 3
2026-03-27 23:24:35,668 - checks.obstacle.object_processor_base - INFO -   - Filtering rates: 62.5% importance, 0.0% occlusion
2026-03-27 23:24:35,691 - checks.obstacle.object_processor_base - INFO - Frame 42: hallucinations {'bicycle': 0, 'motorcycle': 0, 'pedestrian': 0, 'vehicle': 0}
2026-03-27 23:24:35,774 - checks.obstacle.object_processor_base - INFO - Processing frame video_idx=15 -> mapped_idx=45 / 87 (objects: 40)
2026-03-27 23:24:35,774 - checks.obstacle.object_processor_base - INFO - Frame video_idx=15 mapped_idx=45: ego position in world =(-2.4, -8.5, 1.7)
2026-03-27 23:24:35,774 - checks.obstacle.object_processor_base - INFO - Frame video_idx=15 mapped_idx=45: camera RPY=(-90.0, 14.7, 177.4)
2026-03-27 23:25:09,147 - checks.obstacle.object_processor_base - INFO - Frame 45 class=motorcycle filtering summary:
2026-03-27 23:25:09,147 - checks.obstacle.object_processor_base - INFO -   - Total objects: 8
2026-03-27 23:25:09,147 - checks.obstacle.object_processor_base - INFO -   - Importance filtered: 5
2026-03-27 23:25:09,147 - checks.obstacle.object_processor_base - INFO -     * relevant_lanes (['ego', 'left', 'right']): 3
2026-03-27 23:25:09,147 - checks.obstacle.object_processor_base - INFO -     * distance_threshold_m (100m): 2
2026-03-27 23:25:09,147 - checks.obstacle.object_processor_base - INFO -   - Occlusion filtered: 0
2026-03-27 23:25:09,147 - checks.obstacle.object_processor_base - INFO -   - Processed: 0
2026-03-27 23:25:09,147 - checks.obstacle.object_processor_base - INFO -   - Filtering rates: 62.5% importance, 0.0% occlusion
2026-03-27 23:25:09,152 - checks.obstacle.object_processor_base - INFO - Frame 45 class=vehicle filtering summary:
2026-03-27 23:25:09,153 - checks.obstacle.object_processor_base - INFO -   - Total objects: 32
2026-03-27 23:25:09,153 - checks.obstacle.object_processor_base - INFO -   - Importance filtered: 20
2026-03-27 23:25:09,153 - checks.obstacle.object_processor_base - INFO -     * relevant_lanes (['ego', 'left', 'right']): 9
2026-03-27 23:25:09,153 - checks.obstacle.object_processor_base - INFO -     * distance_threshold_m (100m): 11
2026-03-27 23:25:09,153 - checks.obstacle.object_processor_base - INFO -   - Occlusion filtered: 0
2026-03-27 23:25:09,153 - checks.obstacle.object_processor_base - INFO -   - Processed: 3
2026-03-27 23:25:09,153 - checks.obstacle.object_processor_base - INFO -   - Filtering rates: 62.5% importance, 0.0% occlusion
2026-03-27 23:25:09,174 - checks.obstacle.object_processor_base - INFO - Frame 45: hallucinations {'bicycle': 0, 'motorcycle': 0, 'pedestrian': 0, 'vehicle': 0}
2026-03-27 23:25:09,264 - checks.obstacle.object_processor_base - INFO - Processing frame video_idx=16 -> mapped_idx=48 / 87 (objects: 40)
2026-03-27 23:25:09,264 - checks.obstacle.object_processor_base - INFO - Frame video_idx=16 mapped_idx=48: ego position in world =(-2.4, -8.8, 1.7)
2026-03-27 23:25:09,264 - checks.obstacle.object_processor_base - INFO - Frame video_idx=16 mapped_idx=48: camera RPY=(-89.9, 14.7, 177.4)
2026-03-27 23:25:42,656 - checks.obstacle.object_processor_base - INFO - Frame 48 class=motorcycle filtering summary:
2026-03-27 23:25:42,656 - checks.obstacle.object_processor_base - INFO -   - Total objects: 8
2026-03-27 23:25:42,656 - checks.obstacle.object_processor_base - INFO -   - Importance filtered: 5
2026-03-27 23:25:42,656 - checks.obstacle.object_processor_base - INFO -     * distance_threshold_m (100m): 2
2026-03-27 23:25:42,656 - checks.obstacle.object_processor_base - INFO -     * relevant_lanes (['ego', 'left', 'right']): 3
2026-03-27 23:25:42,656 - checks.obstacle.object_processor_base - INFO -   - Occlusion filtered: 0
2026-03-27 23:25:42,656 - checks.obstacle.object_processor_base - INFO -   - Processed: 0
2026-03-27 23:25:42,656 - checks.obstacle.object_processor_base - INFO -   - Filtering rates: 62.5% importance, 0.0% occlusion
2026-03-27 23:25:42,661 - checks.obstacle.object_processor_base - INFO - Frame 48 class=vehicle filtering summary:
2026-03-27 23:25:42,661 - checks.obstacle.object_processor_base - INFO -   - Total objects: 32
2026-03-27 23:25:42,661 - checks.obstacle.object_processor_base - INFO -   - Importance filtered: 20
2026-03-27 23:25:42,661 - checks.obstacle.object_processor_base - INFO -     * relevant_lanes (['ego', 'left', 'right']): 9
2026-03-27 23:25:42,661 - checks.obstacle.object_processor_base - INFO -     * distance_threshold_m (100m): 11
2026-03-27 23:25:42,661 - checks.obstacle.object_processor_base - INFO -   - Occlusion filtered: 0
2026-03-27 23:25:42,661 - checks.obstacle.object_processor_base - INFO -   - Processed: 3
2026-03-27 23:25:42,661 - checks.obstacle.object_processor_base - INFO -   - Filtering rates: 62.5% importance, 0.0% occlusion
2026-03-27 23:25:42,683 - checks.obstacle.object_processor_base - INFO - Frame 48: hallucinations {'bicycle': 0, 'motorcycle': 0, 'pedestrian': 0, 'vehicle': 0}
2026-03-27 23:25:42,772 - checks.obstacle.object_processor_base - INFO - Processing frame video_idx=17 -> mapped_idx=51 / 87 (objects: 40)
2026-03-27 23:25:42,772 - checks.obstacle.object_processor_base - INFO - Frame video_idx=17 mapped_idx=51: ego position in world =(-2.5, -9.1, 1.7)
2026-03-27 23:25:42,772 - checks.obstacle.object_processor_base - INFO - Frame video_idx=17 mapped_idx=51: camera RPY=(-89.9, 14.7, 177.4)
2026-03-27 23:26:16,150 - checks.obstacle.object_processor_base - INFO - Frame 51 class=motorcycle filtering summary:
2026-03-27 23:26:16,150 - checks.obstacle.object_processor_base - INFO -   - Total objects: 8
2026-03-27 23:26:16,150 - checks.obstacle.object_processor_base - INFO -   - Importance filtered: 5
2026-03-27 23:26:16,150 - checks.obstacle.object_processor_base - INFO -     * relevant_lanes (['ego', 'left', 'right']): 3
2026-03-27 23:26:16,150 - checks.obstacle.object_processor_base - INFO -     * distance_threshold_m (100m): 2
2026-03-27 23:26:16,150 - checks.obstacle.object_processor_base - INFO -   - Occlusion filtered: 0
2026-03-27 23:26:16,150 - checks.obstacle.object_processor_base - INFO -   - Processed: 0
2026-03-27 23:26:16,150 - checks.obstacle.object_processor_base - INFO -   - Filtering rates: 62.5% importance, 0.0% occlusion
2026-03-27 23:26:16,155 - checks.obstacle.object_processor_base - INFO - Frame 51 class=vehicle filtering summary:
2026-03-27 23:26:16,155 - checks.obstacle.object_processor_base - INFO -   - Total objects: 32
2026-03-27 23:26:16,155 - checks.obstacle.object_processor_base - INFO -   - Importance filtered: 21
2026-03-27 23:26:16,155 - checks.obstacle.object_processor_base - INFO -     * relevant_lanes (['ego', 'left', 'right']): 10
2026-03-27 23:26:16,155 - checks.obstacle.object_processor_base - INFO -     * distance_threshold_m (100m): 11
2026-03-27 23:26:16,155 - checks.obstacle.object_processor_base - INFO -   - Occlusion filtered: 0
2026-03-27 23:26:16,155 - checks.obstacle.object_processor_base - INFO -   - Processed: 2
2026-03-27 23:26:16,155 - checks.obstacle.object_processor_base - INFO -   - Filtering rates: 65.6% importance, 0.0% occlusion
2026-03-27 23:26:16,176 - checks.obstacle.object_processor_base - INFO - Frame 51: hallucinations {'bicycle': 0, 'motorcycle': 0, 'pedestrian': 0, 'vehicle': 0}
2026-03-27 23:26:16,296 - checks.obstacle.object_processor_base - INFO - Processing frame video_idx=18 -> mapped_idx=54 / 87 (objects: 40)
2026-03-27 23:26:16,296 - checks.obstacle.object_processor_base - INFO - Frame video_idx=18 mapped_idx=54: ego position in world =(-2.6, -9.4, 1.7)
2026-03-27 23:26:16,296 - checks.obstacle.object_processor_base - INFO - Frame video_idx=18 mapped_idx=54: camera RPY=(-89.9, 14.7, 177.4)
2026-03-27 23:26:49,845 - checks.obstacle.object_processor_base - INFO - Frame 54 class=motorcycle filtering summary:
2026-03-27 23:26:49,846 - checks.obstacle.object_processor_base - INFO -   - Total objects: 8
2026-03-27 23:26:49,846 - checks.obstacle.object_processor_base - INFO -   - Importance filtered: 5
2026-03-27 23:26:49,846 - checks.obstacle.object_processor_base - INFO -     * distance_threshold_m (100m): 2
2026-03-27 23:26:49,846 - checks.obstacle.object_processor_base - INFO -     * relevant_lanes (['ego', 'left', 'right']): 3
2026-03-27 23:26:49,846 - checks.obstacle.object_processor_base - INFO -   - Occlusion filtered: 0
2026-03-27 23:26:49,846 - checks.obstacle.object_processor_base - INFO -   - Processed: 0
2026-03-27 23:26:49,846 - checks.obstacle.object_processor_base - INFO -   - Filtering rates: 62.5% importance, 0.0% occlusion
2026-03-27 23:26:49,852 - checks.obstacle.object_processor_base - INFO - Frame 54 class=vehicle filtering summary:
2026-03-27 23:26:49,852 - checks.obstacle.object_processor_base - INFO -   - Total objects: 32
2026-03-27 23:26:49,852 - checks.obstacle.object_processor_base - INFO -   - Importance filtered: 21
2026-03-27 23:26:49,852 - checks.obstacle.object_processor_base - INFO -     * relevant_lanes (['ego', 'left', 'right']): 10
2026-03-27 23:26:49,852 - checks.obstacle.object_processor_base - INFO -     * distance_threshold_m (100m): 11
2026-03-27 23:26:49,852 - checks.obstacle.object_processor_base - INFO -   - Occlusion filtered: 0
2026-03-27 23:26:49,852 - checks.obstacle.object_processor_base - INFO -   - Processed: 2
2026-03-27 23:26:49,852 - checks.obstacle.object_processor_base - INFO -   - Filtering rates: 65.6% importance, 0.0% occlusion
2026-03-27 23:26:49,873 - checks.obstacle.object_processor_base - INFO - Frame 54: hallucinations {'bicycle': 0, 'motorcycle': 0, 'pedestrian': 0, 'vehicle': 0}
2026-03-27 23:26:49,962 - checks.obstacle.object_processor_base - INFO - Processing frame video_idx=19 -> mapped_idx=57 / 87 (objects: 40)
2026-03-27 23:26:49,962 - checks.obstacle.object_processor_base - INFO - Frame video_idx=19 mapped_idx=57: ego position in world =(-2.7, -9.7, 1.7)
2026-03-27 23:26:49,962 - checks.obstacle.object_processor_base - INFO - Frame video_idx=19 mapped_idx=57: camera RPY=(-89.9, 14.7, 177.4)
2026-03-27 23:27:23,508 - checks.obstacle.object_processor_base - INFO - Frame 57 class=motorcycle filtering summary:
2026-03-27 23:27:23,508 - checks.obstacle.object_processor_base - INFO -   - Total objects: 8
2026-03-27 23:27:23,508 - checks.obstacle.object_processor_base - INFO -   - Importance filtered: 5
2026-03-27 23:27:23,508 - checks.obstacle.object_processor_base - INFO -     * relevant_lanes (['ego', 'left', 'right']): 3
2026-03-27 23:27:23,508 - checks.obstacle.object_processor_base - INFO -     * distance_threshold_m (100m): 2
2026-03-27 23:27:23,508 - checks.obstacle.object_processor_base - INFO -   - Occlusion filtered: 0
2026-03-27 23:27:23,508 - checks.obstacle.object_processor_base - INFO -   - Processed: 0
2026-03-27 23:27:23,508 - checks.obstacle.object_processor_base - INFO -   - Filtering rates: 62.5% importance, 0.0% occlusion
2026-03-27 23:27:23,513 - checks.obstacle.object_processor_base - INFO - Frame 57 class=vehicle filtering summary:
2026-03-27 23:27:23,513 - checks.obstacle.object_processor_base - INFO -   - Total objects: 32
2026-03-27 23:27:23,513 - checks.obstacle.object_processor_base - INFO -   - Importance filtered: 21
2026-03-27 23:27:23,513 - checks.obstacle.object_processor_base - INFO -     * relevant_lanes (['ego', 'left', 'right']): 10
2026-03-27 23:27:23,513 - checks.obstacle.object_processor_base - INFO -     * distance_threshold_m (100m): 11
2026-03-27 23:27:23,513 - checks.obstacle.object_processor_base - INFO -   - Occlusion filtered: 0
2026-03-27 23:27:23,513 - checks.obstacle.object_processor_base - INFO -   - Processed: 2
2026-03-27 23:27:23,513 - checks.obstacle.object_processor_base - INFO -   - Filtering rates: 65.6% importance, 0.0% occlusion
2026-03-27 23:27:23,535 - checks.obstacle.object_processor_base - INFO - Frame 57: hallucinations {'bicycle': 0, 'motorcycle': 0, 'pedestrian': 0, 'vehicle': 0}
2026-03-27 23:27:23,663 - checks.obstacle.object_processor_base - INFO - Processing frame video_idx=20 -> mapped_idx=60 / 87 (objects: 40)
2026-03-27 23:27:23,663 - checks.obstacle.object_processor_base - INFO - Frame video_idx=20 mapped_idx=60: ego position in world =(-2.8, -10.0, 1.7)
2026-03-27 23:27:23,663 - checks.obstacle.object_processor_base - INFO - Frame video_idx=20 mapped_idx=60: camera RPY=(-89.9, 14.6, 177.4)
2026-03-27 23:27:58,065 - checks.obstacle.object_processor_base - INFO - Frame 60 class=motorcycle filtering summary:
2026-03-27 23:27:58,065 - checks.obstacle.object_processor_base - INFO -   - Total objects: 8
2026-03-27 23:27:58,065 - checks.obstacle.object_processor_base - INFO -   - Importance filtered: 5
2026-03-27 23:27:58,065 - checks.obstacle.object_processor_base - INFO -     * distance_threshold_m (100m): 2
2026-03-27 23:27:58,065 - checks.obstacle.object_processor_base - INFO -     * relevant_lanes (['ego', 'left', 'right']): 3
2026-03-27 23:27:58,065 - checks.obstacle.object_processor_base - INFO -   - Occlusion filtered: 0
2026-03-27 23:27:58,065 - checks.obstacle.object_processor_base - INFO -   - Processed: 0
2026-03-27 23:27:58,065 - checks.obstacle.object_processor_base - INFO -   - Filtering rates: 62.5% importance, 0.0% occlusion
2026-03-27 23:27:58,070 - checks.obstacle.object_processor_base - INFO - Frame 60 class=vehicle filtering summary:
2026-03-27 23:27:58,070 - checks.obstacle.object_processor_base - INFO -   - Total objects: 32
2026-03-27 23:27:58,070 - checks.obstacle.object_processor_base - INFO -   - Importance filtered: 21
2026-03-27 23:27:58,070 - checks.obstacle.object_processor_base - INFO -     * relevant_lanes (['ego', 'left', 'right']): 10
2026-03-27 23:27:58,070 - checks.obstacle.object_processor_base - INFO -     * distance_threshold_m (100m): 11
2026-03-27 23:27:58,070 - checks.obstacle.object_processor_base - INFO -   - Occlusion filtered: 0
2026-03-27 23:27:58,070 - checks.obstacle.object_processor_base - INFO -   - Processed: 2
2026-03-27 23:27:58,070 - checks.obstacle.object_processor_base - INFO -   - Filtering rates: 65.6% importance, 0.0% occlusion
2026-03-27 23:27:58,091 - checks.obstacle.object_processor_base - INFO - Frame 60: hallucinations {'bicycle': 0, 'motorcycle': 0, 'pedestrian': 0, 'vehicle': 0}
2026-03-27 23:27:58,218 - checks.obstacle.object_processor_base - INFO - Processing frame video_idx=21 -> mapped_idx=63 / 87 (objects: 40)
2026-03-27 23:27:58,218 - checks.obstacle.object_processor_base - INFO - Frame video_idx=21 mapped_idx=63: ego position in world =(-2.8, -10.4, 1.7)
2026-03-27 23:27:58,218 - checks.obstacle.object_processor_base - INFO - Frame video_idx=21 mapped_idx=63: camera RPY=(-89.9, 14.6, 177.4)
2026-03-27 23:28:32,191 - checks.obstacle.object_processor_base - INFO - Frame 63 class=motorcycle filtering summary:
2026-03-27 23:28:32,191 - checks.obstacle.object_processor_base - INFO -   - Total objects: 8
2026-03-27 23:28:32,191 - checks.obstacle.object_processor_base - INFO -   - Importance filtered: 5
2026-03-27 23:28:32,191 - checks.obstacle.object_processor_base - INFO -     * relevant_lanes (['ego', 'left', 'right']): 3
2026-03-27 23:28:32,191 - checks.obstacle.object_processor_base - INFO -     * distance_threshold_m (100m): 2
2026-03-27 23:28:32,191 - checks.obstacle.object_processor_base - INFO -   - Occlusion filtered: 0
2026-03-27 23:28:32,191 - checks.obstacle.object_processor_base - INFO -   - Processed: 0
2026-03-27 23:28:32,191 - checks.obstacle.object_processor_base - INFO -   - Filtering rates: 62.5% importance, 0.0% occlusion
2026-03-27 23:28:32,196 - checks.obstacle.object_processor_base - INFO - Frame 63 class=vehicle filtering summary:
2026-03-27 23:28:32,196 - checks.obstacle.object_processor_base - INFO -   - Total objects: 32
2026-03-27 23:28:32,196 - checks.obstacle.object_processor_base - INFO -   - Importance filtered: 21
2026-03-27 23:28:32,196 - checks.obstacle.object_processor_base - INFO -     * relevant_lanes (['ego', 'left', 'right']): 10
2026-03-27 23:28:32,196 - checks.obstacle.object_processor_base - INFO -     * distance_threshold_m (100m): 11
2026-03-27 23:28:32,196 - checks.obstacle.object_processor_base - INFO -   - Occlusion filtered: 0
2026-03-27 23:28:32,196 - checks.obstacle.object_processor_base - INFO -   - Processed: 2
2026-03-27 23:28:32,196 - checks.obstacle.object_processor_base - INFO -   - Filtering rates: 65.6% importance, 0.0% occlusion
2026-03-27 23:28:32,217 - checks.obstacle.object_processor_base - INFO - Frame 63: hallucinations {'bicycle': 0, 'motorcycle': 0, 'pedestrian': 0, 'vehicle': 0}
2026-03-27 23:28:32,339 - checks.obstacle.object_processor_base - INFO - Processing frame video_idx=22 -> mapped_idx=66 / 87 (objects: 40)
2026-03-27 23:28:32,339 - checks.obstacle.object_processor_base - INFO - Frame video_idx=22 mapped_idx=66: ego position in world =(-2.9, -10.7, 1.7)
2026-03-27 23:28:32,339 - checks.obstacle.object_processor_base - INFO - Frame video_idx=22 mapped_idx=66: camera RPY=(-89.8, 14.6, 177.4)
2026-03-27 23:29:06,098 - checks.obstacle.object_processor_base - INFO - Frame 66 class=motorcycle filtering summary:
2026-03-27 23:29:06,098 - checks.obstacle.object_processor_base - INFO -   - Total objects: 8
2026-03-27 23:29:06,098 - checks.obstacle.object_processor_base - INFO -   - Importance filtered: 5
2026-03-27 23:29:06,098 - checks.obstacle.object_processor_base - INFO -     * distance_threshold_m (100m): 2
2026-03-27 23:29:06,098 - checks.obstacle.object_processor_base - INFO -     * relevant_lanes (['ego', 'left', 'right']): 3
2026-03-27 23:29:06,098 - checks.obstacle.object_processor_base - INFO -   - Occlusion filtered: 0
2026-03-27 23:29:06,098 - checks.obstacle.object_processor_base - INFO -   - Processed: 0
2026-03-27 23:29:06,098 - checks.obstacle.object_processor_base - INFO -   - Filtering rates: 62.5% importance, 0.0% occlusion
2026-03-27 23:29:06,103 - checks.obstacle.object_processor_base - INFO - Frame 66 class=vehicle filtering summary:
2026-03-27 23:29:06,103 - checks.obstacle.object_processor_base - INFO -   - Total objects: 32
2026-03-27 23:29:06,103 - checks.obstacle.object_processor_base - INFO -   - Importance filtered: 21
2026-03-27 23:29:06,103 - checks.obstacle.object_processor_base - INFO -     * relevant_lanes (['ego', 'left', 'right']): 10
2026-03-27 23:29:06,103 - checks.obstacle.object_processor_base - INFO -     * distance_threshold_m (100m): 11
2026-03-27 23:29:06,103 - checks.obstacle.object_processor_base - INFO -   - Occlusion filtered: 0
2026-03-27 23:29:06,103 - checks.obstacle.object_processor_base - INFO -   - Processed: 2
2026-03-27 23:29:06,103 - checks.obstacle.object_processor_base - INFO -   - Filtering rates: 65.6% importance, 0.0% occlusion
2026-03-27 23:29:06,124 - checks.obstacle.object_processor_base - INFO - Frame 66: hallucinations {'bicycle': 0, 'motorcycle': 0, 'pedestrian': 0, 'vehicle': 0}
2026-03-27 23:29:06,215 - checks.obstacle.object_processor_base - INFO - Processing frame video_idx=23 -> mapped_idx=69 / 87 (objects: 40)
2026-03-27 23:29:06,215 - checks.obstacle.object_processor_base - INFO - Frame video_idx=23 mapped_idx=69: ego position in world =(-3.0, -11.0, 1.7)
2026-03-27 23:29:06,215 - checks.obstacle.object_processor_base - INFO - Frame video_idx=23 mapped_idx=69: camera RPY=(-89.8, 14.6, 177.4)
2026-03-27 23:29:40,704 - checks.obstacle.object_processor_base - INFO - Frame 69 class=motorcycle filtering summary:
2026-03-27 23:29:40,704 - checks.obstacle.object_processor_base - INFO -   - Total objects: 8
2026-03-27 23:29:40,704 - checks.obstacle.object_processor_base - INFO -   - Importance filtered: 5
2026-03-27 23:29:40,704 - checks.obstacle.object_processor_base - INFO -     * relevant_lanes (['ego', 'left', 'right']): 3
2026-03-27 23:29:40,704 - checks.obstacle.object_processor_base - INFO -     * distance_threshold_m (100m): 2
2026-03-27 23:29:40,704 - checks.obstacle.object_processor_base - INFO -   - Occlusion filtered: 0
2026-03-27 23:29:40,704 - checks.obstacle.object_processor_base - INFO -   - Processed: 0
2026-03-27 23:29:40,704 - checks.obstacle.object_processor_base - INFO -   - Filtering rates: 62.5% importance, 0.0% occlusion
2026-03-27 23:29:40,709 - checks.obstacle.object_processor_base - INFO - Frame 69 class=vehicle filtering summary:
2026-03-27 23:29:40,709 - checks.obstacle.object_processor_base - INFO -   - Total objects: 32
2026-03-27 23:29:40,709 - checks.obstacle.object_processor_base - INFO -   - Importance filtered: 20
2026-03-27 23:29:40,709 - checks.obstacle.object_processor_base - INFO -     * relevant_lanes (['ego', 'left', 'right']): 10
2026-03-27 23:29:40,709 - checks.obstacle.object_processor_base - INFO -     * distance_threshold_m (100m): 10
2026-03-27 23:29:40,709 - checks.obstacle.object_processor_base - INFO -   - Occlusion filtered: 0
2026-03-27 23:29:40,709 - checks.obstacle.object_processor_base - INFO -   - Processed: 2
2026-03-27 23:29:40,709 - checks.obstacle.object_processor_base - INFO -   - Filtering rates: 62.5% importance, 0.0% occlusion
2026-03-27 23:29:40,731 - checks.obstacle.object_processor_base - INFO - Frame 69: hallucinations {'bicycle': 0, 'motorcycle': 0, 'pedestrian': 0, 'vehicle': 0}
2026-03-27 23:29:40,828 - checks.obstacle.object_processor_base - INFO - Processing frame video_idx=24 -> mapped_idx=72 / 87 (objects: 40)
2026-03-27 23:29:40,828 - checks.obstacle.object_processor_base - INFO - Frame video_idx=24 mapped_idx=72: ego position in world =(-3.1, -11.3, 1.7)
2026-03-27 23:29:40,828 - checks.obstacle.object_processor_base - INFO - Frame video_idx=24 mapped_idx=72: camera RPY=(-89.7, 14.6, 177.4)
2026-03-27 23:30:14,284 - checks.obstacle.object_processor_base - INFO - Frame 72 class=motorcycle filtering summary:
2026-03-27 23:30:14,284 - checks.obstacle.object_processor_base - INFO -   - Total objects: 8
2026-03-27 23:30:14,284 - checks.obstacle.object_processor_base - INFO -   - Importance filtered: 5
2026-03-27 23:30:14,284 - checks.obstacle.object_processor_base - INFO -     * distance_threshold_m (100m): 2
2026-03-27 23:30:14,284 - checks.obstacle.object_processor_base - INFO -     * relevant_lanes (['ego', 'left', 'right']): 3
2026-03-27 23:30:14,284 - checks.obstacle.object_processor_base - INFO -   - Occlusion filtered: 0
2026-03-27 23:30:14,284 - checks.obstacle.object_processor_base - INFO -   - Processed: 0
2026-03-27 23:30:14,284 - checks.obstacle.object_processor_base - INFO -   - Filtering rates: 62.5% importance, 0.0% occlusion
2026-03-27 23:30:14,289 - checks.obstacle.object_processor_base - INFO - Frame 72 class=vehicle filtering summary:
2026-03-27 23:30:14,289 - checks.obstacle.object_processor_base - INFO -   - Total objects: 32
2026-03-27 23:30:14,290 - checks.obstacle.object_processor_base - INFO -   - Importance filtered: 20
2026-03-27 23:30:14,290 - checks.obstacle.object_processor_base - INFO -     * relevant_lanes (['ego', 'left', 'right']): 10
2026-03-27 23:30:14,290 - checks.obstacle.object_processor_base - INFO -     * distance_threshold_m (100m): 10
2026-03-27 23:30:14,290 - checks.obstacle.object_processor_base - INFO -   - Occlusion filtered: 0
2026-03-27 23:30:14,290 - checks.obstacle.object_processor_base - INFO -   - Processed: 2
2026-03-27 23:30:14,290 - checks.obstacle.object_processor_base - INFO -   - Filtering rates: 62.5% importance, 0.0% occlusion
2026-03-27 23:30:14,310 - checks.obstacle.object_processor_base - INFO - Frame 72: hallucinations {'bicycle': 0, 'motorcycle': 0, 'pedestrian': 0, 'vehicle': 0}
2026-03-27 23:30:14,434 - checks.obstacle.object_processor_base - INFO - Processing frame video_idx=25 -> mapped_idx=75 / 87 (objects: 40)
2026-03-27 23:30:14,434 - checks.obstacle.object_processor_base - INFO - Frame video_idx=25 mapped_idx=75: ego position in world =(-3.2, -11.6, 1.7)
2026-03-27 23:30:14,434 - checks.obstacle.object_processor_base - INFO - Frame video_idx=25 mapped_idx=75: camera RPY=(-89.7, 14.6, 177.4)
2026-03-27 23:30:48,161 - checks.obstacle.object_processor_base - INFO - Frame 75 class=motorcycle filtering summary:
2026-03-27 23:30:48,161 - checks.obstacle.object_processor_base - INFO -   - Total objects: 8
2026-03-27 23:30:48,161 - checks.obstacle.object_processor_base - INFO -   - Importance filtered: 5
2026-03-27 23:30:48,161 - checks.obstacle.object_processor_base - INFO -     * relevant_lanes (['ego', 'left', 'right']): 3
2026-03-27 23:30:48,161 - checks.obstacle.object_processor_base - INFO -     * distance_threshold_m (100m): 2
2026-03-27 23:30:48,161 - checks.obstacle.object_processor_base - INFO -   - Occlusion filtered: 0
2026-03-27 23:30:48,161 - checks.obstacle.object_processor_base - INFO -   - Processed: 0
2026-03-27 23:30:48,161 - checks.obstacle.object_processor_base - INFO -   - Filtering rates: 62.5% importance, 0.0% occlusion
2026-03-27 23:30:48,166 - checks.obstacle.object_processor_base - INFO - Frame 75 class=vehicle filtering summary:
2026-03-27 23:30:48,166 - checks.obstacle.object_processor_base - INFO -   - Total objects: 32
2026-03-27 23:30:48,166 - checks.obstacle.object_processor_base - INFO -   - Importance filtered: 20
2026-03-27 23:30:48,166 - checks.obstacle.object_processor_base - INFO -     * relevant_lanes (['ego', 'left', 'right']): 10
2026-03-27 23:30:48,166 - checks.obstacle.object_processor_base - INFO -     * distance_threshold_m (100m): 10
2026-03-27 23:30:48,166 - checks.obstacle.object_processor_base - INFO -   - Occlusion filtered: 0
2026-03-27 23:30:48,166 - checks.obstacle.object_processor_base - INFO -   - Processed: 2
2026-03-27 23:30:48,166 - checks.obstacle.object_processor_base - INFO -   - Filtering rates: 62.5% importance, 0.0% occlusion
2026-03-27 23:30:48,187 - checks.obstacle.object_processor_base - INFO - Frame 75: hallucinations {'bicycle': 0, 'motorcycle': 0, 'pedestrian': 0, 'vehicle': 0}
2026-03-27 23:30:48,285 - checks.obstacle.object_processor_base - INFO - Processing frame video_idx=26 -> mapped_idx=78 / 87 (objects: 40)
2026-03-27 23:30:48,286 - checks.obstacle.object_processor_base - INFO - Frame video_idx=26 mapped_idx=78: ego position in world =(-3.3, -12.0, 1.7)
2026-03-27 23:30:48,286 - checks.obstacle.object_processor_base - INFO - Frame video_idx=26 mapped_idx=78: camera RPY=(-89.7, 14.6, 177.5)
2026-03-27 23:31:21,748 - checks.obstacle.object_processor_base - INFO - Frame 78 class=motorcycle filtering summary:
2026-03-27 23:31:21,748 - checks.obstacle.object_processor_base - INFO -   - Total objects: 8
2026-03-27 23:31:21,748 - checks.obstacle.object_processor_base - INFO -   - Importance filtered: 5
2026-03-27 23:31:21,748 - checks.obstacle.object_processor_base - INFO -     * distance_threshold_m (100m): 2
2026-03-27 23:31:21,748 - checks.obstacle.object_processor_base - INFO -     * relevant_lanes (['ego', 'left', 'right']): 3
2026-03-27 23:31:21,748 - checks.obstacle.object_processor_base - INFO -   - Occlusion filtered: 0
2026-03-27 23:31:21,748 - checks.obstacle.object_processor_base - INFO -   - Processed: 0
2026-03-27 23:31:21,748 - checks.obstacle.object_processor_base - INFO -   - Filtering rates: 62.5% importance, 0.0% occlusion
2026-03-27 23:31:21,753 - checks.obstacle.object_processor_base - INFO - Frame 78 class=vehicle filtering summary:
2026-03-27 23:31:21,753 - checks.obstacle.object_processor_base - INFO -   - Total objects: 32
2026-03-27 23:31:21,753 - checks.obstacle.object_processor_base - INFO -   - Importance filtered: 20
2026-03-27 23:31:21,753 - checks.obstacle.object_processor_base - INFO -     * relevant_lanes (['ego', 'left', 'right']): 9
2026-03-27 23:31:21,753 - checks.obstacle.object_processor_base - INFO -     * distance_threshold_m (100m): 11
2026-03-27 23:31:21,753 - checks.obstacle.object_processor_base - INFO -   - Occlusion filtered: 0
2026-03-27 23:31:21,753 - checks.obstacle.object_processor_base - INFO -   - Processed: 2
2026-03-27 23:31:21,753 - checks.obstacle.object_processor_base - INFO -   - Filtering rates: 62.5% importance, 0.0% occlusion
2026-03-27 23:31:21,776 - checks.obstacle.object_processor_base - INFO - Frame 78: hallucinations {'bicycle': 0, 'motorcycle': 0, 'pedestrian': 0, 'vehicle': 0}
2026-03-27 23:31:21,875 - checks.obstacle.object_processor_base - INFO - Processing frame video_idx=27 -> mapped_idx=81 / 87 (objects: 40)
2026-03-27 23:31:21,875 - checks.obstacle.object_processor_base - INFO - Frame video_idx=27 mapped_idx=81: ego position in world =(-3.4, -12.3, 1.7)
2026-03-27 23:31:21,875 - checks.obstacle.object_processor_base - INFO - Frame video_idx=27 mapped_idx=81: camera RPY=(-89.8, 14.6, 177.5)
2026-03-27 23:31:55,824 - checks.obstacle.object_processor_base - INFO - Frame 81 class=motorcycle filtering summary:
2026-03-27 23:31:55,825 - checks.obstacle.object_processor_base - INFO -   - Total objects: 8
2026-03-27 23:31:55,825 - checks.obstacle.object_processor_base - INFO -   - Importance filtered: 5
2026-03-27 23:31:55,825 - checks.obstacle.object_processor_base - INFO -     * relevant_lanes (['ego', 'left', 'right']): 3
2026-03-27 23:31:55,825 - checks.obstacle.object_processor_base - INFO -     * distance_threshold_m (100m): 2
2026-03-27 23:31:55,825 - checks.obstacle.object_processor_base - INFO -   - Occlusion filtered: 0
2026-03-27 23:31:55,825 - checks.obstacle.object_processor_base - INFO -   - Processed: 0
2026-03-27 23:31:55,825 - checks.obstacle.object_processor_base - INFO -   - Filtering rates: 62.5% importance, 0.0% occlusion
2026-03-27 23:31:55,830 - checks.obstacle.object_processor_base - INFO - Frame 81 class=vehicle filtering summary:
2026-03-27 23:31:55,830 - checks.obstacle.object_processor_base - INFO -   - Total objects: 32
2026-03-27 23:31:55,830 - checks.obstacle.object_processor_base - INFO -   - Importance filtered: 20
2026-03-27 23:31:55,830 - checks.obstacle.object_processor_base - INFO -     * relevant_lanes (['ego', 'left', 'right']): 9
2026-03-27 23:31:55,830 - checks.obstacle.object_processor_base - INFO -     * distance_threshold_m (100m): 11
2026-03-27 23:31:55,830 - checks.obstacle.object_processor_base - INFO -   - Occlusion filtered: 0
2026-03-27 23:31:55,830 - checks.obstacle.object_processor_base - INFO -   - Processed: 2
2026-03-27 23:31:55,830 - checks.obstacle.object_processor_base - INFO -   - Filtering rates: 62.5% importance, 0.0% occlusion
2026-03-27 23:31:55,851 - checks.obstacle.object_processor_base - INFO - Frame 81: hallucinations {'bicycle': 0, 'motorcycle': 0, 'pedestrian': 0, 'vehicle': 0}
2026-03-27 23:31:55,984 - checks.obstacle.object_processor_base - INFO - Processing frame video_idx=28 -> mapped_idx=84 / 87 (objects: 40)
2026-03-27 23:31:55,984 - checks.obstacle.object_processor_base - INFO - Frame video_idx=28 mapped_idx=84: ego position in world =(-3.4, -12.7, 1.7)
2026-03-27 23:31:55,984 - checks.obstacle.object_processor_base - INFO - Frame video_idx=28 mapped_idx=84: camera RPY=(-89.8, 14.6, 177.4)
2026-03-27 23:32:29,542 - checks.obstacle.object_processor_base - INFO - Frame 84 class=motorcycle filtering summary:
2026-03-27 23:32:29,543 - checks.obstacle.object_processor_base - INFO -   - Total objects: 8
2026-03-27 23:32:29,543 - checks.obstacle.object_processor_base - INFO -   - Importance filtered: 5
2026-03-27 23:32:29,543 - checks.obstacle.object_processor_base - INFO -     * distance_threshold_m (100m): 2
2026-03-27 23:32:29,543 - checks.obstacle.object_processor_base - INFO -     * relevant_lanes (['ego', 'left', 'right']): 3
2026-03-27 23:32:29,543 - checks.obstacle.object_processor_base - INFO -   - Occlusion filtered: 0
2026-03-27 23:32:29,543 - checks.obstacle.object_processor_base - INFO -   - Processed: 0
2026-03-27 23:32:29,543 - checks.obstacle.object_processor_base - INFO -   - Filtering rates: 62.5% importance, 0.0% occlusion
2026-03-27 23:32:29,548 - checks.obstacle.object_processor_base - INFO - Frame 84 class=vehicle filtering summary:
2026-03-27 23:32:29,548 - checks.obstacle.object_processor_base - INFO -   - Total objects: 32
2026-03-27 23:32:29,548 - checks.obstacle.object_processor_base - INFO -   - Importance filtered: 20
2026-03-27 23:32:29,548 - checks.obstacle.object_processor_base - INFO -     * relevant_lanes (['ego', 'left', 'right']): 9
2026-03-27 23:32:29,548 - checks.obstacle.object_processor_base - INFO -     * distance_threshold_m (100m): 11
2026-03-27 23:32:29,548 - checks.obstacle.object_processor_base - INFO -   - Occlusion filtered: 0
2026-03-27 23:32:29,548 - checks.obstacle.object_processor_base - INFO -   - Processed: 2
2026-03-27 23:32:29,548 - checks.obstacle.object_processor_base - INFO -   - Filtering rates: 62.5% importance, 0.0% occlusion
2026-03-27 23:32:29,568 - checks.obstacle.object_processor_base - INFO - Frame 84: hallucinations {'bicycle': 0, 'motorcycle': 0, 'pedestrian': 0, 'vehicle': 0}
2026-03-27 23:32:29,659 - checks.obstacle.object_processor_base - INFO - Frame processing complete:
2026-03-27 23:32:29,660 - checks.obstacle.object_processor_base - INFO -   - Total video frames: 29
2026-03-27 23:32:29,662 - checks.obstacle.object_processor_base - INFO -   - Frames with object data: 29
2026-03-27 23:32:29,663 - checks.obstacle.object_processor_base - INFO -   - Frames skipped (no objects): 0
2026-03-27 23:32:29,664 - checks.obstacle.object_processor_base - INFO -   - Processing rate: 29/29 (100.0%)
2026-03-27 23:32:29,664 - checks.obstacle.object_processor_base - INFO - Filter configuration:
2026-03-27 23:32:29,664 - checks.obstacle.object_processor_base - INFO -   - Importance filter: distance_threshold=100m, oncoming_obstacles=False, relevant_lanes=['ego', 'left', 'right']
2026-03-27 23:32:30,158 - checks.obstacle.object_processor_base - INFO - ============================================================
2026-03-27 23:32:30,158 - checks.obstacle.object_processor_base - INFO - SCORE MATRIX SUMMARY
2026-03-27 23:32:30,158 - checks.obstacle.object_processor_base - INFO - ============================================================
2026-03-27 23:32:30,158 - checks.obstacle.object_processor_base - INFO - Matrix shape: 29 frames × 40 track IDs
2026-03-27 23:32:30,158 - checks.obstacle.object_processor_base - INFO - Unique track IDs: 40
2026-03-27 23:32:30,158 - checks.obstacle.object_processor_base - INFO - Tracks with valid scores: 3
2026-03-27 23:32:30,158 - checks.obstacle.object_processor_base - INFO - Frames with valid scores: 29
2026-03-27 23:32:30,158 - checks.obstacle.object_processor_base - INFO - Valid scores: 75
2026-03-27 23:32:30,158 - checks.obstacle.object_processor_base - INFO - NaN entries: 1085 (93.5%)
2026-03-27 23:32:30,158 - checks.obstacle.object_processor_base - INFO - Score range: 0.450 - 0.724
2026-03-27 23:32:30,158 - checks.obstacle.object_processor_base - INFO - Mean score: 0.572
2026-03-27 23:32:30,158 - checks.obstacle.object_processor_base - INFO - Std score: 0.094
2026-03-27 23:32:30,158 - checks.obstacle.object_processor_base - INFO - 
Compact Matrix (first 10 frames × first 10 track IDs):
2026-03-27 23:32:30,158 - checks.obstacle.object_processor_base - INFO - Frame\TrackID    0    1    2    3    4    5    6    7    8    9
2026-03-27 23:32:30,158 - checks.obstacle.object_processor_base - INFO -    0  ---  ---  ---  ---  --- 0.49 0.59  ---  ---  ---
2026-03-27 23:32:30,158 - checks.obstacle.object_processor_base - INFO -    1  ---  ---  ---  ---  --- 0.48 0.60  ---  ---  ---
2026-03-27 23:32:30,158 - checks.obstacle.object_processor_base - INFO -    2  ---  ---  ---  ---  --- 0.48 0.62  ---  ---  ---
2026-03-27 23:32:30,158 - checks.obstacle.object_processor_base - INFO -    3  ---  ---  ---  ---  --- 0.47 0.64  ---  ---  ---
2026-03-27 23:32:30,158 - checks.obstacle.object_processor_base - INFO -    4  ---  ---  ---  ---  --- 0.47 0.65  ---  ---  ---
2026-03-27 23:32:30,158 - checks.obstacle.object_processor_base - INFO -    5  ---  ---  ---  ---  --- 0.46 0.66  ---  ---  ---
2026-03-27 23:32:30,158 - checks.obstacle.object_processor_base - INFO -    6  ---  ---  ---  ---  --- 0.46 0.67  ---  ---  ---
2026-03-27 23:32:30,158 - checks.obstacle.object_processor_base - INFO -    7  ---  ---  ---  ---  --- 0.46 0.68  ---  ---  ---
2026-03-27 23:32:30,158 - checks.obstacle.object_processor_base - INFO -    8  ---  ---  ---  ---  --- 0.46 0.69  ---  ---  ---
2026-03-27 23:32:30,158 - checks.obstacle.object_processor_base - INFO -    9  ---  ---  ---  ---  --- 0.45 0.69  ---  ---  ---
2026-03-27 23:32:30,158 - checks.obstacle.object_processor_base - INFO - ============================================================
2026-03-27 23:32:30,159 - checks.obstacle.object_processor_base - INFO - Results saved to: /home/adamlin/cosmos-evaluator/output_dir/253b88c7-bfe3-4ec5-8978-84396cbf81d2_1774063994755.dynamic.object.results.json
2026-03-27 23:32:30,159 - checks.obstacle.object_processor_base - INFO - ============================================================
2026-03-27 23:32:30,159 - checks.obstacle.object_processor_base - INFO - PERFORMANCE PROFILING SUMMARY
2026-03-27 23:32:30,159 - checks.obstacle.object_processor_base - INFO - ============================================================
2026-03-27 23:32:30,159 - checks.obstacle.object_processor_base - INFO - scene_rasterization:
2026-03-27 23:32:30,159 - checks.obstacle.object_processor_base - INFO -   Total: 981.146s (98.4%)
2026-03-27 23:32:30,159 - checks.obstacle.object_processor_base - INFO -   Average: 33.833s
2026-03-27 23:32:30,159 - checks.obstacle.object_processor_base - INFO -   Count: 29
2026-03-27 23:32:30,159 - checks.obstacle.object_processor_base - INFO -   Range: 32.804s - 45.895s
2026-03-27 23:32:30,159 - checks.obstacle.object_processor_base - INFO - segmentation:
2026-03-27 23:32:30,159 - checks.obstacle.object_processor_base - INFO -   Total: 11.858s (1.2%)
2026-03-27 23:32:30,159 - checks.obstacle.object_processor_base - INFO -   Average: 0.409s
2026-03-27 23:32:30,159 - checks.obstacle.object_processor_base - INFO -   Count: 29
2026-03-27 23:32:30,159 - checks.obstacle.object_processor_base - INFO -   Range: 0.237s - 0.827s
2026-03-27 23:32:30,159 - checks.obstacle.object_processor_base - INFO - visualization:
2026-03-27 23:32:30,159 - checks.obstacle.object_processor_base - INFO -   Total: 1.946s (0.2%)
2026-03-27 23:32:30,159 - checks.obstacle.object_processor_base - INFO -   Average: 0.067s
2026-03-27 23:32:30,159 - checks.obstacle.object_processor_base - INFO -   Count: 29
2026-03-27 23:32:30,159 - checks.obstacle.object_processor_base - INFO -   Range: 0.051s - 0.150s
2026-03-27 23:32:30,159 - checks.obstacle.object_processor_base - INFO - data_loader_init:
2026-03-27 23:32:30,159 - checks.obstacle.object_processor_base - INFO -   Total: 0.624s (0.1%)
2026-03-27 23:32:30,159 - checks.obstacle.object_processor_base - INFO -   Average: 0.624s
2026-03-27 23:32:30,159 - checks.obstacle.object_processor_base - INFO -   Count: 1
2026-03-27 23:32:30,159 - checks.obstacle.object_processor_base - INFO -   Range: 0.624s - 0.624s
2026-03-27 23:32:30,159 - checks.obstacle.object_processor_base - INFO - hallucination_detection:
2026-03-27 23:32:30,159 - checks.obstacle.object_processor_base - INFO -   Total: 0.623s (0.1%)
2026-03-27 23:32:30,160 - checks.obstacle.object_processor_base - INFO -   Average: 0.021s
2026-03-27 23:32:30,160 - checks.obstacle.object_processor_base - INFO -   Count: 29
2026-03-27 23:32:30,160 - checks.obstacle.object_processor_base - INFO -   Range: 0.020s - 0.023s
2026-03-27 23:32:30,160 - checks.obstacle.object_processor_base - INFO - 
Total processing time: 997.013s
2026-03-27 23:32:30,160 - checks.obstacle.object_processor_base - INFO - ============================================================
2026-03-27 23:32:30,160 - checks.obstacle.object_processor_base - INFO - Processing complete. Mean correspondence score: 0.572
