2026-03-30 21:45:51,203 - checks.obstacle.object_processor_base - INFO - Logging to file: /home/adamlin/cosmos-evaluator/output_dir/253b88c7-bfe3-4ec5-8978-84396cbf81d2_1774063994755.dynamic.object.log
2026-03-30 21:45:53,862 - checks.obstacle.object_processor_base - INFO - Hallucination detector enabled
2026-03-30 21:45:53,862 - checks.obstacle.object_processor_base - INFO - Loading data for clip 253b88c7-bfe3-4ec5-8978-84396cbf81d2_1774063994755
2026-03-30 21:45:54,499 - checks.obstacle.object_processor_base - INFO - Loaded 88 ego-reference poses from 'front_center' for importance filtering (evaluation camera: 'rear_right')
2026-03-30 21:45:54,571 - checks.obstacle.object_processor_base - INFO - Original video frames: 29
2026-03-30 21:45:54,571 - checks.obstacle.object_processor_base - INFO - Video FPS: 10.0
2026-03-30 21:45:54,571 - checks.obstacle.object_processor_base - INFO - Frame skip: 1
2026-03-30 21:45:54,571 - checks.obstacle.object_processor_base - INFO - Target (object/pose) FPS: 30.0
2026-03-30 21:45:55,046 - checks.obstacle.object_processor_base - INFO - Starting frame processing
2026-03-30 21:45:55,048 - checks.obstacle.object_processor_base - INFO - Video dataloader length: 29
2026-03-30 21:45:55,048 - checks.obstacle.object_processor_base - INFO - Camera poses available: 88
2026-03-30 21:45:55,107 - checks.obstacle.object_processor_base - INFO - Processing frame video_idx=0 -> mapped_idx=0 / 87 (objects: 40)
2026-03-30 21:45:55,107 - checks.obstacle.object_processor_base - INFO - Frame video_idx=0 mapped_idx=0: ego position in world =(-1.1, -0.3, 1.1)
2026-03-30 21:45:55,107 - checks.obstacle.object_processor_base - INFO - Frame video_idx=0 mapped_idx=0: camera RPY=(85.6, 44.5, 0.9)
2026-03-30 21:46:45,736 - checks.obstacle.object_processor_base - INFO - Frame 0 class=motorcycle filtering summary:
2026-03-30 21:46:45,736 - checks.obstacle.object_processor_base - INFO -   - Total objects: 8
2026-03-30 21:46:45,736 - checks.obstacle.object_processor_base - INFO -   - Importance filtered: 5
2026-03-30 21:46:45,736 - checks.obstacle.object_processor_base - INFO -     * relevant_lanes (['ego', 'left', 'right']): 3
2026-03-30 21:46:45,736 - checks.obstacle.object_processor_base - INFO -     * distance_threshold_m (100m): 2
2026-03-30 21:46:45,736 - checks.obstacle.object_processor_base - INFO -   - Occlusion filtered: 0
2026-03-30 21:46:45,736 - checks.obstacle.object_processor_base - INFO -   - Processed: 0
2026-03-30 21:46:45,736 - checks.obstacle.object_processor_base - INFO -   - Filtering rates: 62.5% importance, 0.0% occlusion
2026-03-30 21:46:45,741 - checks.obstacle.object_processor_base - INFO - Frame 0 class=vehicle filtering summary:
2026-03-30 21:46:45,741 - checks.obstacle.object_processor_base - INFO -   - Total objects: 32
2026-03-30 21:46:45,741 - checks.obstacle.object_processor_base - INFO -   - Importance filtered: 20
2026-03-30 21:46:45,741 - checks.obstacle.object_processor_base - INFO -     * relevant_lanes (['ego', 'left', 'right']): 9
2026-03-30 21:46:45,741 - checks.obstacle.object_processor_base - INFO -     * distance_threshold_m (100m): 11
2026-03-30 21:46:45,741 - checks.obstacle.object_processor_base - INFO -   - Occlusion filtered: 0
2026-03-30 21:46:45,741 - checks.obstacle.object_processor_base - INFO -   - Processed: 0
2026-03-30 21:46:45,741 - checks.obstacle.object_processor_base - INFO -   - Filtering rates: 62.5% importance, 0.0% occlusion
2026-03-30 21:46:45,761 - checks.obstacle.object_processor_base - INFO - Frame 0: hallucinations {'bicycle': 0, 'motorcycle': 0, 'pedestrian': 0, 'vehicle': 2}
2026-03-30 21:46:45,908 - checks.obstacle.object_processor_base - INFO - Processing frame video_idx=1 -> mapped_idx=3 / 87 (objects: 40)
2026-03-30 21:46:45,908 - checks.obstacle.object_processor_base - INFO - Frame video_idx=1 mapped_idx=3: ego position in world =(-1.3, -1.1, 1.1)
2026-03-30 21:46:45,908 - checks.obstacle.object_processor_base - INFO - Frame video_idx=1 mapped_idx=3: camera RPY=(85.6, 44.5, 0.9)
2026-03-30 21:47:24,971 - checks.obstacle.object_processor_base - INFO - Frame 3 class=motorcycle filtering summary:
2026-03-30 21:47:24,971 - checks.obstacle.object_processor_base - INFO -   - Total objects: 8
2026-03-30 21:47:24,971 - checks.obstacle.object_processor_base - INFO -   - Importance filtered: 5
2026-03-30 21:47:24,971 - checks.obstacle.object_processor_base - INFO -     * relevant_lanes (['ego', 'left', 'right']): 3
2026-03-30 21:47:24,971 - checks.obstacle.object_processor_base - INFO -     * distance_threshold_m (100m): 2
2026-03-30 21:47:24,971 - checks.obstacle.object_processor_base - INFO -   - Occlusion filtered: 0
2026-03-30 21:47:24,971 - checks.obstacle.object_processor_base - INFO -   - Processed: 0
2026-03-30 21:47:24,971 - checks.obstacle.object_processor_base - INFO -   - Filtering rates: 62.5% importance, 0.0% occlusion
2026-03-30 21:47:24,976 - checks.obstacle.object_processor_base - INFO - Frame 3 class=vehicle filtering summary:
2026-03-30 21:47:24,976 - checks.obstacle.object_processor_base - INFO -   - Total objects: 32
2026-03-30 21:47:24,976 - checks.obstacle.object_processor_base - INFO -   - Importance filtered: 20
2026-03-30 21:47:24,976 - checks.obstacle.object_processor_base - INFO -     * relevant_lanes (['ego', 'left', 'right']): 9
2026-03-30 21:47:24,976 - checks.obstacle.object_processor_base - INFO -     * distance_threshold_m (100m): 11
2026-03-30 21:47:24,976 - checks.obstacle.object_processor_base - INFO -   - Occlusion filtered: 0
2026-03-30 21:47:24,976 - checks.obstacle.object_processor_base - INFO -   - Processed: 0
2026-03-30 21:47:24,976 - checks.obstacle.object_processor_base - INFO -   - Filtering rates: 62.5% importance, 0.0% occlusion
2026-03-30 21:47:24,994 - checks.obstacle.object_processor_base - INFO - Frame 3: hallucinations {'bicycle': 0, 'motorcycle': 0, 'pedestrian': 0, 'vehicle': 2}
2026-03-30 21:47:25,090 - checks.obstacle.object_processor_base - INFO - Processing frame video_idx=2 -> mapped_idx=6 / 87 (objects: 40)
2026-03-30 21:47:25,090 - checks.obstacle.object_processor_base - INFO - Frame video_idx=2 mapped_idx=6: ego position in world =(-1.5, -1.8, 1.1)
2026-03-30 21:47:25,090 - checks.obstacle.object_processor_base - INFO - Frame video_idx=2 mapped_idx=6: camera RPY=(85.6, 44.6, 0.9)
2026-03-30 21:48:02,843 - checks.obstacle.object_processor_base - INFO - Frame 6 class=motorcycle filtering summary:
2026-03-30 21:48:02,843 - checks.obstacle.object_processor_base - INFO -   - Total objects: 8
2026-03-30 21:48:02,843 - checks.obstacle.object_processor_base - INFO -   - Importance filtered: 5
2026-03-30 21:48:02,843 - checks.obstacle.object_processor_base - INFO -     * relevant_lanes (['ego', 'left', 'right']): 3
2026-03-30 21:48:02,843 - checks.obstacle.object_processor_base - INFO -     * distance_threshold_m (100m): 2
2026-03-30 21:48:02,843 - checks.obstacle.object_processor_base - INFO -   - Occlusion filtered: 0
2026-03-30 21:48:02,843 - checks.obstacle.object_processor_base - INFO -   - Processed: 0
2026-03-30 21:48:02,843 - checks.obstacle.object_processor_base - INFO -   - Filtering rates: 62.5% importance, 0.0% occlusion
2026-03-30 21:48:02,847 - checks.obstacle.object_processor_base - INFO - Frame 6 class=vehicle filtering summary:
2026-03-30 21:48:02,848 - checks.obstacle.object_processor_base - INFO -   - Total objects: 32
2026-03-30 21:48:02,848 - checks.obstacle.object_processor_base - INFO -   - Importance filtered: 20
2026-03-30 21:48:02,848 - checks.obstacle.object_processor_base - INFO -     * relevant_lanes (['ego', 'left', 'right']): 9
2026-03-30 21:48:02,848 - checks.obstacle.object_processor_base - INFO -     * distance_threshold_m (100m): 11
2026-03-30 21:48:02,848 - checks.obstacle.object_processor_base - INFO -   - Occlusion filtered: 0
2026-03-30 21:48:02,848 - checks.obstacle.object_processor_base - INFO -   - Processed: 0
2026-03-30 21:48:02,848 - checks.obstacle.object_processor_base - INFO -   - Filtering rates: 62.5% importance, 0.0% occlusion
2026-03-30 21:48:02,867 - checks.obstacle.object_processor_base - INFO - Frame 6: hallucinations {'bicycle': 0, 'motorcycle': 0, 'pedestrian': 0, 'vehicle': 2}
2026-03-30 21:48:02,974 - checks.obstacle.object_processor_base - INFO - Processing frame video_idx=3 -> mapped_idx=9 / 87 (objects: 40)
2026-03-30 21:48:02,974 - checks.obstacle.object_processor_base - INFO - Frame video_idx=3 mapped_idx=9: ego position in world =(-1.7, -2.5, 1.1)
2026-03-30 21:48:02,974 - checks.obstacle.object_processor_base - INFO - Frame video_idx=3 mapped_idx=9: camera RPY=(85.6, 44.6, 0.8)
2026-03-30 21:48:41,385 - checks.obstacle.object_processor_base - INFO - Frame 9 class=motorcycle filtering summary:
2026-03-30 21:48:41,385 - checks.obstacle.object_processor_base - INFO -   - Total objects: 8
2026-03-30 21:48:41,385 - checks.obstacle.object_processor_base - INFO -   - Importance filtered: 5
2026-03-30 21:48:41,385 - checks.obstacle.object_processor_base - INFO -     * relevant_lanes (['ego', 'left', 'right']): 3
2026-03-30 21:48:41,385 - checks.obstacle.object_processor_base - INFO -     * distance_threshold_m (100m): 2
2026-03-30 21:48:41,385 - checks.obstacle.object_processor_base - INFO -   - Occlusion filtered: 0
2026-03-30 21:48:41,385 - checks.obstacle.object_processor_base - INFO -   - Processed: 0
2026-03-30 21:48:41,385 - checks.obstacle.object_processor_base - INFO -   - Filtering rates: 62.5% importance, 0.0% occlusion
2026-03-30 21:48:41,389 - checks.obstacle.object_processor_base - INFO - Frame 9 class=vehicle filtering summary:
2026-03-30 21:48:41,389 - checks.obstacle.object_processor_base - INFO -   - Total objects: 32
2026-03-30 21:48:41,389 - checks.obstacle.object_processor_base - INFO -   - Importance filtered: 20
2026-03-30 21:48:41,389 - checks.obstacle.object_processor_base - INFO -     * relevant_lanes (['ego', 'left', 'right']): 9
2026-03-30 21:48:41,389 - checks.obstacle.object_processor_base - INFO -     * distance_threshold_m (100m): 11
2026-03-30 21:48:41,389 - checks.obstacle.object_processor_base - INFO -   - Occlusion filtered: 0
2026-03-30 21:48:41,389 - checks.obstacle.object_processor_base - INFO -   - Processed: 0
2026-03-30 21:48:41,389 - checks.obstacle.object_processor_base - INFO -   - Filtering rates: 62.5% importance, 0.0% occlusion
2026-03-30 21:48:41,408 - checks.obstacle.object_processor_base - INFO - Frame 9: hallucinations {'bicycle': 0, 'motorcycle': 0, 'pedestrian': 0, 'vehicle': 2}
2026-03-30 21:48:41,529 - checks.obstacle.object_processor_base - INFO - Processing frame video_idx=4 -> mapped_idx=12 / 87 (objects: 40)
2026-03-30 21:48:41,529 - checks.obstacle.object_processor_base - INFO - Frame video_idx=4 mapped_idx=12: ego position in world =(-1.8, -3.1, 1.1)
2026-03-30 21:48:41,529 - checks.obstacle.object_processor_base - INFO - Frame video_idx=4 mapped_idx=12: camera RPY=(85.5, 44.6, 0.8)
2026-03-30 21:49:20,233 - checks.obstacle.object_processor_base - INFO - Frame 12 class=motorcycle filtering summary:
2026-03-30 21:49:20,233 - checks.obstacle.object_processor_base - INFO -   - Total objects: 8
2026-03-30 21:49:20,233 - checks.obstacle.object_processor_base - INFO -   - Importance filtered: 5
2026-03-30 21:49:20,233 - checks.obstacle.object_processor_base - INFO -     * distance_threshold_m (100m): 2
2026-03-30 21:49:20,233 - checks.obstacle.object_processor_base - INFO -     * relevant_lanes (['ego', 'left', 'right']): 3
2026-03-30 21:49:20,233 - checks.obstacle.object_processor_base - INFO -   - Occlusion filtered: 0
2026-03-30 21:49:20,233 - checks.obstacle.object_processor_base - INFO -   - Processed: 0
2026-03-30 21:49:20,233 - checks.obstacle.object_processor_base - INFO -   - Filtering rates: 62.5% importance, 0.0% occlusion
2026-03-30 21:49:20,237 - checks.obstacle.object_processor_base - INFO - Frame 12 class=vehicle filtering summary:
2026-03-30 21:49:20,237 - checks.obstacle.object_processor_base - INFO -   - Total objects: 32
2026-03-30 21:49:20,237 - checks.obstacle.object_processor_base - INFO -   - Importance filtered: 20
2026-03-30 21:49:20,237 - checks.obstacle.object_processor_base - INFO -     * distance_threshold_m (100m): 11
2026-03-30 21:49:20,237 - checks.obstacle.object_processor_base - INFO -     * relevant_lanes (['ego', 'left', 'right']): 9
2026-03-30 21:49:20,237 - checks.obstacle.object_processor_base - INFO -   - Occlusion filtered: 0
2026-03-30 21:49:20,237 - checks.obstacle.object_processor_base - INFO -   - Processed: 0
2026-03-30 21:49:20,237 - checks.obstacle.object_processor_base - INFO -   - Filtering rates: 62.5% importance, 0.0% occlusion
2026-03-30 21:49:20,254 - checks.obstacle.object_processor_base - INFO - Frame 12: hallucinations {'bicycle': 0, 'motorcycle': 0, 'pedestrian': 0, 'vehicle': 2}
2026-03-30 21:49:20,349 - checks.obstacle.object_processor_base - INFO - Processing frame video_idx=5 -> mapped_idx=15 / 87 (objects: 40)
2026-03-30 21:49:20,349 - checks.obstacle.object_processor_base - INFO - Frame video_idx=5 mapped_idx=15: ego position in world =(-2.0, -3.8, 1.1)
2026-03-30 21:49:20,349 - checks.obstacle.object_processor_base - INFO - Frame video_idx=5 mapped_idx=15: camera RPY=(85.5, 44.6, 0.7)
2026-03-30 21:49:58,944 - checks.obstacle.object_processor_base - INFO - Frame 15 class=motorcycle filtering summary:
2026-03-30 21:49:58,944 - checks.obstacle.object_processor_base - INFO -   - Total objects: 8
2026-03-30 21:49:58,944 - checks.obstacle.object_processor_base - INFO -   - Importance filtered: 5
2026-03-30 21:49:58,944 - checks.obstacle.object_processor_base - INFO -     * relevant_lanes (['ego', 'left', 'right']): 3
2026-03-30 21:49:58,944 - checks.obstacle.object_processor_base - INFO -     * distance_threshold_m (100m): 2
2026-03-30 21:49:58,944 - checks.obstacle.object_processor_base - INFO -   - Occlusion filtered: 0
2026-03-30 21:49:58,944 - checks.obstacle.object_processor_base - INFO -   - Processed: 0
2026-03-30 21:49:58,944 - checks.obstacle.object_processor_base - INFO -   - Filtering rates: 62.5% importance, 0.0% occlusion
2026-03-30 21:49:58,948 - checks.obstacle.object_processor_base - INFO - Frame 15 class=vehicle filtering summary:
2026-03-30 21:49:58,948 - checks.obstacle.object_processor_base - INFO -   - Total objects: 32
2026-03-30 21:49:58,948 - checks.obstacle.object_processor_base - INFO -   - Importance filtered: 20
2026-03-30 21:49:58,948 - checks.obstacle.object_processor_base - INFO -     * relevant_lanes (['ego', 'left', 'right']): 9
2026-03-30 21:49:58,948 - checks.obstacle.object_processor_base - INFO -     * distance_threshold_m (100m): 11
2026-03-30 21:49:58,948 - checks.obstacle.object_processor_base - INFO -   - Occlusion filtered: 0
2026-03-30 21:49:58,948 - checks.obstacle.object_processor_base - INFO -   - Processed: 0
2026-03-30 21:49:58,948 - checks.obstacle.object_processor_base - INFO -   - Filtering rates: 62.5% importance, 0.0% occlusion
2026-03-30 21:49:58,965 - checks.obstacle.object_processor_base - INFO - Frame 15: hallucinations {'bicycle': 0, 'motorcycle': 0, 'pedestrian': 0, 'vehicle': 2}
2026-03-30 21:49:59,074 - checks.obstacle.object_processor_base - INFO - Processing frame video_idx=6 -> mapped_idx=18 / 87 (objects: 40)
2026-03-30 21:49:59,074 - checks.obstacle.object_processor_base - INFO - Frame video_idx=6 mapped_idx=18: ego position in world =(-2.1, -4.4, 1.1)
2026-03-30 21:49:59,074 - checks.obstacle.object_processor_base - INFO - Frame video_idx=6 mapped_idx=18: camera RPY=(85.4, 44.6, 0.6)
2026-03-30 21:50:38,378 - checks.obstacle.object_processor_base - INFO - Frame 18 class=motorcycle filtering summary:
2026-03-30 21:50:38,378 - checks.obstacle.object_processor_base - INFO -   - Total objects: 8
2026-03-30 21:50:38,378 - checks.obstacle.object_processor_base - INFO -   - Importance filtered: 5
2026-03-30 21:50:38,378 - checks.obstacle.object_processor_base - INFO -     * distance_threshold_m (100m): 2
2026-03-30 21:50:38,378 - checks.obstacle.object_processor_base - INFO -     * relevant_lanes (['ego', 'left', 'right']): 3
2026-03-30 21:50:38,378 - checks.obstacle.object_processor_base - INFO -   - Occlusion filtered: 0
2026-03-30 21:50:38,378 - checks.obstacle.object_processor_base - INFO -   - Processed: 0
2026-03-30 21:50:38,378 - checks.obstacle.object_processor_base - INFO -   - Filtering rates: 62.5% importance, 0.0% occlusion
2026-03-30 21:50:38,383 - checks.obstacle.object_processor_base - INFO - Frame 18 class=vehicle filtering summary:
2026-03-30 21:50:38,383 - checks.obstacle.object_processor_base - INFO -   - Total objects: 32
2026-03-30 21:50:38,383 - checks.obstacle.object_processor_base - INFO -   - Importance filtered: 20
2026-03-30 21:50:38,383 - checks.obstacle.object_processor_base - INFO -     * relevant_lanes (['ego', 'left', 'right']): 9
2026-03-30 21:50:38,383 - checks.obstacle.object_processor_base - INFO -     * distance_threshold_m (100m): 11
2026-03-30 21:50:38,383 - checks.obstacle.object_processor_base - INFO -   - Occlusion filtered: 0
2026-03-30 21:50:38,383 - checks.obstacle.object_processor_base - INFO -   - Processed: 0
2026-03-30 21:50:38,383 - checks.obstacle.object_processor_base - INFO -   - Filtering rates: 62.5% importance, 0.0% occlusion
2026-03-30 21:50:38,403 - checks.obstacle.object_processor_base - INFO - Frame 18: hallucinations {'bicycle': 0, 'motorcycle': 0, 'pedestrian': 0, 'vehicle': 2}
2026-03-30 21:50:38,498 - checks.obstacle.object_processor_base - INFO - Processing frame video_idx=7 -> mapped_idx=21 / 87 (objects: 40)
2026-03-30 21:50:38,498 - checks.obstacle.object_processor_base - INFO - Frame video_idx=7 mapped_idx=21: ego position in world =(-2.3, -4.9, 1.1)
2026-03-30 21:50:38,498 - checks.obstacle.object_processor_base - INFO - Frame video_idx=7 mapped_idx=21: camera RPY=(85.5, 44.6, 0.5)
2026-03-30 21:51:17,146 - checks.obstacle.object_processor_base - INFO - Frame 21 class=motorcycle filtering summary:
2026-03-30 21:51:17,146 - checks.obstacle.object_processor_base - INFO -   - Total objects: 8
2026-03-30 21:51:17,146 - checks.obstacle.object_processor_base - INFO -   - Importance filtered: 5
2026-03-30 21:51:17,146 - checks.obstacle.object_processor_base - INFO -     * relevant_lanes (['ego', 'left', 'right']): 3
2026-03-30 21:51:17,146 - checks.obstacle.object_processor_base - INFO -     * distance_threshold_m (100m): 2
2026-03-30 21:51:17,146 - checks.obstacle.object_processor_base - INFO -   - Occlusion filtered: 0
2026-03-30 21:51:17,146 - checks.obstacle.object_processor_base - INFO -   - Processed: 0
2026-03-30 21:51:17,146 - checks.obstacle.object_processor_base - INFO -   - Filtering rates: 62.5% importance, 0.0% occlusion
2026-03-30 21:51:17,151 - checks.obstacle.object_processor_base - INFO - Frame 21 class=vehicle filtering summary:
2026-03-30 21:51:17,151 - checks.obstacle.object_processor_base - INFO -   - Total objects: 32
2026-03-30 21:51:17,151 - checks.obstacle.object_processor_base - INFO -   - Importance filtered: 20
2026-03-30 21:51:17,151 - checks.obstacle.object_processor_base - INFO -     * relevant_lanes (['ego', 'left', 'right']): 9
2026-03-30 21:51:17,151 - checks.obstacle.object_processor_base - INFO -     * distance_threshold_m (100m): 11
2026-03-30 21:51:17,151 - checks.obstacle.object_processor_base - INFO -   - Occlusion filtered: 0
2026-03-30 21:51:17,151 - checks.obstacle.object_processor_base - INFO -   - Processed: 0
2026-03-30 21:51:17,151 - checks.obstacle.object_processor_base - INFO -   - Filtering rates: 62.5% importance, 0.0% occlusion
2026-03-30 21:51:17,171 - checks.obstacle.object_processor_base - INFO - Frame 21: hallucinations {'bicycle': 0, 'motorcycle': 0, 'pedestrian': 0, 'vehicle': 2}
2026-03-30 21:51:17,268 - checks.obstacle.object_processor_base - INFO - Processing frame video_idx=8 -> mapped_idx=24 / 87 (objects: 40)
2026-03-30 21:51:17,268 - checks.obstacle.object_processor_base - INFO - Frame video_idx=8 mapped_idx=24: ego position in world =(-2.4, -5.5, 1.1)
2026-03-30 21:51:17,268 - checks.obstacle.object_processor_base - INFO - Frame video_idx=8 mapped_idx=24: camera RPY=(85.4, 44.6, 0.4)
2026-03-30 21:51:56,729 - checks.obstacle.object_processor_base - INFO - Frame 24 class=motorcycle filtering summary:
2026-03-30 21:51:56,729 - checks.obstacle.object_processor_base - INFO -   - Total objects: 8
2026-03-30 21:51:56,729 - checks.obstacle.object_processor_base - INFO -   - Importance filtered: 5
2026-03-30 21:51:56,729 - checks.obstacle.object_processor_base - INFO -     * distance_threshold_m (100m): 2
2026-03-30 21:51:56,729 - checks.obstacle.object_processor_base - INFO -     * relevant_lanes (['ego', 'left', 'right']): 3
2026-03-30 21:51:56,729 - checks.obstacle.object_processor_base - INFO -   - Occlusion filtered: 0
2026-03-30 21:51:56,729 - checks.obstacle.object_processor_base - INFO -   - Processed: 0
2026-03-30 21:51:56,729 - checks.obstacle.object_processor_base - INFO -   - Filtering rates: 62.5% importance, 0.0% occlusion
2026-03-30 21:51:56,734 - checks.obstacle.object_processor_base - INFO - Frame 24 class=vehicle filtering summary:
2026-03-30 21:51:56,734 - checks.obstacle.object_processor_base - INFO -   - Total objects: 32
2026-03-30 21:51:56,734 - checks.obstacle.object_processor_base - INFO -   - Importance filtered: 20
2026-03-30 21:51:56,734 - checks.obstacle.object_processor_base - INFO -     * relevant_lanes (['ego', 'left', 'right']): 9
2026-03-30 21:51:56,734 - checks.obstacle.object_processor_base - INFO -     * distance_threshold_m (100m): 11
2026-03-30 21:51:56,734 - checks.obstacle.object_processor_base - INFO -   - Occlusion filtered: 0
2026-03-30 21:51:56,734 - checks.obstacle.object_processor_base - INFO -   - Processed: 0
2026-03-30 21:51:56,734 - checks.obstacle.object_processor_base - INFO -   - Filtering rates: 62.5% importance, 0.0% occlusion
2026-03-30 21:51:56,752 - checks.obstacle.object_processor_base - INFO - Frame 24: hallucinations {'bicycle': 0, 'motorcycle': 0, 'pedestrian': 0, 'vehicle': 2}
2026-03-30 21:51:56,854 - checks.obstacle.object_processor_base - INFO - Processing frame video_idx=9 -> mapped_idx=27 / 87 (objects: 40)
2026-03-30 21:51:56,854 - checks.obstacle.object_processor_base - INFO - Frame video_idx=9 mapped_idx=27: ego position in world =(-2.6, -6.0, 1.1)
2026-03-30 21:51:56,854 - checks.obstacle.object_processor_base - INFO - Frame video_idx=9 mapped_idx=27: camera RPY=(85.4, 44.6, 0.5)
2026-03-30 21:52:35,693 - checks.obstacle.object_processor_base - INFO - Frame 27 class=motorcycle filtering summary:
2026-03-30 21:52:35,693 - checks.obstacle.object_processor_base - INFO -   - Total objects: 8
2026-03-30 21:52:35,693 - checks.obstacle.object_processor_base - INFO -   - Importance filtered: 5
2026-03-30 21:52:35,693 - checks.obstacle.object_processor_base - INFO -     * relevant_lanes (['ego', 'left', 'right']): 3
2026-03-30 21:52:35,693 - checks.obstacle.object_processor_base - INFO -     * distance_threshold_m (100m): 2
2026-03-30 21:52:35,693 - checks.obstacle.object_processor_base - INFO -   - Occlusion filtered: 0
2026-03-30 21:52:35,693 - checks.obstacle.object_processor_base - INFO -   - Processed: 0
2026-03-30 21:52:35,693 - checks.obstacle.object_processor_base - INFO -   - Filtering rates: 62.5% importance, 0.0% occlusion
2026-03-30 21:52:35,697 - checks.obstacle.object_processor_base - INFO - Frame 27 class=vehicle filtering summary:
2026-03-30 21:52:35,697 - checks.obstacle.object_processor_base - INFO -   - Total objects: 32
2026-03-30 21:52:35,697 - checks.obstacle.object_processor_base - INFO -   - Importance filtered: 20
2026-03-30 21:52:35,697 - checks.obstacle.object_processor_base - INFO -     * relevant_lanes (['ego', 'left', 'right']): 9
2026-03-30 21:52:35,697 - checks.obstacle.object_processor_base - INFO -     * distance_threshold_m (100m): 11
2026-03-30 21:52:35,697 - checks.obstacle.object_processor_base - INFO -   - Occlusion filtered: 0
2026-03-30 21:52:35,697 - checks.obstacle.object_processor_base - INFO -   - Processed: 0
2026-03-30 21:52:35,697 - checks.obstacle.object_processor_base - INFO -   - Filtering rates: 62.5% importance, 0.0% occlusion
2026-03-30 21:52:35,716 - checks.obstacle.object_processor_base - INFO - Frame 27: hallucinations {'bicycle': 0, 'motorcycle': 0, 'pedestrian': 0, 'vehicle': 2}
2026-03-30 21:52:35,816 - checks.obstacle.object_processor_base - INFO - Processing frame video_idx=10 -> mapped_idx=30 / 87 (objects: 40)
2026-03-30 21:52:35,816 - checks.obstacle.object_processor_base - INFO - Frame video_idx=10 mapped_idx=30: ego position in world =(-2.7, -6.5, 1.1)
2026-03-30 21:52:35,816 - checks.obstacle.object_processor_base - INFO - Frame video_idx=10 mapped_idx=30: camera RPY=(85.7, 44.6, 0.9)
2026-03-30 21:53:14,329 - checks.obstacle.object_processor_base - INFO - Frame 30 class=motorcycle filtering summary:
2026-03-30 21:53:14,329 - checks.obstacle.object_processor_base - INFO -   - Total objects: 8
2026-03-30 21:53:14,329 - checks.obstacle.object_processor_base - INFO -   - Importance filtered: 5
2026-03-30 21:53:14,329 - checks.obstacle.object_processor_base - INFO -     * distance_threshold_m (100m): 2
2026-03-30 21:53:14,329 - checks.obstacle.object_processor_base - INFO -     * relevant_lanes (['ego', 'left', 'right']): 3
2026-03-30 21:53:14,329 - checks.obstacle.object_processor_base - INFO -   - Occlusion filtered: 0
2026-03-30 21:53:14,329 - checks.obstacle.object_processor_base - INFO -   - Processed: 0
2026-03-30 21:53:14,329 - checks.obstacle.object_processor_base - INFO -   - Filtering rates: 62.5% importance, 0.0% occlusion
2026-03-30 21:53:14,334 - checks.obstacle.object_processor_base - INFO - Frame 30 class=vehicle filtering summary:
2026-03-30 21:53:14,334 - checks.obstacle.object_processor_base - INFO -   - Total objects: 32
2026-03-30 21:53:14,334 - checks.obstacle.object_processor_base - INFO -   - Importance filtered: 20
2026-03-30 21:53:14,334 - checks.obstacle.object_processor_base - INFO -     * relevant_lanes (['ego', 'left', 'right']): 9
2026-03-30 21:53:14,334 - checks.obstacle.object_processor_base - INFO -     * distance_threshold_m (100m): 11
2026-03-30 21:53:14,334 - checks.obstacle.object_processor_base - INFO -   - Occlusion filtered: 0
2026-03-30 21:53:14,334 - checks.obstacle.object_processor_base - INFO -   - Processed: 0
2026-03-30 21:53:14,334 - checks.obstacle.object_processor_base - INFO -   - Filtering rates: 62.5% importance, 0.0% occlusion
2026-03-30 21:53:14,353 - checks.obstacle.object_processor_base - INFO - Frame 30: hallucinations {'bicycle': 0, 'motorcycle': 0, 'pedestrian': 0, 'vehicle': 2}
2026-03-30 21:53:14,453 - checks.obstacle.object_processor_base - INFO - Processing frame video_idx=11 -> mapped_idx=33 / 87 (objects: 40)
2026-03-30 21:53:14,453 - checks.obstacle.object_processor_base - INFO - Frame video_idx=11 mapped_idx=33: ego position in world =(-2.8, -6.9, 1.1)
2026-03-30 21:53:14,453 - checks.obstacle.object_processor_base - INFO - Frame video_idx=11 mapped_idx=33: camera RPY=(85.7, 44.6, 0.9)
2026-03-30 21:53:52,891 - checks.obstacle.object_processor_base - INFO - Frame 33 class=motorcycle filtering summary:
2026-03-30 21:53:52,891 - checks.obstacle.object_processor_base - INFO -   - Total objects: 8
2026-03-30 21:53:52,891 - checks.obstacle.object_processor_base - INFO -   - Importance filtered: 5
2026-03-30 21:53:52,891 - checks.obstacle.object_processor_base - INFO -     * relevant_lanes (['ego', 'left', 'right']): 3
2026-03-30 21:53:52,891 - checks.obstacle.object_processor_base - INFO -     * distance_threshold_m (100m): 2
2026-03-30 21:53:52,891 - checks.obstacle.object_processor_base - INFO -   - Occlusion filtered: 0
2026-03-30 21:53:52,891 - checks.obstacle.object_processor_base - INFO -   - Processed: 0
2026-03-30 21:53:52,891 - checks.obstacle.object_processor_base - INFO -   - Filtering rates: 62.5% importance, 0.0% occlusion
2026-03-30 21:53:52,896 - checks.obstacle.object_processor_base - INFO - Frame 33 class=vehicle filtering summary:
2026-03-30 21:53:52,896 - checks.obstacle.object_processor_base - INFO -   - Total objects: 32
2026-03-30 21:53:52,896 - checks.obstacle.object_processor_base - INFO -   - Importance filtered: 20
2026-03-30 21:53:52,896 - checks.obstacle.object_processor_base - INFO -     * relevant_lanes (['ego', 'left', 'right']): 9
2026-03-30 21:53:52,896 - checks.obstacle.object_processor_base - INFO -     * distance_threshold_m (100m): 11
2026-03-30 21:53:52,896 - checks.obstacle.object_processor_base - INFO -   - Occlusion filtered: 0
2026-03-30 21:53:52,896 - checks.obstacle.object_processor_base - INFO -   - Processed: 0
2026-03-30 21:53:52,896 - checks.obstacle.object_processor_base - INFO -   - Filtering rates: 62.5% importance, 0.0% occlusion
2026-03-30 21:53:52,915 - checks.obstacle.object_processor_base - INFO - Frame 33: hallucinations {'bicycle': 0, 'motorcycle': 0, 'pedestrian': 0, 'vehicle': 2}
2026-03-30 21:53:53,027 - checks.obstacle.object_processor_base - INFO - Processing frame video_idx=12 -> mapped_idx=36 / 87 (objects: 40)
2026-03-30 21:53:53,027 - checks.obstacle.object_processor_base - INFO - Frame video_idx=12 mapped_idx=36: ego position in world =(-2.9, -7.3, 1.1)
2026-03-30 21:53:53,027 - checks.obstacle.object_processor_base - INFO - Frame video_idx=12 mapped_idx=36: camera RPY=(85.7, 44.6, 0.9)
2026-03-30 21:54:31,802 - checks.obstacle.object_processor_base - INFO - Frame 36 class=motorcycle filtering summary:
2026-03-30 21:54:31,802 - checks.obstacle.object_processor_base - INFO -   - Total objects: 8
2026-03-30 21:54:31,802 - checks.obstacle.object_processor_base - INFO -   - Importance filtered: 5
2026-03-30 21:54:31,802 - checks.obstacle.object_processor_base - INFO -     * distance_threshold_m (100m): 2
2026-03-30 21:54:31,802 - checks.obstacle.object_processor_base - INFO -     * relevant_lanes (['ego', 'left', 'right']): 3
2026-03-30 21:54:31,802 - checks.obstacle.object_processor_base - INFO -   - Occlusion filtered: 0
2026-03-30 21:54:31,802 - checks.obstacle.object_processor_base - INFO -   - Processed: 0
2026-03-30 21:54:31,802 - checks.obstacle.object_processor_base - INFO -   - Filtering rates: 62.5% importance, 0.0% occlusion
2026-03-30 21:54:31,806 - checks.obstacle.object_processor_base - INFO - Frame 36 class=vehicle filtering summary:
2026-03-30 21:54:31,806 - checks.obstacle.object_processor_base - INFO -   - Total objects: 32
2026-03-30 21:54:31,807 - checks.obstacle.object_processor_base - INFO -   - Importance filtered: 20
2026-03-30 21:54:31,807 - checks.obstacle.object_processor_base - INFO -     * relevant_lanes (['ego', 'left', 'right']): 9
2026-03-30 21:54:31,807 - checks.obstacle.object_processor_base - INFO -     * distance_threshold_m (100m): 11
2026-03-30 21:54:31,807 - checks.obstacle.object_processor_base - INFO -   - Occlusion filtered: 0
2026-03-30 21:54:31,807 - checks.obstacle.object_processor_base - INFO -   - Processed: 0
2026-03-30 21:54:31,807 - checks.obstacle.object_processor_base - INFO -   - Filtering rates: 62.5% importance, 0.0% occlusion
2026-03-30 21:54:31,825 - checks.obstacle.object_processor_base - INFO - Frame 36: hallucinations {'bicycle': 0, 'motorcycle': 0, 'pedestrian': 0, 'vehicle': 2}
2026-03-30 21:54:31,910 - checks.obstacle.object_processor_base - INFO - Processing frame video_idx=13 -> mapped_idx=39 / 87 (objects: 40)
2026-03-30 21:54:31,910 - checks.obstacle.object_processor_base - INFO - Frame video_idx=13 mapped_idx=39: ego position in world =(-3.0, -7.7, 1.1)
2026-03-30 21:54:31,910 - checks.obstacle.object_processor_base - INFO - Frame video_idx=13 mapped_idx=39: camera RPY=(85.7, 44.6, 0.9)
2026-03-30 21:55:09,385 - checks.obstacle.object_processor_base - INFO - Frame 39 class=motorcycle filtering summary:
2026-03-30 21:55:09,385 - checks.obstacle.object_processor_base - INFO -   - Total objects: 8
2026-03-30 21:55:09,385 - checks.obstacle.object_processor_base - INFO -   - Importance filtered: 5
2026-03-30 21:55:09,385 - checks.obstacle.object_processor_base - INFO -     * relevant_lanes (['ego', 'left', 'right']): 3
2026-03-30 21:55:09,385 - checks.obstacle.object_processor_base - INFO -     * distance_threshold_m (100m): 2
2026-03-30 21:55:09,385 - checks.obstacle.object_processor_base - INFO -   - Occlusion filtered: 0
2026-03-30 21:55:09,385 - checks.obstacle.object_processor_base - INFO -   - Processed: 0
2026-03-30 21:55:09,385 - checks.obstacle.object_processor_base - INFO -   - Filtering rates: 62.5% importance, 0.0% occlusion
2026-03-30 21:55:09,390 - checks.obstacle.object_processor_base - INFO - Frame 39 class=vehicle filtering summary:
2026-03-30 21:55:09,390 - checks.obstacle.object_processor_base - INFO -   - Total objects: 32
2026-03-30 21:55:09,390 - checks.obstacle.object_processor_base - INFO -   - Importance filtered: 20
2026-03-30 21:55:09,390 - checks.obstacle.object_processor_base - INFO -     * relevant_lanes (['ego', 'left', 'right']): 9
2026-03-30 21:55:09,390 - checks.obstacle.object_processor_base - INFO -     * distance_threshold_m (100m): 11
2026-03-30 21:55:09,390 - checks.obstacle.object_processor_base - INFO -   - Occlusion filtered: 0
2026-03-30 21:55:09,390 - checks.obstacle.object_processor_base - INFO -   - Processed: 0
2026-03-30 21:55:09,390 - checks.obstacle.object_processor_base - INFO -   - Filtering rates: 62.5% importance, 0.0% occlusion
2026-03-30 21:55:09,408 - checks.obstacle.object_processor_base - INFO - Frame 39: hallucinations {'bicycle': 0, 'motorcycle': 0, 'pedestrian': 0, 'vehicle': 2}
2026-03-30 21:55:09,494 - checks.obstacle.object_processor_base - INFO - Processing frame video_idx=14 -> mapped_idx=42 / 87 (objects: 40)
2026-03-30 21:55:09,494 - checks.obstacle.object_processor_base - INFO - Frame video_idx=14 mapped_idx=42: ego position in world =(-3.1, -8.1, 1.1)
2026-03-30 21:55:09,494 - checks.obstacle.object_processor_base - INFO - Frame video_idx=14 mapped_idx=42: camera RPY=(85.7, 44.6, 0.9)
2026-03-30 21:55:48,192 - checks.obstacle.object_processor_base - INFO - Frame 42 class=motorcycle filtering summary:
2026-03-30 21:55:48,192 - checks.obstacle.object_processor_base - INFO -   - Total objects: 8
2026-03-30 21:55:48,192 - checks.obstacle.object_processor_base - INFO -   - Importance filtered: 5
2026-03-30 21:55:48,192 - checks.obstacle.object_processor_base - INFO -     * distance_threshold_m (100m): 2
2026-03-30 21:55:48,192 - checks.obstacle.object_processor_base - INFO -     * relevant_lanes (['ego', 'left', 'right']): 3
2026-03-30 21:55:48,192 - checks.obstacle.object_processor_base - INFO -   - Occlusion filtered: 0
2026-03-30 21:55:48,192 - checks.obstacle.object_processor_base - INFO -   - Processed: 0
2026-03-30 21:55:48,192 - checks.obstacle.object_processor_base - INFO -   - Filtering rates: 62.5% importance, 0.0% occlusion
2026-03-30 21:55:48,196 - checks.obstacle.object_processor_base - INFO - Frame 42 class=vehicle filtering summary:
2026-03-30 21:55:48,197 - checks.obstacle.object_processor_base - INFO -   - Total objects: 32
2026-03-30 21:55:48,197 - checks.obstacle.object_processor_base - INFO -   - Importance filtered: 20
2026-03-30 21:55:48,197 - checks.obstacle.object_processor_base - INFO -     * relevant_lanes (['ego', 'left', 'right']): 9
2026-03-30 21:55:48,197 - checks.obstacle.object_processor_base - INFO -     * distance_threshold_m (100m): 11
2026-03-30 21:55:48,197 - checks.obstacle.object_processor_base - INFO -   - Occlusion filtered: 0
2026-03-30 21:55:48,197 - checks.obstacle.object_processor_base - INFO -   - Processed: 0
2026-03-30 21:55:48,197 - checks.obstacle.object_processor_base - INFO -   - Filtering rates: 62.5% importance, 0.0% occlusion
2026-03-30 21:55:48,216 - checks.obstacle.object_processor_base - INFO - Frame 42: hallucinations {'bicycle': 0, 'motorcycle': 0, 'pedestrian': 0, 'vehicle': 2}
2026-03-30 21:55:48,305 - checks.obstacle.object_processor_base - INFO - Processing frame video_idx=15 -> mapped_idx=45 / 87 (objects: 40)
2026-03-30 21:55:48,305 - checks.obstacle.object_processor_base - INFO - Frame video_idx=15 mapped_idx=45: ego position in world =(-3.2, -8.4, 1.1)
2026-03-30 21:55:48,305 - checks.obstacle.object_processor_base - INFO - Frame video_idx=15 mapped_idx=45: camera RPY=(85.7, 44.6, 0.9)
2026-03-30 21:56:26,996 - checks.obstacle.object_processor_base - INFO - Frame 45 class=motorcycle filtering summary:
2026-03-30 21:56:26,996 - checks.obstacle.object_processor_base - INFO -   - Total objects: 8
2026-03-30 21:56:26,996 - checks.obstacle.object_processor_base - INFO -   - Importance filtered: 5
2026-03-30 21:56:26,996 - checks.obstacle.object_processor_base - INFO -     * relevant_lanes (['ego', 'left', 'right']): 3
2026-03-30 21:56:26,996 - checks.obstacle.object_processor_base - INFO -     * distance_threshold_m (100m): 2
2026-03-30 21:56:26,996 - checks.obstacle.object_processor_base - INFO -   - Occlusion filtered: 0
2026-03-30 21:56:26,996 - checks.obstacle.object_processor_base - INFO -   - Processed: 0
2026-03-30 21:56:26,996 - checks.obstacle.object_processor_base - INFO -   - Filtering rates: 62.5% importance, 0.0% occlusion
2026-03-30 21:56:27,000 - checks.obstacle.object_processor_base - INFO - Frame 45 class=vehicle filtering summary:
2026-03-30 21:56:27,000 - checks.obstacle.object_processor_base - INFO -   - Total objects: 32
2026-03-30 21:56:27,000 - checks.obstacle.object_processor_base - INFO -   - Importance filtered: 20
2026-03-30 21:56:27,000 - checks.obstacle.object_processor_base - INFO -     * relevant_lanes (['ego', 'left', 'right']): 9
2026-03-30 21:56:27,000 - checks.obstacle.object_processor_base - INFO -     * distance_threshold_m (100m): 11
2026-03-30 21:56:27,000 - checks.obstacle.object_processor_base - INFO -   - Occlusion filtered: 0
2026-03-30 21:56:27,000 - checks.obstacle.object_processor_base - INFO -   - Processed: 0
2026-03-30 21:56:27,000 - checks.obstacle.object_processor_base - INFO -   - Filtering rates: 62.5% importance, 0.0% occlusion
2026-03-30 21:56:27,019 - checks.obstacle.object_processor_base - INFO - Frame 45: hallucinations {'bicycle': 0, 'motorcycle': 0, 'pedestrian': 1, 'vehicle': 2}
2026-03-30 21:56:27,110 - checks.obstacle.object_processor_base - INFO - Processing frame video_idx=16 -> mapped_idx=48 / 87 (objects: 40)
2026-03-30 21:56:27,110 - checks.obstacle.object_processor_base - INFO - Frame video_idx=16 mapped_idx=48: ego position in world =(-3.3, -8.8, 1.1)
2026-03-30 21:56:27,110 - checks.obstacle.object_processor_base - INFO - Frame video_idx=16 mapped_idx=48: camera RPY=(85.7, 44.6, 0.9)
2026-03-30 21:57:05,877 - checks.obstacle.object_processor_base - INFO - Frame 48 class=motorcycle filtering summary:
2026-03-30 21:57:05,878 - checks.obstacle.object_processor_base - INFO -   - Total objects: 8
2026-03-30 21:57:05,878 - checks.obstacle.object_processor_base - INFO -   - Importance filtered: 5
2026-03-30 21:57:05,878 - checks.obstacle.object_processor_base - INFO -     * distance_threshold_m (100m): 2
2026-03-30 21:57:05,878 - checks.obstacle.object_processor_base - INFO -     * relevant_lanes (['ego', 'left', 'right']): 3
2026-03-30 21:57:05,878 - checks.obstacle.object_processor_base - INFO -   - Occlusion filtered: 0
2026-03-30 21:57:05,878 - checks.obstacle.object_processor_base - INFO -   - Processed: 0
2026-03-30 21:57:05,878 - checks.obstacle.object_processor_base - INFO -   - Filtering rates: 62.5% importance, 0.0% occlusion
2026-03-30 21:57:05,882 - checks.obstacle.object_processor_base - INFO - Frame 48 class=vehicle filtering summary:
2026-03-30 21:57:05,882 - checks.obstacle.object_processor_base - INFO -   - Total objects: 32
2026-03-30 21:57:05,882 - checks.obstacle.object_processor_base - INFO -   - Importance filtered: 20
2026-03-30 21:57:05,882 - checks.obstacle.object_processor_base - INFO -     * relevant_lanes (['ego', 'left', 'right']): 9
2026-03-30 21:57:05,882 - checks.obstacle.object_processor_base - INFO -     * distance_threshold_m (100m): 11
2026-03-30 21:57:05,882 - checks.obstacle.object_processor_base - INFO -   - Occlusion filtered: 0
2026-03-30 21:57:05,882 - checks.obstacle.object_processor_base - INFO -   - Processed: 0
2026-03-30 21:57:05,882 - checks.obstacle.object_processor_base - INFO -   - Filtering rates: 62.5% importance, 0.0% occlusion
2026-03-30 21:57:05,901 - checks.obstacle.object_processor_base - INFO - Frame 48: hallucinations {'bicycle': 0, 'motorcycle': 0, 'pedestrian': 0, 'vehicle': 2}
2026-03-30 21:57:05,996 - checks.obstacle.object_processor_base - INFO - Processing frame video_idx=17 -> mapped_idx=51 / 87 (objects: 40)
2026-03-30 21:57:05,996 - checks.obstacle.object_processor_base - INFO - Frame video_idx=17 mapped_idx=51: ego position in world =(-3.4, -9.1, 1.1)
2026-03-30 21:57:05,996 - checks.obstacle.object_processor_base - INFO - Frame video_idx=17 mapped_idx=51: camera RPY=(85.7, 44.6, 0.9)
2026-03-30 21:57:44,405 - checks.obstacle.object_processor_base - INFO - Frame 51 class=motorcycle filtering summary:
2026-03-30 21:57:44,405 - checks.obstacle.object_processor_base - INFO -   - Total objects: 8
2026-03-30 21:57:44,405 - checks.obstacle.object_processor_base - INFO -   - Importance filtered: 5
2026-03-30 21:57:44,405 - checks.obstacle.object_processor_base - INFO -     * relevant_lanes (['ego', 'left', 'right']): 3
2026-03-30 21:57:44,405 - checks.obstacle.object_processor_base - INFO -     * distance_threshold_m (100m): 2
2026-03-30 21:57:44,405 - checks.obstacle.object_processor_base - INFO -   - Occlusion filtered: 0
2026-03-30 21:57:44,405 - checks.obstacle.object_processor_base - INFO -   - Processed: 0
2026-03-30 21:57:44,405 - checks.obstacle.object_processor_base - INFO -   - Filtering rates: 62.5% importance, 0.0% occlusion
2026-03-30 21:57:44,409 - checks.obstacle.object_processor_base - INFO - Frame 51 class=vehicle filtering summary:
2026-03-30 21:57:44,409 - checks.obstacle.object_processor_base - INFO -   - Total objects: 32
2026-03-30 21:57:44,409 - checks.obstacle.object_processor_base - INFO -   - Importance filtered: 21
2026-03-30 21:57:44,409 - checks.obstacle.object_processor_base - INFO -     * relevant_lanes (['ego', 'left', 'right']): 10
2026-03-30 21:57:44,409 - checks.obstacle.object_processor_base - INFO -     * distance_threshold_m (100m): 11
2026-03-30 21:57:44,409 - checks.obstacle.object_processor_base - INFO -   - Occlusion filtered: 0
2026-03-30 21:57:44,409 - checks.obstacle.object_processor_base - INFO -   - Processed: 0
2026-03-30 21:57:44,409 - checks.obstacle.object_processor_base - INFO -   - Filtering rates: 65.6% importance, 0.0% occlusion
2026-03-30 21:57:44,428 - checks.obstacle.object_processor_base - INFO - Frame 51: hallucinations {'bicycle': 0, 'motorcycle': 0, 'pedestrian': 1, 'vehicle': 2}
2026-03-30 21:57:44,555 - checks.obstacle.object_processor_base - INFO - Processing frame video_idx=18 -> mapped_idx=54 / 87 (objects: 40)
2026-03-30 21:57:44,555 - checks.obstacle.object_processor_base - INFO - Frame video_idx=18 mapped_idx=54: ego position in world =(-3.5, -9.4, 1.1)
2026-03-30 21:57:44,555 - checks.obstacle.object_processor_base - INFO - Frame video_idx=18 mapped_idx=54: camera RPY=(85.7, 44.6, 0.9)
2026-03-30 21:58:23,282 - checks.obstacle.object_processor_base - INFO - Frame 54 class=motorcycle filtering summary:
2026-03-30 21:58:23,282 - checks.obstacle.object_processor_base - INFO -   - Total objects: 8
2026-03-30 21:58:23,282 - checks.obstacle.object_processor_base - INFO -   - Importance filtered: 5
2026-03-30 21:58:23,282 - checks.obstacle.object_processor_base - INFO -     * distance_threshold_m (100m): 2
2026-03-30 21:58:23,282 - checks.obstacle.object_processor_base - INFO -     * relevant_lanes (['ego', 'left', 'right']): 3
2026-03-30 21:58:23,282 - checks.obstacle.object_processor_base - INFO -   - Occlusion filtered: 0
2026-03-30 21:58:23,282 - checks.obstacle.object_processor_base - INFO -   - Processed: 0
2026-03-30 21:58:23,282 - checks.obstacle.object_processor_base - INFO -   - Filtering rates: 62.5% importance, 0.0% occlusion
2026-03-30 21:58:23,286 - checks.obstacle.object_processor_base - INFO - Frame 54 class=vehicle filtering summary:
2026-03-30 21:58:23,286 - checks.obstacle.object_processor_base - INFO -   - Total objects: 32
2026-03-30 21:58:23,286 - checks.obstacle.object_processor_base - INFO -   - Importance filtered: 21
2026-03-30 21:58:23,286 - checks.obstacle.object_processor_base - INFO -     * relevant_lanes (['ego', 'left', 'right']): 10
2026-03-30 21:58:23,286 - checks.obstacle.object_processor_base - INFO -     * distance_threshold_m (100m): 11
2026-03-30 21:58:23,286 - checks.obstacle.object_processor_base - INFO -   - Occlusion filtered: 0
2026-03-30 21:58:23,286 - checks.obstacle.object_processor_base - INFO -   - Processed: 0
2026-03-30 21:58:23,286 - checks.obstacle.object_processor_base - INFO -   - Filtering rates: 65.6% importance, 0.0% occlusion
2026-03-30 21:58:23,306 - checks.obstacle.object_processor_base - INFO - Frame 54: hallucinations {'bicycle': 0, 'motorcycle': 0, 'pedestrian': 0, 'vehicle': 2}
2026-03-30 21:58:23,402 - checks.obstacle.object_processor_base - INFO - Processing frame video_idx=19 -> mapped_idx=57 / 87 (objects: 40)
2026-03-30 21:58:23,402 - checks.obstacle.object_processor_base - INFO - Frame video_idx=19 mapped_idx=57: ego position in world =(-3.6, -9.7, 1.1)
2026-03-30 21:58:23,402 - checks.obstacle.object_processor_base - INFO - Frame video_idx=19 mapped_idx=57: camera RPY=(85.8, 44.6, 1.0)
2026-03-30 21:59:02,036 - checks.obstacle.object_processor_base - INFO - Frame 57 class=motorcycle filtering summary:
2026-03-30 21:59:02,036 - checks.obstacle.object_processor_base - INFO -   - Total objects: 8
2026-03-30 21:59:02,036 - checks.obstacle.object_processor_base - INFO -   - Importance filtered: 5
2026-03-30 21:59:02,036 - checks.obstacle.object_processor_base - INFO -     * relevant_lanes (['ego', 'left', 'right']): 3
2026-03-30 21:59:02,036 - checks.obstacle.object_processor_base - INFO -     * distance_threshold_m (100m): 2
2026-03-30 21:59:02,036 - checks.obstacle.object_processor_base - INFO -   - Occlusion filtered: 0
2026-03-30 21:59:02,036 - checks.obstacle.object_processor_base - INFO -   - Processed: 0
2026-03-30 21:59:02,036 - checks.obstacle.object_processor_base - INFO -   - Filtering rates: 62.5% importance, 0.0% occlusion
2026-03-30 21:59:02,040 - checks.obstacle.object_processor_base - INFO - Frame 57 class=vehicle filtering summary:
2026-03-30 21:59:02,040 - checks.obstacle.object_processor_base - INFO -   - Total objects: 32
2026-03-30 21:59:02,040 - checks.obstacle.object_processor_base - INFO -   - Importance filtered: 21
2026-03-30 21:59:02,040 - checks.obstacle.object_processor_base - INFO -     * relevant_lanes (['ego', 'left', 'right']): 10
2026-03-30 21:59:02,040 - checks.obstacle.object_processor_base - INFO -     * distance_threshold_m (100m): 11
2026-03-30 21:59:02,040 - checks.obstacle.object_processor_base - INFO -   - Occlusion filtered: 0
2026-03-30 21:59:02,040 - checks.obstacle.object_processor_base - INFO -   - Processed: 0
2026-03-30 21:59:02,040 - checks.obstacle.object_processor_base - INFO -   - Filtering rates: 65.6% importance, 0.0% occlusion
2026-03-30 21:59:02,060 - checks.obstacle.object_processor_base - INFO - Frame 57: hallucinations {'bicycle': 0, 'motorcycle': 0, 'pedestrian': 0, 'vehicle': 2}
2026-03-30 21:59:02,189 - checks.obstacle.object_processor_base - INFO - Processing frame video_idx=20 -> mapped_idx=60 / 87 (objects: 40)
2026-03-30 21:59:02,189 - checks.obstacle.object_processor_base - INFO - Frame video_idx=20 mapped_idx=60: ego position in world =(-3.6, -10.0, 1.1)
2026-03-30 21:59:02,189 - checks.obstacle.object_processor_base - INFO - Frame video_idx=20 mapped_idx=60: camera RPY=(85.8, 44.6, 1.0)
2026-03-30 21:59:41,013 - checks.obstacle.object_processor_base - INFO - Frame 60 class=motorcycle filtering summary:
2026-03-30 21:59:41,014 - checks.obstacle.object_processor_base - INFO -   - Total objects: 8
2026-03-30 21:59:41,014 - checks.obstacle.object_processor_base - INFO -   - Importance filtered: 5
2026-03-30 21:59:41,014 - checks.obstacle.object_processor_base - INFO -     * distance_threshold_m (100m): 2
2026-03-30 21:59:41,014 - checks.obstacle.object_processor_base - INFO -     * relevant_lanes (['ego', 'left', 'right']): 3
2026-03-30 21:59:41,014 - checks.obstacle.object_processor_base - INFO -   - Occlusion filtered: 0
2026-03-30 21:59:41,014 - checks.obstacle.object_processor_base - INFO -   - Processed: 0
2026-03-30 21:59:41,014 - checks.obstacle.object_processor_base - INFO -   - Filtering rates: 62.5% importance, 0.0% occlusion
2026-03-30 21:59:41,018 - checks.obstacle.object_processor_base - INFO - Frame 60 class=vehicle filtering summary:
2026-03-30 21:59:41,018 - checks.obstacle.object_processor_base - INFO -   - Total objects: 32
2026-03-30 21:59:41,018 - checks.obstacle.object_processor_base - INFO -   - Importance filtered: 21
2026-03-30 21:59:41,018 - checks.obstacle.object_processor_base - INFO -     * relevant_lanes (['ego', 'left', 'right']): 10
2026-03-30 21:59:41,018 - checks.obstacle.object_processor_base - INFO -     * distance_threshold_m (100m): 11
2026-03-30 21:59:41,018 - checks.obstacle.object_processor_base - INFO -   - Occlusion filtered: 0
2026-03-30 21:59:41,018 - checks.obstacle.object_processor_base - INFO -   - Processed: 0
2026-03-30 21:59:41,018 - checks.obstacle.object_processor_base - INFO -   - Filtering rates: 65.6% importance, 0.0% occlusion
2026-03-30 21:59:41,037 - checks.obstacle.object_processor_base - INFO - Frame 60: hallucinations {'bicycle': 0, 'motorcycle': 0, 'pedestrian': 0, 'vehicle': 2}
2026-03-30 21:59:41,164 - checks.obstacle.object_processor_base - INFO - Processing frame video_idx=21 -> mapped_idx=63 / 87 (objects: 40)
2026-03-30 21:59:41,164 - checks.obstacle.object_processor_base - INFO - Frame video_idx=21 mapped_idx=63: ego position in world =(-3.7, -10.3, 1.1)
2026-03-30 21:59:41,164 - checks.obstacle.object_processor_base - INFO - Frame video_idx=21 mapped_idx=63: camera RPY=(85.8, 44.6, 1.0)
2026-03-30 22:00:18,721 - checks.obstacle.object_processor_base - INFO - Frame 63 class=motorcycle filtering summary:
2026-03-30 22:00:18,722 - checks.obstacle.object_processor_base - INFO -   - Total objects: 8
2026-03-30 22:00:18,722 - checks.obstacle.object_processor_base - INFO -   - Importance filtered: 5
2026-03-30 22:00:18,722 - checks.obstacle.object_processor_base - INFO -     * relevant_lanes (['ego', 'left', 'right']): 3
2026-03-30 22:00:18,722 - checks.obstacle.object_processor_base - INFO -     * distance_threshold_m (100m): 2
2026-03-30 22:00:18,722 - checks.obstacle.object_processor_base - INFO -   - Occlusion filtered: 0
2026-03-30 22:00:18,722 - checks.obstacle.object_processor_base - INFO -   - Processed: 0
2026-03-30 22:00:18,722 - checks.obstacle.object_processor_base - INFO -   - Filtering rates: 62.5% importance, 0.0% occlusion
2026-03-30 22:00:18,726 - checks.obstacle.object_processor_base - INFO - Frame 63 class=vehicle filtering summary:
2026-03-30 22:00:18,726 - checks.obstacle.object_processor_base - INFO -   - Total objects: 32
2026-03-30 22:00:18,726 - checks.obstacle.object_processor_base - INFO -   - Importance filtered: 21
2026-03-30 22:00:18,726 - checks.obstacle.object_processor_base - INFO -     * relevant_lanes (['ego', 'left', 'right']): 10
2026-03-30 22:00:18,726 - checks.obstacle.object_processor_base - INFO -     * distance_threshold_m (100m): 11
2026-03-30 22:00:18,726 - checks.obstacle.object_processor_base - INFO -   - Occlusion filtered: 0
2026-03-30 22:00:18,726 - checks.obstacle.object_processor_base - INFO -   - Processed: 0
2026-03-30 22:00:18,726 - checks.obstacle.object_processor_base - INFO -   - Filtering rates: 65.6% importance, 0.0% occlusion
2026-03-30 22:00:18,745 - checks.obstacle.object_processor_base - INFO - Frame 63: hallucinations {'bicycle': 0, 'motorcycle': 0, 'pedestrian': 1, 'vehicle': 2}
2026-03-30 22:00:18,872 - checks.obstacle.object_processor_base - INFO - Processing frame video_idx=22 -> mapped_idx=66 / 87 (objects: 40)
2026-03-30 22:00:18,872 - checks.obstacle.object_processor_base - INFO - Frame video_idx=22 mapped_idx=66: ego position in world =(-3.8, -10.6, 1.1)
2026-03-30 22:00:18,872 - checks.obstacle.object_processor_base - INFO - Frame video_idx=22 mapped_idx=66: camera RPY=(85.8, 44.6, 0.9)
2026-03-30 22:00:56,630 - checks.obstacle.object_processor_base - INFO - Frame 66 class=motorcycle filtering summary:
2026-03-30 22:00:56,630 - checks.obstacle.object_processor_base - INFO -   - Total objects: 8
2026-03-30 22:00:56,630 - checks.obstacle.object_processor_base - INFO -   - Importance filtered: 5
2026-03-30 22:00:56,630 - checks.obstacle.object_processor_base - INFO -     * distance_threshold_m (100m): 2
2026-03-30 22:00:56,630 - checks.obstacle.object_processor_base - INFO -     * relevant_lanes (['ego', 'left', 'right']): 3
2026-03-30 22:00:56,630 - checks.obstacle.object_processor_base - INFO -   - Occlusion filtered: 0
2026-03-30 22:00:56,630 - checks.obstacle.object_processor_base - INFO -   - Processed: 0
2026-03-30 22:00:56,630 - checks.obstacle.object_processor_base - INFO -   - Filtering rates: 62.5% importance, 0.0% occlusion
2026-03-30 22:00:56,635 - checks.obstacle.object_processor_base - INFO - Frame 66 class=vehicle filtering summary:
2026-03-30 22:00:56,635 - checks.obstacle.object_processor_base - INFO -   - Total objects: 32
2026-03-30 22:00:56,635 - checks.obstacle.object_processor_base - INFO -   - Importance filtered: 21
2026-03-30 22:00:56,635 - checks.obstacle.object_processor_base - INFO -     * relevant_lanes (['ego', 'left', 'right']): 10
2026-03-30 22:00:56,635 - checks.obstacle.object_processor_base - INFO -     * distance_threshold_m (100m): 11
2026-03-30 22:00:56,635 - checks.obstacle.object_processor_base - INFO -   - Occlusion filtered: 0
2026-03-30 22:00:56,635 - checks.obstacle.object_processor_base - INFO -   - Processed: 0
2026-03-30 22:00:56,635 - checks.obstacle.object_processor_base - INFO -   - Filtering rates: 65.6% importance, 0.0% occlusion
2026-03-30 22:00:56,654 - checks.obstacle.object_processor_base - INFO - Frame 66: hallucinations {'bicycle': 0, 'motorcycle': 0, 'pedestrian': 0, 'vehicle': 2}
2026-03-30 22:00:56,756 - checks.obstacle.object_processor_base - INFO - Processing frame video_idx=23 -> mapped_idx=69 / 87 (objects: 40)
2026-03-30 22:00:56,756 - checks.obstacle.object_processor_base - INFO - Frame video_idx=23 mapped_idx=69: ego position in world =(-3.9, -10.9, 1.1)
2026-03-30 22:00:56,756 - checks.obstacle.object_processor_base - INFO - Frame video_idx=23 mapped_idx=69: camera RPY=(85.9, 44.6, 0.9)
2026-03-30 22:01:34,654 - checks.obstacle.object_processor_base - INFO - Frame 69 class=motorcycle filtering summary:
2026-03-30 22:01:34,654 - checks.obstacle.object_processor_base - INFO -   - Total objects: 8
2026-03-30 22:01:34,654 - checks.obstacle.object_processor_base - INFO -   - Importance filtered: 5
2026-03-30 22:01:34,654 - checks.obstacle.object_processor_base - INFO -     * relevant_lanes (['ego', 'left', 'right']): 3
2026-03-30 22:01:34,654 - checks.obstacle.object_processor_base - INFO -     * distance_threshold_m (100m): 2
2026-03-30 22:01:34,654 - checks.obstacle.object_processor_base - INFO -   - Occlusion filtered: 0
2026-03-30 22:01:34,654 - checks.obstacle.object_processor_base - INFO -   - Processed: 0
2026-03-30 22:01:34,654 - checks.obstacle.object_processor_base - INFO -   - Filtering rates: 62.5% importance, 0.0% occlusion
2026-03-30 22:01:34,659 - checks.obstacle.object_processor_base - INFO - Frame 69 class=vehicle filtering summary:
2026-03-30 22:01:34,659 - checks.obstacle.object_processor_base - INFO -   - Total objects: 32
2026-03-30 22:01:34,659 - checks.obstacle.object_processor_base - INFO -   - Importance filtered: 20
2026-03-30 22:01:34,659 - checks.obstacle.object_processor_base - INFO -     * relevant_lanes (['ego', 'left', 'right']): 10
2026-03-30 22:01:34,659 - checks.obstacle.object_processor_base - INFO -     * distance_threshold_m (100m): 10
2026-03-30 22:01:34,659 - checks.obstacle.object_processor_base - INFO -   - Occlusion filtered: 0
2026-03-30 22:01:34,659 - checks.obstacle.object_processor_base - INFO -   - Processed: 0
2026-03-30 22:01:34,659 - checks.obstacle.object_processor_base - INFO -   - Filtering rates: 62.5% importance, 0.0% occlusion
2026-03-30 22:01:34,678 - checks.obstacle.object_processor_base - INFO - Frame 69: hallucinations {'bicycle': 0, 'motorcycle': 0, 'pedestrian': 1, 'vehicle': 2}
2026-03-30 22:01:34,780 - checks.obstacle.object_processor_base - INFO - Processing frame video_idx=24 -> mapped_idx=72 / 87 (objects: 40)
2026-03-30 22:01:34,780 - checks.obstacle.object_processor_base - INFO - Frame video_idx=24 mapped_idx=72: ego position in world =(-4.0, -11.3, 1.1)
2026-03-30 22:01:34,780 - checks.obstacle.object_processor_base - INFO - Frame video_idx=24 mapped_idx=72: camera RPY=(85.9, 44.6, 0.9)
2026-03-30 22:02:12,406 - checks.obstacle.object_processor_base - INFO - Frame 72 class=motorcycle filtering summary:
2026-03-30 22:02:12,406 - checks.obstacle.object_processor_base - INFO -   - Total objects: 8
2026-03-30 22:02:12,406 - checks.obstacle.object_processor_base - INFO -   - Importance filtered: 5
2026-03-30 22:02:12,406 - checks.obstacle.object_processor_base - INFO -     * distance_threshold_m (100m): 2
2026-03-30 22:02:12,406 - checks.obstacle.object_processor_base - INFO -     * relevant_lanes (['ego', 'left', 'right']): 3
2026-03-30 22:02:12,406 - checks.obstacle.object_processor_base - INFO -   - Occlusion filtered: 0
2026-03-30 22:02:12,406 - checks.obstacle.object_processor_base - INFO -   - Processed: 0
2026-03-30 22:02:12,406 - checks.obstacle.object_processor_base - INFO -   - Filtering rates: 62.5% importance, 0.0% occlusion
2026-03-30 22:02:12,410 - checks.obstacle.object_processor_base - INFO - Frame 72 class=vehicle filtering summary:
2026-03-30 22:02:12,410 - checks.obstacle.object_processor_base - INFO -   - Total objects: 32
2026-03-30 22:02:12,410 - checks.obstacle.object_processor_base - INFO -   - Importance filtered: 20
2026-03-30 22:02:12,410 - checks.obstacle.object_processor_base - INFO -     * relevant_lanes (['ego', 'left', 'right']): 10
2026-03-30 22:02:12,410 - checks.obstacle.object_processor_base - INFO -     * distance_threshold_m (100m): 10
2026-03-30 22:02:12,410 - checks.obstacle.object_processor_base - INFO -   - Occlusion filtered: 0
2026-03-30 22:02:12,410 - checks.obstacle.object_processor_base - INFO -   - Processed: 0
2026-03-30 22:02:12,410 - checks.obstacle.object_processor_base - INFO -   - Filtering rates: 62.5% importance, 0.0% occlusion
2026-03-30 22:02:12,428 - checks.obstacle.object_processor_base - INFO - Frame 72: hallucinations {'bicycle': 0, 'motorcycle': 0, 'pedestrian': 1, 'vehicle': 2}
2026-03-30 22:02:12,531 - checks.obstacle.object_processor_base - INFO - Processing frame video_idx=25 -> mapped_idx=75 / 87 (objects: 40)
2026-03-30 22:02:12,531 - checks.obstacle.object_processor_base - INFO - Frame video_idx=25 mapped_idx=75: ego position in world =(-4.0, -11.6, 1.1)
2026-03-30 22:02:12,531 - checks.obstacle.object_processor_base - INFO - Frame video_idx=25 mapped_idx=75: camera RPY=(85.9, 44.6, 0.9)
2026-03-30 22:02:50,930 - checks.obstacle.object_processor_base - INFO - Frame 75 class=motorcycle filtering summary:
2026-03-30 22:02:50,931 - checks.obstacle.object_processor_base - INFO -   - Total objects: 8
2026-03-30 22:02:50,931 - checks.obstacle.object_processor_base - INFO -   - Importance filtered: 5
2026-03-30 22:02:50,931 - checks.obstacle.object_processor_base - INFO -     * relevant_lanes (['ego', 'left', 'right']): 3
2026-03-30 22:02:50,931 - checks.obstacle.object_processor_base - INFO -     * distance_threshold_m (100m): 2
2026-03-30 22:02:50,931 - checks.obstacle.object_processor_base - INFO -   - Occlusion filtered: 0
2026-03-30 22:02:50,931 - checks.obstacle.object_processor_base - INFO -   - Processed: 0
2026-03-30 22:02:50,931 - checks.obstacle.object_processor_base - INFO -   - Filtering rates: 62.5% importance, 0.0% occlusion
2026-03-30 22:02:50,936 - checks.obstacle.object_processor_base - INFO - Frame 75 class=vehicle filtering summary:
2026-03-30 22:02:50,936 - checks.obstacle.object_processor_base - INFO -   - Total objects: 32
2026-03-30 22:02:50,936 - checks.obstacle.object_processor_base - INFO -   - Importance filtered: 20
2026-03-30 22:02:50,936 - checks.obstacle.object_processor_base - INFO -     * relevant_lanes (['ego', 'left', 'right']): 10
2026-03-30 22:02:50,936 - checks.obstacle.object_processor_base - INFO -     * distance_threshold_m (100m): 10
2026-03-30 22:02:50,936 - checks.obstacle.object_processor_base - INFO -   - Occlusion filtered: 0
2026-03-30 22:02:50,936 - checks.obstacle.object_processor_base - INFO -   - Processed: 0
2026-03-30 22:02:50,936 - checks.obstacle.object_processor_base - INFO -   - Filtering rates: 62.5% importance, 0.0% occlusion
2026-03-30 22:02:50,954 - checks.obstacle.object_processor_base - INFO - Frame 75: hallucinations {'bicycle': 0, 'motorcycle': 0, 'pedestrian': 1, 'vehicle': 2}
2026-03-30 22:02:51,059 - checks.obstacle.object_processor_base - INFO - Processing frame video_idx=26 -> mapped_idx=78 / 87 (objects: 40)
2026-03-30 22:02:51,060 - checks.obstacle.object_processor_base - INFO - Frame video_idx=26 mapped_idx=78: ego position in world =(-4.1, -11.9, 1.1)
2026-03-30 22:02:51,060 - checks.obstacle.object_processor_base - INFO - Frame video_idx=26 mapped_idx=78: camera RPY=(85.8, 44.6, 0.9)
2026-03-30 22:03:29,410 - checks.obstacle.object_processor_base - INFO - Frame 78 class=motorcycle filtering summary:
2026-03-30 22:03:29,410 - checks.obstacle.object_processor_base - INFO -   - Total objects: 8
2026-03-30 22:03:29,410 - checks.obstacle.object_processor_base - INFO -   - Importance filtered: 5
2026-03-30 22:03:29,410 - checks.obstacle.object_processor_base - INFO -     * distance_threshold_m (100m): 2
2026-03-30 22:03:29,410 - checks.obstacle.object_processor_base - INFO -     * relevant_lanes (['ego', 'left', 'right']): 3
2026-03-30 22:03:29,410 - checks.obstacle.object_processor_base - INFO -   - Occlusion filtered: 0
2026-03-30 22:03:29,410 - checks.obstacle.object_processor_base - INFO -   - Processed: 0
2026-03-30 22:03:29,410 - checks.obstacle.object_processor_base - INFO -   - Filtering rates: 62.5% importance, 0.0% occlusion
2026-03-30 22:03:29,415 - checks.obstacle.object_processor_base - INFO - Frame 78 class=vehicle filtering summary:
2026-03-30 22:03:29,415 - checks.obstacle.object_processor_base - INFO -   - Total objects: 32
2026-03-30 22:03:29,415 - checks.obstacle.object_processor_base - INFO -   - Importance filtered: 20
2026-03-30 22:03:29,415 - checks.obstacle.object_processor_base - INFO -     * relevant_lanes (['ego', 'left', 'right']): 9
2026-03-30 22:03:29,415 - checks.obstacle.object_processor_base - INFO -     * distance_threshold_m (100m): 11
2026-03-30 22:03:29,415 - checks.obstacle.object_processor_base - INFO -   - Occlusion filtered: 0
2026-03-30 22:03:29,415 - checks.obstacle.object_processor_base - INFO -   - Processed: 0
2026-03-30 22:03:29,415 - checks.obstacle.object_processor_base - INFO -   - Filtering rates: 62.5% importance, 0.0% occlusion
2026-03-30 22:03:29,433 - checks.obstacle.object_processor_base - INFO - Frame 78: hallucinations {'bicycle': 0, 'motorcycle': 0, 'pedestrian': 1, 'vehicle': 2}
2026-03-30 22:03:29,537 - checks.obstacle.object_processor_base - INFO - Processing frame video_idx=27 -> mapped_idx=81 / 87 (objects: 40)
2026-03-30 22:03:29,537 - checks.obstacle.object_processor_base - INFO - Frame video_idx=27 mapped_idx=81: ego position in world =(-4.2, -12.3, 1.1)
2026-03-30 22:03:29,537 - checks.obstacle.object_processor_base - INFO - Frame video_idx=27 mapped_idx=81: camera RPY=(85.8, 44.6, 0.9)
2026-03-30 22:04:07,739 - checks.obstacle.object_processor_base - INFO - Frame 81 class=motorcycle filtering summary:
2026-03-30 22:04:07,739 - checks.obstacle.object_processor_base - INFO -   - Total objects: 8
2026-03-30 22:04:07,739 - checks.obstacle.object_processor_base - INFO -   - Importance filtered: 5
2026-03-30 22:04:07,739 - checks.obstacle.object_processor_base - INFO -     * relevant_lanes (['ego', 'left', 'right']): 3
2026-03-30 22:04:07,739 - checks.obstacle.object_processor_base - INFO -     * distance_threshold_m (100m): 2
2026-03-30 22:04:07,739 - checks.obstacle.object_processor_base - INFO -   - Occlusion filtered: 0
2026-03-30 22:04:07,739 - checks.obstacle.object_processor_base - INFO -   - Processed: 0
2026-03-30 22:04:07,739 - checks.obstacle.object_processor_base - INFO -   - Filtering rates: 62.5% importance, 0.0% occlusion
2026-03-30 22:04:07,743 - checks.obstacle.object_processor_base - INFO - Frame 81 class=vehicle filtering summary:
2026-03-30 22:04:07,743 - checks.obstacle.object_processor_base - INFO -   - Total objects: 32
2026-03-30 22:04:07,743 - checks.obstacle.object_processor_base - INFO -   - Importance filtered: 20
2026-03-30 22:04:07,743 - checks.obstacle.object_processor_base - INFO -     * relevant_lanes (['ego', 'left', 'right']): 9
2026-03-30 22:04:07,743 - checks.obstacle.object_processor_base - INFO -     * distance_threshold_m (100m): 11
2026-03-30 22:04:07,743 - checks.obstacle.object_processor_base - INFO -   - Occlusion filtered: 0
2026-03-30 22:04:07,743 - checks.obstacle.object_processor_base - INFO -   - Processed: 0
2026-03-30 22:04:07,743 - checks.obstacle.object_processor_base - INFO -   - Filtering rates: 62.5% importance, 0.0% occlusion
2026-03-30 22:04:07,761 - checks.obstacle.object_processor_base - INFO - Frame 81: hallucinations {'bicycle': 0, 'motorcycle': 0, 'pedestrian': 1, 'vehicle': 2}
2026-03-30 22:04:07,866 - checks.obstacle.object_processor_base - INFO - Processing frame video_idx=28 -> mapped_idx=84 / 87 (objects: 40)
2026-03-30 22:04:07,866 - checks.obstacle.object_processor_base - INFO - Frame video_idx=28 mapped_idx=84: ego position in world =(-4.3, -12.6, 1.1)
2026-03-30 22:04:07,866 - checks.obstacle.object_processor_base - INFO - Frame video_idx=28 mapped_idx=84: camera RPY=(85.8, 44.6, 0.9)
2026-03-30 22:04:47,098 - checks.obstacle.object_processor_base - INFO - Frame 84 class=motorcycle filtering summary:
2026-03-30 22:04:47,098 - checks.obstacle.object_processor_base - INFO -   - Total objects: 8
2026-03-30 22:04:47,098 - checks.obstacle.object_processor_base - INFO -   - Importance filtered: 5
2026-03-30 22:04:47,098 - checks.obstacle.object_processor_base - INFO -     * distance_threshold_m (100m): 2
2026-03-30 22:04:47,098 - checks.obstacle.object_processor_base - INFO -     * relevant_lanes (['ego', 'left', 'right']): 3
2026-03-30 22:04:47,098 - checks.obstacle.object_processor_base - INFO -   - Occlusion filtered: 0
2026-03-30 22:04:47,098 - checks.obstacle.object_processor_base - INFO -   - Processed: 0
2026-03-30 22:04:47,098 - checks.obstacle.object_processor_base - INFO -   - Filtering rates: 62.5% importance, 0.0% occlusion
2026-03-30 22:04:47,103 - checks.obstacle.object_processor_base - INFO - Frame 84 class=vehicle filtering summary:
2026-03-30 22:04:47,103 - checks.obstacle.object_processor_base - INFO -   - Total objects: 32
2026-03-30 22:04:47,103 - checks.obstacle.object_processor_base - INFO -   - Importance filtered: 20
2026-03-30 22:04:47,103 - checks.obstacle.object_processor_base - INFO -     * relevant_lanes (['ego', 'left', 'right']): 9
2026-03-30 22:04:47,103 - checks.obstacle.object_processor_base - INFO -     * distance_threshold_m (100m): 11
2026-03-30 22:04:47,103 - checks.obstacle.object_processor_base - INFO -   - Occlusion filtered: 0
2026-03-30 22:04:47,103 - checks.obstacle.object_processor_base - INFO -   - Processed: 0
2026-03-30 22:04:47,103 - checks.obstacle.object_processor_base - INFO -   - Filtering rates: 62.5% importance, 0.0% occlusion
2026-03-30 22:04:47,121 - checks.obstacle.object_processor_base - INFO - Frame 84: hallucinations {'bicycle': 0, 'motorcycle': 0, 'pedestrian': 1, 'vehicle': 2}
2026-03-30 22:04:47,218 - checks.obstacle.object_processor_base - INFO - Frame processing complete:
2026-03-30 22:04:47,219 - checks.obstacle.object_processor_base - INFO -   - Total video frames: 29
2026-03-30 22:04:47,220 - checks.obstacle.object_processor_base - INFO -   - Frames with object data: 29
2026-03-30 22:04:47,222 - checks.obstacle.object_processor_base - INFO -   - Frames skipped (no objects): 0
2026-03-30 22:04:47,222 - checks.obstacle.object_processor_base - INFO -   - Processing rate: 29/29 (100.0%)
2026-03-30 22:04:47,222 - checks.obstacle.object_processor_base - INFO - Filter configuration:
2026-03-30 22:04:47,222 - checks.obstacle.object_processor_base - INFO -   - Importance filter: distance_threshold=100m, oncoming_obstacles=False, relevant_lanes=['ego', 'left', 'right']
2026-03-30 22:04:47,721 - checks.obstacle.object_processor_base - INFO - ============================================================
2026-03-30 22:04:47,721 - checks.obstacle.object_processor_base - INFO - SCORE MATRIX SUMMARY
2026-03-30 22:04:47,721 - checks.obstacle.object_processor_base - INFO - ============================================================
2026-03-30 22:04:47,721 - checks.obstacle.object_processor_base - INFO - Matrix shape: 29 frames × 40 track IDs
2026-03-30 22:04:47,721 - checks.obstacle.object_processor_base - INFO - Unique track IDs: 40
2026-03-30 22:04:47,721 - checks.obstacle.object_processor_base - INFO - Tracks with valid scores: 0
2026-03-30 22:04:47,721 - checks.obstacle.object_processor_base - INFO - Frames with valid scores: 0
2026-03-30 22:04:47,721 - checks.obstacle.object_processor_base - INFO - Valid scores: 0
2026-03-30 22:04:47,721 - checks.obstacle.object_processor_base - INFO - NaN entries: 1160 (100.0%)
2026-03-30 22:04:47,721 - checks.obstacle.object_processor_base - INFO - 
Compact Matrix (first 10 frames × first 10 track IDs):
2026-03-30 22:04:47,721 - checks.obstacle.object_processor_base - INFO - Frame\TrackID    0    1    2    3    4    5    6    7    8    9
2026-03-30 22:04:47,721 - checks.obstacle.object_processor_base - INFO -    0  ---  ---  ---  ---  ---  ---  ---  ---  ---  ---
2026-03-30 22:04:47,721 - checks.obstacle.object_processor_base - INFO -    1  ---  ---  ---  ---  ---  ---  ---  ---  ---  ---
2026-03-30 22:04:47,721 - checks.obstacle.object_processor_base - INFO -    2  ---  ---  ---  ---  ---  ---  ---  ---  ---  ---
2026-03-30 22:04:47,721 - checks.obstacle.object_processor_base - INFO -    3  ---  ---  ---  ---  ---  ---  ---  ---  ---  ---
2026-03-30 22:04:47,721 - checks.obstacle.object_processor_base - INFO -    4  ---  ---  ---  ---  ---  ---  ---  ---  ---  ---
2026-03-30 22:04:47,721 - checks.obstacle.object_processor_base - INFO -    5  ---  ---  ---  ---  ---  ---  ---  ---  ---  ---
2026-03-30 22:04:47,721 - checks.obstacle.object_processor_base - INFO -    6  ---  ---  ---  ---  ---  ---  ---  ---  ---  ---
2026-03-30 22:04:47,721 - checks.obstacle.object_processor_base - INFO -    7  ---  ---  ---  ---  ---  ---  ---  ---  ---  ---
2026-03-30 22:04:47,721 - checks.obstacle.object_processor_base - INFO -    8  ---  ---  ---  ---  ---  ---  ---  ---  ---  ---
2026-03-30 22:04:47,721 - checks.obstacle.object_processor_base - INFO -    9  ---  ---  ---  ---  ---  ---  ---  ---  ---  ---
2026-03-30 22:04:47,722 - checks.obstacle.object_processor_base - INFO - ============================================================
2026-03-30 22:04:47,722 - checks.obstacle.object_processor_base - INFO - Results saved to: /home/adamlin/cosmos-evaluator/output_dir/253b88c7-bfe3-4ec5-8978-84396cbf81d2_1774063994755.dynamic.object.results.json
2026-03-30 22:04:47,722 - checks.obstacle.object_processor_base - INFO - ============================================================
2026-03-30 22:04:47,722 - checks.obstacle.object_processor_base - INFO - PERFORMANCE PROFILING SUMMARY
2026-03-30 22:04:47,722 - checks.obstacle.object_processor_base - INFO - ============================================================
2026-03-30 22:04:47,722 - checks.obstacle.object_processor_base - INFO - scene_rasterization:
2026-03-30 22:04:47,722 - checks.obstacle.object_processor_base - INFO -   Total: 1118.095s (98.8%)
2026-03-30 22:04:47,722 - checks.obstacle.object_processor_base - INFO -   Average: 38.555s
2026-03-30 22:04:47,722 - checks.obstacle.object_processor_base - INFO -   Count: 29
2026-03-30 22:04:47,722 - checks.obstacle.object_processor_base - INFO -   Range: 37.233s - 50.059s
2026-03-30 22:04:47,722 - checks.obstacle.object_processor_base - INFO - segmentation:
2026-03-30 22:04:47,722 - checks.obstacle.object_processor_base - INFO -   Total: 10.200s (0.9%)
2026-03-30 22:04:47,723 - checks.obstacle.object_processor_base - INFO -   Average: 0.352s
2026-03-30 22:04:47,723 - checks.obstacle.object_processor_base - INFO -   Count: 29
2026-03-30 22:04:47,723 - checks.obstacle.object_processor_base - INFO -   Range: 0.234s - 0.799s
2026-03-30 22:04:47,723 - checks.obstacle.object_processor_base - INFO - visualization:
2026-03-30 22:04:47,723 - checks.obstacle.object_processor_base - INFO -   Total: 1.960s (0.2%)
2026-03-30 22:04:47,723 - checks.obstacle.object_processor_base - INFO -   Average: 0.068s
2026-03-30 22:04:47,723 - checks.obstacle.object_processor_base - INFO -   Count: 29
2026-03-30 22:04:47,723 - checks.obstacle.object_processor_base - INFO -   Range: 0.050s - 0.104s
2026-03-30 22:04:47,723 - checks.obstacle.object_processor_base - INFO - data_loader_init:
2026-03-30 22:04:47,723 - checks.obstacle.object_processor_base - INFO -   Total: 0.604s (0.1%)
2026-03-30 22:04:47,723 - checks.obstacle.object_processor_base - INFO -   Average: 0.604s
2026-03-30 22:04:47,723 - checks.obstacle.object_processor_base - INFO -   Count: 1
2026-03-30 22:04:47,723 - checks.obstacle.object_processor_base - INFO -   Range: 0.604s - 0.604s
2026-03-30 22:04:47,723 - checks.obstacle.object_processor_base - INFO - hallucination_detection:
2026-03-30 22:04:47,723 - checks.obstacle.object_processor_base - INFO -   Total: 0.546s (0.0%)
2026-03-30 22:04:47,723 - checks.obstacle.object_processor_base - INFO -   Average: 0.019s
2026-03-30 22:04:47,723 - checks.obstacle.object_processor_base - INFO -   Count: 29
2026-03-30 22:04:47,723 - checks.obstacle.object_processor_base - INFO -   Range: 0.017s - 0.020s
2026-03-30 22:04:47,723 - checks.obstacle.object_processor_base - INFO - 
Total processing time: 1132.196s
2026-03-30 22:04:47,723 - checks.obstacle.object_processor_base - INFO - ============================================================
2026-03-30 22:04:47,723 - checks.obstacle.object_processor_base - INFO - Processing complete. Mean correspondence score: nan
