2026-03-30 20:17:01,617 - checks.obstacle.object_processor_base - INFO - Logging to file: /home/adamlin/cosmos-evaluator/output_dir/253b88c7-bfe3-4ec5-8978-84396cbf81d2_1774063994755.dynamic.object.log
2026-03-30 20:17:04,369 - checks.obstacle.object_processor_base - INFO - Hallucination detector enabled
2026-03-30 20:17:04,369 - checks.obstacle.object_processor_base - INFO - Loading data for clip 253b88c7-bfe3-4ec5-8978-84396cbf81d2_1774063994755
2026-03-30 20:17:05,033 - checks.obstacle.object_processor_base - INFO - Loaded 88 ego-reference poses from 'front_center' for importance filtering (evaluation camera: 'front_left')
2026-03-30 20:17:05,092 - checks.obstacle.object_processor_base - INFO - Original video frames: 29
2026-03-30 20:17:05,092 - checks.obstacle.object_processor_base - INFO - Video FPS: 10.0
2026-03-30 20:17:05,092 - checks.obstacle.object_processor_base - INFO - Frame skip: 1
2026-03-30 20:17:05,092 - checks.obstacle.object_processor_base - INFO - Target (object/pose) FPS: 30.0
2026-03-30 20:17:05,564 - checks.obstacle.object_processor_base - INFO - Starting frame processing
2026-03-30 20:17:05,565 - checks.obstacle.object_processor_base - INFO - Video dataloader length: 29
2026-03-30 20:17:05,565 - checks.obstacle.object_processor_base - INFO - Camera poses available: 88
2026-03-30 20:17:05,625 - checks.obstacle.object_processor_base - INFO - Processing frame video_idx=0 -> mapped_idx=0 / 87 (objects: 40)
2026-03-30 20:17:05,625 - checks.obstacle.object_processor_base - INFO - Frame video_idx=0 mapped_idx=0: ego position in world =(0.6, 0.1, 1.7)
2026-03-30 20:17:05,625 - checks.obstacle.object_processor_base - INFO - Frame video_idx=0 mapped_idx=0: camera RPY=(-85.0, -45.6, 172.4)
2026-03-30 20:17:46,809 - checks.obstacle.object_processor_base - INFO - Frame 0 class=motorcycle filtering summary:
2026-03-30 20:17:46,809 - checks.obstacle.object_processor_base - INFO -   - Total objects: 8
2026-03-30 20:17:46,809 - checks.obstacle.object_processor_base - INFO -   - Importance filtered: 5
2026-03-30 20:17:46,809 - checks.obstacle.object_processor_base - INFO -     * relevant_lanes (['ego', 'left', 'right']): 3
2026-03-30 20:17:46,809 - checks.obstacle.object_processor_base - INFO -     * distance_threshold_m (100m): 2
2026-03-30 20:17:46,809 - checks.obstacle.object_processor_base - INFO -   - Occlusion filtered: 0
2026-03-30 20:17:46,809 - checks.obstacle.object_processor_base - INFO -   - Processed: 0
2026-03-30 20:17:46,809 - checks.obstacle.object_processor_base - INFO -   - Filtering rates: 62.5% importance, 0.0% occlusion
2026-03-30 20:17:46,814 - checks.obstacle.object_processor_base - INFO - Frame 0 class=vehicle filtering summary:
2026-03-30 20:17:46,814 - checks.obstacle.object_processor_base - INFO -   - Total objects: 32
2026-03-30 20:17:46,814 - checks.obstacle.object_processor_base - INFO -   - Importance filtered: 20
2026-03-30 20:17:46,814 - checks.obstacle.object_processor_base - INFO -     * relevant_lanes (['ego', 'left', 'right']): 9
2026-03-30 20:17:46,814 - checks.obstacle.object_processor_base - INFO -     * distance_threshold_m (100m): 11
2026-03-30 20:17:46,814 - checks.obstacle.object_processor_base - INFO -   - Occlusion filtered: 0
2026-03-30 20:17:46,814 - checks.obstacle.object_processor_base - INFO -   - Processed: 1
2026-03-30 20:17:46,814 - checks.obstacle.object_processor_base - INFO -   - Filtering rates: 62.5% importance, 0.0% occlusion
2026-03-30 20:17:46,832 - checks.obstacle.object_processor_base - INFO - Frame 0: hallucinations {'bicycle': 0, 'motorcycle': 0, 'pedestrian': 0, 'vehicle': 0}
2026-03-30 20:17:46,987 - checks.obstacle.object_processor_base - INFO - Processing frame video_idx=1 -> mapped_idx=3 / 87 (objects: 40)
2026-03-30 20:17:46,987 - checks.obstacle.object_processor_base - INFO - Frame video_idx=1 mapped_idx=3: ego position in world =(0.4, -0.6, 1.7)
2026-03-30 20:17:46,987 - checks.obstacle.object_processor_base - INFO - Frame video_idx=1 mapped_idx=3: camera RPY=(-85.0, -45.6, 172.4)
2026-03-30 20:18:15,814 - checks.obstacle.object_processor_base - INFO - Frame 3 class=motorcycle filtering summary:
2026-03-30 20:18:15,814 - checks.obstacle.object_processor_base - INFO -   - Total objects: 8
2026-03-30 20:18:15,814 - checks.obstacle.object_processor_base - INFO -   - Importance filtered: 5
2026-03-30 20:18:15,814 - checks.obstacle.object_processor_base - INFO -     * relevant_lanes (['ego', 'left', 'right']): 3
2026-03-30 20:18:15,814 - checks.obstacle.object_processor_base - INFO -     * distance_threshold_m (100m): 2
2026-03-30 20:18:15,814 - checks.obstacle.object_processor_base - INFO -   - Occlusion filtered: 0
2026-03-30 20:18:15,814 - checks.obstacle.object_processor_base - INFO -   - Processed: 0
2026-03-30 20:18:15,814 - checks.obstacle.object_processor_base - INFO -   - Filtering rates: 62.5% importance, 0.0% occlusion
2026-03-30 20:18:15,819 - checks.obstacle.object_processor_base - INFO - Frame 3 class=vehicle filtering summary:
2026-03-30 20:18:15,819 - checks.obstacle.object_processor_base - INFO -   - Total objects: 32
2026-03-30 20:18:15,819 - checks.obstacle.object_processor_base - INFO -   - Importance filtered: 20
2026-03-30 20:18:15,819 - checks.obstacle.object_processor_base - INFO -     * relevant_lanes (['ego', 'left', 'right']): 9
2026-03-30 20:18:15,819 - checks.obstacle.object_processor_base - INFO -     * distance_threshold_m (100m): 11
2026-03-30 20:18:15,819 - checks.obstacle.object_processor_base - INFO -   - Occlusion filtered: 0
2026-03-30 20:18:15,819 - checks.obstacle.object_processor_base - INFO -   - Processed: 1
2026-03-30 20:18:15,819 - checks.obstacle.object_processor_base - INFO -   - Filtering rates: 62.5% importance, 0.0% occlusion
2026-03-30 20:18:15,837 - checks.obstacle.object_processor_base - INFO - Frame 3: hallucinations {'bicycle': 0, 'motorcycle': 0, 'pedestrian': 0, 'vehicle': 0}
2026-03-30 20:18:15,926 - checks.obstacle.object_processor_base - INFO - Processing frame video_idx=2 -> mapped_idx=6 / 87 (objects: 40)
2026-03-30 20:18:15,926 - checks.obstacle.object_processor_base - INFO - Frame video_idx=2 mapped_idx=6: ego position in world =(0.3, -1.3, 1.7)
2026-03-30 20:18:15,926 - checks.obstacle.object_processor_base - INFO - Frame video_idx=2 mapped_idx=6: camera RPY=(-85.0, -45.6, 172.4)
2026-03-30 20:18:45,530 - checks.obstacle.object_processor_base - INFO - Frame 6 class=motorcycle filtering summary:
2026-03-30 20:18:45,530 - checks.obstacle.object_processor_base - INFO -   - Total objects: 8
2026-03-30 20:18:45,530 - checks.obstacle.object_processor_base - INFO -   - Importance filtered: 5
2026-03-30 20:18:45,530 - checks.obstacle.object_processor_base - INFO -     * relevant_lanes (['ego', 'left', 'right']): 3
2026-03-30 20:18:45,530 - checks.obstacle.object_processor_base - INFO -     * distance_threshold_m (100m): 2
2026-03-30 20:18:45,530 - checks.obstacle.object_processor_base - INFO -   - Occlusion filtered: 0
2026-03-30 20:18:45,530 - checks.obstacle.object_processor_base - INFO -   - Processed: 0
2026-03-30 20:18:45,530 - checks.obstacle.object_processor_base - INFO -   - Filtering rates: 62.5% importance, 0.0% occlusion
2026-03-30 20:18:45,535 - checks.obstacle.object_processor_base - INFO - Frame 6 class=vehicle filtering summary:
2026-03-30 20:18:45,535 - checks.obstacle.object_processor_base - INFO -   - Total objects: 32
2026-03-30 20:18:45,535 - checks.obstacle.object_processor_base - INFO -   - Importance filtered: 20
2026-03-30 20:18:45,535 - checks.obstacle.object_processor_base - INFO -     * relevant_lanes (['ego', 'left', 'right']): 9
2026-03-30 20:18:45,535 - checks.obstacle.object_processor_base - INFO -     * distance_threshold_m (100m): 11
2026-03-30 20:18:45,535 - checks.obstacle.object_processor_base - INFO -   - Occlusion filtered: 0
2026-03-30 20:18:45,535 - checks.obstacle.object_processor_base - INFO -   - Processed: 1
2026-03-30 20:18:45,535 - checks.obstacle.object_processor_base - INFO -   - Filtering rates: 62.5% importance, 0.0% occlusion
2026-03-30 20:18:45,552 - checks.obstacle.object_processor_base - INFO - Frame 6: hallucinations {'bicycle': 0, 'motorcycle': 0, 'pedestrian': 0, 'vehicle': 0}
2026-03-30 20:18:45,638 - checks.obstacle.object_processor_base - INFO - Processing frame video_idx=3 -> mapped_idx=9 / 87 (objects: 40)
2026-03-30 20:18:45,638 - checks.obstacle.object_processor_base - INFO - Frame video_idx=3 mapped_idx=9: ego position in world =(0.1, -2.0, 1.7)
2026-03-30 20:18:45,639 - checks.obstacle.object_processor_base - INFO - Frame video_idx=3 mapped_idx=9: camera RPY=(-85.0, -45.6, 172.4)
2026-03-30 20:19:14,387 - checks.obstacle.object_processor_base - INFO - Frame 9 class=motorcycle filtering summary:
2026-03-30 20:19:14,387 - checks.obstacle.object_processor_base - INFO -   - Total objects: 8
2026-03-30 20:19:14,387 - checks.obstacle.object_processor_base - INFO -   - Importance filtered: 5
2026-03-30 20:19:14,387 - checks.obstacle.object_processor_base - INFO -     * relevant_lanes (['ego', 'left', 'right']): 3
2026-03-30 20:19:14,387 - checks.obstacle.object_processor_base - INFO -     * distance_threshold_m (100m): 2
2026-03-30 20:19:14,387 - checks.obstacle.object_processor_base - INFO -   - Occlusion filtered: 0
2026-03-30 20:19:14,387 - checks.obstacle.object_processor_base - INFO -   - Processed: 0
2026-03-30 20:19:14,387 - checks.obstacle.object_processor_base - INFO -   - Filtering rates: 62.5% importance, 0.0% occlusion
2026-03-30 20:19:14,392 - checks.obstacle.object_processor_base - INFO - Frame 9 class=vehicle filtering summary:
2026-03-30 20:19:14,392 - checks.obstacle.object_processor_base - INFO -   - Total objects: 32
2026-03-30 20:19:14,392 - checks.obstacle.object_processor_base - INFO -   - Importance filtered: 20
2026-03-30 20:19:14,392 - checks.obstacle.object_processor_base - INFO -     * relevant_lanes (['ego', 'left', 'right']): 9
2026-03-30 20:19:14,392 - checks.obstacle.object_processor_base - INFO -     * distance_threshold_m (100m): 11
2026-03-30 20:19:14,392 - checks.obstacle.object_processor_base - INFO -   - Occlusion filtered: 0
2026-03-30 20:19:14,392 - checks.obstacle.object_processor_base - INFO -   - Processed: 1
2026-03-30 20:19:14,392 - checks.obstacle.object_processor_base - INFO -   - Filtering rates: 62.5% importance, 0.0% occlusion
2026-03-30 20:19:14,411 - checks.obstacle.object_processor_base - INFO - Frame 9: hallucinations {'bicycle': 0, 'motorcycle': 0, 'pedestrian': 0, 'vehicle': 0}
2026-03-30 20:19:14,518 - checks.obstacle.object_processor_base - INFO - Processing frame video_idx=4 -> mapped_idx=12 / 87 (objects: 40)
2026-03-30 20:19:14,518 - checks.obstacle.object_processor_base - INFO - Frame video_idx=4 mapped_idx=12: ego position in world =(-0.1, -2.7, 1.7)
2026-03-30 20:19:14,518 - checks.obstacle.object_processor_base - INFO - Frame video_idx=4 mapped_idx=12: camera RPY=(-85.1, -45.7, 172.5)
2026-03-30 20:19:43,886 - checks.obstacle.object_processor_base - INFO - Frame 12 class=motorcycle filtering summary:
2026-03-30 20:19:43,886 - checks.obstacle.object_processor_base - INFO -   - Total objects: 8
2026-03-30 20:19:43,886 - checks.obstacle.object_processor_base - INFO -   - Importance filtered: 5
2026-03-30 20:19:43,886 - checks.obstacle.object_processor_base - INFO -     * distance_threshold_m (100m): 2
2026-03-30 20:19:43,886 - checks.obstacle.object_processor_base - INFO -     * relevant_lanes (['ego', 'left', 'right']): 3
2026-03-30 20:19:43,886 - checks.obstacle.object_processor_base - INFO -   - Occlusion filtered: 0
2026-03-30 20:19:43,886 - checks.obstacle.object_processor_base - INFO -   - Processed: 0
2026-03-30 20:19:43,886 - checks.obstacle.object_processor_base - INFO -   - Filtering rates: 62.5% importance, 0.0% occlusion
2026-03-30 20:19:43,890 - checks.obstacle.object_processor_base - INFO - Frame 12 class=vehicle filtering summary:
2026-03-30 20:19:43,890 - checks.obstacle.object_processor_base - INFO -   - Total objects: 32
2026-03-30 20:19:43,890 - checks.obstacle.object_processor_base - INFO -   - Importance filtered: 20
2026-03-30 20:19:43,890 - checks.obstacle.object_processor_base - INFO -     * distance_threshold_m (100m): 11
2026-03-30 20:19:43,890 - checks.obstacle.object_processor_base - INFO -     * relevant_lanes (['ego', 'left', 'right']): 9
2026-03-30 20:19:43,890 - checks.obstacle.object_processor_base - INFO -   - Occlusion filtered: 0
2026-03-30 20:19:43,890 - checks.obstacle.object_processor_base - INFO -   - Processed: 1
2026-03-30 20:19:43,890 - checks.obstacle.object_processor_base - INFO -   - Filtering rates: 62.5% importance, 0.0% occlusion
2026-03-30 20:19:43,909 - checks.obstacle.object_processor_base - INFO - Frame 12: hallucinations {'bicycle': 0, 'motorcycle': 0, 'pedestrian': 0, 'vehicle': 0}
2026-03-30 20:19:44,015 - checks.obstacle.object_processor_base - INFO - Processing frame video_idx=5 -> mapped_idx=15 / 87 (objects: 40)
2026-03-30 20:19:44,015 - checks.obstacle.object_processor_base - INFO - Frame video_idx=5 mapped_idx=15: ego position in world =(-0.3, -3.3, 1.7)
2026-03-30 20:19:44,015 - checks.obstacle.object_processor_base - INFO - Frame video_idx=5 mapped_idx=15: camera RPY=(-85.1, -45.7, 172.6)
2026-03-30 20:20:13,443 - checks.obstacle.object_processor_base - INFO - Frame 15 class=motorcycle filtering summary:
2026-03-30 20:20:13,443 - checks.obstacle.object_processor_base - INFO -   - Total objects: 8
2026-03-30 20:20:13,443 - checks.obstacle.object_processor_base - INFO -   - Importance filtered: 5
2026-03-30 20:20:13,443 - checks.obstacle.object_processor_base - INFO -     * relevant_lanes (['ego', 'left', 'right']): 3
2026-03-30 20:20:13,443 - checks.obstacle.object_processor_base - INFO -     * distance_threshold_m (100m): 2
2026-03-30 20:20:13,443 - checks.obstacle.object_processor_base - INFO -   - Occlusion filtered: 0
2026-03-30 20:20:13,443 - checks.obstacle.object_processor_base - INFO -   - Processed: 0
2026-03-30 20:20:13,443 - checks.obstacle.object_processor_base - INFO -   - Filtering rates: 62.5% importance, 0.0% occlusion
2026-03-30 20:20:13,448 - checks.obstacle.object_processor_base - INFO - Frame 15 class=vehicle filtering summary:
2026-03-30 20:20:13,448 - checks.obstacle.object_processor_base - INFO -   - Total objects: 32
2026-03-30 20:20:13,448 - checks.obstacle.object_processor_base - INFO -   - Importance filtered: 20
2026-03-30 20:20:13,448 - checks.obstacle.object_processor_base - INFO -     * relevant_lanes (['ego', 'left', 'right']): 9
2026-03-30 20:20:13,448 - checks.obstacle.object_processor_base - INFO -     * distance_threshold_m (100m): 11
2026-03-30 20:20:13,448 - checks.obstacle.object_processor_base - INFO -   - Occlusion filtered: 0
2026-03-30 20:20:13,448 - checks.obstacle.object_processor_base - INFO -   - Processed: 1
2026-03-30 20:20:13,448 - checks.obstacle.object_processor_base - INFO -   - Filtering rates: 62.5% importance, 0.0% occlusion
2026-03-30 20:20:13,467 - checks.obstacle.object_processor_base - INFO - Frame 15: hallucinations {'bicycle': 0, 'motorcycle': 0, 'pedestrian': 0, 'vehicle': 0}
2026-03-30 20:20:13,579 - checks.obstacle.object_processor_base - INFO - Processing frame video_idx=6 -> mapped_idx=18 / 87 (objects: 40)
2026-03-30 20:20:13,579 - checks.obstacle.object_processor_base - INFO - Frame video_idx=6 mapped_idx=18: ego position in world =(-0.4, -3.9, 1.7)
2026-03-30 20:20:13,579 - checks.obstacle.object_processor_base - INFO - Frame video_idx=6 mapped_idx=18: camera RPY=(-85.2, -45.7, 172.7)
2026-03-30 20:20:42,812 - checks.obstacle.object_processor_base - INFO - Frame 18 class=motorcycle filtering summary:
2026-03-30 20:20:42,812 - checks.obstacle.object_processor_base - INFO -   - Total objects: 8
2026-03-30 20:20:42,812 - checks.obstacle.object_processor_base - INFO -   - Importance filtered: 5
2026-03-30 20:20:42,812 - checks.obstacle.object_processor_base - INFO -     * distance_threshold_m (100m): 2
2026-03-30 20:20:42,812 - checks.obstacle.object_processor_base - INFO -     * relevant_lanes (['ego', 'left', 'right']): 3
2026-03-30 20:20:42,812 - checks.obstacle.object_processor_base - INFO -   - Occlusion filtered: 0
2026-03-30 20:20:42,812 - checks.obstacle.object_processor_base - INFO -   - Processed: 0
2026-03-30 20:20:42,812 - checks.obstacle.object_processor_base - INFO -   - Filtering rates: 62.5% importance, 0.0% occlusion
2026-03-30 20:20:42,816 - checks.obstacle.object_processor_base - INFO - Frame 18 class=vehicle filtering summary:
2026-03-30 20:20:42,816 - checks.obstacle.object_processor_base - INFO -   - Total objects: 32
2026-03-30 20:20:42,816 - checks.obstacle.object_processor_base - INFO -   - Importance filtered: 20
2026-03-30 20:20:42,816 - checks.obstacle.object_processor_base - INFO -     * relevant_lanes (['ego', 'left', 'right']): 9
2026-03-30 20:20:42,816 - checks.obstacle.object_processor_base - INFO -     * distance_threshold_m (100m): 11
2026-03-30 20:20:42,816 - checks.obstacle.object_processor_base - INFO -   - Occlusion filtered: 0
2026-03-30 20:20:42,816 - checks.obstacle.object_processor_base - INFO -   - Processed: 1
2026-03-30 20:20:42,816 - checks.obstacle.object_processor_base - INFO -   - Filtering rates: 62.5% importance, 0.0% occlusion
2026-03-30 20:20:42,835 - checks.obstacle.object_processor_base - INFO - Frame 18: hallucinations {'bicycle': 0, 'motorcycle': 0, 'pedestrian': 0, 'vehicle': 0}
2026-03-30 20:20:42,925 - checks.obstacle.object_processor_base - INFO - Processing frame video_idx=7 -> mapped_idx=21 / 87 (objects: 40)
2026-03-30 20:20:42,926 - checks.obstacle.object_processor_base - INFO - Frame video_idx=7 mapped_idx=21: ego position in world =(-0.6, -4.5, 1.7)
2026-03-30 20:20:42,926 - checks.obstacle.object_processor_base - INFO - Frame video_idx=7 mapped_idx=21: camera RPY=(-85.1, -45.7, 172.8)
2026-03-30 20:21:11,350 - checks.obstacle.object_processor_base - INFO - Frame 21 class=motorcycle filtering summary:
2026-03-30 20:21:11,350 - checks.obstacle.object_processor_base - INFO -   - Total objects: 8
2026-03-30 20:21:11,350 - checks.obstacle.object_processor_base - INFO -   - Importance filtered: 5
2026-03-30 20:21:11,350 - checks.obstacle.object_processor_base - INFO -     * relevant_lanes (['ego', 'left', 'right']): 3
2026-03-30 20:21:11,350 - checks.obstacle.object_processor_base - INFO -     * distance_threshold_m (100m): 2
2026-03-30 20:21:11,350 - checks.obstacle.object_processor_base - INFO -   - Occlusion filtered: 0
2026-03-30 20:21:11,350 - checks.obstacle.object_processor_base - INFO -   - Processed: 0
2026-03-30 20:21:11,350 - checks.obstacle.object_processor_base - INFO -   - Filtering rates: 62.5% importance, 0.0% occlusion
2026-03-30 20:21:11,355 - checks.obstacle.object_processor_base - INFO - Frame 21 class=vehicle filtering summary:
2026-03-30 20:21:11,355 - checks.obstacle.object_processor_base - INFO -   - Total objects: 32
2026-03-30 20:21:11,355 - checks.obstacle.object_processor_base - INFO -   - Importance filtered: 20
2026-03-30 20:21:11,355 - checks.obstacle.object_processor_base - INFO -     * relevant_lanes (['ego', 'left', 'right']): 9
2026-03-30 20:21:11,355 - checks.obstacle.object_processor_base - INFO -     * distance_threshold_m (100m): 11
2026-03-30 20:21:11,355 - checks.obstacle.object_processor_base - INFO -   - Occlusion filtered: 0
2026-03-30 20:21:11,355 - checks.obstacle.object_processor_base - INFO -   - Processed: 1
2026-03-30 20:21:11,355 - checks.obstacle.object_processor_base - INFO -   - Filtering rates: 62.5% importance, 0.0% occlusion
2026-03-30 20:21:11,375 - checks.obstacle.object_processor_base - INFO - Frame 21: hallucinations {'bicycle': 0, 'motorcycle': 0, 'pedestrian': 0, 'vehicle': 0}
2026-03-30 20:21:11,467 - checks.obstacle.object_processor_base - INFO - Processing frame video_idx=8 -> mapped_idx=24 / 87 (objects: 40)
2026-03-30 20:21:11,467 - checks.obstacle.object_processor_base - INFO - Frame video_idx=8 mapped_idx=24: ego position in world =(-0.7, -5.0, 1.7)
2026-03-30 20:21:11,467 - checks.obstacle.object_processor_base - INFO - Frame video_idx=8 mapped_idx=24: camera RPY=(-85.2, -45.7, 172.8)
2026-03-30 20:21:40,100 - checks.obstacle.object_processor_base - INFO - Frame 24 class=motorcycle filtering summary:
2026-03-30 20:21:40,100 - checks.obstacle.object_processor_base - INFO -   - Total objects: 8
2026-03-30 20:21:40,100 - checks.obstacle.object_processor_base - INFO -   - Importance filtered: 5
2026-03-30 20:21:40,100 - checks.obstacle.object_processor_base - INFO -     * distance_threshold_m (100m): 2
2026-03-30 20:21:40,100 - checks.obstacle.object_processor_base - INFO -     * relevant_lanes (['ego', 'left', 'right']): 3
2026-03-30 20:21:40,100 - checks.obstacle.object_processor_base - INFO -   - Occlusion filtered: 0
2026-03-30 20:21:40,100 - checks.obstacle.object_processor_base - INFO -   - Processed: 0
2026-03-30 20:21:40,100 - checks.obstacle.object_processor_base - INFO -   - Filtering rates: 62.5% importance, 0.0% occlusion
2026-03-30 20:21:40,105 - checks.obstacle.object_processor_base - INFO - Frame 24 class=vehicle filtering summary:
2026-03-30 20:21:40,105 - checks.obstacle.object_processor_base - INFO -   - Total objects: 32
2026-03-30 20:21:40,105 - checks.obstacle.object_processor_base - INFO -   - Importance filtered: 20
2026-03-30 20:21:40,105 - checks.obstacle.object_processor_base - INFO -     * relevant_lanes (['ego', 'left', 'right']): 9
2026-03-30 20:21:40,105 - checks.obstacle.object_processor_base - INFO -     * distance_threshold_m (100m): 11
2026-03-30 20:21:40,105 - checks.obstacle.object_processor_base - INFO -   - Occlusion filtered: 0
2026-03-30 20:21:40,105 - checks.obstacle.object_processor_base - INFO -   - Processed: 1
2026-03-30 20:21:40,105 - checks.obstacle.object_processor_base - INFO -   - Filtering rates: 62.5% importance, 0.0% occlusion
2026-03-30 20:21:40,124 - checks.obstacle.object_processor_base - INFO - Frame 24: hallucinations {'bicycle': 0, 'motorcycle': 0, 'pedestrian': 0, 'vehicle': 0}
2026-03-30 20:21:40,235 - checks.obstacle.object_processor_base - INFO - Processing frame video_idx=9 -> mapped_idx=27 / 87 (objects: 40)
2026-03-30 20:21:40,235 - checks.obstacle.object_processor_base - INFO - Frame video_idx=9 mapped_idx=27: ego position in world =(-0.8, -5.5, 1.7)
2026-03-30 20:21:40,235 - checks.obstacle.object_processor_base - INFO - Frame video_idx=9 mapped_idx=27: camera RPY=(-85.2, -45.7, 172.7)
2026-03-30 20:22:08,644 - checks.obstacle.object_processor_base - INFO - Frame 27 class=motorcycle filtering summary:
2026-03-30 20:22:08,644 - checks.obstacle.object_processor_base - INFO -   - Total objects: 8
2026-03-30 20:22:08,644 - checks.obstacle.object_processor_base - INFO -   - Importance filtered: 5
2026-03-30 20:22:08,644 - checks.obstacle.object_processor_base - INFO -     * relevant_lanes (['ego', 'left', 'right']): 3
2026-03-30 20:22:08,644 - checks.obstacle.object_processor_base - INFO -     * distance_threshold_m (100m): 2
2026-03-30 20:22:08,644 - checks.obstacle.object_processor_base - INFO -   - Occlusion filtered: 0
2026-03-30 20:22:08,644 - checks.obstacle.object_processor_base - INFO -   - Processed: 0
2026-03-30 20:22:08,644 - checks.obstacle.object_processor_base - INFO -   - Filtering rates: 62.5% importance, 0.0% occlusion
2026-03-30 20:22:08,649 - checks.obstacle.object_processor_base - INFO - Frame 27 class=vehicle filtering summary:
2026-03-30 20:22:08,649 - checks.obstacle.object_processor_base - INFO -   - Total objects: 32
2026-03-30 20:22:08,649 - checks.obstacle.object_processor_base - INFO -   - Importance filtered: 20
2026-03-30 20:22:08,649 - checks.obstacle.object_processor_base - INFO -     * relevant_lanes (['ego', 'left', 'right']): 9
2026-03-30 20:22:08,649 - checks.obstacle.object_processor_base - INFO -     * distance_threshold_m (100m): 11
2026-03-30 20:22:08,649 - checks.obstacle.object_processor_base - INFO -   - Occlusion filtered: 0
2026-03-30 20:22:08,649 - checks.obstacle.object_processor_base - INFO -   - Processed: 1
2026-03-30 20:22:08,649 - checks.obstacle.object_processor_base - INFO -   - Filtering rates: 62.5% importance, 0.0% occlusion
2026-03-30 20:22:08,669 - checks.obstacle.object_processor_base - INFO - Frame 27: hallucinations {'bicycle': 0, 'motorcycle': 0, 'pedestrian': 0, 'vehicle': 0}
2026-03-30 20:22:08,781 - checks.obstacle.object_processor_base - INFO - Processing frame video_idx=10 -> mapped_idx=30 / 87 (objects: 40)
2026-03-30 20:22:08,781 - checks.obstacle.object_processor_base - INFO - Frame video_idx=10 mapped_idx=30: ego position in world =(-1.0, -6.0, 1.7)
2026-03-30 20:22:08,781 - checks.obstacle.object_processor_base - INFO - Frame video_idx=10 mapped_idx=30: camera RPY=(-84.9, -45.7, 172.3)
2026-03-30 20:22:38,718 - checks.obstacle.object_processor_base - INFO - Frame 30 class=motorcycle filtering summary:
2026-03-30 20:22:38,718 - checks.obstacle.object_processor_base - INFO -   - Total objects: 8
2026-03-30 20:22:38,718 - checks.obstacle.object_processor_base - INFO -   - Importance filtered: 5
2026-03-30 20:22:38,718 - checks.obstacle.object_processor_base - INFO -     * distance_threshold_m (100m): 2
2026-03-30 20:22:38,718 - checks.obstacle.object_processor_base - INFO -     * relevant_lanes (['ego', 'left', 'right']): 3
2026-03-30 20:22:38,718 - checks.obstacle.object_processor_base - INFO -   - Occlusion filtered: 0
2026-03-30 20:22:38,718 - checks.obstacle.object_processor_base - INFO -   - Processed: 0
2026-03-30 20:22:38,718 - checks.obstacle.object_processor_base - INFO -   - Filtering rates: 62.5% importance, 0.0% occlusion
2026-03-30 20:22:38,723 - checks.obstacle.object_processor_base - INFO - Frame 30 class=vehicle filtering summary:
2026-03-30 20:22:38,723 - checks.obstacle.object_processor_base - INFO -   - Total objects: 32
2026-03-30 20:22:38,723 - checks.obstacle.object_processor_base - INFO -   - Importance filtered: 20
2026-03-30 20:22:38,723 - checks.obstacle.object_processor_base - INFO -     * relevant_lanes (['ego', 'left', 'right']): 9
2026-03-30 20:22:38,723 - checks.obstacle.object_processor_base - INFO -     * distance_threshold_m (100m): 11
2026-03-30 20:22:38,723 - checks.obstacle.object_processor_base - INFO -   - Occlusion filtered: 0
2026-03-30 20:22:38,723 - checks.obstacle.object_processor_base - INFO -   - Processed: 1
2026-03-30 20:22:38,723 - checks.obstacle.object_processor_base - INFO -   - Filtering rates: 62.5% importance, 0.0% occlusion
2026-03-30 20:22:38,742 - checks.obstacle.object_processor_base - INFO - Frame 30: hallucinations {'bicycle': 0, 'motorcycle': 0, 'pedestrian': 0, 'vehicle': 0}
2026-03-30 20:22:38,834 - checks.obstacle.object_processor_base - INFO - Processing frame video_idx=11 -> mapped_idx=33 / 87 (objects: 40)
2026-03-30 20:22:38,834 - checks.obstacle.object_processor_base - INFO - Frame video_idx=11 mapped_idx=33: ego position in world =(-1.1, -6.5, 1.7)
2026-03-30 20:22:38,834 - checks.obstacle.object_processor_base - INFO - Frame video_idx=11 mapped_idx=33: camera RPY=(-84.9, -45.7, 172.3)
2026-03-30 20:23:07,918 - checks.obstacle.object_processor_base - INFO - Frame 33 class=motorcycle filtering summary:
2026-03-30 20:23:07,918 - checks.obstacle.object_processor_base - INFO -   - Total objects: 8
2026-03-30 20:23:07,918 - checks.obstacle.object_processor_base - INFO -   - Importance filtered: 5
2026-03-30 20:23:07,918 - checks.obstacle.object_processor_base - INFO -     * relevant_lanes (['ego', 'left', 'right']): 3
2026-03-30 20:23:07,918 - checks.obstacle.object_processor_base - INFO -     * distance_threshold_m (100m): 2
2026-03-30 20:23:07,918 - checks.obstacle.object_processor_base - INFO -   - Occlusion filtered: 0
2026-03-30 20:23:07,918 - checks.obstacle.object_processor_base - INFO -   - Processed: 0
2026-03-30 20:23:07,918 - checks.obstacle.object_processor_base - INFO -   - Filtering rates: 62.5% importance, 0.0% occlusion
2026-03-30 20:23:07,923 - checks.obstacle.object_processor_base - INFO - Frame 33 class=vehicle filtering summary:
2026-03-30 20:23:07,923 - checks.obstacle.object_processor_base - INFO -   - Total objects: 32
2026-03-30 20:23:07,923 - checks.obstacle.object_processor_base - INFO -   - Importance filtered: 20
2026-03-30 20:23:07,923 - checks.obstacle.object_processor_base - INFO -     * relevant_lanes (['ego', 'left', 'right']): 9
2026-03-30 20:23:07,923 - checks.obstacle.object_processor_base - INFO -     * distance_threshold_m (100m): 11
2026-03-30 20:23:07,923 - checks.obstacle.object_processor_base - INFO -   - Occlusion filtered: 0
2026-03-30 20:23:07,923 - checks.obstacle.object_processor_base - INFO -   - Processed: 1
2026-03-30 20:23:07,923 - checks.obstacle.object_processor_base - INFO -   - Filtering rates: 62.5% importance, 0.0% occlusion
2026-03-30 20:23:07,942 - checks.obstacle.object_processor_base - INFO - Frame 33: hallucinations {'bicycle': 0, 'motorcycle': 0, 'pedestrian': 0, 'vehicle': 0}
2026-03-30 20:23:08,023 - checks.obstacle.object_processor_base - INFO - Processing frame video_idx=12 -> mapped_idx=36 / 87 (objects: 40)
2026-03-30 20:23:08,023 - checks.obstacle.object_processor_base - INFO - Frame video_idx=12 mapped_idx=36: ego position in world =(-1.2, -6.9, 1.7)
2026-03-30 20:23:08,023 - checks.obstacle.object_processor_base - INFO - Frame video_idx=12 mapped_idx=36: camera RPY=(-84.9, -45.7, 172.4)
2026-03-30 20:23:37,180 - checks.obstacle.object_processor_base - INFO - Frame 36 class=motorcycle filtering summary:
2026-03-30 20:23:37,180 - checks.obstacle.object_processor_base - INFO -   - Total objects: 8
2026-03-30 20:23:37,180 - checks.obstacle.object_processor_base - INFO -   - Importance filtered: 5
2026-03-30 20:23:37,180 - checks.obstacle.object_processor_base - INFO -     * distance_threshold_m (100m): 2
2026-03-30 20:23:37,180 - checks.obstacle.object_processor_base - INFO -     * relevant_lanes (['ego', 'left', 'right']): 3
2026-03-30 20:23:37,180 - checks.obstacle.object_processor_base - INFO -   - Occlusion filtered: 0
2026-03-30 20:23:37,180 - checks.obstacle.object_processor_base - INFO -   - Processed: 0
2026-03-30 20:23:37,180 - checks.obstacle.object_processor_base - INFO -   - Filtering rates: 62.5% importance, 0.0% occlusion
2026-03-30 20:23:37,185 - checks.obstacle.object_processor_base - INFO - Frame 36 class=vehicle filtering summary:
2026-03-30 20:23:37,185 - checks.obstacle.object_processor_base - INFO -   - Total objects: 32
2026-03-30 20:23:37,185 - checks.obstacle.object_processor_base - INFO -   - Importance filtered: 20
2026-03-30 20:23:37,185 - checks.obstacle.object_processor_base - INFO -     * relevant_lanes (['ego', 'left', 'right']): 9
2026-03-30 20:23:37,185 - checks.obstacle.object_processor_base - INFO -     * distance_threshold_m (100m): 11
2026-03-30 20:23:37,185 - checks.obstacle.object_processor_base - INFO -   - Occlusion filtered: 0
2026-03-30 20:23:37,185 - checks.obstacle.object_processor_base - INFO -   - Processed: 1
2026-03-30 20:23:37,185 - checks.obstacle.object_processor_base - INFO -   - Filtering rates: 62.5% importance, 0.0% occlusion
2026-03-30 20:23:37,204 - checks.obstacle.object_processor_base - INFO - Frame 36: hallucinations {'bicycle': 0, 'motorcycle': 0, 'pedestrian': 0, 'vehicle': 0}
2026-03-30 20:23:37,287 - checks.obstacle.object_processor_base - INFO - Processing frame video_idx=13 -> mapped_idx=39 / 87 (objects: 40)
2026-03-30 20:23:37,287 - checks.obstacle.object_processor_base - INFO - Frame video_idx=13 mapped_idx=39: ego position in world =(-1.3, -7.3, 1.7)
2026-03-30 20:23:37,287 - checks.obstacle.object_processor_base - INFO - Frame video_idx=13 mapped_idx=39: camera RPY=(-84.9, -45.7, 172.4)
2026-03-30 20:24:06,792 - checks.obstacle.object_processor_base - INFO - Frame 39 class=motorcycle filtering summary:
2026-03-30 20:24:06,793 - checks.obstacle.object_processor_base - INFO -   - Total objects: 8
2026-03-30 20:24:06,793 - checks.obstacle.object_processor_base - INFO -   - Importance filtered: 5
2026-03-30 20:24:06,793 - checks.obstacle.object_processor_base - INFO -     * relevant_lanes (['ego', 'left', 'right']): 3
2026-03-30 20:24:06,793 - checks.obstacle.object_processor_base - INFO -     * distance_threshold_m (100m): 2
2026-03-30 20:24:06,793 - checks.obstacle.object_processor_base - INFO -   - Occlusion filtered: 0
2026-03-30 20:24:06,793 - checks.obstacle.object_processor_base - INFO -   - Processed: 0
2026-03-30 20:24:06,793 - checks.obstacle.object_processor_base - INFO -   - Filtering rates: 62.5% importance, 0.0% occlusion
2026-03-30 20:24:06,798 - checks.obstacle.object_processor_base - INFO - Frame 39 class=vehicle filtering summary:
2026-03-30 20:24:06,798 - checks.obstacle.object_processor_base - INFO -   - Total objects: 32
2026-03-30 20:24:06,798 - checks.obstacle.object_processor_base - INFO -   - Importance filtered: 20
2026-03-30 20:24:06,798 - checks.obstacle.object_processor_base - INFO -     * relevant_lanes (['ego', 'left', 'right']): 9
2026-03-30 20:24:06,798 - checks.obstacle.object_processor_base - INFO -     * distance_threshold_m (100m): 11
2026-03-30 20:24:06,798 - checks.obstacle.object_processor_base - INFO -   - Occlusion filtered: 0
2026-03-30 20:24:06,798 - checks.obstacle.object_processor_base - INFO -   - Processed: 1
2026-03-30 20:24:06,798 - checks.obstacle.object_processor_base - INFO -   - Filtering rates: 62.5% importance, 0.0% occlusion
2026-03-30 20:24:06,817 - checks.obstacle.object_processor_base - INFO - Frame 39: hallucinations {'bicycle': 0, 'motorcycle': 0, 'pedestrian': 0, 'vehicle': 0}
2026-03-30 20:24:06,940 - checks.obstacle.object_processor_base - INFO - Processing frame video_idx=14 -> mapped_idx=42 / 87 (objects: 40)
2026-03-30 20:24:06,940 - checks.obstacle.object_processor_base - INFO - Frame video_idx=14 mapped_idx=42: ego position in world =(-1.4, -7.7, 1.7)
2026-03-30 20:24:06,940 - checks.obstacle.object_processor_base - INFO - Frame video_idx=14 mapped_idx=42: camera RPY=(-84.9, -45.7, 172.4)
2026-03-30 20:24:35,759 - checks.obstacle.object_processor_base - INFO - Frame 42 class=motorcycle filtering summary:
2026-03-30 20:24:35,759 - checks.obstacle.object_processor_base - INFO -   - Total objects: 8
2026-03-30 20:24:35,759 - checks.obstacle.object_processor_base - INFO -   - Importance filtered: 5
2026-03-30 20:24:35,759 - checks.obstacle.object_processor_base - INFO -     * distance_threshold_m (100m): 2
2026-03-30 20:24:35,759 - checks.obstacle.object_processor_base - INFO -     * relevant_lanes (['ego', 'left', 'right']): 3
2026-03-30 20:24:35,759 - checks.obstacle.object_processor_base - INFO -   - Occlusion filtered: 0
2026-03-30 20:24:35,759 - checks.obstacle.object_processor_base - INFO -   - Processed: 0
2026-03-30 20:24:35,759 - checks.obstacle.object_processor_base - INFO -   - Filtering rates: 62.5% importance, 0.0% occlusion
2026-03-30 20:24:35,764 - checks.obstacle.object_processor_base - INFO - Frame 42 class=vehicle filtering summary:
2026-03-30 20:24:35,764 - checks.obstacle.object_processor_base - INFO -   - Total objects: 32
2026-03-30 20:24:35,764 - checks.obstacle.object_processor_base - INFO -   - Importance filtered: 20
2026-03-30 20:24:35,764 - checks.obstacle.object_processor_base - INFO -     * relevant_lanes (['ego', 'left', 'right']): 9
2026-03-30 20:24:35,764 - checks.obstacle.object_processor_base - INFO -     * distance_threshold_m (100m): 11
2026-03-30 20:24:35,764 - checks.obstacle.object_processor_base - INFO -   - Occlusion filtered: 0
2026-03-30 20:24:35,764 - checks.obstacle.object_processor_base - INFO -   - Processed: 1
2026-03-30 20:24:35,764 - checks.obstacle.object_processor_base - INFO -   - Filtering rates: 62.5% importance, 0.0% occlusion
2026-03-30 20:24:35,784 - checks.obstacle.object_processor_base - INFO - Frame 42: hallucinations {'bicycle': 0, 'motorcycle': 0, 'pedestrian': 0, 'vehicle': 0}
2026-03-30 20:24:35,869 - checks.obstacle.object_processor_base - INFO - Processing frame video_idx=15 -> mapped_idx=45 / 87 (objects: 40)
2026-03-30 20:24:35,869 - checks.obstacle.object_processor_base - INFO - Frame video_idx=15 mapped_idx=45: ego position in world =(-1.5, -8.0, 1.7)
2026-03-30 20:24:35,869 - checks.obstacle.object_processor_base - INFO - Frame video_idx=15 mapped_idx=45: camera RPY=(-84.9, -45.7, 172.3)
2026-03-30 20:25:04,832 - checks.obstacle.object_processor_base - INFO - Frame 45 class=motorcycle filtering summary:
2026-03-30 20:25:04,832 - checks.obstacle.object_processor_base - INFO -   - Total objects: 8
2026-03-30 20:25:04,832 - checks.obstacle.object_processor_base - INFO -   - Importance filtered: 5
2026-03-30 20:25:04,832 - checks.obstacle.object_processor_base - INFO -     * relevant_lanes (['ego', 'left', 'right']): 3
2026-03-30 20:25:04,832 - checks.obstacle.object_processor_base - INFO -     * distance_threshold_m (100m): 2
2026-03-30 20:25:04,832 - checks.obstacle.object_processor_base - INFO -   - Occlusion filtered: 0
2026-03-30 20:25:04,832 - checks.obstacle.object_processor_base - INFO -   - Processed: 0
2026-03-30 20:25:04,832 - checks.obstacle.object_processor_base - INFO -   - Filtering rates: 62.5% importance, 0.0% occlusion
2026-03-30 20:25:04,837 - checks.obstacle.object_processor_base - INFO - Frame 45 class=vehicle filtering summary:
2026-03-30 20:25:04,837 - checks.obstacle.object_processor_base - INFO -   - Total objects: 32
2026-03-30 20:25:04,837 - checks.obstacle.object_processor_base - INFO -   - Importance filtered: 20
2026-03-30 20:25:04,837 - checks.obstacle.object_processor_base - INFO -     * relevant_lanes (['ego', 'left', 'right']): 9
2026-03-30 20:25:04,837 - checks.obstacle.object_processor_base - INFO -     * distance_threshold_m (100m): 11
2026-03-30 20:25:04,837 - checks.obstacle.object_processor_base - INFO -   - Occlusion filtered: 0
2026-03-30 20:25:04,837 - checks.obstacle.object_processor_base - INFO -   - Processed: 1
2026-03-30 20:25:04,837 - checks.obstacle.object_processor_base - INFO -   - Filtering rates: 62.5% importance, 0.0% occlusion
2026-03-30 20:25:04,857 - checks.obstacle.object_processor_base - INFO - Frame 45: hallucinations {'bicycle': 0, 'motorcycle': 0, 'pedestrian': 0, 'vehicle': 0}
2026-03-30 20:25:04,948 - checks.obstacle.object_processor_base - INFO - Processing frame video_idx=16 -> mapped_idx=48 / 87 (objects: 40)
2026-03-30 20:25:04,948 - checks.obstacle.object_processor_base - INFO - Frame video_idx=16 mapped_idx=48: ego position in world =(-1.6, -8.3, 1.7)
2026-03-30 20:25:04,948 - checks.obstacle.object_processor_base - INFO - Frame video_idx=16 mapped_idx=48: camera RPY=(-84.9, -45.7, 172.3)
2026-03-30 20:25:33,542 - checks.obstacle.object_processor_base - INFO - Frame 48 class=motorcycle filtering summary:
2026-03-30 20:25:33,542 - checks.obstacle.object_processor_base - INFO -   - Total objects: 8
2026-03-30 20:25:33,542 - checks.obstacle.object_processor_base - INFO -   - Importance filtered: 5
2026-03-30 20:25:33,543 - checks.obstacle.object_processor_base - INFO -     * distance_threshold_m (100m): 2
2026-03-30 20:25:33,543 - checks.obstacle.object_processor_base - INFO -     * relevant_lanes (['ego', 'left', 'right']): 3
2026-03-30 20:25:33,543 - checks.obstacle.object_processor_base - INFO -   - Occlusion filtered: 0
2026-03-30 20:25:33,543 - checks.obstacle.object_processor_base - INFO -   - Processed: 0
2026-03-30 20:25:33,543 - checks.obstacle.object_processor_base - INFO -   - Filtering rates: 62.5% importance, 0.0% occlusion
2026-03-30 20:25:33,548 - checks.obstacle.object_processor_base - INFO - Frame 48 class=vehicle filtering summary:
2026-03-30 20:25:33,548 - checks.obstacle.object_processor_base - INFO -   - Total objects: 32
2026-03-30 20:25:33,548 - checks.obstacle.object_processor_base - INFO -   - Importance filtered: 20
2026-03-30 20:25:33,548 - checks.obstacle.object_processor_base - INFO -     * relevant_lanes (['ego', 'left', 'right']): 9
2026-03-30 20:25:33,548 - checks.obstacle.object_processor_base - INFO -     * distance_threshold_m (100m): 11
2026-03-30 20:25:33,548 - checks.obstacle.object_processor_base - INFO -   - Occlusion filtered: 0
2026-03-30 20:25:33,548 - checks.obstacle.object_processor_base - INFO -   - Processed: 1
2026-03-30 20:25:33,548 - checks.obstacle.object_processor_base - INFO -   - Filtering rates: 62.5% importance, 0.0% occlusion
2026-03-30 20:25:33,567 - checks.obstacle.object_processor_base - INFO - Frame 48: hallucinations {'bicycle': 0, 'motorcycle': 0, 'pedestrian': 0, 'vehicle': 0}
2026-03-30 20:25:33,692 - checks.obstacle.object_processor_base - INFO - Processing frame video_idx=17 -> mapped_idx=51 / 87 (objects: 40)
2026-03-30 20:25:33,692 - checks.obstacle.object_processor_base - INFO - Frame video_idx=17 mapped_idx=51: ego position in world =(-1.7, -8.6, 1.7)
2026-03-30 20:25:33,692 - checks.obstacle.object_processor_base - INFO - Frame video_idx=17 mapped_idx=51: camera RPY=(-84.9, -45.7, 172.3)
2026-03-30 20:26:02,328 - checks.obstacle.object_processor_base - INFO - Frame 51 class=motorcycle filtering summary:
2026-03-30 20:26:02,328 - checks.obstacle.object_processor_base - INFO -   - Total objects: 8
2026-03-30 20:26:02,329 - checks.obstacle.object_processor_base - INFO -   - Importance filtered: 5
2026-03-30 20:26:02,329 - checks.obstacle.object_processor_base - INFO -     * relevant_lanes (['ego', 'left', 'right']): 3
2026-03-30 20:26:02,329 - checks.obstacle.object_processor_base - INFO -     * distance_threshold_m (100m): 2
2026-03-30 20:26:02,329 - checks.obstacle.object_processor_base - INFO -   - Occlusion filtered: 0
2026-03-30 20:26:02,329 - checks.obstacle.object_processor_base - INFO -   - Processed: 0
2026-03-30 20:26:02,329 - checks.obstacle.object_processor_base - INFO -   - Filtering rates: 62.5% importance, 0.0% occlusion
2026-03-30 20:26:02,333 - checks.obstacle.object_processor_base - INFO - Frame 51 class=vehicle filtering summary:
2026-03-30 20:26:02,333 - checks.obstacle.object_processor_base - INFO -   - Total objects: 32
2026-03-30 20:26:02,333 - checks.obstacle.object_processor_base - INFO -   - Importance filtered: 21
2026-03-30 20:26:02,333 - checks.obstacle.object_processor_base - INFO -     * relevant_lanes (['ego', 'left', 'right']): 10
2026-03-30 20:26:02,333 - checks.obstacle.object_processor_base - INFO -     * distance_threshold_m (100m): 11
2026-03-30 20:26:02,333 - checks.obstacle.object_processor_base - INFO -   - Occlusion filtered: 0
2026-03-30 20:26:02,333 - checks.obstacle.object_processor_base - INFO -   - Processed: 1
2026-03-30 20:26:02,333 - checks.obstacle.object_processor_base - INFO -   - Filtering rates: 65.6% importance, 0.0% occlusion
2026-03-30 20:26:02,353 - checks.obstacle.object_processor_base - INFO - Frame 51: hallucinations {'bicycle': 0, 'motorcycle': 0, 'pedestrian': 0, 'vehicle': 0}
2026-03-30 20:26:02,447 - checks.obstacle.object_processor_base - INFO - Processing frame video_idx=18 -> mapped_idx=54 / 87 (objects: 40)
2026-03-30 20:26:02,447 - checks.obstacle.object_processor_base - INFO - Frame video_idx=18 mapped_idx=54: ego position in world =(-1.7, -8.9, 1.7)
2026-03-30 20:26:02,447 - checks.obstacle.object_processor_base - INFO - Frame video_idx=18 mapped_idx=54: camera RPY=(-84.8, -45.7, 172.3)
2026-03-30 20:26:31,349 - checks.obstacle.object_processor_base - INFO - Frame 54 class=motorcycle filtering summary:
2026-03-30 20:26:31,349 - checks.obstacle.object_processor_base - INFO -   - Total objects: 8
2026-03-30 20:26:31,349 - checks.obstacle.object_processor_base - INFO -   - Importance filtered: 5
2026-03-30 20:26:31,349 - checks.obstacle.object_processor_base - INFO -     * distance_threshold_m (100m): 2
2026-03-30 20:26:31,349 - checks.obstacle.object_processor_base - INFO -     * relevant_lanes (['ego', 'left', 'right']): 3
2026-03-30 20:26:31,349 - checks.obstacle.object_processor_base - INFO -   - Occlusion filtered: 0
2026-03-30 20:26:31,349 - checks.obstacle.object_processor_base - INFO -   - Processed: 0
2026-03-30 20:26:31,349 - checks.obstacle.object_processor_base - INFO -   - Filtering rates: 62.5% importance, 0.0% occlusion
2026-03-30 20:26:31,353 - checks.obstacle.object_processor_base - INFO - Frame 54 class=vehicle filtering summary:
2026-03-30 20:26:31,353 - checks.obstacle.object_processor_base - INFO -   - Total objects: 32
2026-03-30 20:26:31,354 - checks.obstacle.object_processor_base - INFO -   - Importance filtered: 21
2026-03-30 20:26:31,354 - checks.obstacle.object_processor_base - INFO -     * relevant_lanes (['ego', 'left', 'right']): 10
2026-03-30 20:26:31,354 - checks.obstacle.object_processor_base - INFO -     * distance_threshold_m (100m): 11
2026-03-30 20:26:31,354 - checks.obstacle.object_processor_base - INFO -   - Occlusion filtered: 0
2026-03-30 20:26:31,354 - checks.obstacle.object_processor_base - INFO -   - Processed: 1
2026-03-30 20:26:31,354 - checks.obstacle.object_processor_base - INFO -   - Filtering rates: 65.6% importance, 0.0% occlusion
2026-03-30 20:26:31,374 - checks.obstacle.object_processor_base - INFO - Frame 54: hallucinations {'bicycle': 0, 'motorcycle': 0, 'pedestrian': 0, 'vehicle': 0}
2026-03-30 20:26:31,470 - checks.obstacle.object_processor_base - INFO - Processing frame video_idx=19 -> mapped_idx=57 / 87 (objects: 40)
2026-03-30 20:26:31,471 - checks.obstacle.object_processor_base - INFO - Frame video_idx=19 mapped_idx=57: ego position in world =(-1.8, -9.3, 1.7)
2026-03-30 20:26:31,471 - checks.obstacle.object_processor_base - INFO - Frame video_idx=19 mapped_idx=57: camera RPY=(-84.8, -45.7, 172.3)
2026-03-30 20:26:59,990 - checks.obstacle.object_processor_base - INFO - Frame 57 class=motorcycle filtering summary:
2026-03-30 20:26:59,990 - checks.obstacle.object_processor_base - INFO -   - Total objects: 8
2026-03-30 20:26:59,990 - checks.obstacle.object_processor_base - INFO -   - Importance filtered: 5
2026-03-30 20:26:59,990 - checks.obstacle.object_processor_base - INFO -     * relevant_lanes (['ego', 'left', 'right']): 3
2026-03-30 20:26:59,990 - checks.obstacle.object_processor_base - INFO -     * distance_threshold_m (100m): 2
2026-03-30 20:26:59,990 - checks.obstacle.object_processor_base - INFO -   - Occlusion filtered: 0
2026-03-30 20:26:59,990 - checks.obstacle.object_processor_base - INFO -   - Processed: 0
2026-03-30 20:26:59,990 - checks.obstacle.object_processor_base - INFO -   - Filtering rates: 62.5% importance, 0.0% occlusion
2026-03-30 20:26:59,995 - checks.obstacle.object_processor_base - INFO - Frame 57 class=vehicle filtering summary:
2026-03-30 20:26:59,995 - checks.obstacle.object_processor_base - INFO -   - Total objects: 32
2026-03-30 20:26:59,995 - checks.obstacle.object_processor_base - INFO -   - Importance filtered: 21
2026-03-30 20:26:59,995 - checks.obstacle.object_processor_base - INFO -     * relevant_lanes (['ego', 'left', 'right']): 10
2026-03-30 20:26:59,995 - checks.obstacle.object_processor_base - INFO -     * distance_threshold_m (100m): 11
2026-03-30 20:26:59,995 - checks.obstacle.object_processor_base - INFO -   - Occlusion filtered: 0
2026-03-30 20:26:59,995 - checks.obstacle.object_processor_base - INFO -   - Processed: 1
2026-03-30 20:26:59,995 - checks.obstacle.object_processor_base - INFO -   - Filtering rates: 65.6% importance, 0.0% occlusion
2026-03-30 20:27:00,014 - checks.obstacle.object_processor_base - INFO - Frame 57: hallucinations {'bicycle': 0, 'motorcycle': 0, 'pedestrian': 0, 'vehicle': 0}
2026-03-30 20:27:00,133 - checks.obstacle.object_processor_base - INFO - Processing frame video_idx=20 -> mapped_idx=60 / 87 (objects: 40)
2026-03-30 20:27:00,133 - checks.obstacle.object_processor_base - INFO - Frame video_idx=20 mapped_idx=60: ego position in world =(-1.9, -9.6, 1.7)
2026-03-30 20:27:00,133 - checks.obstacle.object_processor_base - INFO - Frame video_idx=20 mapped_idx=60: camera RPY=(-84.8, -45.7, 172.3)
2026-03-30 20:27:30,123 - checks.obstacle.object_processor_base - INFO - Frame 60 class=motorcycle filtering summary:
2026-03-30 20:27:30,123 - checks.obstacle.object_processor_base - INFO -   - Total objects: 8
2026-03-30 20:27:30,123 - checks.obstacle.object_processor_base - INFO -   - Importance filtered: 5
2026-03-30 20:27:30,123 - checks.obstacle.object_processor_base - INFO -     * distance_threshold_m (100m): 2
2026-03-30 20:27:30,123 - checks.obstacle.object_processor_base - INFO -     * relevant_lanes (['ego', 'left', 'right']): 3
2026-03-30 20:27:30,123 - checks.obstacle.object_processor_base - INFO -   - Occlusion filtered: 0
2026-03-30 20:27:30,123 - checks.obstacle.object_processor_base - INFO -   - Processed: 0
2026-03-30 20:27:30,123 - checks.obstacle.object_processor_base - INFO -   - Filtering rates: 62.5% importance, 0.0% occlusion
2026-03-30 20:27:30,128 - checks.obstacle.object_processor_base - INFO - Frame 60 class=vehicle filtering summary:
2026-03-30 20:27:30,128 - checks.obstacle.object_processor_base - INFO -   - Total objects: 32
2026-03-30 20:27:30,128 - checks.obstacle.object_processor_base - INFO -   - Importance filtered: 21
2026-03-30 20:27:30,128 - checks.obstacle.object_processor_base - INFO -     * relevant_lanes (['ego', 'left', 'right']): 10
2026-03-30 20:27:30,128 - checks.obstacle.object_processor_base - INFO -     * distance_threshold_m (100m): 11
2026-03-30 20:27:30,128 - checks.obstacle.object_processor_base - INFO -   - Occlusion filtered: 0
2026-03-30 20:27:30,128 - checks.obstacle.object_processor_base - INFO -   - Processed: 1
2026-03-30 20:27:30,128 - checks.obstacle.object_processor_base - INFO -   - Filtering rates: 65.6% importance, 0.0% occlusion
2026-03-30 20:27:30,148 - checks.obstacle.object_processor_base - INFO - Frame 60: hallucinations {'bicycle': 0, 'motorcycle': 0, 'pedestrian': 0, 'vehicle': 0}
2026-03-30 20:27:30,241 - checks.obstacle.object_processor_base - INFO - Processing frame video_idx=21 -> mapped_idx=63 / 87 (objects: 40)
2026-03-30 20:27:30,242 - checks.obstacle.object_processor_base - INFO - Frame video_idx=21 mapped_idx=63: ego position in world =(-2.0, -9.9, 1.7)
2026-03-30 20:27:30,242 - checks.obstacle.object_processor_base - INFO - Frame video_idx=21 mapped_idx=63: camera RPY=(-84.8, -45.7, 172.3)
2026-03-30 20:27:59,311 - checks.obstacle.object_processor_base - INFO - Frame 63 class=motorcycle filtering summary:
2026-03-30 20:27:59,311 - checks.obstacle.object_processor_base - INFO -   - Total objects: 8
2026-03-30 20:27:59,311 - checks.obstacle.object_processor_base - INFO -   - Importance filtered: 5
2026-03-30 20:27:59,311 - checks.obstacle.object_processor_base - INFO -     * relevant_lanes (['ego', 'left', 'right']): 3
2026-03-30 20:27:59,311 - checks.obstacle.object_processor_base - INFO -     * distance_threshold_m (100m): 2
2026-03-30 20:27:59,311 - checks.obstacle.object_processor_base - INFO -   - Occlusion filtered: 0
2026-03-30 20:27:59,311 - checks.obstacle.object_processor_base - INFO -   - Processed: 0
2026-03-30 20:27:59,311 - checks.obstacle.object_processor_base - INFO -   - Filtering rates: 62.5% importance, 0.0% occlusion
2026-03-30 20:27:59,315 - checks.obstacle.object_processor_base - INFO - Frame 63 class=vehicle filtering summary:
2026-03-30 20:27:59,315 - checks.obstacle.object_processor_base - INFO -   - Total objects: 32
2026-03-30 20:27:59,315 - checks.obstacle.object_processor_base - INFO -   - Importance filtered: 21
2026-03-30 20:27:59,315 - checks.obstacle.object_processor_base - INFO -     * relevant_lanes (['ego', 'left', 'right']): 10
2026-03-30 20:27:59,316 - checks.obstacle.object_processor_base - INFO -     * distance_threshold_m (100m): 11
2026-03-30 20:27:59,316 - checks.obstacle.object_processor_base - INFO -   - Occlusion filtered: 0
2026-03-30 20:27:59,316 - checks.obstacle.object_processor_base - INFO -   - Processed: 1
2026-03-30 20:27:59,316 - checks.obstacle.object_processor_base - INFO -   - Filtering rates: 65.6% importance, 0.0% occlusion
2026-03-30 20:27:59,334 - checks.obstacle.object_processor_base - INFO - Frame 63: hallucinations {'bicycle': 0, 'motorcycle': 0, 'pedestrian': 0, 'vehicle': 0}
2026-03-30 20:27:59,432 - checks.obstacle.object_processor_base - INFO - Processing frame video_idx=22 -> mapped_idx=66 / 87 (objects: 40)
2026-03-30 20:27:59,432 - checks.obstacle.object_processor_base - INFO - Frame video_idx=22 mapped_idx=66: ego position in world =(-2.1, -10.2, 1.7)
2026-03-30 20:27:59,432 - checks.obstacle.object_processor_base - INFO - Frame video_idx=22 mapped_idx=66: camera RPY=(-84.8, -45.7, 172.3)
2026-03-30 20:28:28,630 - checks.obstacle.object_processor_base - INFO - Frame 66 class=motorcycle filtering summary:
2026-03-30 20:28:28,630 - checks.obstacle.object_processor_base - INFO -   - Total objects: 8
2026-03-30 20:28:28,630 - checks.obstacle.object_processor_base - INFO -   - Importance filtered: 5
2026-03-30 20:28:28,630 - checks.obstacle.object_processor_base - INFO -     * distance_threshold_m (100m): 2
2026-03-30 20:28:28,630 - checks.obstacle.object_processor_base - INFO -     * relevant_lanes (['ego', 'left', 'right']): 3
2026-03-30 20:28:28,630 - checks.obstacle.object_processor_base - INFO -   - Occlusion filtered: 0
2026-03-30 20:28:28,630 - checks.obstacle.object_processor_base - INFO -   - Processed: 0
2026-03-30 20:28:28,630 - checks.obstacle.object_processor_base - INFO -   - Filtering rates: 62.5% importance, 0.0% occlusion
2026-03-30 20:28:28,635 - checks.obstacle.object_processor_base - INFO - Frame 66 class=vehicle filtering summary:
2026-03-30 20:28:28,635 - checks.obstacle.object_processor_base - INFO -   - Total objects: 32
2026-03-30 20:28:28,635 - checks.obstacle.object_processor_base - INFO -   - Importance filtered: 21
2026-03-30 20:28:28,635 - checks.obstacle.object_processor_base - INFO -     * relevant_lanes (['ego', 'left', 'right']): 10
2026-03-30 20:28:28,635 - checks.obstacle.object_processor_base - INFO -     * distance_threshold_m (100m): 11
2026-03-30 20:28:28,635 - checks.obstacle.object_processor_base - INFO -   - Occlusion filtered: 0
2026-03-30 20:28:28,635 - checks.obstacle.object_processor_base - INFO -   - Processed: 1
2026-03-30 20:28:28,635 - checks.obstacle.object_processor_base - INFO -   - Filtering rates: 65.6% importance, 0.0% occlusion
2026-03-30 20:28:28,654 - checks.obstacle.object_processor_base - INFO - Frame 66: hallucinations {'bicycle': 0, 'motorcycle': 0, 'pedestrian': 0, 'vehicle': 0}
2026-03-30 20:28:28,749 - checks.obstacle.object_processor_base - INFO - Processing frame video_idx=23 -> mapped_idx=69 / 87 (objects: 40)
2026-03-30 20:28:28,749 - checks.obstacle.object_processor_base - INFO - Frame video_idx=23 mapped_idx=69: ego position in world =(-2.1, -10.5, 1.7)
2026-03-30 20:28:28,749 - checks.obstacle.object_processor_base - INFO - Frame video_idx=23 mapped_idx=69: camera RPY=(-84.7, -45.7, 172.3)
2026-03-30 20:28:58,317 - checks.obstacle.object_processor_base - INFO - Frame 69 class=motorcycle filtering summary:
2026-03-30 20:28:58,317 - checks.obstacle.object_processor_base - INFO -   - Total objects: 8
2026-03-30 20:28:58,317 - checks.obstacle.object_processor_base - INFO -   - Importance filtered: 5
2026-03-30 20:28:58,317 - checks.obstacle.object_processor_base - INFO -     * relevant_lanes (['ego', 'left', 'right']): 3
2026-03-30 20:28:58,317 - checks.obstacle.object_processor_base - INFO -     * distance_threshold_m (100m): 2
2026-03-30 20:28:58,317 - checks.obstacle.object_processor_base - INFO -   - Occlusion filtered: 0
2026-03-30 20:28:58,317 - checks.obstacle.object_processor_base - INFO -   - Processed: 0
2026-03-30 20:28:58,317 - checks.obstacle.object_processor_base - INFO -   - Filtering rates: 62.5% importance, 0.0% occlusion
2026-03-30 20:28:58,321 - checks.obstacle.object_processor_base - INFO - Frame 69 class=vehicle filtering summary:
2026-03-30 20:28:58,322 - checks.obstacle.object_processor_base - INFO -   - Total objects: 32
2026-03-30 20:28:58,322 - checks.obstacle.object_processor_base - INFO -   - Importance filtered: 20
2026-03-30 20:28:58,322 - checks.obstacle.object_processor_base - INFO -     * relevant_lanes (['ego', 'left', 'right']): 10
2026-03-30 20:28:58,322 - checks.obstacle.object_processor_base - INFO -     * distance_threshold_m (100m): 10
2026-03-30 20:28:58,322 - checks.obstacle.object_processor_base - INFO -   - Occlusion filtered: 0
2026-03-30 20:28:58,322 - checks.obstacle.object_processor_base - INFO -   - Processed: 1
2026-03-30 20:28:58,322 - checks.obstacle.object_processor_base - INFO -   - Filtering rates: 62.5% importance, 0.0% occlusion
2026-03-30 20:28:58,341 - checks.obstacle.object_processor_base - INFO - Frame 69: hallucinations {'bicycle': 0, 'motorcycle': 0, 'pedestrian': 0, 'vehicle': 0}
2026-03-30 20:28:58,436 - checks.obstacle.object_processor_base - INFO - Processing frame video_idx=24 -> mapped_idx=72 / 87 (objects: 40)
2026-03-30 20:28:58,436 - checks.obstacle.object_processor_base - INFO - Frame video_idx=24 mapped_idx=72: ego position in world =(-2.2, -10.8, 1.7)
2026-03-30 20:28:58,436 - checks.obstacle.object_processor_base - INFO - Frame video_idx=24 mapped_idx=72: camera RPY=(-84.6, -45.7, 172.3)
2026-03-30 20:29:27,286 - checks.obstacle.object_processor_base - INFO - Frame 72 class=motorcycle filtering summary:
2026-03-30 20:29:27,287 - checks.obstacle.object_processor_base - INFO -   - Total objects: 8
2026-03-30 20:29:27,287 - checks.obstacle.object_processor_base - INFO -   - Importance filtered: 5
2026-03-30 20:29:27,287 - checks.obstacle.object_processor_base - INFO -     * distance_threshold_m (100m): 2
2026-03-30 20:29:27,287 - checks.obstacle.object_processor_base - INFO -     * relevant_lanes (['ego', 'left', 'right']): 3
2026-03-30 20:29:27,287 - checks.obstacle.object_processor_base - INFO -   - Occlusion filtered: 0
2026-03-30 20:29:27,287 - checks.obstacle.object_processor_base - INFO -   - Processed: 0
2026-03-30 20:29:27,287 - checks.obstacle.object_processor_base - INFO -   - Filtering rates: 62.5% importance, 0.0% occlusion
2026-03-30 20:29:27,291 - checks.obstacle.object_processor_base - INFO - Frame 72 class=vehicle filtering summary:
2026-03-30 20:29:27,292 - checks.obstacle.object_processor_base - INFO -   - Total objects: 32
2026-03-30 20:29:27,292 - checks.obstacle.object_processor_base - INFO -   - Importance filtered: 20
2026-03-30 20:29:27,292 - checks.obstacle.object_processor_base - INFO -     * relevant_lanes (['ego', 'left', 'right']): 10
2026-03-30 20:29:27,292 - checks.obstacle.object_processor_base - INFO -     * distance_threshold_m (100m): 10
2026-03-30 20:29:27,292 - checks.obstacle.object_processor_base - INFO -   - Occlusion filtered: 0
2026-03-30 20:29:27,292 - checks.obstacle.object_processor_base - INFO -   - Processed: 1
2026-03-30 20:29:27,292 - checks.obstacle.object_processor_base - INFO -   - Filtering rates: 62.5% importance, 0.0% occlusion
2026-03-30 20:29:27,311 - checks.obstacle.object_processor_base - INFO - Frame 72: hallucinations {'bicycle': 0, 'motorcycle': 0, 'pedestrian': 0, 'vehicle': 0}
2026-03-30 20:29:27,442 - checks.obstacle.object_processor_base - INFO - Processing frame video_idx=25 -> mapped_idx=75 / 87 (objects: 40)
2026-03-30 20:29:27,442 - checks.obstacle.object_processor_base - INFO - Frame video_idx=25 mapped_idx=75: ego position in world =(-2.3, -11.1, 1.7)
2026-03-30 20:29:27,442 - checks.obstacle.object_processor_base - INFO - Frame video_idx=25 mapped_idx=75: camera RPY=(-84.7, -45.7, 172.4)
2026-03-30 20:29:56,781 - checks.obstacle.object_processor_base - INFO - Frame 75 class=motorcycle filtering summary:
2026-03-30 20:29:56,781 - checks.obstacle.object_processor_base - INFO -   - Total objects: 8
2026-03-30 20:29:56,781 - checks.obstacle.object_processor_base - INFO -   - Importance filtered: 5
2026-03-30 20:29:56,781 - checks.obstacle.object_processor_base - INFO -     * relevant_lanes (['ego', 'left', 'right']): 3
2026-03-30 20:29:56,781 - checks.obstacle.object_processor_base - INFO -     * distance_threshold_m (100m): 2
2026-03-30 20:29:56,781 - checks.obstacle.object_processor_base - INFO -   - Occlusion filtered: 0
2026-03-30 20:29:56,781 - checks.obstacle.object_processor_base - INFO -   - Processed: 0
2026-03-30 20:29:56,781 - checks.obstacle.object_processor_base - INFO -   - Filtering rates: 62.5% importance, 0.0% occlusion
2026-03-30 20:29:56,786 - checks.obstacle.object_processor_base - INFO - Frame 75 class=vehicle filtering summary:
2026-03-30 20:29:56,786 - checks.obstacle.object_processor_base - INFO -   - Total objects: 32
2026-03-30 20:29:56,786 - checks.obstacle.object_processor_base - INFO -   - Importance filtered: 20
2026-03-30 20:29:56,786 - checks.obstacle.object_processor_base - INFO -     * relevant_lanes (['ego', 'left', 'right']): 10
2026-03-30 20:29:56,786 - checks.obstacle.object_processor_base - INFO -     * distance_threshold_m (100m): 10
2026-03-30 20:29:56,786 - checks.obstacle.object_processor_base - INFO -   - Occlusion filtered: 0
2026-03-30 20:29:56,787 - checks.obstacle.object_processor_base - INFO -   - Processed: 1
2026-03-30 20:29:56,787 - checks.obstacle.object_processor_base - INFO -   - Filtering rates: 62.5% importance, 0.0% occlusion
2026-03-30 20:29:56,806 - checks.obstacle.object_processor_base - INFO - Frame 75: hallucinations {'bicycle': 0, 'motorcycle': 0, 'pedestrian': 0, 'vehicle': 0}
2026-03-30 20:29:56,906 - checks.obstacle.object_processor_base - INFO - Processing frame video_idx=26 -> mapped_idx=78 / 87 (objects: 40)
2026-03-30 20:29:56,906 - checks.obstacle.object_processor_base - INFO - Frame video_idx=26 mapped_idx=78: ego position in world =(-2.4, -11.5, 1.7)
2026-03-30 20:29:56,906 - checks.obstacle.object_processor_base - INFO - Frame video_idx=26 mapped_idx=78: camera RPY=(-84.7, -45.7, 172.4)
2026-03-30 20:30:25,526 - checks.obstacle.object_processor_base - INFO - Frame 78 class=motorcycle filtering summary:
2026-03-30 20:30:25,526 - checks.obstacle.object_processor_base - INFO -   - Total objects: 8
2026-03-30 20:30:25,526 - checks.obstacle.object_processor_base - INFO -   - Importance filtered: 5
2026-03-30 20:30:25,526 - checks.obstacle.object_processor_base - INFO -     * distance_threshold_m (100m): 2
2026-03-30 20:30:25,526 - checks.obstacle.object_processor_base - INFO -     * relevant_lanes (['ego', 'left', 'right']): 3
2026-03-30 20:30:25,526 - checks.obstacle.object_processor_base - INFO -   - Occlusion filtered: 0
2026-03-30 20:30:25,526 - checks.obstacle.object_processor_base - INFO -   - Processed: 0
2026-03-30 20:30:25,526 - checks.obstacle.object_processor_base - INFO -   - Filtering rates: 62.5% importance, 0.0% occlusion
2026-03-30 20:30:25,531 - checks.obstacle.object_processor_base - INFO - Frame 78 class=vehicle filtering summary:
2026-03-30 20:30:25,531 - checks.obstacle.object_processor_base - INFO -   - Total objects: 32
2026-03-30 20:30:25,531 - checks.obstacle.object_processor_base - INFO -   - Importance filtered: 20
2026-03-30 20:30:25,531 - checks.obstacle.object_processor_base - INFO -     * relevant_lanes (['ego', 'left', 'right']): 9
2026-03-30 20:30:25,531 - checks.obstacle.object_processor_base - INFO -     * distance_threshold_m (100m): 11
2026-03-30 20:30:25,531 - checks.obstacle.object_processor_base - INFO -   - Occlusion filtered: 0
2026-03-30 20:30:25,531 - checks.obstacle.object_processor_base - INFO -   - Processed: 1
2026-03-30 20:30:25,531 - checks.obstacle.object_processor_base - INFO -   - Filtering rates: 62.5% importance, 0.0% occlusion
2026-03-30 20:30:25,550 - checks.obstacle.object_processor_base - INFO - Frame 78: hallucinations {'bicycle': 0, 'motorcycle': 0, 'pedestrian': 0, 'vehicle': 0}
2026-03-30 20:30:25,652 - checks.obstacle.object_processor_base - INFO - Processing frame video_idx=27 -> mapped_idx=81 / 87 (objects: 40)
2026-03-30 20:30:25,652 - checks.obstacle.object_processor_base - INFO - Frame video_idx=27 mapped_idx=81: ego position in world =(-2.5, -11.8, 1.7)
2026-03-30 20:30:25,652 - checks.obstacle.object_processor_base - INFO - Frame video_idx=27 mapped_idx=81: camera RPY=(-84.8, -45.7, 172.4)
2026-03-30 20:30:55,324 - checks.obstacle.object_processor_base - INFO - Frame 81 class=motorcycle filtering summary:
2026-03-30 20:30:55,324 - checks.obstacle.object_processor_base - INFO -   - Total objects: 8
2026-03-30 20:30:55,324 - checks.obstacle.object_processor_base - INFO -   - Importance filtered: 5
2026-03-30 20:30:55,324 - checks.obstacle.object_processor_base - INFO -     * relevant_lanes (['ego', 'left', 'right']): 3
2026-03-30 20:30:55,324 - checks.obstacle.object_processor_base - INFO -     * distance_threshold_m (100m): 2
2026-03-30 20:30:55,324 - checks.obstacle.object_processor_base - INFO -   - Occlusion filtered: 0
2026-03-30 20:30:55,324 - checks.obstacle.object_processor_base - INFO -   - Processed: 0
2026-03-30 20:30:55,324 - checks.obstacle.object_processor_base - INFO -   - Filtering rates: 62.5% importance, 0.0% occlusion
2026-03-30 20:30:55,329 - checks.obstacle.object_processor_base - INFO - Frame 81 class=vehicle filtering summary:
2026-03-30 20:30:55,329 - checks.obstacle.object_processor_base - INFO -   - Total objects: 32
2026-03-30 20:30:55,329 - checks.obstacle.object_processor_base - INFO -   - Importance filtered: 20
2026-03-30 20:30:55,329 - checks.obstacle.object_processor_base - INFO -     * relevant_lanes (['ego', 'left', 'right']): 9
2026-03-30 20:30:55,329 - checks.obstacle.object_processor_base - INFO -     * distance_threshold_m (100m): 11
2026-03-30 20:30:55,329 - checks.obstacle.object_processor_base - INFO -   - Occlusion filtered: 0
2026-03-30 20:30:55,329 - checks.obstacle.object_processor_base - INFO -   - Processed: 1
2026-03-30 20:30:55,329 - checks.obstacle.object_processor_base - INFO -   - Filtering rates: 62.5% importance, 0.0% occlusion
2026-03-30 20:30:55,349 - checks.obstacle.object_processor_base - INFO - Frame 81: hallucinations {'bicycle': 0, 'motorcycle': 0, 'pedestrian': 0, 'vehicle': 0}
2026-03-30 20:30:55,449 - checks.obstacle.object_processor_base - INFO - Processing frame video_idx=28 -> mapped_idx=84 / 87 (objects: 40)
2026-03-30 20:30:55,450 - checks.obstacle.object_processor_base - INFO - Frame video_idx=28 mapped_idx=84: ego position in world =(-2.6, -12.2, 1.7)
2026-03-30 20:30:55,450 - checks.obstacle.object_processor_base - INFO - Frame video_idx=28 mapped_idx=84: camera RPY=(-84.7, -45.7, 172.4)
2026-03-30 20:31:24,125 - checks.obstacle.object_processor_base - INFO - Frame 84 class=motorcycle filtering summary:
2026-03-30 20:31:24,125 - checks.obstacle.object_processor_base - INFO -   - Total objects: 8
2026-03-30 20:31:24,126 - checks.obstacle.object_processor_base - INFO -   - Importance filtered: 5
2026-03-30 20:31:24,126 - checks.obstacle.object_processor_base - INFO -     * distance_threshold_m (100m): 2
2026-03-30 20:31:24,126 - checks.obstacle.object_processor_base - INFO -     * relevant_lanes (['ego', 'left', 'right']): 3
2026-03-30 20:31:24,126 - checks.obstacle.object_processor_base - INFO -   - Occlusion filtered: 0
2026-03-30 20:31:24,126 - checks.obstacle.object_processor_base - INFO -   - Processed: 0
2026-03-30 20:31:24,126 - checks.obstacle.object_processor_base - INFO -   - Filtering rates: 62.5% importance, 0.0% occlusion
2026-03-30 20:31:24,131 - checks.obstacle.object_processor_base - INFO - Frame 84 class=vehicle filtering summary:
2026-03-30 20:31:24,131 - checks.obstacle.object_processor_base - INFO -   - Total objects: 32
2026-03-30 20:31:24,131 - checks.obstacle.object_processor_base - INFO -   - Importance filtered: 20
2026-03-30 20:31:24,131 - checks.obstacle.object_processor_base - INFO -     * relevant_lanes (['ego', 'left', 'right']): 9
2026-03-30 20:31:24,131 - checks.obstacle.object_processor_base - INFO -     * distance_threshold_m (100m): 11
2026-03-30 20:31:24,131 - checks.obstacle.object_processor_base - INFO -   - Occlusion filtered: 0
2026-03-30 20:31:24,131 - checks.obstacle.object_processor_base - INFO -   - Processed: 1
2026-03-30 20:31:24,131 - checks.obstacle.object_processor_base - INFO -   - Filtering rates: 62.5% importance, 0.0% occlusion
2026-03-30 20:31:24,151 - checks.obstacle.object_processor_base - INFO - Frame 84: hallucinations {'bicycle': 0, 'motorcycle': 0, 'pedestrian': 0, 'vehicle': 0}
2026-03-30 20:31:24,247 - checks.obstacle.object_processor_base - INFO - Frame processing complete:
2026-03-30 20:31:24,247 - checks.obstacle.object_processor_base - INFO -   - Total video frames: 29
2026-03-30 20:31:24,249 - checks.obstacle.object_processor_base - INFO -   - Frames with object data: 29
2026-03-30 20:31:24,251 - checks.obstacle.object_processor_base - INFO -   - Frames skipped (no objects): 0
2026-03-30 20:31:24,252 - checks.obstacle.object_processor_base - INFO -   - Processing rate: 29/29 (100.0%)
2026-03-30 20:31:24,252 - checks.obstacle.object_processor_base - INFO - Filter configuration:
2026-03-30 20:31:24,252 - checks.obstacle.object_processor_base - INFO -   - Importance filter: distance_threshold=100m, oncoming_obstacles=False, relevant_lanes=['ego', 'left', 'right']
2026-03-30 20:31:24,729 - checks.obstacle.object_processor_base - INFO - ============================================================
2026-03-30 20:31:24,729 - checks.obstacle.object_processor_base - INFO - SCORE MATRIX SUMMARY
2026-03-30 20:31:24,729 - checks.obstacle.object_processor_base - INFO - ============================================================
2026-03-30 20:31:24,730 - checks.obstacle.object_processor_base - INFO - Matrix shape: 29 frames × 40 track IDs
2026-03-30 20:31:24,730 - checks.obstacle.object_processor_base - INFO - Unique track IDs: 40
2026-03-30 20:31:24,730 - checks.obstacle.object_processor_base - INFO - Tracks with valid scores: 1
2026-03-30 20:31:24,730 - checks.obstacle.object_processor_base - INFO - Frames with valid scores: 29
2026-03-30 20:31:24,730 - checks.obstacle.object_processor_base - INFO - Valid scores: 29
2026-03-30 20:31:24,730 - checks.obstacle.object_processor_base - INFO - NaN entries: 1131 (97.5%)
2026-03-30 20:31:24,730 - checks.obstacle.object_processor_base - INFO - Score range: 0.523 - 0.550
2026-03-30 20:31:24,730 - checks.obstacle.object_processor_base - INFO - Mean score: 0.538
2026-03-30 20:31:24,730 - checks.obstacle.object_processor_base - INFO - Std score: 0.009
2026-03-30 20:31:24,730 - checks.obstacle.object_processor_base - INFO - 
Compact Matrix (first 10 frames × first 10 track IDs):
2026-03-30 20:31:24,730 - checks.obstacle.object_processor_base - INFO - Frame\TrackID    0    1    2    3    4    5    6    7    8    9
2026-03-30 20:31:24,730 - checks.obstacle.object_processor_base - INFO -    0  ---  ---  ---  ---  --- 0.52  ---  ---  ---  ---
2026-03-30 20:31:24,730 - checks.obstacle.object_processor_base - INFO -    1  ---  ---  ---  ---  --- 0.53  ---  ---  ---  ---
2026-03-30 20:31:24,730 - checks.obstacle.object_processor_base - INFO -    2  ---  ---  ---  ---  --- 0.53  ---  ---  ---  ---
2026-03-30 20:31:24,730 - checks.obstacle.object_processor_base - INFO -    3  ---  ---  ---  ---  --- 0.54  ---  ---  ---  ---
2026-03-30 20:31:24,730 - checks.obstacle.object_processor_base - INFO -    4  ---  ---  ---  ---  --- 0.54  ---  ---  ---  ---
2026-03-30 20:31:24,730 - checks.obstacle.object_processor_base - INFO -    5  ---  ---  ---  ---  --- 0.55  ---  ---  ---  ---
2026-03-30 20:31:24,730 - checks.obstacle.object_processor_base - INFO -    6  ---  ---  ---  ---  --- 0.54  ---  ---  ---  ---
2026-03-30 20:31:24,730 - checks.obstacle.object_processor_base - INFO -    7  ---  ---  ---  ---  --- 0.54  ---  ---  ---  ---
2026-03-30 20:31:24,730 - checks.obstacle.object_processor_base - INFO -    8  ---  ---  ---  ---  --- 0.54  ---  ---  ---  ---
2026-03-30 20:31:24,730 - checks.obstacle.object_processor_base - INFO -    9  ---  ---  ---  ---  --- 0.54  ---  ---  ---  ---
2026-03-30 20:31:24,730 - checks.obstacle.object_processor_base - INFO - ============================================================
2026-03-30 20:31:24,731 - checks.obstacle.object_processor_base - INFO - Results saved to: /home/adamlin/cosmos-evaluator/output_dir/253b88c7-bfe3-4ec5-8978-84396cbf81d2_1774063994755.dynamic.object.results.json
2026-03-30 20:31:24,731 - checks.obstacle.object_processor_base - INFO - ============================================================
2026-03-30 20:31:24,731 - checks.obstacle.object_processor_base - INFO - PERFORMANCE PROFILING SUMMARY
2026-03-30 20:31:24,731 - checks.obstacle.object_processor_base - INFO - ============================================================
2026-03-30 20:31:24,731 - checks.obstacle.object_processor_base - INFO - scene_rasterization:
2026-03-30 20:31:24,731 - checks.obstacle.object_processor_base - INFO -   Total: 843.755s (98.3%)
2026-03-30 20:31:24,731 - checks.obstacle.object_processor_base - INFO -   Average: 29.095s
2026-03-30 20:31:24,731 - checks.obstacle.object_processor_base - INFO -   Count: 29
2026-03-30 20:31:24,731 - checks.obstacle.object_processor_base - INFO -   Range: 28.167s - 40.639s
2026-03-30 20:31:24,731 - checks.obstacle.object_processor_base - INFO - segmentation:
2026-03-30 20:31:24,731 - checks.obstacle.object_processor_base - INFO -   Total: 11.116s (1.3%)
2026-03-30 20:31:24,731 - checks.obstacle.object_processor_base - INFO -   Average: 0.383s
2026-03-30 20:31:24,731 - checks.obstacle.object_processor_base - INFO -   Count: 29
2026-03-30 20:31:24,731 - checks.obstacle.object_processor_base - INFO -   Range: 0.235s - 0.773s
2026-03-30 20:31:24,731 - checks.obstacle.object_processor_base - INFO - visualization:
2026-03-30 20:31:24,731 - checks.obstacle.object_processor_base - INFO -   Total: 1.891s (0.2%)
2026-03-30 20:31:24,731 - checks.obstacle.object_processor_base - INFO -   Average: 0.065s
2026-03-30 20:31:24,731 - checks.obstacle.object_processor_base - INFO -   Count: 29
2026-03-30 20:31:24,731 - checks.obstacle.object_processor_base - INFO -   Range: 0.050s - 0.098s
2026-03-30 20:31:24,731 - checks.obstacle.object_processor_base - INFO - data_loader_init:
2026-03-30 20:31:24,731 - checks.obstacle.object_processor_base - INFO -   Total: 0.628s (0.1%)
2026-03-30 20:31:24,731 - checks.obstacle.object_processor_base - INFO -   Average: 0.628s
2026-03-30 20:31:24,731 - checks.obstacle.object_processor_base - INFO -   Count: 1
2026-03-30 20:31:24,731 - checks.obstacle.object_processor_base - INFO -   Range: 0.628s - 0.628s
2026-03-30 20:31:24,731 - checks.obstacle.object_processor_base - INFO - hallucination_detection:
2026-03-30 20:31:24,731 - checks.obstacle.object_processor_base - INFO -   Total: 0.563s (0.1%)
2026-03-30 20:31:24,731 - checks.obstacle.object_processor_base - INFO -   Average: 0.019s
2026-03-30 20:31:24,731 - checks.obstacle.object_processor_base - INFO -   Count: 29
2026-03-30 20:31:24,731 - checks.obstacle.object_processor_base - INFO -   Range: 0.017s - 0.021s
2026-03-30 20:31:24,731 - checks.obstacle.object_processor_base - INFO - 
Total processing time: 858.741s
2026-03-30 20:31:24,731 - checks.obstacle.object_processor_base - INFO - ============================================================
2026-03-30 20:31:24,731 - checks.obstacle.object_processor_base - INFO - Processing complete. Mean correspondence score: 0.538
